[2024-03-08T18:32:43.744+0000] {processor.py:161} INFO - Started process (PID=172) to work on /home/airflow/.local/lib/python3.8/site-packages/airflow/example_dags/example_python_decorator.py
[2024-03-08T18:32:43.745+0000] {processor.py:830} INFO - Processing file /home/airflow/.local/lib/python3.8/site-packages/airflow/example_dags/example_python_decorator.py for tasks to queue
[2024-03-08T18:32:43.746+0000] {logging_mixin.py:188} INFO - [2024-03-08T18:32:43.746+0000] {dagbag.py:540} INFO - Filling up the DagBag from /home/airflow/.local/lib/python3.8/site-packages/airflow/example_dags/example_python_decorator.py
[2024-03-08T18:32:43.760+0000] {processor.py:840} INFO - DAG(s) 'example_python_decorator' retrieved from /home/airflow/.local/lib/python3.8/site-packages/airflow/example_dags/example_python_decorator.py
[2024-03-08T18:32:43.795+0000] {logging_mixin.py:188} INFO - [2024-03-08T18:32:43.795+0000] {dag.py:3047} INFO - Sync 1 DAGs
[2024-03-08T18:32:43.806+0000] {logging_mixin.py:188} INFO - [2024-03-08T18:32:43.806+0000] {dag.py:3834} INFO - Setting next_dagrun for example_python_decorator to None, run_after=None
[2024-03-08T18:32:43.821+0000] {processor.py:183} INFO - Processing /home/airflow/.local/lib/python3.8/site-packages/airflow/example_dags/example_python_decorator.py took 0.080 seconds
[2024-03-08T18:33:14.937+0000] {processor.py:161} INFO - Started process (PID=227) to work on /home/airflow/.local/lib/python3.8/site-packages/airflow/example_dags/example_python_decorator.py
[2024-03-08T18:33:14.938+0000] {processor.py:830} INFO - Processing file /home/airflow/.local/lib/python3.8/site-packages/airflow/example_dags/example_python_decorator.py for tasks to queue
[2024-03-08T18:33:14.940+0000] {logging_mixin.py:188} INFO - [2024-03-08T18:33:14.939+0000] {dagbag.py:540} INFO - Filling up the DagBag from /home/airflow/.local/lib/python3.8/site-packages/airflow/example_dags/example_python_decorator.py
[2024-03-08T18:33:14.992+0000] {processor.py:840} INFO - DAG(s) 'example_python_decorator' retrieved from /home/airflow/.local/lib/python3.8/site-packages/airflow/example_dags/example_python_decorator.py
[2024-03-08T18:33:15.121+0000] {logging_mixin.py:188} INFO - [2024-03-08T18:33:15.121+0000] {dag.py:3047} INFO - Sync 1 DAGs
[2024-03-08T18:33:15.130+0000] {logging_mixin.py:188} INFO - [2024-03-08T18:33:15.130+0000] {dag.py:3834} INFO - Setting next_dagrun for example_python_decorator to None, run_after=None
[2024-03-08T18:33:15.145+0000] {processor.py:183} INFO - Processing /home/airflow/.local/lib/python3.8/site-packages/airflow/example_dags/example_python_decorator.py took 0.212 seconds
[2024-03-08T18:33:45.449+0000] {processor.py:161} INFO - Started process (PID=282) to work on /home/airflow/.local/lib/python3.8/site-packages/airflow/example_dags/example_python_decorator.py
[2024-03-08T18:33:45.450+0000] {processor.py:830} INFO - Processing file /home/airflow/.local/lib/python3.8/site-packages/airflow/example_dags/example_python_decorator.py for tasks to queue
[2024-03-08T18:33:45.452+0000] {logging_mixin.py:188} INFO - [2024-03-08T18:33:45.452+0000] {dagbag.py:540} INFO - Filling up the DagBag from /home/airflow/.local/lib/python3.8/site-packages/airflow/example_dags/example_python_decorator.py
[2024-03-08T18:33:45.464+0000] {processor.py:840} INFO - DAG(s) 'example_python_decorator' retrieved from /home/airflow/.local/lib/python3.8/site-packages/airflow/example_dags/example_python_decorator.py
[2024-03-08T18:33:45.496+0000] {logging_mixin.py:188} INFO - [2024-03-08T18:33:45.496+0000] {dag.py:3047} INFO - Sync 1 DAGs
[2024-03-08T18:33:45.508+0000] {logging_mixin.py:188} INFO - [2024-03-08T18:33:45.508+0000] {dag.py:3834} INFO - Setting next_dagrun for example_python_decorator to None, run_after=None
[2024-03-08T18:33:45.526+0000] {processor.py:183} INFO - Processing /home/airflow/.local/lib/python3.8/site-packages/airflow/example_dags/example_python_decorator.py took 0.081 seconds
[2024-03-08T18:34:16.495+0000] {processor.py:161} INFO - Started process (PID=337) to work on /home/airflow/.local/lib/python3.8/site-packages/airflow/example_dags/example_python_decorator.py
[2024-03-08T18:34:16.495+0000] {processor.py:830} INFO - Processing file /home/airflow/.local/lib/python3.8/site-packages/airflow/example_dags/example_python_decorator.py for tasks to queue
[2024-03-08T18:34:16.497+0000] {logging_mixin.py:188} INFO - [2024-03-08T18:34:16.497+0000] {dagbag.py:540} INFO - Filling up the DagBag from /home/airflow/.local/lib/python3.8/site-packages/airflow/example_dags/example_python_decorator.py
[2024-03-08T18:34:16.507+0000] {processor.py:840} INFO - DAG(s) 'example_python_decorator' retrieved from /home/airflow/.local/lib/python3.8/site-packages/airflow/example_dags/example_python_decorator.py
[2024-03-08T18:34:16.523+0000] {logging_mixin.py:188} INFO - [2024-03-08T18:34:16.523+0000] {dag.py:3047} INFO - Sync 1 DAGs
[2024-03-08T18:34:16.532+0000] {logging_mixin.py:188} INFO - [2024-03-08T18:34:16.532+0000] {dag.py:3834} INFO - Setting next_dagrun for example_python_decorator to None, run_after=None
[2024-03-08T18:34:16.546+0000] {processor.py:183} INFO - Processing /home/airflow/.local/lib/python3.8/site-packages/airflow/example_dags/example_python_decorator.py took 0.054 seconds
[2024-03-08T18:34:47.115+0000] {processor.py:161} INFO - Started process (PID=392) to work on /home/airflow/.local/lib/python3.8/site-packages/airflow/example_dags/example_python_decorator.py
[2024-03-08T18:34:47.116+0000] {processor.py:830} INFO - Processing file /home/airflow/.local/lib/python3.8/site-packages/airflow/example_dags/example_python_decorator.py for tasks to queue
[2024-03-08T18:34:47.118+0000] {logging_mixin.py:188} INFO - [2024-03-08T18:34:47.118+0000] {dagbag.py:540} INFO - Filling up the DagBag from /home/airflow/.local/lib/python3.8/site-packages/airflow/example_dags/example_python_decorator.py
[2024-03-08T18:34:47.129+0000] {processor.py:840} INFO - DAG(s) 'example_python_decorator' retrieved from /home/airflow/.local/lib/python3.8/site-packages/airflow/example_dags/example_python_decorator.py
[2024-03-08T18:34:47.148+0000] {logging_mixin.py:188} INFO - [2024-03-08T18:34:47.148+0000] {dag.py:3047} INFO - Sync 1 DAGs
[2024-03-08T18:34:47.162+0000] {logging_mixin.py:188} INFO - [2024-03-08T18:34:47.162+0000] {dag.py:3834} INFO - Setting next_dagrun for example_python_decorator to None, run_after=None
[2024-03-08T18:34:47.198+0000] {processor.py:183} INFO - Processing /home/airflow/.local/lib/python3.8/site-packages/airflow/example_dags/example_python_decorator.py took 0.085 seconds
[2024-03-08T18:35:17.503+0000] {processor.py:161} INFO - Started process (PID=447) to work on /home/airflow/.local/lib/python3.8/site-packages/airflow/example_dags/example_python_decorator.py
[2024-03-08T18:35:17.503+0000] {processor.py:830} INFO - Processing file /home/airflow/.local/lib/python3.8/site-packages/airflow/example_dags/example_python_decorator.py for tasks to queue
[2024-03-08T18:35:17.505+0000] {logging_mixin.py:188} INFO - [2024-03-08T18:35:17.505+0000] {dagbag.py:540} INFO - Filling up the DagBag from /home/airflow/.local/lib/python3.8/site-packages/airflow/example_dags/example_python_decorator.py
[2024-03-08T18:35:17.515+0000] {processor.py:840} INFO - DAG(s) 'example_python_decorator' retrieved from /home/airflow/.local/lib/python3.8/site-packages/airflow/example_dags/example_python_decorator.py
[2024-03-08T18:35:17.533+0000] {logging_mixin.py:188} INFO - [2024-03-08T18:35:17.533+0000] {dag.py:3047} INFO - Sync 1 DAGs
[2024-03-08T18:35:17.544+0000] {logging_mixin.py:188} INFO - [2024-03-08T18:35:17.543+0000] {dag.py:3834} INFO - Setting next_dagrun for example_python_decorator to None, run_after=None
[2024-03-08T18:35:17.557+0000] {processor.py:183} INFO - Processing /home/airflow/.local/lib/python3.8/site-packages/airflow/example_dags/example_python_decorator.py took 0.057 seconds
[2024-03-08T18:35:48.051+0000] {processor.py:161} INFO - Started process (PID=502) to work on /home/airflow/.local/lib/python3.8/site-packages/airflow/example_dags/example_python_decorator.py
[2024-03-08T18:35:48.052+0000] {processor.py:830} INFO - Processing file /home/airflow/.local/lib/python3.8/site-packages/airflow/example_dags/example_python_decorator.py for tasks to queue
[2024-03-08T18:35:48.053+0000] {logging_mixin.py:188} INFO - [2024-03-08T18:35:48.053+0000] {dagbag.py:540} INFO - Filling up the DagBag from /home/airflow/.local/lib/python3.8/site-packages/airflow/example_dags/example_python_decorator.py
[2024-03-08T18:35:48.064+0000] {processor.py:840} INFO - DAG(s) 'example_python_decorator' retrieved from /home/airflow/.local/lib/python3.8/site-packages/airflow/example_dags/example_python_decorator.py
[2024-03-08T18:35:48.081+0000] {logging_mixin.py:188} INFO - [2024-03-08T18:35:48.080+0000] {dag.py:3047} INFO - Sync 1 DAGs
[2024-03-08T18:35:48.091+0000] {logging_mixin.py:188} INFO - [2024-03-08T18:35:48.091+0000] {dag.py:3834} INFO - Setting next_dagrun for example_python_decorator to None, run_after=None
[2024-03-08T18:35:48.108+0000] {processor.py:183} INFO - Processing /home/airflow/.local/lib/python3.8/site-packages/airflow/example_dags/example_python_decorator.py took 0.059 seconds
[2024-03-08T18:36:18.846+0000] {processor.py:161} INFO - Started process (PID=557) to work on /home/airflow/.local/lib/python3.8/site-packages/airflow/example_dags/example_python_decorator.py
[2024-03-08T18:36:18.847+0000] {processor.py:830} INFO - Processing file /home/airflow/.local/lib/python3.8/site-packages/airflow/example_dags/example_python_decorator.py for tasks to queue
[2024-03-08T18:36:18.848+0000] {logging_mixin.py:188} INFO - [2024-03-08T18:36:18.848+0000] {dagbag.py:540} INFO - Filling up the DagBag from /home/airflow/.local/lib/python3.8/site-packages/airflow/example_dags/example_python_decorator.py
[2024-03-08T18:36:18.859+0000] {processor.py:840} INFO - DAG(s) 'example_python_decorator' retrieved from /home/airflow/.local/lib/python3.8/site-packages/airflow/example_dags/example_python_decorator.py
[2024-03-08T18:36:18.880+0000] {logging_mixin.py:188} INFO - [2024-03-08T18:36:18.880+0000] {dag.py:3047} INFO - Sync 1 DAGs
[2024-03-08T18:36:18.893+0000] {logging_mixin.py:188} INFO - [2024-03-08T18:36:18.893+0000] {dag.py:3834} INFO - Setting next_dagrun for example_python_decorator to None, run_after=None
[2024-03-08T18:36:18.910+0000] {processor.py:183} INFO - Processing /home/airflow/.local/lib/python3.8/site-packages/airflow/example_dags/example_python_decorator.py took 0.066 seconds
