[2024-03-08T18:32:43.132+0000] {processor.py:161} INFO - Started process (PID=160) to work on /home/airflow/.local/lib/python3.8/site-packages/airflow/example_dags/example_datasets.py
[2024-03-08T18:32:43.133+0000] {processor.py:830} INFO - Processing file /home/airflow/.local/lib/python3.8/site-packages/airflow/example_dags/example_datasets.py for tasks to queue
[2024-03-08T18:32:43.134+0000] {logging_mixin.py:188} INFO - [2024-03-08T18:32:43.134+0000] {dagbag.py:540} INFO - Filling up the DagBag from /home/airflow/.local/lib/python3.8/site-packages/airflow/example_dags/example_datasets.py
[2024-03-08T18:32:43.146+0000] {processor.py:840} INFO - DAG(s) 'dataset_consumes_1', 'dataset_consumes_unknown_never_scheduled', 'dataset_produces_2', 'dataset_produces_1', 'dataset_consumes_1_never_scheduled', 'dataset_consumes_1_and_2' retrieved from /home/airflow/.local/lib/python3.8/site-packages/airflow/example_dags/example_datasets.py
[2024-03-08T18:32:43.160+0000] {logging_mixin.py:188} INFO - [2024-03-08T18:32:43.159+0000] {dag.py:3047} INFO - Sync 6 DAGs
[2024-03-08T18:32:43.180+0000] {logging_mixin.py:188} INFO - [2024-03-08T18:32:43.180+0000] {dag.py:3834} INFO - Setting next_dagrun for dataset_consumes_1 to None, run_after=None
[2024-03-08T18:32:43.183+0000] {logging_mixin.py:188} INFO - [2024-03-08T18:32:43.183+0000] {dag.py:3834} INFO - Setting next_dagrun for dataset_consumes_1_and_2 to None, run_after=None
[2024-03-08T18:32:43.185+0000] {logging_mixin.py:188} INFO - [2024-03-08T18:32:43.184+0000] {dag.py:3834} INFO - Setting next_dagrun for dataset_consumes_1_never_scheduled to None, run_after=None
[2024-03-08T18:32:43.186+0000] {logging_mixin.py:188} INFO - [2024-03-08T18:32:43.185+0000] {dag.py:3834} INFO - Setting next_dagrun for dataset_consumes_unknown_never_scheduled to None, run_after=None
[2024-03-08T18:32:43.188+0000] {logging_mixin.py:188} INFO - [2024-03-08T18:32:43.188+0000] {dag.py:3834} INFO - Setting next_dagrun for dataset_produces_1 to 2024-03-07 00:00:00+00:00, run_after=2024-03-08 00:00:00+00:00
[2024-03-08T18:32:43.189+0000] {logging_mixin.py:188} INFO - [2024-03-08T18:32:43.189+0000] {dag.py:3834} INFO - Setting next_dagrun for dataset_produces_2 to None, run_after=None
[2024-03-08T18:32:43.216+0000] {processor.py:183} INFO - Processing /home/airflow/.local/lib/python3.8/site-packages/airflow/example_dags/example_datasets.py took 0.086 seconds
[2024-03-08T18:33:13.901+0000] {processor.py:161} INFO - Started process (PID=215) to work on /home/airflow/.local/lib/python3.8/site-packages/airflow/example_dags/example_datasets.py
[2024-03-08T18:33:13.902+0000] {processor.py:830} INFO - Processing file /home/airflow/.local/lib/python3.8/site-packages/airflow/example_dags/example_datasets.py for tasks to queue
[2024-03-08T18:33:13.903+0000] {logging_mixin.py:188} INFO - [2024-03-08T18:33:13.902+0000] {dagbag.py:540} INFO - Filling up the DagBag from /home/airflow/.local/lib/python3.8/site-packages/airflow/example_dags/example_datasets.py
[2024-03-08T18:33:13.910+0000] {processor.py:840} INFO - DAG(s) 'dataset_produces_2', 'dataset_consumes_unknown_never_scheduled', 'dataset_consumes_1_never_scheduled', 'dataset_produces_1', 'dataset_consumes_1', 'dataset_consumes_1_and_2' retrieved from /home/airflow/.local/lib/python3.8/site-packages/airflow/example_dags/example_datasets.py
[2024-03-08T18:33:14.047+0000] {logging_mixin.py:188} INFO - [2024-03-08T18:33:14.047+0000] {dag.py:3047} INFO - Sync 6 DAGs
[2024-03-08T18:33:14.066+0000] {logging_mixin.py:188} INFO - [2024-03-08T18:33:14.066+0000] {dag.py:3834} INFO - Setting next_dagrun for dataset_consumes_1 to None, run_after=None
[2024-03-08T18:33:14.069+0000] {logging_mixin.py:188} INFO - [2024-03-08T18:33:14.069+0000] {dag.py:3834} INFO - Setting next_dagrun for dataset_consumes_1_and_2 to None, run_after=None
[2024-03-08T18:33:14.070+0000] {logging_mixin.py:188} INFO - [2024-03-08T18:33:14.070+0000] {dag.py:3834} INFO - Setting next_dagrun for dataset_consumes_1_never_scheduled to None, run_after=None
[2024-03-08T18:33:14.072+0000] {logging_mixin.py:188} INFO - [2024-03-08T18:33:14.071+0000] {dag.py:3834} INFO - Setting next_dagrun for dataset_consumes_unknown_never_scheduled to None, run_after=None
[2024-03-08T18:33:14.075+0000] {logging_mixin.py:188} INFO - [2024-03-08T18:33:14.075+0000] {dag.py:3834} INFO - Setting next_dagrun for dataset_produces_1 to 2024-03-07 00:00:00+00:00, run_after=2024-03-08 00:00:00+00:00
[2024-03-08T18:33:14.076+0000] {logging_mixin.py:188} INFO - [2024-03-08T18:33:14.076+0000] {dag.py:3834} INFO - Setting next_dagrun for dataset_produces_2 to None, run_after=None
[2024-03-08T18:33:14.105+0000] {processor.py:183} INFO - Processing /home/airflow/.local/lib/python3.8/site-packages/airflow/example_dags/example_datasets.py took 0.207 seconds
[2024-03-08T18:33:44.711+0000] {processor.py:161} INFO - Started process (PID=270) to work on /home/airflow/.local/lib/python3.8/site-packages/airflow/example_dags/example_datasets.py
[2024-03-08T18:33:44.712+0000] {processor.py:830} INFO - Processing file /home/airflow/.local/lib/python3.8/site-packages/airflow/example_dags/example_datasets.py for tasks to queue
[2024-03-08T18:33:44.713+0000] {logging_mixin.py:188} INFO - [2024-03-08T18:33:44.713+0000] {dagbag.py:540} INFO - Filling up the DagBag from /home/airflow/.local/lib/python3.8/site-packages/airflow/example_dags/example_datasets.py
[2024-03-08T18:33:44.722+0000] {processor.py:840} INFO - DAG(s) 'dataset_consumes_unknown_never_scheduled', 'dataset_produces_1', 'dataset_consumes_1_and_2', 'dataset_consumes_1', 'dataset_produces_2', 'dataset_consumes_1_never_scheduled' retrieved from /home/airflow/.local/lib/python3.8/site-packages/airflow/example_dags/example_datasets.py
[2024-03-08T18:33:44.760+0000] {logging_mixin.py:188} INFO - [2024-03-08T18:33:44.760+0000] {dag.py:3047} INFO - Sync 6 DAGs
[2024-03-08T18:33:44.790+0000] {logging_mixin.py:188} INFO - [2024-03-08T18:33:44.789+0000] {dag.py:3834} INFO - Setting next_dagrun for dataset_consumes_1 to None, run_after=None
[2024-03-08T18:33:44.796+0000] {logging_mixin.py:188} INFO - [2024-03-08T18:33:44.796+0000] {dag.py:3834} INFO - Setting next_dagrun for dataset_consumes_1_and_2 to None, run_after=None
[2024-03-08T18:33:44.798+0000] {logging_mixin.py:188} INFO - [2024-03-08T18:33:44.798+0000] {dag.py:3834} INFO - Setting next_dagrun for dataset_consumes_1_never_scheduled to None, run_after=None
[2024-03-08T18:33:44.800+0000] {logging_mixin.py:188} INFO - [2024-03-08T18:33:44.800+0000] {dag.py:3834} INFO - Setting next_dagrun for dataset_consumes_unknown_never_scheduled to None, run_after=None
[2024-03-08T18:33:44.803+0000] {logging_mixin.py:188} INFO - [2024-03-08T18:33:44.803+0000] {dag.py:3834} INFO - Setting next_dagrun for dataset_produces_1 to 2024-03-07 00:00:00+00:00, run_after=2024-03-08 00:00:00+00:00
[2024-03-08T18:33:44.805+0000] {logging_mixin.py:188} INFO - [2024-03-08T18:33:44.804+0000] {dag.py:3834} INFO - Setting next_dagrun for dataset_produces_2 to None, run_after=None
[2024-03-08T18:33:44.831+0000] {processor.py:183} INFO - Processing /home/airflow/.local/lib/python3.8/site-packages/airflow/example_dags/example_datasets.py took 0.123 seconds
[2024-03-08T18:34:15.691+0000] {processor.py:161} INFO - Started process (PID=325) to work on /home/airflow/.local/lib/python3.8/site-packages/airflow/example_dags/example_datasets.py
[2024-03-08T18:34:15.692+0000] {processor.py:830} INFO - Processing file /home/airflow/.local/lib/python3.8/site-packages/airflow/example_dags/example_datasets.py for tasks to queue
[2024-03-08T18:34:15.694+0000] {logging_mixin.py:188} INFO - [2024-03-08T18:34:15.693+0000] {dagbag.py:540} INFO - Filling up the DagBag from /home/airflow/.local/lib/python3.8/site-packages/airflow/example_dags/example_datasets.py
[2024-03-08T18:34:15.702+0000] {processor.py:840} INFO - DAG(s) 'dataset_consumes_1_never_scheduled', 'dataset_consumes_unknown_never_scheduled', 'dataset_produces_2', 'dataset_consumes_1', 'dataset_produces_1', 'dataset_consumes_1_and_2' retrieved from /home/airflow/.local/lib/python3.8/site-packages/airflow/example_dags/example_datasets.py
[2024-03-08T18:34:15.732+0000] {logging_mixin.py:188} INFO - [2024-03-08T18:34:15.732+0000] {dag.py:3047} INFO - Sync 6 DAGs
[2024-03-08T18:34:15.800+0000] {logging_mixin.py:188} INFO - [2024-03-08T18:34:15.799+0000] {dag.py:3834} INFO - Setting next_dagrun for dataset_consumes_1 to None, run_after=None
[2024-03-08T18:34:15.804+0000] {logging_mixin.py:188} INFO - [2024-03-08T18:34:15.804+0000] {dag.py:3834} INFO - Setting next_dagrun for dataset_consumes_1_and_2 to None, run_after=None
[2024-03-08T18:34:15.805+0000] {logging_mixin.py:188} INFO - [2024-03-08T18:34:15.805+0000] {dag.py:3834} INFO - Setting next_dagrun for dataset_consumes_1_never_scheduled to None, run_after=None
[2024-03-08T18:34:15.807+0000] {logging_mixin.py:188} INFO - [2024-03-08T18:34:15.806+0000] {dag.py:3834} INFO - Setting next_dagrun for dataset_consumes_unknown_never_scheduled to None, run_after=None
[2024-03-08T18:34:15.810+0000] {logging_mixin.py:188} INFO - [2024-03-08T18:34:15.810+0000] {dag.py:3834} INFO - Setting next_dagrun for dataset_produces_1 to 2024-03-07 00:00:00+00:00, run_after=2024-03-08 00:00:00+00:00
[2024-03-08T18:34:15.811+0000] {logging_mixin.py:188} INFO - [2024-03-08T18:34:15.811+0000] {dag.py:3834} INFO - Setting next_dagrun for dataset_produces_2 to None, run_after=None
[2024-03-08T18:34:15.844+0000] {processor.py:183} INFO - Processing /home/airflow/.local/lib/python3.8/site-packages/airflow/example_dags/example_datasets.py took 0.205 seconds
[2024-03-08T18:34:46.321+0000] {processor.py:161} INFO - Started process (PID=379) to work on /home/airflow/.local/lib/python3.8/site-packages/airflow/example_dags/example_datasets.py
[2024-03-08T18:34:46.322+0000] {processor.py:830} INFO - Processing file /home/airflow/.local/lib/python3.8/site-packages/airflow/example_dags/example_datasets.py for tasks to queue
[2024-03-08T18:34:46.324+0000] {logging_mixin.py:188} INFO - [2024-03-08T18:34:46.324+0000] {dagbag.py:540} INFO - Filling up the DagBag from /home/airflow/.local/lib/python3.8/site-packages/airflow/example_dags/example_datasets.py
[2024-03-08T18:34:46.332+0000] {processor.py:840} INFO - DAG(s) 'dataset_consumes_1', 'dataset_consumes_1_and_2', 'dataset_produces_2', 'dataset_produces_1', 'dataset_consumes_1_never_scheduled', 'dataset_consumes_unknown_never_scheduled' retrieved from /home/airflow/.local/lib/python3.8/site-packages/airflow/example_dags/example_datasets.py
[2024-03-08T18:34:46.363+0000] {logging_mixin.py:188} INFO - [2024-03-08T18:34:46.362+0000] {dag.py:3047} INFO - Sync 6 DAGs
[2024-03-08T18:34:46.389+0000] {logging_mixin.py:188} INFO - [2024-03-08T18:34:46.389+0000] {dag.py:3834} INFO - Setting next_dagrun for dataset_consumes_1 to None, run_after=None
[2024-03-08T18:34:46.393+0000] {logging_mixin.py:188} INFO - [2024-03-08T18:34:46.393+0000] {dag.py:3834} INFO - Setting next_dagrun for dataset_consumes_1_and_2 to None, run_after=None
[2024-03-08T18:34:46.394+0000] {logging_mixin.py:188} INFO - [2024-03-08T18:34:46.394+0000] {dag.py:3834} INFO - Setting next_dagrun for dataset_consumes_1_never_scheduled to None, run_after=None
[2024-03-08T18:34:46.395+0000] {logging_mixin.py:188} INFO - [2024-03-08T18:34:46.395+0000] {dag.py:3834} INFO - Setting next_dagrun for dataset_consumes_unknown_never_scheduled to None, run_after=None
[2024-03-08T18:34:46.398+0000] {logging_mixin.py:188} INFO - [2024-03-08T18:34:46.398+0000] {dag.py:3834} INFO - Setting next_dagrun for dataset_produces_1 to 2024-03-07 00:00:00+00:00, run_after=2024-03-08 00:00:00+00:00
[2024-03-08T18:34:46.399+0000] {logging_mixin.py:188} INFO - [2024-03-08T18:34:46.399+0000] {dag.py:3834} INFO - Setting next_dagrun for dataset_produces_2 to None, run_after=None
[2024-03-08T18:34:46.422+0000] {processor.py:183} INFO - Processing /home/airflow/.local/lib/python3.8/site-packages/airflow/example_dags/example_datasets.py took 0.103 seconds
[2024-03-08T18:35:16.756+0000] {processor.py:161} INFO - Started process (PID=435) to work on /home/airflow/.local/lib/python3.8/site-packages/airflow/example_dags/example_datasets.py
[2024-03-08T18:35:16.757+0000] {processor.py:830} INFO - Processing file /home/airflow/.local/lib/python3.8/site-packages/airflow/example_dags/example_datasets.py for tasks to queue
[2024-03-08T18:35:16.758+0000] {logging_mixin.py:188} INFO - [2024-03-08T18:35:16.758+0000] {dagbag.py:540} INFO - Filling up the DagBag from /home/airflow/.local/lib/python3.8/site-packages/airflow/example_dags/example_datasets.py
[2024-03-08T18:35:16.766+0000] {processor.py:840} INFO - DAG(s) 'dataset_consumes_1', 'dataset_produces_2', 'dataset_consumes_unknown_never_scheduled', 'dataset_consumes_1_never_scheduled', 'dataset_consumes_1_and_2', 'dataset_produces_1' retrieved from /home/airflow/.local/lib/python3.8/site-packages/airflow/example_dags/example_datasets.py
[2024-03-08T18:35:16.804+0000] {logging_mixin.py:188} INFO - [2024-03-08T18:35:16.804+0000] {dag.py:3047} INFO - Sync 6 DAGs
[2024-03-08T18:35:16.824+0000] {logging_mixin.py:188} INFO - [2024-03-08T18:35:16.823+0000] {dag.py:3834} INFO - Setting next_dagrun for dataset_consumes_1 to None, run_after=None
[2024-03-08T18:35:16.828+0000] {logging_mixin.py:188} INFO - [2024-03-08T18:35:16.827+0000] {dag.py:3834} INFO - Setting next_dagrun for dataset_consumes_1_and_2 to None, run_after=None
[2024-03-08T18:35:16.829+0000] {logging_mixin.py:188} INFO - [2024-03-08T18:35:16.829+0000] {dag.py:3834} INFO - Setting next_dagrun for dataset_consumes_1_never_scheduled to None, run_after=None
[2024-03-08T18:35:16.830+0000] {logging_mixin.py:188} INFO - [2024-03-08T18:35:16.830+0000] {dag.py:3834} INFO - Setting next_dagrun for dataset_consumes_unknown_never_scheduled to None, run_after=None
[2024-03-08T18:35:16.833+0000] {logging_mixin.py:188} INFO - [2024-03-08T18:35:16.833+0000] {dag.py:3834} INFO - Setting next_dagrun for dataset_produces_1 to 2024-03-07 00:00:00+00:00, run_after=2024-03-08 00:00:00+00:00
[2024-03-08T18:35:16.834+0000] {logging_mixin.py:188} INFO - [2024-03-08T18:35:16.834+0000] {dag.py:3834} INFO - Setting next_dagrun for dataset_produces_2 to None, run_after=None
[2024-03-08T18:35:16.859+0000] {processor.py:183} INFO - Processing /home/airflow/.local/lib/python3.8/site-packages/airflow/example_dags/example_datasets.py took 0.105 seconds
[2024-03-08T18:35:47.315+0000] {processor.py:161} INFO - Started process (PID=490) to work on /home/airflow/.local/lib/python3.8/site-packages/airflow/example_dags/example_datasets.py
[2024-03-08T18:35:47.315+0000] {processor.py:830} INFO - Processing file /home/airflow/.local/lib/python3.8/site-packages/airflow/example_dags/example_datasets.py for tasks to queue
[2024-03-08T18:35:47.317+0000] {logging_mixin.py:188} INFO - [2024-03-08T18:35:47.316+0000] {dagbag.py:540} INFO - Filling up the DagBag from /home/airflow/.local/lib/python3.8/site-packages/airflow/example_dags/example_datasets.py
[2024-03-08T18:35:47.324+0000] {processor.py:840} INFO - DAG(s) 'dataset_consumes_1_and_2', 'dataset_produces_2', 'dataset_consumes_unknown_never_scheduled', 'dataset_consumes_1', 'dataset_produces_1', 'dataset_consumes_1_never_scheduled' retrieved from /home/airflow/.local/lib/python3.8/site-packages/airflow/example_dags/example_datasets.py
[2024-03-08T18:35:47.353+0000] {logging_mixin.py:188} INFO - [2024-03-08T18:35:47.353+0000] {dag.py:3047} INFO - Sync 6 DAGs
[2024-03-08T18:35:47.375+0000] {logging_mixin.py:188} INFO - [2024-03-08T18:35:47.374+0000] {dag.py:3834} INFO - Setting next_dagrun for dataset_consumes_1 to None, run_after=None
[2024-03-08T18:35:47.377+0000] {logging_mixin.py:188} INFO - [2024-03-08T18:35:47.377+0000] {dag.py:3834} INFO - Setting next_dagrun for dataset_consumes_1_and_2 to None, run_after=None
[2024-03-08T18:35:47.378+0000] {logging_mixin.py:188} INFO - [2024-03-08T18:35:47.378+0000] {dag.py:3834} INFO - Setting next_dagrun for dataset_consumes_1_never_scheduled to None, run_after=None
[2024-03-08T18:35:47.379+0000] {logging_mixin.py:188} INFO - [2024-03-08T18:35:47.379+0000] {dag.py:3834} INFO - Setting next_dagrun for dataset_consumes_unknown_never_scheduled to None, run_after=None
[2024-03-08T18:35:47.382+0000] {logging_mixin.py:188} INFO - [2024-03-08T18:35:47.381+0000] {dag.py:3834} INFO - Setting next_dagrun for dataset_produces_1 to 2024-03-07 00:00:00+00:00, run_after=2024-03-08 00:00:00+00:00
[2024-03-08T18:35:47.383+0000] {logging_mixin.py:188} INFO - [2024-03-08T18:35:47.382+0000] {dag.py:3834} INFO - Setting next_dagrun for dataset_produces_2 to None, run_after=None
[2024-03-08T18:35:47.405+0000] {processor.py:183} INFO - Processing /home/airflow/.local/lib/python3.8/site-packages/airflow/example_dags/example_datasets.py took 0.093 seconds
