[2024-03-08T18:32:43.826+0000] {processor.py:161} INFO - Started process (PID=173) to work on /home/airflow/.local/lib/python3.8/site-packages/airflow/example_dags/example_python_operator.py
[2024-03-08T18:32:43.826+0000] {processor.py:830} INFO - Processing file /home/airflow/.local/lib/python3.8/site-packages/airflow/example_dags/example_python_operator.py for tasks to queue
[2024-03-08T18:32:43.828+0000] {logging_mixin.py:188} INFO - [2024-03-08T18:32:43.827+0000] {dagbag.py:540} INFO - Filling up the DagBag from /home/airflow/.local/lib/python3.8/site-packages/airflow/example_dags/example_python_operator.py
[2024-03-08T18:32:43.840+0000] {processor.py:840} INFO - DAG(s) 'example_python_operator' retrieved from /home/airflow/.local/lib/python3.8/site-packages/airflow/example_dags/example_python_operator.py
[2024-03-08T18:32:43.849+0000] {logging_mixin.py:188} INFO - [2024-03-08T18:32:43.849+0000] {dag.py:3047} INFO - Sync 1 DAGs
[2024-03-08T18:32:43.861+0000] {logging_mixin.py:188} INFO - [2024-03-08T18:32:43.860+0000] {dag.py:3834} INFO - Setting next_dagrun for example_python_operator to None, run_after=None
[2024-03-08T18:32:43.876+0000] {processor.py:183} INFO - Processing /home/airflow/.local/lib/python3.8/site-packages/airflow/example_dags/example_python_operator.py took 0.053 seconds
[2024-03-08T18:33:15.021+0000] {processor.py:161} INFO - Started process (PID=228) to work on /home/airflow/.local/lib/python3.8/site-packages/airflow/example_dags/example_python_operator.py
[2024-03-08T18:33:15.022+0000] {processor.py:830} INFO - Processing file /home/airflow/.local/lib/python3.8/site-packages/airflow/example_dags/example_python_operator.py for tasks to queue
[2024-03-08T18:33:15.024+0000] {logging_mixin.py:188} INFO - [2024-03-08T18:33:15.024+0000] {dagbag.py:540} INFO - Filling up the DagBag from /home/airflow/.local/lib/python3.8/site-packages/airflow/example_dags/example_python_operator.py
[2024-03-08T18:33:15.033+0000] {processor.py:840} INFO - DAG(s) 'example_python_operator' retrieved from /home/airflow/.local/lib/python3.8/site-packages/airflow/example_dags/example_python_operator.py
[2024-03-08T18:33:15.167+0000] {logging_mixin.py:188} INFO - [2024-03-08T18:33:15.166+0000] {dag.py:3047} INFO - Sync 1 DAGs
[2024-03-08T18:33:15.191+0000] {logging_mixin.py:188} INFO - [2024-03-08T18:33:15.191+0000] {dag.py:3834} INFO - Setting next_dagrun for example_python_operator to None, run_after=None
[2024-03-08T18:33:15.207+0000] {processor.py:183} INFO - Processing /home/airflow/.local/lib/python3.8/site-packages/airflow/example_dags/example_python_operator.py took 0.188 seconds
[2024-03-08T18:33:45.499+0000] {processor.py:161} INFO - Started process (PID=283) to work on /home/airflow/.local/lib/python3.8/site-packages/airflow/example_dags/example_python_operator.py
[2024-03-08T18:33:45.500+0000] {processor.py:830} INFO - Processing file /home/airflow/.local/lib/python3.8/site-packages/airflow/example_dags/example_python_operator.py for tasks to queue
[2024-03-08T18:33:45.501+0000] {logging_mixin.py:188} INFO - [2024-03-08T18:33:45.501+0000] {dagbag.py:540} INFO - Filling up the DagBag from /home/airflow/.local/lib/python3.8/site-packages/airflow/example_dags/example_python_operator.py
[2024-03-08T18:33:45.511+0000] {processor.py:840} INFO - DAG(s) 'example_python_operator' retrieved from /home/airflow/.local/lib/python3.8/site-packages/airflow/example_dags/example_python_operator.py
[2024-03-08T18:33:45.537+0000] {logging_mixin.py:188} INFO - [2024-03-08T18:33:45.537+0000] {dag.py:3047} INFO - Sync 1 DAGs
[2024-03-08T18:33:45.548+0000] {logging_mixin.py:188} INFO - [2024-03-08T18:33:45.548+0000] {dag.py:3834} INFO - Setting next_dagrun for example_python_operator to None, run_after=None
[2024-03-08T18:33:45.564+0000] {processor.py:183} INFO - Processing /home/airflow/.local/lib/python3.8/site-packages/airflow/example_dags/example_python_operator.py took 0.068 seconds
[2024-03-08T18:34:16.516+0000] {processor.py:161} INFO - Started process (PID=338) to work on /home/airflow/.local/lib/python3.8/site-packages/airflow/example_dags/example_python_operator.py
[2024-03-08T18:34:16.517+0000] {processor.py:830} INFO - Processing file /home/airflow/.local/lib/python3.8/site-packages/airflow/example_dags/example_python_operator.py for tasks to queue
[2024-03-08T18:34:16.519+0000] {logging_mixin.py:188} INFO - [2024-03-08T18:34:16.519+0000] {dagbag.py:540} INFO - Filling up the DagBag from /home/airflow/.local/lib/python3.8/site-packages/airflow/example_dags/example_python_operator.py
[2024-03-08T18:34:16.527+0000] {processor.py:840} INFO - DAG(s) 'example_python_operator' retrieved from /home/airflow/.local/lib/python3.8/site-packages/airflow/example_dags/example_python_operator.py
[2024-03-08T18:34:16.544+0000] {logging_mixin.py:188} INFO - [2024-03-08T18:34:16.543+0000] {dag.py:3047} INFO - Sync 1 DAGs
[2024-03-08T18:34:16.553+0000] {logging_mixin.py:188} INFO - [2024-03-08T18:34:16.553+0000] {dag.py:3834} INFO - Setting next_dagrun for example_python_operator to None, run_after=None
[2024-03-08T18:34:16.568+0000] {processor.py:183} INFO - Processing /home/airflow/.local/lib/python3.8/site-packages/airflow/example_dags/example_python_operator.py took 0.054 seconds
[2024-03-08T18:34:47.146+0000] {processor.py:161} INFO - Started process (PID=393) to work on /home/airflow/.local/lib/python3.8/site-packages/airflow/example_dags/example_python_operator.py
[2024-03-08T18:34:47.147+0000] {processor.py:830} INFO - Processing file /home/airflow/.local/lib/python3.8/site-packages/airflow/example_dags/example_python_operator.py for tasks to queue
[2024-03-08T18:34:47.148+0000] {logging_mixin.py:188} INFO - [2024-03-08T18:34:47.148+0000] {dagbag.py:540} INFO - Filling up the DagBag from /home/airflow/.local/lib/python3.8/site-packages/airflow/example_dags/example_python_operator.py
[2024-03-08T18:34:47.157+0000] {processor.py:840} INFO - DAG(s) 'example_python_operator' retrieved from /home/airflow/.local/lib/python3.8/site-packages/airflow/example_dags/example_python_operator.py
[2024-03-08T18:34:47.196+0000] {logging_mixin.py:188} INFO - [2024-03-08T18:34:47.195+0000] {dag.py:3047} INFO - Sync 1 DAGs
[2024-03-08T18:34:47.206+0000] {logging_mixin.py:188} INFO - [2024-03-08T18:34:47.206+0000] {dag.py:3834} INFO - Setting next_dagrun for example_python_operator to None, run_after=None
[2024-03-08T18:34:47.223+0000] {processor.py:183} INFO - Processing /home/airflow/.local/lib/python3.8/site-packages/airflow/example_dags/example_python_operator.py took 0.080 seconds
[2024-03-08T18:35:17.573+0000] {processor.py:161} INFO - Started process (PID=448) to work on /home/airflow/.local/lib/python3.8/site-packages/airflow/example_dags/example_python_operator.py
[2024-03-08T18:35:17.574+0000] {processor.py:830} INFO - Processing file /home/airflow/.local/lib/python3.8/site-packages/airflow/example_dags/example_python_operator.py for tasks to queue
[2024-03-08T18:35:17.575+0000] {logging_mixin.py:188} INFO - [2024-03-08T18:35:17.575+0000] {dagbag.py:540} INFO - Filling up the DagBag from /home/airflow/.local/lib/python3.8/site-packages/airflow/example_dags/example_python_operator.py
[2024-03-08T18:35:17.583+0000] {processor.py:840} INFO - DAG(s) 'example_python_operator' retrieved from /home/airflow/.local/lib/python3.8/site-packages/airflow/example_dags/example_python_operator.py
[2024-03-08T18:35:17.601+0000] {logging_mixin.py:188} INFO - [2024-03-08T18:35:17.601+0000] {dag.py:3047} INFO - Sync 1 DAGs
[2024-03-08T18:35:17.611+0000] {logging_mixin.py:188} INFO - [2024-03-08T18:35:17.611+0000] {dag.py:3834} INFO - Setting next_dagrun for example_python_operator to None, run_after=None
[2024-03-08T18:35:17.624+0000] {processor.py:183} INFO - Processing /home/airflow/.local/lib/python3.8/site-packages/airflow/example_dags/example_python_operator.py took 0.053 seconds
[2024-03-08T18:35:48.129+0000] {processor.py:161} INFO - Started process (PID=503) to work on /home/airflow/.local/lib/python3.8/site-packages/airflow/example_dags/example_python_operator.py
[2024-03-08T18:35:48.130+0000] {processor.py:830} INFO - Processing file /home/airflow/.local/lib/python3.8/site-packages/airflow/example_dags/example_python_operator.py for tasks to queue
[2024-03-08T18:35:48.131+0000] {logging_mixin.py:188} INFO - [2024-03-08T18:35:48.131+0000] {dagbag.py:540} INFO - Filling up the DagBag from /home/airflow/.local/lib/python3.8/site-packages/airflow/example_dags/example_python_operator.py
[2024-03-08T18:35:48.140+0000] {processor.py:840} INFO - DAG(s) 'example_python_operator' retrieved from /home/airflow/.local/lib/python3.8/site-packages/airflow/example_dags/example_python_operator.py
[2024-03-08T18:35:48.162+0000] {logging_mixin.py:188} INFO - [2024-03-08T18:35:48.162+0000] {dag.py:3047} INFO - Sync 1 DAGs
[2024-03-08T18:35:48.174+0000] {logging_mixin.py:188} INFO - [2024-03-08T18:35:48.174+0000] {dag.py:3834} INFO - Setting next_dagrun for example_python_operator to None, run_after=None
[2024-03-08T18:35:48.188+0000] {processor.py:183} INFO - Processing /home/airflow/.local/lib/python3.8/site-packages/airflow/example_dags/example_python_operator.py took 0.062 seconds
[2024-03-08T18:36:18.932+0000] {processor.py:161} INFO - Started process (PID=558) to work on /home/airflow/.local/lib/python3.8/site-packages/airflow/example_dags/example_python_operator.py
[2024-03-08T18:36:18.933+0000] {processor.py:830} INFO - Processing file /home/airflow/.local/lib/python3.8/site-packages/airflow/example_dags/example_python_operator.py for tasks to queue
[2024-03-08T18:36:18.934+0000] {logging_mixin.py:188} INFO - [2024-03-08T18:36:18.934+0000] {dagbag.py:540} INFO - Filling up the DagBag from /home/airflow/.local/lib/python3.8/site-packages/airflow/example_dags/example_python_operator.py
[2024-03-08T18:36:18.944+0000] {processor.py:840} INFO - DAG(s) 'example_python_operator' retrieved from /home/airflow/.local/lib/python3.8/site-packages/airflow/example_dags/example_python_operator.py
[2024-03-08T18:36:18.965+0000] {logging_mixin.py:188} INFO - [2024-03-08T18:36:18.964+0000] {dag.py:3047} INFO - Sync 1 DAGs
[2024-03-08T18:36:18.978+0000] {logging_mixin.py:188} INFO - [2024-03-08T18:36:18.978+0000] {dag.py:3834} INFO - Setting next_dagrun for example_python_operator to None, run_after=None
[2024-03-08T18:36:18.998+0000] {processor.py:183} INFO - Processing /home/airflow/.local/lib/python3.8/site-packages/airflow/example_dags/example_python_operator.py took 0.069 seconds
[2024-03-08T18:36:49.652+0000] {processor.py:161} INFO - Started process (PID=613) to work on /home/airflow/.local/lib/python3.8/site-packages/airflow/example_dags/example_python_operator.py
[2024-03-08T18:36:49.653+0000] {processor.py:830} INFO - Processing file /home/airflow/.local/lib/python3.8/site-packages/airflow/example_dags/example_python_operator.py for tasks to queue
[2024-03-08T18:36:49.654+0000] {logging_mixin.py:188} INFO - [2024-03-08T18:36:49.654+0000] {dagbag.py:540} INFO - Filling up the DagBag from /home/airflow/.local/lib/python3.8/site-packages/airflow/example_dags/example_python_operator.py
[2024-03-08T18:36:49.662+0000] {processor.py:840} INFO - DAG(s) 'example_python_operator' retrieved from /home/airflow/.local/lib/python3.8/site-packages/airflow/example_dags/example_python_operator.py
[2024-03-08T18:36:49.678+0000] {logging_mixin.py:188} INFO - [2024-03-08T18:36:49.678+0000] {dag.py:3047} INFO - Sync 1 DAGs
[2024-03-08T18:36:49.693+0000] {logging_mixin.py:188} INFO - [2024-03-08T18:36:49.693+0000] {dag.py:3834} INFO - Setting next_dagrun for example_python_operator to None, run_after=None
[2024-03-08T18:36:49.707+0000] {processor.py:183} INFO - Processing /home/airflow/.local/lib/python3.8/site-packages/airflow/example_dags/example_python_operator.py took 0.057 seconds
[2024-03-08T18:37:20.464+0000] {processor.py:161} INFO - Started process (PID=668) to work on /home/airflow/.local/lib/python3.8/site-packages/airflow/example_dags/example_python_operator.py
[2024-03-08T18:37:20.465+0000] {processor.py:830} INFO - Processing file /home/airflow/.local/lib/python3.8/site-packages/airflow/example_dags/example_python_operator.py for tasks to queue
[2024-03-08T18:37:20.466+0000] {logging_mixin.py:188} INFO - [2024-03-08T18:37:20.466+0000] {dagbag.py:540} INFO - Filling up the DagBag from /home/airflow/.local/lib/python3.8/site-packages/airflow/example_dags/example_python_operator.py
[2024-03-08T18:37:20.474+0000] {processor.py:840} INFO - DAG(s) 'example_python_operator' retrieved from /home/airflow/.local/lib/python3.8/site-packages/airflow/example_dags/example_python_operator.py
[2024-03-08T18:37:20.500+0000] {logging_mixin.py:188} INFO - [2024-03-08T18:37:20.500+0000] {dag.py:3047} INFO - Sync 1 DAGs
[2024-03-08T18:37:20.510+0000] {logging_mixin.py:188} INFO - [2024-03-08T18:37:20.510+0000] {dag.py:3834} INFO - Setting next_dagrun for example_python_operator to None, run_after=None
[2024-03-08T18:37:20.526+0000] {processor.py:183} INFO - Processing /home/airflow/.local/lib/python3.8/site-packages/airflow/example_dags/example_python_operator.py took 0.065 seconds
[2024-03-08T18:37:52.336+0000] {processor.py:161} INFO - Started process (PID=723) to work on /home/airflow/.local/lib/python3.8/site-packages/airflow/example_dags/example_python_operator.py
[2024-03-08T18:37:52.337+0000] {processor.py:830} INFO - Processing file /home/airflow/.local/lib/python3.8/site-packages/airflow/example_dags/example_python_operator.py for tasks to queue
[2024-03-08T18:37:52.338+0000] {logging_mixin.py:188} INFO - [2024-03-08T18:37:52.338+0000] {dagbag.py:540} INFO - Filling up the DagBag from /home/airflow/.local/lib/python3.8/site-packages/airflow/example_dags/example_python_operator.py
[2024-03-08T18:37:52.346+0000] {processor.py:840} INFO - DAG(s) 'example_python_operator' retrieved from /home/airflow/.local/lib/python3.8/site-packages/airflow/example_dags/example_python_operator.py
[2024-03-08T18:37:52.364+0000] {logging_mixin.py:188} INFO - [2024-03-08T18:37:52.364+0000] {dag.py:3047} INFO - Sync 1 DAGs
[2024-03-08T18:37:52.374+0000] {logging_mixin.py:188} INFO - [2024-03-08T18:37:52.373+0000] {dag.py:3834} INFO - Setting next_dagrun for example_python_operator to None, run_after=None
[2024-03-08T18:37:52.399+0000] {processor.py:183} INFO - Processing /home/airflow/.local/lib/python3.8/site-packages/airflow/example_dags/example_python_operator.py took 0.065 seconds
[2024-03-08T18:38:23.708+0000] {processor.py:161} INFO - Started process (PID=778) to work on /home/airflow/.local/lib/python3.8/site-packages/airflow/example_dags/example_python_operator.py
[2024-03-08T18:38:23.709+0000] {processor.py:830} INFO - Processing file /home/airflow/.local/lib/python3.8/site-packages/airflow/example_dags/example_python_operator.py for tasks to queue
[2024-03-08T18:38:23.711+0000] {logging_mixin.py:188} INFO - [2024-03-08T18:38:23.710+0000] {dagbag.py:540} INFO - Filling up the DagBag from /home/airflow/.local/lib/python3.8/site-packages/airflow/example_dags/example_python_operator.py
[2024-03-08T18:38:23.723+0000] {processor.py:840} INFO - DAG(s) 'example_python_operator' retrieved from /home/airflow/.local/lib/python3.8/site-packages/airflow/example_dags/example_python_operator.py
[2024-03-08T18:38:23.751+0000] {logging_mixin.py:188} INFO - [2024-03-08T18:38:23.751+0000] {dag.py:3047} INFO - Sync 1 DAGs
[2024-03-08T18:38:23.768+0000] {logging_mixin.py:188} INFO - [2024-03-08T18:38:23.767+0000] {dag.py:3834} INFO - Setting next_dagrun for example_python_operator to None, run_after=None
[2024-03-08T18:38:23.794+0000] {processor.py:183} INFO - Processing /home/airflow/.local/lib/python3.8/site-packages/airflow/example_dags/example_python_operator.py took 0.090 seconds
[2024-03-08T18:38:54.580+0000] {processor.py:161} INFO - Started process (PID=833) to work on /home/airflow/.local/lib/python3.8/site-packages/airflow/example_dags/example_python_operator.py
[2024-03-08T18:38:54.581+0000] {processor.py:830} INFO - Processing file /home/airflow/.local/lib/python3.8/site-packages/airflow/example_dags/example_python_operator.py for tasks to queue
[2024-03-08T18:38:54.582+0000] {logging_mixin.py:188} INFO - [2024-03-08T18:38:54.582+0000] {dagbag.py:540} INFO - Filling up the DagBag from /home/airflow/.local/lib/python3.8/site-packages/airflow/example_dags/example_python_operator.py
[2024-03-08T18:38:54.594+0000] {processor.py:840} INFO - DAG(s) 'example_python_operator' retrieved from /home/airflow/.local/lib/python3.8/site-packages/airflow/example_dags/example_python_operator.py
[2024-03-08T18:38:54.612+0000] {logging_mixin.py:188} INFO - [2024-03-08T18:38:54.612+0000] {dag.py:3047} INFO - Sync 1 DAGs
[2024-03-08T18:38:54.624+0000] {logging_mixin.py:188} INFO - [2024-03-08T18:38:54.624+0000] {dag.py:3834} INFO - Setting next_dagrun for example_python_operator to None, run_after=None
[2024-03-08T18:38:54.639+0000] {processor.py:183} INFO - Processing /home/airflow/.local/lib/python3.8/site-packages/airflow/example_dags/example_python_operator.py took 0.062 seconds
[2024-03-08T18:39:24.657+0000] {processor.py:161} INFO - Started process (PID=887) to work on /home/airflow/.local/lib/python3.8/site-packages/airflow/example_dags/example_python_operator.py
[2024-03-08T18:39:24.657+0000] {processor.py:830} INFO - Processing file /home/airflow/.local/lib/python3.8/site-packages/airflow/example_dags/example_python_operator.py for tasks to queue
[2024-03-08T18:39:24.659+0000] {logging_mixin.py:188} INFO - [2024-03-08T18:39:24.658+0000] {dagbag.py:540} INFO - Filling up the DagBag from /home/airflow/.local/lib/python3.8/site-packages/airflow/example_dags/example_python_operator.py
[2024-03-08T18:39:24.667+0000] {processor.py:840} INFO - DAG(s) 'example_python_operator' retrieved from /home/airflow/.local/lib/python3.8/site-packages/airflow/example_dags/example_python_operator.py
[2024-03-08T18:39:24.684+0000] {logging_mixin.py:188} INFO - [2024-03-08T18:39:24.684+0000] {dag.py:3047} INFO - Sync 1 DAGs
[2024-03-08T18:39:24.694+0000] {logging_mixin.py:188} INFO - [2024-03-08T18:39:24.694+0000] {dag.py:3834} INFO - Setting next_dagrun for example_python_operator to None, run_after=None
[2024-03-08T18:39:24.708+0000] {processor.py:183} INFO - Processing /home/airflow/.local/lib/python3.8/site-packages/airflow/example_dags/example_python_operator.py took 0.054 seconds
[2024-03-08T18:39:55.174+0000] {processor.py:161} INFO - Started process (PID=943) to work on /home/airflow/.local/lib/python3.8/site-packages/airflow/example_dags/example_python_operator.py
[2024-03-08T18:39:55.175+0000] {processor.py:830} INFO - Processing file /home/airflow/.local/lib/python3.8/site-packages/airflow/example_dags/example_python_operator.py for tasks to queue
[2024-03-08T18:39:55.188+0000] {logging_mixin.py:188} INFO - [2024-03-08T18:39:55.188+0000] {dagbag.py:540} INFO - Filling up the DagBag from /home/airflow/.local/lib/python3.8/site-packages/airflow/example_dags/example_python_operator.py
[2024-03-08T18:39:55.198+0000] {processor.py:840} INFO - DAG(s) 'example_python_operator' retrieved from /home/airflow/.local/lib/python3.8/site-packages/airflow/example_dags/example_python_operator.py
[2024-03-08T18:39:55.218+0000] {logging_mixin.py:188} INFO - [2024-03-08T18:39:55.218+0000] {dag.py:3047} INFO - Sync 1 DAGs
[2024-03-08T18:39:55.230+0000] {logging_mixin.py:188} INFO - [2024-03-08T18:39:55.230+0000] {dag.py:3834} INFO - Setting next_dagrun for example_python_operator to None, run_after=None
[2024-03-08T18:39:55.247+0000] {processor.py:183} INFO - Processing /home/airflow/.local/lib/python3.8/site-packages/airflow/example_dags/example_python_operator.py took 0.076 seconds
[2024-03-08T18:40:25.408+0000] {processor.py:161} INFO - Started process (PID=998) to work on /home/airflow/.local/lib/python3.8/site-packages/airflow/example_dags/example_python_operator.py
[2024-03-08T18:40:25.409+0000] {processor.py:830} INFO - Processing file /home/airflow/.local/lib/python3.8/site-packages/airflow/example_dags/example_python_operator.py for tasks to queue
[2024-03-08T18:40:25.410+0000] {logging_mixin.py:188} INFO - [2024-03-08T18:40:25.410+0000] {dagbag.py:540} INFO - Filling up the DagBag from /home/airflow/.local/lib/python3.8/site-packages/airflow/example_dags/example_python_operator.py
[2024-03-08T18:40:25.419+0000] {processor.py:840} INFO - DAG(s) 'example_python_operator' retrieved from /home/airflow/.local/lib/python3.8/site-packages/airflow/example_dags/example_python_operator.py
[2024-03-08T18:40:25.441+0000] {logging_mixin.py:188} INFO - [2024-03-08T18:40:25.441+0000] {dag.py:3047} INFO - Sync 1 DAGs
[2024-03-08T18:40:25.456+0000] {logging_mixin.py:188} INFO - [2024-03-08T18:40:25.456+0000] {dag.py:3834} INFO - Setting next_dagrun for example_python_operator to None, run_after=None
[2024-03-08T18:40:25.474+0000] {processor.py:183} INFO - Processing /home/airflow/.local/lib/python3.8/site-packages/airflow/example_dags/example_python_operator.py took 0.069 seconds
[2024-03-08T18:40:55.837+0000] {processor.py:161} INFO - Started process (PID=1053) to work on /home/airflow/.local/lib/python3.8/site-packages/airflow/example_dags/example_python_operator.py
[2024-03-08T18:40:55.838+0000] {processor.py:830} INFO - Processing file /home/airflow/.local/lib/python3.8/site-packages/airflow/example_dags/example_python_operator.py for tasks to queue
[2024-03-08T18:40:55.839+0000] {logging_mixin.py:188} INFO - [2024-03-08T18:40:55.839+0000] {dagbag.py:540} INFO - Filling up the DagBag from /home/airflow/.local/lib/python3.8/site-packages/airflow/example_dags/example_python_operator.py
[2024-03-08T18:40:55.847+0000] {processor.py:840} INFO - DAG(s) 'example_python_operator' retrieved from /home/airflow/.local/lib/python3.8/site-packages/airflow/example_dags/example_python_operator.py
[2024-03-08T18:40:55.865+0000] {logging_mixin.py:188} INFO - [2024-03-08T18:40:55.865+0000] {dag.py:3047} INFO - Sync 1 DAGs
[2024-03-08T18:40:55.875+0000] {logging_mixin.py:188} INFO - [2024-03-08T18:40:55.875+0000] {dag.py:3834} INFO - Setting next_dagrun for example_python_operator to None, run_after=None
[2024-03-08T18:40:55.903+0000] {processor.py:183} INFO - Processing /home/airflow/.local/lib/python3.8/site-packages/airflow/example_dags/example_python_operator.py took 0.069 seconds
[2024-03-08T18:41:26.447+0000] {processor.py:161} INFO - Started process (PID=1108) to work on /home/airflow/.local/lib/python3.8/site-packages/airflow/example_dags/example_python_operator.py
[2024-03-08T18:41:26.448+0000] {processor.py:830} INFO - Processing file /home/airflow/.local/lib/python3.8/site-packages/airflow/example_dags/example_python_operator.py for tasks to queue
[2024-03-08T18:41:26.449+0000] {logging_mixin.py:188} INFO - [2024-03-08T18:41:26.449+0000] {dagbag.py:540} INFO - Filling up the DagBag from /home/airflow/.local/lib/python3.8/site-packages/airflow/example_dags/example_python_operator.py
[2024-03-08T18:41:26.459+0000] {processor.py:840} INFO - DAG(s) 'example_python_operator' retrieved from /home/airflow/.local/lib/python3.8/site-packages/airflow/example_dags/example_python_operator.py
[2024-03-08T18:41:26.478+0000] {logging_mixin.py:188} INFO - [2024-03-08T18:41:26.477+0000] {dag.py:3047} INFO - Sync 1 DAGs
[2024-03-08T18:41:26.488+0000] {logging_mixin.py:188} INFO - [2024-03-08T18:41:26.488+0000] {dag.py:3834} INFO - Setting next_dagrun for example_python_operator to None, run_after=None
[2024-03-08T18:41:26.502+0000] {processor.py:183} INFO - Processing /home/airflow/.local/lib/python3.8/site-packages/airflow/example_dags/example_python_operator.py took 0.058 seconds
[2024-03-08T18:41:56.742+0000] {processor.py:161} INFO - Started process (PID=1163) to work on /home/airflow/.local/lib/python3.8/site-packages/airflow/example_dags/example_python_operator.py
[2024-03-08T18:41:56.742+0000] {processor.py:830} INFO - Processing file /home/airflow/.local/lib/python3.8/site-packages/airflow/example_dags/example_python_operator.py for tasks to queue
[2024-03-08T18:41:56.744+0000] {logging_mixin.py:188} INFO - [2024-03-08T18:41:56.743+0000] {dagbag.py:540} INFO - Filling up the DagBag from /home/airflow/.local/lib/python3.8/site-packages/airflow/example_dags/example_python_operator.py
[2024-03-08T18:41:56.752+0000] {processor.py:840} INFO - DAG(s) 'example_python_operator' retrieved from /home/airflow/.local/lib/python3.8/site-packages/airflow/example_dags/example_python_operator.py
[2024-03-08T18:41:56.771+0000] {logging_mixin.py:188} INFO - [2024-03-08T18:41:56.771+0000] {dag.py:3047} INFO - Sync 1 DAGs
[2024-03-08T18:41:56.781+0000] {logging_mixin.py:188} INFO - [2024-03-08T18:41:56.781+0000] {dag.py:3834} INFO - Setting next_dagrun for example_python_operator to None, run_after=None
[2024-03-08T18:41:56.797+0000] {processor.py:183} INFO - Processing /home/airflow/.local/lib/python3.8/site-packages/airflow/example_dags/example_python_operator.py took 0.057 seconds
[2024-03-08T18:42:27.023+0000] {processor.py:161} INFO - Started process (PID=1218) to work on /home/airflow/.local/lib/python3.8/site-packages/airflow/example_dags/example_python_operator.py
[2024-03-08T18:42:27.024+0000] {processor.py:830} INFO - Processing file /home/airflow/.local/lib/python3.8/site-packages/airflow/example_dags/example_python_operator.py for tasks to queue
[2024-03-08T18:42:27.025+0000] {logging_mixin.py:188} INFO - [2024-03-08T18:42:27.025+0000] {dagbag.py:540} INFO - Filling up the DagBag from /home/airflow/.local/lib/python3.8/site-packages/airflow/example_dags/example_python_operator.py
[2024-03-08T18:42:27.034+0000] {processor.py:840} INFO - DAG(s) 'example_python_operator' retrieved from /home/airflow/.local/lib/python3.8/site-packages/airflow/example_dags/example_python_operator.py
[2024-03-08T18:42:27.052+0000] {logging_mixin.py:188} INFO - [2024-03-08T18:42:27.052+0000] {dag.py:3047} INFO - Sync 1 DAGs
[2024-03-08T18:42:27.064+0000] {logging_mixin.py:188} INFO - [2024-03-08T18:42:27.064+0000] {dag.py:3834} INFO - Setting next_dagrun for example_python_operator to None, run_after=None
[2024-03-08T18:42:27.082+0000] {processor.py:183} INFO - Processing /home/airflow/.local/lib/python3.8/site-packages/airflow/example_dags/example_python_operator.py took 0.061 seconds
[2024-03-08T18:42:57.191+0000] {processor.py:161} INFO - Started process (PID=1273) to work on /home/airflow/.local/lib/python3.8/site-packages/airflow/example_dags/example_python_operator.py
[2024-03-08T18:42:57.192+0000] {processor.py:830} INFO - Processing file /home/airflow/.local/lib/python3.8/site-packages/airflow/example_dags/example_python_operator.py for tasks to queue
[2024-03-08T18:42:57.193+0000] {logging_mixin.py:188} INFO - [2024-03-08T18:42:57.193+0000] {dagbag.py:540} INFO - Filling up the DagBag from /home/airflow/.local/lib/python3.8/site-packages/airflow/example_dags/example_python_operator.py
[2024-03-08T18:42:57.201+0000] {processor.py:840} INFO - DAG(s) 'example_python_operator' retrieved from /home/airflow/.local/lib/python3.8/site-packages/airflow/example_dags/example_python_operator.py
[2024-03-08T18:42:57.219+0000] {logging_mixin.py:188} INFO - [2024-03-08T18:42:57.219+0000] {dag.py:3047} INFO - Sync 1 DAGs
[2024-03-08T18:42:57.229+0000] {logging_mixin.py:188} INFO - [2024-03-08T18:42:57.229+0000] {dag.py:3834} INFO - Setting next_dagrun for example_python_operator to None, run_after=None
[2024-03-08T18:42:57.243+0000] {processor.py:183} INFO - Processing /home/airflow/.local/lib/python3.8/site-packages/airflow/example_dags/example_python_operator.py took 0.054 seconds
[2024-03-08T18:43:27.729+0000] {processor.py:161} INFO - Started process (PID=1328) to work on /home/airflow/.local/lib/python3.8/site-packages/airflow/example_dags/example_python_operator.py
[2024-03-08T18:43:27.730+0000] {processor.py:830} INFO - Processing file /home/airflow/.local/lib/python3.8/site-packages/airflow/example_dags/example_python_operator.py for tasks to queue
[2024-03-08T18:43:27.731+0000] {logging_mixin.py:188} INFO - [2024-03-08T18:43:27.731+0000] {dagbag.py:540} INFO - Filling up the DagBag from /home/airflow/.local/lib/python3.8/site-packages/airflow/example_dags/example_python_operator.py
[2024-03-08T18:43:27.740+0000] {processor.py:840} INFO - DAG(s) 'example_python_operator' retrieved from /home/airflow/.local/lib/python3.8/site-packages/airflow/example_dags/example_python_operator.py
[2024-03-08T18:43:27.759+0000] {logging_mixin.py:188} INFO - [2024-03-08T18:43:27.759+0000] {dag.py:3047} INFO - Sync 1 DAGs
[2024-03-08T18:43:27.769+0000] {logging_mixin.py:188} INFO - [2024-03-08T18:43:27.769+0000] {dag.py:3834} INFO - Setting next_dagrun for example_python_operator to None, run_after=None
[2024-03-08T18:43:27.783+0000] {processor.py:183} INFO - Processing /home/airflow/.local/lib/python3.8/site-packages/airflow/example_dags/example_python_operator.py took 0.057 seconds
[2024-03-08T18:43:58.125+0000] {processor.py:161} INFO - Started process (PID=1383) to work on /home/airflow/.local/lib/python3.8/site-packages/airflow/example_dags/example_python_operator.py
[2024-03-08T18:43:58.126+0000] {processor.py:830} INFO - Processing file /home/airflow/.local/lib/python3.8/site-packages/airflow/example_dags/example_python_operator.py for tasks to queue
[2024-03-08T18:43:58.128+0000] {logging_mixin.py:188} INFO - [2024-03-08T18:43:58.127+0000] {dagbag.py:540} INFO - Filling up the DagBag from /home/airflow/.local/lib/python3.8/site-packages/airflow/example_dags/example_python_operator.py
[2024-03-08T18:43:58.136+0000] {processor.py:840} INFO - DAG(s) 'example_python_operator' retrieved from /home/airflow/.local/lib/python3.8/site-packages/airflow/example_dags/example_python_operator.py
[2024-03-08T18:43:58.153+0000] {logging_mixin.py:188} INFO - [2024-03-08T18:43:58.153+0000] {dag.py:3047} INFO - Sync 1 DAGs
[2024-03-08T18:43:58.164+0000] {logging_mixin.py:188} INFO - [2024-03-08T18:43:58.164+0000] {dag.py:3834} INFO - Setting next_dagrun for example_python_operator to None, run_after=None
[2024-03-08T18:43:58.179+0000] {processor.py:183} INFO - Processing /home/airflow/.local/lib/python3.8/site-packages/airflow/example_dags/example_python_operator.py took 0.057 seconds
[2024-03-08T18:44:28.345+0000] {processor.py:161} INFO - Started process (PID=1438) to work on /home/airflow/.local/lib/python3.8/site-packages/airflow/example_dags/example_python_operator.py
[2024-03-08T18:44:28.346+0000] {processor.py:830} INFO - Processing file /home/airflow/.local/lib/python3.8/site-packages/airflow/example_dags/example_python_operator.py for tasks to queue
[2024-03-08T18:44:28.347+0000] {logging_mixin.py:188} INFO - [2024-03-08T18:44:28.347+0000] {dagbag.py:540} INFO - Filling up the DagBag from /home/airflow/.local/lib/python3.8/site-packages/airflow/example_dags/example_python_operator.py
[2024-03-08T18:44:28.355+0000] {processor.py:840} INFO - DAG(s) 'example_python_operator' retrieved from /home/airflow/.local/lib/python3.8/site-packages/airflow/example_dags/example_python_operator.py
[2024-03-08T18:44:28.373+0000] {logging_mixin.py:188} INFO - [2024-03-08T18:44:28.372+0000] {dag.py:3047} INFO - Sync 1 DAGs
[2024-03-08T18:44:28.382+0000] {logging_mixin.py:188} INFO - [2024-03-08T18:44:28.382+0000] {dag.py:3834} INFO - Setting next_dagrun for example_python_operator to None, run_after=None
[2024-03-08T18:44:28.396+0000] {processor.py:183} INFO - Processing /home/airflow/.local/lib/python3.8/site-packages/airflow/example_dags/example_python_operator.py took 0.053 seconds
[2024-03-08T18:44:58.497+0000] {processor.py:161} INFO - Started process (PID=1493) to work on /home/airflow/.local/lib/python3.8/site-packages/airflow/example_dags/example_python_operator.py
[2024-03-08T18:44:58.498+0000] {processor.py:830} INFO - Processing file /home/airflow/.local/lib/python3.8/site-packages/airflow/example_dags/example_python_operator.py for tasks to queue
[2024-03-08T18:44:58.499+0000] {logging_mixin.py:188} INFO - [2024-03-08T18:44:58.499+0000] {dagbag.py:540} INFO - Filling up the DagBag from /home/airflow/.local/lib/python3.8/site-packages/airflow/example_dags/example_python_operator.py
[2024-03-08T18:44:58.507+0000] {processor.py:840} INFO - DAG(s) 'example_python_operator' retrieved from /home/airflow/.local/lib/python3.8/site-packages/airflow/example_dags/example_python_operator.py
[2024-03-08T18:44:58.523+0000] {logging_mixin.py:188} INFO - [2024-03-08T18:44:58.523+0000] {dag.py:3047} INFO - Sync 1 DAGs
[2024-03-08T18:44:58.532+0000] {logging_mixin.py:188} INFO - [2024-03-08T18:44:58.532+0000] {dag.py:3834} INFO - Setting next_dagrun for example_python_operator to None, run_after=None
[2024-03-08T18:44:58.546+0000] {processor.py:183} INFO - Processing /home/airflow/.local/lib/python3.8/site-packages/airflow/example_dags/example_python_operator.py took 0.051 seconds
[2024-03-08T18:45:28.710+0000] {processor.py:161} INFO - Started process (PID=1548) to work on /home/airflow/.local/lib/python3.8/site-packages/airflow/example_dags/example_python_operator.py
[2024-03-08T18:45:28.711+0000] {processor.py:830} INFO - Processing file /home/airflow/.local/lib/python3.8/site-packages/airflow/example_dags/example_python_operator.py for tasks to queue
[2024-03-08T18:45:28.713+0000] {logging_mixin.py:188} INFO - [2024-03-08T18:45:28.713+0000] {dagbag.py:540} INFO - Filling up the DagBag from /home/airflow/.local/lib/python3.8/site-packages/airflow/example_dags/example_python_operator.py
[2024-03-08T18:45:28.722+0000] {processor.py:840} INFO - DAG(s) 'example_python_operator' retrieved from /home/airflow/.local/lib/python3.8/site-packages/airflow/example_dags/example_python_operator.py
[2024-03-08T18:45:28.741+0000] {logging_mixin.py:188} INFO - [2024-03-08T18:45:28.741+0000] {dag.py:3047} INFO - Sync 1 DAGs
[2024-03-08T18:45:28.754+0000] {logging_mixin.py:188} INFO - [2024-03-08T18:45:28.754+0000] {dag.py:3834} INFO - Setting next_dagrun for example_python_operator to None, run_after=None
[2024-03-08T18:45:28.771+0000] {processor.py:183} INFO - Processing /home/airflow/.local/lib/python3.8/site-packages/airflow/example_dags/example_python_operator.py took 0.063 seconds
[2024-03-08T18:45:59.299+0000] {processor.py:161} INFO - Started process (PID=1603) to work on /home/airflow/.local/lib/python3.8/site-packages/airflow/example_dags/example_python_operator.py
[2024-03-08T18:45:59.300+0000] {processor.py:830} INFO - Processing file /home/airflow/.local/lib/python3.8/site-packages/airflow/example_dags/example_python_operator.py for tasks to queue
[2024-03-08T18:45:59.302+0000] {logging_mixin.py:188} INFO - [2024-03-08T18:45:59.302+0000] {dagbag.py:540} INFO - Filling up the DagBag from /home/airflow/.local/lib/python3.8/site-packages/airflow/example_dags/example_python_operator.py
[2024-03-08T18:45:59.310+0000] {processor.py:840} INFO - DAG(s) 'example_python_operator' retrieved from /home/airflow/.local/lib/python3.8/site-packages/airflow/example_dags/example_python_operator.py
[2024-03-08T18:45:59.329+0000] {logging_mixin.py:188} INFO - [2024-03-08T18:45:59.328+0000] {dag.py:3047} INFO - Sync 1 DAGs
[2024-03-08T18:45:59.339+0000] {logging_mixin.py:188} INFO - [2024-03-08T18:45:59.339+0000] {dag.py:3834} INFO - Setting next_dagrun for example_python_operator to None, run_after=None
[2024-03-08T18:45:59.353+0000] {processor.py:183} INFO - Processing /home/airflow/.local/lib/python3.8/site-packages/airflow/example_dags/example_python_operator.py took 0.056 seconds
[2024-03-08T18:46:30.230+0000] {processor.py:161} INFO - Started process (PID=1658) to work on /home/airflow/.local/lib/python3.8/site-packages/airflow/example_dags/example_python_operator.py
[2024-03-08T18:46:30.231+0000] {processor.py:830} INFO - Processing file /home/airflow/.local/lib/python3.8/site-packages/airflow/example_dags/example_python_operator.py for tasks to queue
[2024-03-08T18:46:30.232+0000] {logging_mixin.py:188} INFO - [2024-03-08T18:46:30.232+0000] {dagbag.py:540} INFO - Filling up the DagBag from /home/airflow/.local/lib/python3.8/site-packages/airflow/example_dags/example_python_operator.py
[2024-03-08T18:46:30.240+0000] {processor.py:840} INFO - DAG(s) 'example_python_operator' retrieved from /home/airflow/.local/lib/python3.8/site-packages/airflow/example_dags/example_python_operator.py
[2024-03-08T18:46:30.302+0000] {logging_mixin.py:188} INFO - [2024-03-08T18:46:30.302+0000] {dag.py:3047} INFO - Sync 1 DAGs
[2024-03-08T18:46:30.313+0000] {logging_mixin.py:188} INFO - [2024-03-08T18:46:30.313+0000] {dag.py:3834} INFO - Setting next_dagrun for example_python_operator to None, run_after=None
[2024-03-08T18:46:30.331+0000] {processor.py:183} INFO - Processing /home/airflow/.local/lib/python3.8/site-packages/airflow/example_dags/example_python_operator.py took 0.103 seconds
[2024-03-08T18:47:01.002+0000] {processor.py:161} INFO - Started process (PID=1713) to work on /home/airflow/.local/lib/python3.8/site-packages/airflow/example_dags/example_python_operator.py
[2024-03-08T18:47:01.003+0000] {processor.py:830} INFO - Processing file /home/airflow/.local/lib/python3.8/site-packages/airflow/example_dags/example_python_operator.py for tasks to queue
[2024-03-08T18:47:01.004+0000] {logging_mixin.py:188} INFO - [2024-03-08T18:47:01.004+0000] {dagbag.py:540} INFO - Filling up the DagBag from /home/airflow/.local/lib/python3.8/site-packages/airflow/example_dags/example_python_operator.py
[2024-03-08T18:47:01.013+0000] {processor.py:840} INFO - DAG(s) 'example_python_operator' retrieved from /home/airflow/.local/lib/python3.8/site-packages/airflow/example_dags/example_python_operator.py
[2024-03-08T18:47:01.035+0000] {logging_mixin.py:188} INFO - [2024-03-08T18:47:01.035+0000] {dag.py:3047} INFO - Sync 1 DAGs
[2024-03-08T18:47:01.047+0000] {logging_mixin.py:188} INFO - [2024-03-08T18:47:01.046+0000] {dag.py:3834} INFO - Setting next_dagrun for example_python_operator to None, run_after=None
[2024-03-08T18:47:01.063+0000] {processor.py:183} INFO - Processing /home/airflow/.local/lib/python3.8/site-packages/airflow/example_dags/example_python_operator.py took 0.063 seconds
[2024-03-08T18:47:31.407+0000] {processor.py:161} INFO - Started process (PID=1774) to work on /home/airflow/.local/lib/python3.8/site-packages/airflow/example_dags/example_python_operator.py
[2024-03-08T18:47:31.409+0000] {processor.py:830} INFO - Processing file /home/airflow/.local/lib/python3.8/site-packages/airflow/example_dags/example_python_operator.py for tasks to queue
[2024-03-08T18:47:31.411+0000] {logging_mixin.py:188} INFO - [2024-03-08T18:47:31.410+0000] {dagbag.py:540} INFO - Filling up the DagBag from /home/airflow/.local/lib/python3.8/site-packages/airflow/example_dags/example_python_operator.py
[2024-03-08T18:47:31.423+0000] {processor.py:840} INFO - DAG(s) 'example_python_operator' retrieved from /home/airflow/.local/lib/python3.8/site-packages/airflow/example_dags/example_python_operator.py
[2024-03-08T18:47:31.505+0000] {logging_mixin.py:188} INFO - [2024-03-08T18:47:31.505+0000] {dag.py:3047} INFO - Sync 1 DAGs
[2024-03-08T18:47:31.515+0000] {logging_mixin.py:188} INFO - [2024-03-08T18:47:31.515+0000] {dag.py:3834} INFO - Setting next_dagrun for example_python_operator to None, run_after=None
[2024-03-08T18:47:31.529+0000] {processor.py:183} INFO - Processing /home/airflow/.local/lib/python3.8/site-packages/airflow/example_dags/example_python_operator.py took 0.124 seconds
[2024-03-08T18:48:01.850+0000] {processor.py:161} INFO - Started process (PID=1829) to work on /home/airflow/.local/lib/python3.8/site-packages/airflow/example_dags/example_python_operator.py
[2024-03-08T18:48:01.851+0000] {processor.py:830} INFO - Processing file /home/airflow/.local/lib/python3.8/site-packages/airflow/example_dags/example_python_operator.py for tasks to queue
[2024-03-08T18:48:01.852+0000] {logging_mixin.py:188} INFO - [2024-03-08T18:48:01.852+0000] {dagbag.py:540} INFO - Filling up the DagBag from /home/airflow/.local/lib/python3.8/site-packages/airflow/example_dags/example_python_operator.py
[2024-03-08T18:48:01.860+0000] {processor.py:840} INFO - DAG(s) 'example_python_operator' retrieved from /home/airflow/.local/lib/python3.8/site-packages/airflow/example_dags/example_python_operator.py
[2024-03-08T18:48:01.901+0000] {logging_mixin.py:188} INFO - [2024-03-08T18:48:01.901+0000] {dag.py:3047} INFO - Sync 1 DAGs
[2024-03-08T18:48:01.915+0000] {logging_mixin.py:188} INFO - [2024-03-08T18:48:01.914+0000] {dag.py:3834} INFO - Setting next_dagrun for example_python_operator to None, run_after=None
[2024-03-08T18:48:01.932+0000] {processor.py:183} INFO - Processing /home/airflow/.local/lib/python3.8/site-packages/airflow/example_dags/example_python_operator.py took 0.085 seconds
[2024-03-08T18:48:32.071+0000] {processor.py:161} INFO - Started process (PID=1884) to work on /home/airflow/.local/lib/python3.8/site-packages/airflow/example_dags/example_python_operator.py
[2024-03-08T18:48:32.072+0000] {processor.py:830} INFO - Processing file /home/airflow/.local/lib/python3.8/site-packages/airflow/example_dags/example_python_operator.py for tasks to queue
[2024-03-08T18:48:32.073+0000] {logging_mixin.py:188} INFO - [2024-03-08T18:48:32.073+0000] {dagbag.py:540} INFO - Filling up the DagBag from /home/airflow/.local/lib/python3.8/site-packages/airflow/example_dags/example_python_operator.py
[2024-03-08T18:48:32.081+0000] {processor.py:840} INFO - DAG(s) 'example_python_operator' retrieved from /home/airflow/.local/lib/python3.8/site-packages/airflow/example_dags/example_python_operator.py
[2024-03-08T18:48:32.099+0000] {logging_mixin.py:188} INFO - [2024-03-08T18:48:32.099+0000] {dag.py:3047} INFO - Sync 1 DAGs
[2024-03-08T18:48:32.109+0000] {logging_mixin.py:188} INFO - [2024-03-08T18:48:32.109+0000] {dag.py:3834} INFO - Setting next_dagrun for example_python_operator to None, run_after=None
[2024-03-08T18:48:32.123+0000] {processor.py:183} INFO - Processing /home/airflow/.local/lib/python3.8/site-packages/airflow/example_dags/example_python_operator.py took 0.054 seconds
[2024-03-08T18:49:02.401+0000] {processor.py:161} INFO - Started process (PID=1939) to work on /home/airflow/.local/lib/python3.8/site-packages/airflow/example_dags/example_python_operator.py
[2024-03-08T18:49:02.402+0000] {processor.py:830} INFO - Processing file /home/airflow/.local/lib/python3.8/site-packages/airflow/example_dags/example_python_operator.py for tasks to queue
[2024-03-08T18:49:02.403+0000] {logging_mixin.py:188} INFO - [2024-03-08T18:49:02.403+0000] {dagbag.py:540} INFO - Filling up the DagBag from /home/airflow/.local/lib/python3.8/site-packages/airflow/example_dags/example_python_operator.py
[2024-03-08T18:49:02.412+0000] {processor.py:840} INFO - DAG(s) 'example_python_operator' retrieved from /home/airflow/.local/lib/python3.8/site-packages/airflow/example_dags/example_python_operator.py
[2024-03-08T18:49:02.431+0000] {logging_mixin.py:188} INFO - [2024-03-08T18:49:02.431+0000] {dag.py:3047} INFO - Sync 1 DAGs
[2024-03-08T18:49:02.443+0000] {logging_mixin.py:188} INFO - [2024-03-08T18:49:02.443+0000] {dag.py:3834} INFO - Setting next_dagrun for example_python_operator to None, run_after=None
[2024-03-08T18:49:02.459+0000] {processor.py:183} INFO - Processing /home/airflow/.local/lib/python3.8/site-packages/airflow/example_dags/example_python_operator.py took 0.061 seconds
[2024-03-08T18:49:32.758+0000] {processor.py:161} INFO - Started process (PID=1994) to work on /home/airflow/.local/lib/python3.8/site-packages/airflow/example_dags/example_python_operator.py
[2024-03-08T18:49:32.759+0000] {processor.py:830} INFO - Processing file /home/airflow/.local/lib/python3.8/site-packages/airflow/example_dags/example_python_operator.py for tasks to queue
[2024-03-08T18:49:32.761+0000] {logging_mixin.py:188} INFO - [2024-03-08T18:49:32.761+0000] {dagbag.py:540} INFO - Filling up the DagBag from /home/airflow/.local/lib/python3.8/site-packages/airflow/example_dags/example_python_operator.py
[2024-03-08T18:49:32.770+0000] {processor.py:840} INFO - DAG(s) 'example_python_operator' retrieved from /home/airflow/.local/lib/python3.8/site-packages/airflow/example_dags/example_python_operator.py
[2024-03-08T18:49:32.805+0000] {logging_mixin.py:188} INFO - [2024-03-08T18:49:32.805+0000] {dag.py:3047} INFO - Sync 1 DAGs
[2024-03-08T18:49:32.815+0000] {logging_mixin.py:188} INFO - [2024-03-08T18:49:32.815+0000] {dag.py:3834} INFO - Setting next_dagrun for example_python_operator to None, run_after=None
[2024-03-08T18:49:32.833+0000] {processor.py:183} INFO - Processing /home/airflow/.local/lib/python3.8/site-packages/airflow/example_dags/example_python_operator.py took 0.077 seconds
[2024-03-08T18:50:03.490+0000] {processor.py:161} INFO - Started process (PID=2049) to work on /home/airflow/.local/lib/python3.8/site-packages/airflow/example_dags/example_python_operator.py
[2024-03-08T18:50:03.491+0000] {processor.py:830} INFO - Processing file /home/airflow/.local/lib/python3.8/site-packages/airflow/example_dags/example_python_operator.py for tasks to queue
[2024-03-08T18:50:03.492+0000] {logging_mixin.py:188} INFO - [2024-03-08T18:50:03.492+0000] {dagbag.py:540} INFO - Filling up the DagBag from /home/airflow/.local/lib/python3.8/site-packages/airflow/example_dags/example_python_operator.py
[2024-03-08T18:50:03.501+0000] {processor.py:840} INFO - DAG(s) 'example_python_operator' retrieved from /home/airflow/.local/lib/python3.8/site-packages/airflow/example_dags/example_python_operator.py
[2024-03-08T18:50:03.520+0000] {logging_mixin.py:188} INFO - [2024-03-08T18:50:03.520+0000] {dag.py:3047} INFO - Sync 1 DAGs
[2024-03-08T18:50:03.531+0000] {logging_mixin.py:188} INFO - [2024-03-08T18:50:03.531+0000] {dag.py:3834} INFO - Setting next_dagrun for example_python_operator to None, run_after=None
[2024-03-08T18:50:03.547+0000] {processor.py:183} INFO - Processing /home/airflow/.local/lib/python3.8/site-packages/airflow/example_dags/example_python_operator.py took 0.060 seconds
[2024-03-08T18:50:34.068+0000] {processor.py:161} INFO - Started process (PID=2104) to work on /home/airflow/.local/lib/python3.8/site-packages/airflow/example_dags/example_python_operator.py
[2024-03-08T18:50:34.069+0000] {processor.py:830} INFO - Processing file /home/airflow/.local/lib/python3.8/site-packages/airflow/example_dags/example_python_operator.py for tasks to queue
[2024-03-08T18:50:34.070+0000] {logging_mixin.py:188} INFO - [2024-03-08T18:50:34.070+0000] {dagbag.py:540} INFO - Filling up the DagBag from /home/airflow/.local/lib/python3.8/site-packages/airflow/example_dags/example_python_operator.py
[2024-03-08T18:50:34.078+0000] {processor.py:840} INFO - DAG(s) 'example_python_operator' retrieved from /home/airflow/.local/lib/python3.8/site-packages/airflow/example_dags/example_python_operator.py
[2024-03-08T18:50:34.097+0000] {logging_mixin.py:188} INFO - [2024-03-08T18:50:34.097+0000] {dag.py:3047} INFO - Sync 1 DAGs
[2024-03-08T18:50:34.107+0000] {logging_mixin.py:188} INFO - [2024-03-08T18:50:34.107+0000] {dag.py:3834} INFO - Setting next_dagrun for example_python_operator to None, run_after=None
[2024-03-08T18:50:34.120+0000] {processor.py:183} INFO - Processing /home/airflow/.local/lib/python3.8/site-packages/airflow/example_dags/example_python_operator.py took 0.055 seconds
[2024-03-08T18:51:04.351+0000] {processor.py:161} INFO - Started process (PID=2159) to work on /home/airflow/.local/lib/python3.8/site-packages/airflow/example_dags/example_python_operator.py
[2024-03-08T18:51:04.352+0000] {processor.py:830} INFO - Processing file /home/airflow/.local/lib/python3.8/site-packages/airflow/example_dags/example_python_operator.py for tasks to queue
[2024-03-08T18:51:04.353+0000] {logging_mixin.py:188} INFO - [2024-03-08T18:51:04.353+0000] {dagbag.py:540} INFO - Filling up the DagBag from /home/airflow/.local/lib/python3.8/site-packages/airflow/example_dags/example_python_operator.py
[2024-03-08T18:51:04.361+0000] {processor.py:840} INFO - DAG(s) 'example_python_operator' retrieved from /home/airflow/.local/lib/python3.8/site-packages/airflow/example_dags/example_python_operator.py
[2024-03-08T18:51:04.380+0000] {logging_mixin.py:188} INFO - [2024-03-08T18:51:04.380+0000] {dag.py:3047} INFO - Sync 1 DAGs
[2024-03-08T18:51:04.391+0000] {logging_mixin.py:188} INFO - [2024-03-08T18:51:04.390+0000] {dag.py:3834} INFO - Setting next_dagrun for example_python_operator to None, run_after=None
[2024-03-08T18:51:04.405+0000] {processor.py:183} INFO - Processing /home/airflow/.local/lib/python3.8/site-packages/airflow/example_dags/example_python_operator.py took 0.056 seconds
[2024-03-08T18:51:34.706+0000] {processor.py:161} INFO - Started process (PID=2214) to work on /home/airflow/.local/lib/python3.8/site-packages/airflow/example_dags/example_python_operator.py
[2024-03-08T18:51:34.707+0000] {processor.py:830} INFO - Processing file /home/airflow/.local/lib/python3.8/site-packages/airflow/example_dags/example_python_operator.py for tasks to queue
[2024-03-08T18:51:34.709+0000] {logging_mixin.py:188} INFO - [2024-03-08T18:51:34.708+0000] {dagbag.py:540} INFO - Filling up the DagBag from /home/airflow/.local/lib/python3.8/site-packages/airflow/example_dags/example_python_operator.py
[2024-03-08T18:51:34.717+0000] {processor.py:840} INFO - DAG(s) 'example_python_operator' retrieved from /home/airflow/.local/lib/python3.8/site-packages/airflow/example_dags/example_python_operator.py
[2024-03-08T18:51:34.735+0000] {logging_mixin.py:188} INFO - [2024-03-08T18:51:34.735+0000] {dag.py:3047} INFO - Sync 1 DAGs
[2024-03-08T18:51:34.748+0000] {logging_mixin.py:188} INFO - [2024-03-08T18:51:34.747+0000] {dag.py:3834} INFO - Setting next_dagrun for example_python_operator to None, run_after=None
[2024-03-08T18:51:34.763+0000] {processor.py:183} INFO - Processing /home/airflow/.local/lib/python3.8/site-packages/airflow/example_dags/example_python_operator.py took 0.059 seconds
[2024-03-08T18:52:05.119+0000] {processor.py:161} INFO - Started process (PID=2269) to work on /home/airflow/.local/lib/python3.8/site-packages/airflow/example_dags/example_python_operator.py
[2024-03-08T18:52:05.121+0000] {processor.py:830} INFO - Processing file /home/airflow/.local/lib/python3.8/site-packages/airflow/example_dags/example_python_operator.py for tasks to queue
[2024-03-08T18:52:05.122+0000] {logging_mixin.py:188} INFO - [2024-03-08T18:52:05.122+0000] {dagbag.py:540} INFO - Filling up the DagBag from /home/airflow/.local/lib/python3.8/site-packages/airflow/example_dags/example_python_operator.py
[2024-03-08T18:52:05.131+0000] {processor.py:840} INFO - DAG(s) 'example_python_operator' retrieved from /home/airflow/.local/lib/python3.8/site-packages/airflow/example_dags/example_python_operator.py
[2024-03-08T18:52:05.150+0000] {logging_mixin.py:188} INFO - [2024-03-08T18:52:05.150+0000] {dag.py:3047} INFO - Sync 1 DAGs
[2024-03-08T18:52:05.161+0000] {logging_mixin.py:188} INFO - [2024-03-08T18:52:05.161+0000] {dag.py:3834} INFO - Setting next_dagrun for example_python_operator to None, run_after=None
[2024-03-08T18:52:05.180+0000] {processor.py:183} INFO - Processing /home/airflow/.local/lib/python3.8/site-packages/airflow/example_dags/example_python_operator.py took 0.064 seconds
[2024-03-08T18:52:35.508+0000] {processor.py:161} INFO - Started process (PID=2324) to work on /home/airflow/.local/lib/python3.8/site-packages/airflow/example_dags/example_python_operator.py
[2024-03-08T18:52:35.509+0000] {processor.py:830} INFO - Processing file /home/airflow/.local/lib/python3.8/site-packages/airflow/example_dags/example_python_operator.py for tasks to queue
[2024-03-08T18:52:35.511+0000] {logging_mixin.py:188} INFO - [2024-03-08T18:52:35.511+0000] {dagbag.py:540} INFO - Filling up the DagBag from /home/airflow/.local/lib/python3.8/site-packages/airflow/example_dags/example_python_operator.py
[2024-03-08T18:52:35.523+0000] {processor.py:840} INFO - DAG(s) 'example_python_operator' retrieved from /home/airflow/.local/lib/python3.8/site-packages/airflow/example_dags/example_python_operator.py
[2024-03-08T18:52:35.545+0000] {logging_mixin.py:188} INFO - [2024-03-08T18:52:35.545+0000] {dag.py:3047} INFO - Sync 1 DAGs
[2024-03-08T18:52:35.555+0000] {logging_mixin.py:188} INFO - [2024-03-08T18:52:35.555+0000] {dag.py:3834} INFO - Setting next_dagrun for example_python_operator to None, run_after=None
[2024-03-08T18:52:35.569+0000] {processor.py:183} INFO - Processing /home/airflow/.local/lib/python3.8/site-packages/airflow/example_dags/example_python_operator.py took 0.065 seconds
[2024-03-08T18:53:05.950+0000] {processor.py:161} INFO - Started process (PID=2379) to work on /home/airflow/.local/lib/python3.8/site-packages/airflow/example_dags/example_python_operator.py
[2024-03-08T18:53:05.951+0000] {processor.py:830} INFO - Processing file /home/airflow/.local/lib/python3.8/site-packages/airflow/example_dags/example_python_operator.py for tasks to queue
[2024-03-08T18:53:05.952+0000] {logging_mixin.py:188} INFO - [2024-03-08T18:53:05.952+0000] {dagbag.py:540} INFO - Filling up the DagBag from /home/airflow/.local/lib/python3.8/site-packages/airflow/example_dags/example_python_operator.py
[2024-03-08T18:53:05.961+0000] {processor.py:840} INFO - DAG(s) 'example_python_operator' retrieved from /home/airflow/.local/lib/python3.8/site-packages/airflow/example_dags/example_python_operator.py
[2024-03-08T18:53:05.982+0000] {logging_mixin.py:188} INFO - [2024-03-08T18:53:05.982+0000] {dag.py:3047} INFO - Sync 1 DAGs
[2024-03-08T18:53:05.992+0000] {logging_mixin.py:188} INFO - [2024-03-08T18:53:05.992+0000] {dag.py:3834} INFO - Setting next_dagrun for example_python_operator to None, run_after=None
[2024-03-08T18:53:06.009+0000] {processor.py:183} INFO - Processing /home/airflow/.local/lib/python3.8/site-packages/airflow/example_dags/example_python_operator.py took 0.062 seconds
[2024-03-08T18:53:36.431+0000] {processor.py:161} INFO - Started process (PID=2434) to work on /home/airflow/.local/lib/python3.8/site-packages/airflow/example_dags/example_python_operator.py
[2024-03-08T18:53:36.432+0000] {processor.py:830} INFO - Processing file /home/airflow/.local/lib/python3.8/site-packages/airflow/example_dags/example_python_operator.py for tasks to queue
[2024-03-08T18:53:36.433+0000] {logging_mixin.py:188} INFO - [2024-03-08T18:53:36.433+0000] {dagbag.py:540} INFO - Filling up the DagBag from /home/airflow/.local/lib/python3.8/site-packages/airflow/example_dags/example_python_operator.py
[2024-03-08T18:53:36.444+0000] {processor.py:840} INFO - DAG(s) 'example_python_operator' retrieved from /home/airflow/.local/lib/python3.8/site-packages/airflow/example_dags/example_python_operator.py
[2024-03-08T18:53:36.465+0000] {logging_mixin.py:188} INFO - [2024-03-08T18:53:36.465+0000] {dag.py:3047} INFO - Sync 1 DAGs
[2024-03-08T18:53:36.476+0000] {logging_mixin.py:188} INFO - [2024-03-08T18:53:36.476+0000] {dag.py:3834} INFO - Setting next_dagrun for example_python_operator to None, run_after=None
[2024-03-08T18:53:36.499+0000] {processor.py:183} INFO - Processing /home/airflow/.local/lib/python3.8/site-packages/airflow/example_dags/example_python_operator.py took 0.071 seconds
[2024-03-08T18:54:07.255+0000] {processor.py:161} INFO - Started process (PID=2489) to work on /home/airflow/.local/lib/python3.8/site-packages/airflow/example_dags/example_python_operator.py
[2024-03-08T18:54:07.255+0000] {processor.py:830} INFO - Processing file /home/airflow/.local/lib/python3.8/site-packages/airflow/example_dags/example_python_operator.py for tasks to queue
[2024-03-08T18:54:07.257+0000] {logging_mixin.py:188} INFO - [2024-03-08T18:54:07.256+0000] {dagbag.py:540} INFO - Filling up the DagBag from /home/airflow/.local/lib/python3.8/site-packages/airflow/example_dags/example_python_operator.py
[2024-03-08T18:54:07.266+0000] {processor.py:840} INFO - DAG(s) 'example_python_operator' retrieved from /home/airflow/.local/lib/python3.8/site-packages/airflow/example_dags/example_python_operator.py
[2024-03-08T18:54:07.283+0000] {logging_mixin.py:188} INFO - [2024-03-08T18:54:07.283+0000] {dag.py:3047} INFO - Sync 1 DAGs
[2024-03-08T18:54:07.294+0000] {logging_mixin.py:188} INFO - [2024-03-08T18:54:07.294+0000] {dag.py:3834} INFO - Setting next_dagrun for example_python_operator to None, run_after=None
[2024-03-08T18:54:07.311+0000] {processor.py:183} INFO - Processing /home/airflow/.local/lib/python3.8/site-packages/airflow/example_dags/example_python_operator.py took 0.060 seconds
[2024-03-08T18:54:37.636+0000] {processor.py:161} INFO - Started process (PID=2544) to work on /home/airflow/.local/lib/python3.8/site-packages/airflow/example_dags/example_python_operator.py
[2024-03-08T18:54:37.637+0000] {processor.py:830} INFO - Processing file /home/airflow/.local/lib/python3.8/site-packages/airflow/example_dags/example_python_operator.py for tasks to queue
[2024-03-08T18:54:37.639+0000] {logging_mixin.py:188} INFO - [2024-03-08T18:54:37.638+0000] {dagbag.py:540} INFO - Filling up the DagBag from /home/airflow/.local/lib/python3.8/site-packages/airflow/example_dags/example_python_operator.py
[2024-03-08T18:54:37.647+0000] {processor.py:840} INFO - DAG(s) 'example_python_operator' retrieved from /home/airflow/.local/lib/python3.8/site-packages/airflow/example_dags/example_python_operator.py
[2024-03-08T18:54:37.667+0000] {logging_mixin.py:188} INFO - [2024-03-08T18:54:37.667+0000] {dag.py:3047} INFO - Sync 1 DAGs
[2024-03-08T18:54:37.677+0000] {logging_mixin.py:188} INFO - [2024-03-08T18:54:37.677+0000] {dag.py:3834} INFO - Setting next_dagrun for example_python_operator to None, run_after=None
[2024-03-08T18:54:37.692+0000] {processor.py:183} INFO - Processing /home/airflow/.local/lib/python3.8/site-packages/airflow/example_dags/example_python_operator.py took 0.058 seconds
[2024-03-08T18:55:07.865+0000] {processor.py:161} INFO - Started process (PID=2599) to work on /home/airflow/.local/lib/python3.8/site-packages/airflow/example_dags/example_python_operator.py
[2024-03-08T18:55:07.866+0000] {processor.py:830} INFO - Processing file /home/airflow/.local/lib/python3.8/site-packages/airflow/example_dags/example_python_operator.py for tasks to queue
[2024-03-08T18:55:07.867+0000] {logging_mixin.py:188} INFO - [2024-03-08T18:55:07.867+0000] {dagbag.py:540} INFO - Filling up the DagBag from /home/airflow/.local/lib/python3.8/site-packages/airflow/example_dags/example_python_operator.py
[2024-03-08T18:55:07.876+0000] {processor.py:840} INFO - DAG(s) 'example_python_operator' retrieved from /home/airflow/.local/lib/python3.8/site-packages/airflow/example_dags/example_python_operator.py
[2024-03-08T18:55:07.893+0000] {logging_mixin.py:188} INFO - [2024-03-08T18:55:07.893+0000] {dag.py:3047} INFO - Sync 1 DAGs
[2024-03-08T18:55:07.903+0000] {logging_mixin.py:188} INFO - [2024-03-08T18:55:07.903+0000] {dag.py:3834} INFO - Setting next_dagrun for example_python_operator to None, run_after=None
[2024-03-08T18:55:07.918+0000] {processor.py:183} INFO - Processing /home/airflow/.local/lib/python3.8/site-packages/airflow/example_dags/example_python_operator.py took 0.056 seconds
[2024-03-08T18:55:38.190+0000] {processor.py:161} INFO - Started process (PID=2654) to work on /home/airflow/.local/lib/python3.8/site-packages/airflow/example_dags/example_python_operator.py
[2024-03-08T18:55:38.191+0000] {processor.py:830} INFO - Processing file /home/airflow/.local/lib/python3.8/site-packages/airflow/example_dags/example_python_operator.py for tasks to queue
[2024-03-08T18:55:38.193+0000] {logging_mixin.py:188} INFO - [2024-03-08T18:55:38.192+0000] {dagbag.py:540} INFO - Filling up the DagBag from /home/airflow/.local/lib/python3.8/site-packages/airflow/example_dags/example_python_operator.py
[2024-03-08T18:55:38.201+0000] {processor.py:840} INFO - DAG(s) 'example_python_operator' retrieved from /home/airflow/.local/lib/python3.8/site-packages/airflow/example_dags/example_python_operator.py
[2024-03-08T18:55:38.220+0000] {logging_mixin.py:188} INFO - [2024-03-08T18:55:38.220+0000] {dag.py:3047} INFO - Sync 1 DAGs
[2024-03-08T18:55:38.232+0000] {logging_mixin.py:188} INFO - [2024-03-08T18:55:38.231+0000] {dag.py:3834} INFO - Setting next_dagrun for example_python_operator to None, run_after=None
[2024-03-08T18:55:38.247+0000] {processor.py:183} INFO - Processing /home/airflow/.local/lib/python3.8/site-packages/airflow/example_dags/example_python_operator.py took 0.060 seconds
[2024-03-08T18:56:08.471+0000] {processor.py:161} INFO - Started process (PID=2709) to work on /home/airflow/.local/lib/python3.8/site-packages/airflow/example_dags/example_python_operator.py
[2024-03-08T18:56:08.472+0000] {processor.py:830} INFO - Processing file /home/airflow/.local/lib/python3.8/site-packages/airflow/example_dags/example_python_operator.py for tasks to queue
[2024-03-08T18:56:08.473+0000] {logging_mixin.py:188} INFO - [2024-03-08T18:56:08.473+0000] {dagbag.py:540} INFO - Filling up the DagBag from /home/airflow/.local/lib/python3.8/site-packages/airflow/example_dags/example_python_operator.py
[2024-03-08T18:56:08.481+0000] {processor.py:840} INFO - DAG(s) 'example_python_operator' retrieved from /home/airflow/.local/lib/python3.8/site-packages/airflow/example_dags/example_python_operator.py
[2024-03-08T18:56:08.498+0000] {logging_mixin.py:188} INFO - [2024-03-08T18:56:08.498+0000] {dag.py:3047} INFO - Sync 1 DAGs
[2024-03-08T18:56:08.508+0000] {logging_mixin.py:188} INFO - [2024-03-08T18:56:08.508+0000] {dag.py:3834} INFO - Setting next_dagrun for example_python_operator to None, run_after=None
[2024-03-08T18:56:08.522+0000] {processor.py:183} INFO - Processing /home/airflow/.local/lib/python3.8/site-packages/airflow/example_dags/example_python_operator.py took 0.053 seconds
[2024-03-08T18:56:38.857+0000] {processor.py:161} INFO - Started process (PID=2763) to work on /home/airflow/.local/lib/python3.8/site-packages/airflow/example_dags/example_python_operator.py
[2024-03-08T18:56:38.858+0000] {processor.py:830} INFO - Processing file /home/airflow/.local/lib/python3.8/site-packages/airflow/example_dags/example_python_operator.py for tasks to queue
[2024-03-08T18:56:38.860+0000] {logging_mixin.py:188} INFO - [2024-03-08T18:56:38.859+0000] {dagbag.py:540} INFO - Filling up the DagBag from /home/airflow/.local/lib/python3.8/site-packages/airflow/example_dags/example_python_operator.py
[2024-03-08T18:56:38.868+0000] {processor.py:840} INFO - DAG(s) 'example_python_operator' retrieved from /home/airflow/.local/lib/python3.8/site-packages/airflow/example_dags/example_python_operator.py
[2024-03-08T18:56:38.886+0000] {logging_mixin.py:188} INFO - [2024-03-08T18:56:38.886+0000] {dag.py:3047} INFO - Sync 1 DAGs
[2024-03-08T18:56:38.898+0000] {logging_mixin.py:188} INFO - [2024-03-08T18:56:38.897+0000] {dag.py:3834} INFO - Setting next_dagrun for example_python_operator to None, run_after=None
[2024-03-08T18:56:38.916+0000] {processor.py:183} INFO - Processing /home/airflow/.local/lib/python3.8/site-packages/airflow/example_dags/example_python_operator.py took 0.061 seconds
[2024-03-08T18:57:09.326+0000] {processor.py:161} INFO - Started process (PID=2818) to work on /home/airflow/.local/lib/python3.8/site-packages/airflow/example_dags/example_python_operator.py
[2024-03-08T18:57:09.327+0000] {processor.py:830} INFO - Processing file /home/airflow/.local/lib/python3.8/site-packages/airflow/example_dags/example_python_operator.py for tasks to queue
[2024-03-08T18:57:09.329+0000] {logging_mixin.py:188} INFO - [2024-03-08T18:57:09.328+0000] {dagbag.py:540} INFO - Filling up the DagBag from /home/airflow/.local/lib/python3.8/site-packages/airflow/example_dags/example_python_operator.py
[2024-03-08T18:57:09.340+0000] {processor.py:840} INFO - DAG(s) 'example_python_operator' retrieved from /home/airflow/.local/lib/python3.8/site-packages/airflow/example_dags/example_python_operator.py
[2024-03-08T18:57:09.365+0000] {logging_mixin.py:188} INFO - [2024-03-08T18:57:09.364+0000] {dag.py:3047} INFO - Sync 1 DAGs
[2024-03-08T18:57:09.378+0000] {logging_mixin.py:188} INFO - [2024-03-08T18:57:09.378+0000] {dag.py:3834} INFO - Setting next_dagrun for example_python_operator to None, run_after=None
[2024-03-08T18:57:09.397+0000] {processor.py:183} INFO - Processing /home/airflow/.local/lib/python3.8/site-packages/airflow/example_dags/example_python_operator.py took 0.074 seconds
[2024-03-08T18:57:39.708+0000] {processor.py:161} INFO - Started process (PID=2873) to work on /home/airflow/.local/lib/python3.8/site-packages/airflow/example_dags/example_python_operator.py
[2024-03-08T18:57:39.709+0000] {processor.py:830} INFO - Processing file /home/airflow/.local/lib/python3.8/site-packages/airflow/example_dags/example_python_operator.py for tasks to queue
[2024-03-08T18:57:39.710+0000] {logging_mixin.py:188} INFO - [2024-03-08T18:57:39.710+0000] {dagbag.py:540} INFO - Filling up the DagBag from /home/airflow/.local/lib/python3.8/site-packages/airflow/example_dags/example_python_operator.py
[2024-03-08T18:57:39.718+0000] {processor.py:840} INFO - DAG(s) 'example_python_operator' retrieved from /home/airflow/.local/lib/python3.8/site-packages/airflow/example_dags/example_python_operator.py
[2024-03-08T18:57:39.735+0000] {logging_mixin.py:188} INFO - [2024-03-08T18:57:39.735+0000] {dag.py:3047} INFO - Sync 1 DAGs
[2024-03-08T18:57:39.745+0000] {logging_mixin.py:188} INFO - [2024-03-08T18:57:39.745+0000] {dag.py:3834} INFO - Setting next_dagrun for example_python_operator to None, run_after=None
[2024-03-08T18:57:39.759+0000] {processor.py:183} INFO - Processing /home/airflow/.local/lib/python3.8/site-packages/airflow/example_dags/example_python_operator.py took 0.053 seconds
[2024-03-08T18:58:10.067+0000] {processor.py:161} INFO - Started process (PID=2928) to work on /home/airflow/.local/lib/python3.8/site-packages/airflow/example_dags/example_python_operator.py
[2024-03-08T18:58:10.068+0000] {processor.py:830} INFO - Processing file /home/airflow/.local/lib/python3.8/site-packages/airflow/example_dags/example_python_operator.py for tasks to queue
[2024-03-08T18:58:10.069+0000] {logging_mixin.py:188} INFO - [2024-03-08T18:58:10.069+0000] {dagbag.py:540} INFO - Filling up the DagBag from /home/airflow/.local/lib/python3.8/site-packages/airflow/example_dags/example_python_operator.py
[2024-03-08T18:58:10.077+0000] {processor.py:840} INFO - DAG(s) 'example_python_operator' retrieved from /home/airflow/.local/lib/python3.8/site-packages/airflow/example_dags/example_python_operator.py
[2024-03-08T18:58:10.101+0000] {logging_mixin.py:188} INFO - [2024-03-08T18:58:10.101+0000] {dag.py:3047} INFO - Sync 1 DAGs
[2024-03-08T18:58:10.112+0000] {logging_mixin.py:188} INFO - [2024-03-08T18:58:10.112+0000] {dag.py:3834} INFO - Setting next_dagrun for example_python_operator to None, run_after=None
[2024-03-08T18:58:10.127+0000] {processor.py:183} INFO - Processing /home/airflow/.local/lib/python3.8/site-packages/airflow/example_dags/example_python_operator.py took 0.063 seconds
[2024-03-08T18:58:40.422+0000] {processor.py:161} INFO - Started process (PID=2983) to work on /home/airflow/.local/lib/python3.8/site-packages/airflow/example_dags/example_python_operator.py
[2024-03-08T18:58:40.423+0000] {processor.py:830} INFO - Processing file /home/airflow/.local/lib/python3.8/site-packages/airflow/example_dags/example_python_operator.py for tasks to queue
[2024-03-08T18:58:40.425+0000] {logging_mixin.py:188} INFO - [2024-03-08T18:58:40.425+0000] {dagbag.py:540} INFO - Filling up the DagBag from /home/airflow/.local/lib/python3.8/site-packages/airflow/example_dags/example_python_operator.py
[2024-03-08T18:58:40.438+0000] {processor.py:840} INFO - DAG(s) 'example_python_operator' retrieved from /home/airflow/.local/lib/python3.8/site-packages/airflow/example_dags/example_python_operator.py
[2024-03-08T18:58:40.462+0000] {logging_mixin.py:188} INFO - [2024-03-08T18:58:40.461+0000] {dag.py:3047} INFO - Sync 1 DAGs
[2024-03-08T18:58:40.474+0000] {logging_mixin.py:188} INFO - [2024-03-08T18:58:40.473+0000] {dag.py:3834} INFO - Setting next_dagrun for example_python_operator to None, run_after=None
[2024-03-08T18:58:40.500+0000] {processor.py:183} INFO - Processing /home/airflow/.local/lib/python3.8/site-packages/airflow/example_dags/example_python_operator.py took 0.082 seconds
[2024-03-08T18:59:11.316+0000] {processor.py:161} INFO - Started process (PID=3038) to work on /home/airflow/.local/lib/python3.8/site-packages/airflow/example_dags/example_python_operator.py
[2024-03-08T18:59:11.317+0000] {processor.py:830} INFO - Processing file /home/airflow/.local/lib/python3.8/site-packages/airflow/example_dags/example_python_operator.py for tasks to queue
[2024-03-08T18:59:11.318+0000] {logging_mixin.py:188} INFO - [2024-03-08T18:59:11.318+0000] {dagbag.py:540} INFO - Filling up the DagBag from /home/airflow/.local/lib/python3.8/site-packages/airflow/example_dags/example_python_operator.py
[2024-03-08T18:59:11.328+0000] {processor.py:840} INFO - DAG(s) 'example_python_operator' retrieved from /home/airflow/.local/lib/python3.8/site-packages/airflow/example_dags/example_python_operator.py
[2024-03-08T18:59:11.349+0000] {logging_mixin.py:188} INFO - [2024-03-08T18:59:11.349+0000] {dag.py:3047} INFO - Sync 1 DAGs
[2024-03-08T18:59:11.362+0000] {logging_mixin.py:188} INFO - [2024-03-08T18:59:11.362+0000] {dag.py:3834} INFO - Setting next_dagrun for example_python_operator to None, run_after=None
[2024-03-08T18:59:11.378+0000] {processor.py:183} INFO - Processing /home/airflow/.local/lib/python3.8/site-packages/airflow/example_dags/example_python_operator.py took 0.065 seconds
[2024-03-08T18:59:42.143+0000] {processor.py:161} INFO - Started process (PID=3094) to work on /home/airflow/.local/lib/python3.8/site-packages/airflow/example_dags/example_python_operator.py
[2024-03-08T18:59:42.144+0000] {processor.py:830} INFO - Processing file /home/airflow/.local/lib/python3.8/site-packages/airflow/example_dags/example_python_operator.py for tasks to queue
[2024-03-08T18:59:42.146+0000] {logging_mixin.py:188} INFO - [2024-03-08T18:59:42.145+0000] {dagbag.py:540} INFO - Filling up the DagBag from /home/airflow/.local/lib/python3.8/site-packages/airflow/example_dags/example_python_operator.py
[2024-03-08T18:59:42.156+0000] {processor.py:840} INFO - DAG(s) 'example_python_operator' retrieved from /home/airflow/.local/lib/python3.8/site-packages/airflow/example_dags/example_python_operator.py
[2024-03-08T18:59:42.176+0000] {logging_mixin.py:188} INFO - [2024-03-08T18:59:42.176+0000] {dag.py:3047} INFO - Sync 1 DAGs
[2024-03-08T18:59:42.187+0000] {logging_mixin.py:188} INFO - [2024-03-08T18:59:42.187+0000] {dag.py:3834} INFO - Setting next_dagrun for example_python_operator to None, run_after=None
[2024-03-08T18:59:42.209+0000] {processor.py:183} INFO - Processing /home/airflow/.local/lib/python3.8/site-packages/airflow/example_dags/example_python_operator.py took 0.068 seconds
[2024-03-08T19:00:12.654+0000] {processor.py:161} INFO - Started process (PID=3149) to work on /home/airflow/.local/lib/python3.8/site-packages/airflow/example_dags/example_python_operator.py
[2024-03-08T19:00:12.655+0000] {processor.py:830} INFO - Processing file /home/airflow/.local/lib/python3.8/site-packages/airflow/example_dags/example_python_operator.py for tasks to queue
[2024-03-08T19:00:12.657+0000] {logging_mixin.py:188} INFO - [2024-03-08T19:00:12.656+0000] {dagbag.py:540} INFO - Filling up the DagBag from /home/airflow/.local/lib/python3.8/site-packages/airflow/example_dags/example_python_operator.py
[2024-03-08T19:00:12.666+0000] {processor.py:840} INFO - DAG(s) 'example_python_operator' retrieved from /home/airflow/.local/lib/python3.8/site-packages/airflow/example_dags/example_python_operator.py
[2024-03-08T19:00:12.685+0000] {logging_mixin.py:188} INFO - [2024-03-08T19:00:12.685+0000] {dag.py:3047} INFO - Sync 1 DAGs
[2024-03-08T19:00:12.700+0000] {logging_mixin.py:188} INFO - [2024-03-08T19:00:12.700+0000] {dag.py:3834} INFO - Setting next_dagrun for example_python_operator to None, run_after=None
[2024-03-08T19:00:12.833+0000] {processor.py:183} INFO - Processing /home/airflow/.local/lib/python3.8/site-packages/airflow/example_dags/example_python_operator.py took 0.181 seconds
[2024-03-08T19:00:43.060+0000] {processor.py:161} INFO - Started process (PID=3204) to work on /home/airflow/.local/lib/python3.8/site-packages/airflow/example_dags/example_python_operator.py
[2024-03-08T19:00:43.061+0000] {processor.py:830} INFO - Processing file /home/airflow/.local/lib/python3.8/site-packages/airflow/example_dags/example_python_operator.py for tasks to queue
[2024-03-08T19:00:43.062+0000] {logging_mixin.py:188} INFO - [2024-03-08T19:00:43.062+0000] {dagbag.py:540} INFO - Filling up the DagBag from /home/airflow/.local/lib/python3.8/site-packages/airflow/example_dags/example_python_operator.py
[2024-03-08T19:00:43.072+0000] {processor.py:840} INFO - DAG(s) 'example_python_operator' retrieved from /home/airflow/.local/lib/python3.8/site-packages/airflow/example_dags/example_python_operator.py
[2024-03-08T19:00:43.096+0000] {logging_mixin.py:188} INFO - [2024-03-08T19:00:43.096+0000] {dag.py:3047} INFO - Sync 1 DAGs
[2024-03-08T19:00:43.107+0000] {logging_mixin.py:188} INFO - [2024-03-08T19:00:43.107+0000] {dag.py:3834} INFO - Setting next_dagrun for example_python_operator to None, run_after=None
[2024-03-08T19:00:43.126+0000] {processor.py:183} INFO - Processing /home/airflow/.local/lib/python3.8/site-packages/airflow/example_dags/example_python_operator.py took 0.068 seconds
[2024-03-08T19:01:13.801+0000] {processor.py:161} INFO - Started process (PID=3259) to work on /home/airflow/.local/lib/python3.8/site-packages/airflow/example_dags/example_python_operator.py
[2024-03-08T19:01:13.802+0000] {processor.py:830} INFO - Processing file /home/airflow/.local/lib/python3.8/site-packages/airflow/example_dags/example_python_operator.py for tasks to queue
[2024-03-08T19:01:13.803+0000] {logging_mixin.py:188} INFO - [2024-03-08T19:01:13.803+0000] {dagbag.py:540} INFO - Filling up the DagBag from /home/airflow/.local/lib/python3.8/site-packages/airflow/example_dags/example_python_operator.py
[2024-03-08T19:01:13.813+0000] {processor.py:840} INFO - DAG(s) 'example_python_operator' retrieved from /home/airflow/.local/lib/python3.8/site-packages/airflow/example_dags/example_python_operator.py
[2024-03-08T19:01:13.836+0000] {logging_mixin.py:188} INFO - [2024-03-08T19:01:13.836+0000] {dag.py:3047} INFO - Sync 1 DAGs
[2024-03-08T19:01:13.848+0000] {logging_mixin.py:188} INFO - [2024-03-08T19:01:13.848+0000] {dag.py:3834} INFO - Setting next_dagrun for example_python_operator to None, run_after=None
[2024-03-08T19:01:13.864+0000] {processor.py:183} INFO - Processing /home/airflow/.local/lib/python3.8/site-packages/airflow/example_dags/example_python_operator.py took 0.067 seconds
[2024-03-08T19:01:44.181+0000] {processor.py:161} INFO - Started process (PID=3314) to work on /home/airflow/.local/lib/python3.8/site-packages/airflow/example_dags/example_python_operator.py
[2024-03-08T19:01:44.182+0000] {processor.py:830} INFO - Processing file /home/airflow/.local/lib/python3.8/site-packages/airflow/example_dags/example_python_operator.py for tasks to queue
[2024-03-08T19:01:44.183+0000] {logging_mixin.py:188} INFO - [2024-03-08T19:01:44.183+0000] {dagbag.py:540} INFO - Filling up the DagBag from /home/airflow/.local/lib/python3.8/site-packages/airflow/example_dags/example_python_operator.py
[2024-03-08T19:01:44.191+0000] {processor.py:840} INFO - DAG(s) 'example_python_operator' retrieved from /home/airflow/.local/lib/python3.8/site-packages/airflow/example_dags/example_python_operator.py
[2024-03-08T19:01:44.208+0000] {logging_mixin.py:188} INFO - [2024-03-08T19:01:44.208+0000] {dag.py:3047} INFO - Sync 1 DAGs
[2024-03-08T19:01:44.218+0000] {logging_mixin.py:188} INFO - [2024-03-08T19:01:44.218+0000] {dag.py:3834} INFO - Setting next_dagrun for example_python_operator to None, run_after=None
[2024-03-08T19:01:44.237+0000] {processor.py:183} INFO - Processing /home/airflow/.local/lib/python3.8/site-packages/airflow/example_dags/example_python_operator.py took 0.059 seconds
[2024-03-08T19:02:14.975+0000] {processor.py:161} INFO - Started process (PID=3369) to work on /home/airflow/.local/lib/python3.8/site-packages/airflow/example_dags/example_python_operator.py
[2024-03-08T19:02:14.976+0000] {processor.py:830} INFO - Processing file /home/airflow/.local/lib/python3.8/site-packages/airflow/example_dags/example_python_operator.py for tasks to queue
[2024-03-08T19:02:14.978+0000] {logging_mixin.py:188} INFO - [2024-03-08T19:02:14.977+0000] {dagbag.py:540} INFO - Filling up the DagBag from /home/airflow/.local/lib/python3.8/site-packages/airflow/example_dags/example_python_operator.py
[2024-03-08T19:02:14.986+0000] {processor.py:840} INFO - DAG(s) 'example_python_operator' retrieved from /home/airflow/.local/lib/python3.8/site-packages/airflow/example_dags/example_python_operator.py
[2024-03-08T19:02:15.003+0000] {logging_mixin.py:188} INFO - [2024-03-08T19:02:15.003+0000] {dag.py:3047} INFO - Sync 1 DAGs
[2024-03-08T19:02:15.014+0000] {logging_mixin.py:188} INFO - [2024-03-08T19:02:15.014+0000] {dag.py:3834} INFO - Setting next_dagrun for example_python_operator to None, run_after=None
[2024-03-08T19:02:15.029+0000] {processor.py:183} INFO - Processing /home/airflow/.local/lib/python3.8/site-packages/airflow/example_dags/example_python_operator.py took 0.056 seconds
[2024-03-08T19:02:45.904+0000] {processor.py:161} INFO - Started process (PID=3424) to work on /home/airflow/.local/lib/python3.8/site-packages/airflow/example_dags/example_python_operator.py
[2024-03-08T19:02:45.905+0000] {processor.py:830} INFO - Processing file /home/airflow/.local/lib/python3.8/site-packages/airflow/example_dags/example_python_operator.py for tasks to queue
[2024-03-08T19:02:45.906+0000] {logging_mixin.py:188} INFO - [2024-03-08T19:02:45.906+0000] {dagbag.py:540} INFO - Filling up the DagBag from /home/airflow/.local/lib/python3.8/site-packages/airflow/example_dags/example_python_operator.py
[2024-03-08T19:02:45.918+0000] {processor.py:840} INFO - DAG(s) 'example_python_operator' retrieved from /home/airflow/.local/lib/python3.8/site-packages/airflow/example_dags/example_python_operator.py
[2024-03-08T19:02:45.941+0000] {logging_mixin.py:188} INFO - [2024-03-08T19:02:45.941+0000] {dag.py:3047} INFO - Sync 1 DAGs
[2024-03-08T19:02:45.954+0000] {logging_mixin.py:188} INFO - [2024-03-08T19:02:45.954+0000] {dag.py:3834} INFO - Setting next_dagrun for example_python_operator to None, run_after=None
[2024-03-08T19:02:45.973+0000] {processor.py:183} INFO - Processing /home/airflow/.local/lib/python3.8/site-packages/airflow/example_dags/example_python_operator.py took 0.071 seconds
[2024-03-08T19:03:16.147+0000] {processor.py:161} INFO - Started process (PID=3479) to work on /home/airflow/.local/lib/python3.8/site-packages/airflow/example_dags/example_python_operator.py
[2024-03-08T19:03:16.148+0000] {processor.py:830} INFO - Processing file /home/airflow/.local/lib/python3.8/site-packages/airflow/example_dags/example_python_operator.py for tasks to queue
[2024-03-08T19:03:16.149+0000] {logging_mixin.py:188} INFO - [2024-03-08T19:03:16.149+0000] {dagbag.py:540} INFO - Filling up the DagBag from /home/airflow/.local/lib/python3.8/site-packages/airflow/example_dags/example_python_operator.py
[2024-03-08T19:03:16.158+0000] {processor.py:840} INFO - DAG(s) 'example_python_operator' retrieved from /home/airflow/.local/lib/python3.8/site-packages/airflow/example_dags/example_python_operator.py
[2024-03-08T19:03:16.181+0000] {logging_mixin.py:188} INFO - [2024-03-08T19:03:16.181+0000] {dag.py:3047} INFO - Sync 1 DAGs
[2024-03-08T19:03:16.196+0000] {logging_mixin.py:188} INFO - [2024-03-08T19:03:16.196+0000] {dag.py:3834} INFO - Setting next_dagrun for example_python_operator to None, run_after=None
[2024-03-08T19:03:16.230+0000] {processor.py:183} INFO - Processing /home/airflow/.local/lib/python3.8/site-packages/airflow/example_dags/example_python_operator.py took 0.086 seconds
[2024-03-08T19:03:46.943+0000] {processor.py:161} INFO - Started process (PID=3534) to work on /home/airflow/.local/lib/python3.8/site-packages/airflow/example_dags/example_python_operator.py
[2024-03-08T19:03:46.944+0000] {processor.py:830} INFO - Processing file /home/airflow/.local/lib/python3.8/site-packages/airflow/example_dags/example_python_operator.py for tasks to queue
[2024-03-08T19:03:46.946+0000] {logging_mixin.py:188} INFO - [2024-03-08T19:03:46.946+0000] {dagbag.py:540} INFO - Filling up the DagBag from /home/airflow/.local/lib/python3.8/site-packages/airflow/example_dags/example_python_operator.py
[2024-03-08T19:03:46.994+0000] {processor.py:840} INFO - DAG(s) 'example_python_operator' retrieved from /home/airflow/.local/lib/python3.8/site-packages/airflow/example_dags/example_python_operator.py
[2024-03-08T19:03:47.025+0000] {logging_mixin.py:188} INFO - [2024-03-08T19:03:47.024+0000] {dag.py:3047} INFO - Sync 1 DAGs
[2024-03-08T19:03:47.040+0000] {logging_mixin.py:188} INFO - [2024-03-08T19:03:47.039+0000] {dag.py:3834} INFO - Setting next_dagrun for example_python_operator to None, run_after=None
[2024-03-08T19:03:47.059+0000] {processor.py:183} INFO - Processing /home/airflow/.local/lib/python3.8/site-packages/airflow/example_dags/example_python_operator.py took 0.119 seconds
[2024-03-08T19:04:17.224+0000] {processor.py:161} INFO - Started process (PID=3589) to work on /home/airflow/.local/lib/python3.8/site-packages/airflow/example_dags/example_python_operator.py
[2024-03-08T19:04:17.225+0000] {processor.py:830} INFO - Processing file /home/airflow/.local/lib/python3.8/site-packages/airflow/example_dags/example_python_operator.py for tasks to queue
[2024-03-08T19:04:17.226+0000] {logging_mixin.py:188} INFO - [2024-03-08T19:04:17.226+0000] {dagbag.py:540} INFO - Filling up the DagBag from /home/airflow/.local/lib/python3.8/site-packages/airflow/example_dags/example_python_operator.py
[2024-03-08T19:04:17.236+0000] {processor.py:840} INFO - DAG(s) 'example_python_operator' retrieved from /home/airflow/.local/lib/python3.8/site-packages/airflow/example_dags/example_python_operator.py
[2024-03-08T19:04:17.255+0000] {logging_mixin.py:188} INFO - [2024-03-08T19:04:17.255+0000] {dag.py:3047} INFO - Sync 1 DAGs
[2024-03-08T19:04:17.299+0000] {logging_mixin.py:188} INFO - [2024-03-08T19:04:17.298+0000] {dag.py:3834} INFO - Setting next_dagrun for example_python_operator to None, run_after=None
[2024-03-08T19:04:17.322+0000] {processor.py:183} INFO - Processing /home/airflow/.local/lib/python3.8/site-packages/airflow/example_dags/example_python_operator.py took 0.101 seconds
[2024-03-08T19:04:48.344+0000] {processor.py:161} INFO - Started process (PID=3644) to work on /home/airflow/.local/lib/python3.8/site-packages/airflow/example_dags/example_python_operator.py
[2024-03-08T19:04:48.345+0000] {processor.py:830} INFO - Processing file /home/airflow/.local/lib/python3.8/site-packages/airflow/example_dags/example_python_operator.py for tasks to queue
[2024-03-08T19:04:48.346+0000] {logging_mixin.py:188} INFO - [2024-03-08T19:04:48.346+0000] {dagbag.py:540} INFO - Filling up the DagBag from /home/airflow/.local/lib/python3.8/site-packages/airflow/example_dags/example_python_operator.py
[2024-03-08T19:04:48.399+0000] {processor.py:840} INFO - DAG(s) 'example_python_operator' retrieved from /home/airflow/.local/lib/python3.8/site-packages/airflow/example_dags/example_python_operator.py
[2024-03-08T19:04:48.426+0000] {logging_mixin.py:188} INFO - [2024-03-08T19:04:48.426+0000] {dag.py:3047} INFO - Sync 1 DAGs
[2024-03-08T19:04:48.437+0000] {logging_mixin.py:188} INFO - [2024-03-08T19:04:48.437+0000] {dag.py:3834} INFO - Setting next_dagrun for example_python_operator to None, run_after=None
[2024-03-08T19:04:48.490+0000] {processor.py:183} INFO - Processing /home/airflow/.local/lib/python3.8/site-packages/airflow/example_dags/example_python_operator.py took 0.149 seconds
[2024-03-08T19:05:19.278+0000] {processor.py:161} INFO - Started process (PID=3699) to work on /home/airflow/.local/lib/python3.8/site-packages/airflow/example_dags/example_python_operator.py
[2024-03-08T19:05:19.279+0000] {processor.py:830} INFO - Processing file /home/airflow/.local/lib/python3.8/site-packages/airflow/example_dags/example_python_operator.py for tasks to queue
[2024-03-08T19:05:19.280+0000] {logging_mixin.py:188} INFO - [2024-03-08T19:05:19.280+0000] {dagbag.py:540} INFO - Filling up the DagBag from /home/airflow/.local/lib/python3.8/site-packages/airflow/example_dags/example_python_operator.py
[2024-03-08T19:05:19.288+0000] {processor.py:840} INFO - DAG(s) 'example_python_operator' retrieved from /home/airflow/.local/lib/python3.8/site-packages/airflow/example_dags/example_python_operator.py
[2024-03-08T19:05:19.313+0000] {logging_mixin.py:188} INFO - [2024-03-08T19:05:19.313+0000] {dag.py:3047} INFO - Sync 1 DAGs
[2024-03-08T19:05:19.326+0000] {logging_mixin.py:188} INFO - [2024-03-08T19:05:19.326+0000] {dag.py:3834} INFO - Setting next_dagrun for example_python_operator to None, run_after=None
[2024-03-08T19:05:19.345+0000] {processor.py:183} INFO - Processing /home/airflow/.local/lib/python3.8/site-packages/airflow/example_dags/example_python_operator.py took 0.069 seconds
[2024-03-08T19:05:49.929+0000] {processor.py:161} INFO - Started process (PID=3754) to work on /home/airflow/.local/lib/python3.8/site-packages/airflow/example_dags/example_python_operator.py
[2024-03-08T19:05:49.930+0000] {processor.py:830} INFO - Processing file /home/airflow/.local/lib/python3.8/site-packages/airflow/example_dags/example_python_operator.py for tasks to queue
[2024-03-08T19:05:49.932+0000] {logging_mixin.py:188} INFO - [2024-03-08T19:05:49.931+0000] {dagbag.py:540} INFO - Filling up the DagBag from /home/airflow/.local/lib/python3.8/site-packages/airflow/example_dags/example_python_operator.py
[2024-03-08T19:05:49.942+0000] {processor.py:840} INFO - DAG(s) 'example_python_operator' retrieved from /home/airflow/.local/lib/python3.8/site-packages/airflow/example_dags/example_python_operator.py
[2024-03-08T19:05:49.968+0000] {logging_mixin.py:188} INFO - [2024-03-08T19:05:49.968+0000] {dag.py:3047} INFO - Sync 1 DAGs
[2024-03-08T19:05:49.981+0000] {logging_mixin.py:188} INFO - [2024-03-08T19:05:49.980+0000] {dag.py:3834} INFO - Setting next_dagrun for example_python_operator to None, run_after=None
[2024-03-08T19:05:50.004+0000] {processor.py:183} INFO - Processing /home/airflow/.local/lib/python3.8/site-packages/airflow/example_dags/example_python_operator.py took 0.078 seconds
[2024-03-08T19:06:20.929+0000] {processor.py:161} INFO - Started process (PID=3809) to work on /home/airflow/.local/lib/python3.8/site-packages/airflow/example_dags/example_python_operator.py
[2024-03-08T19:06:20.930+0000] {processor.py:830} INFO - Processing file /home/airflow/.local/lib/python3.8/site-packages/airflow/example_dags/example_python_operator.py for tasks to queue
[2024-03-08T19:06:20.932+0000] {logging_mixin.py:188} INFO - [2024-03-08T19:06:20.931+0000] {dagbag.py:540} INFO - Filling up the DagBag from /home/airflow/.local/lib/python3.8/site-packages/airflow/example_dags/example_python_operator.py
[2024-03-08T19:06:20.940+0000] {processor.py:840} INFO - DAG(s) 'example_python_operator' retrieved from /home/airflow/.local/lib/python3.8/site-packages/airflow/example_dags/example_python_operator.py
[2024-03-08T19:06:20.960+0000] {logging_mixin.py:188} INFO - [2024-03-08T19:06:20.959+0000] {dag.py:3047} INFO - Sync 1 DAGs
[2024-03-08T19:06:20.969+0000] {logging_mixin.py:188} INFO - [2024-03-08T19:06:20.969+0000] {dag.py:3834} INFO - Setting next_dagrun for example_python_operator to None, run_after=None
[2024-03-08T19:06:20.984+0000] {processor.py:183} INFO - Processing /home/airflow/.local/lib/python3.8/site-packages/airflow/example_dags/example_python_operator.py took 0.057 seconds
[2024-03-08T19:06:51.453+0000] {processor.py:161} INFO - Started process (PID=3864) to work on /home/airflow/.local/lib/python3.8/site-packages/airflow/example_dags/example_python_operator.py
[2024-03-08T19:06:51.454+0000] {processor.py:830} INFO - Processing file /home/airflow/.local/lib/python3.8/site-packages/airflow/example_dags/example_python_operator.py for tasks to queue
[2024-03-08T19:06:51.455+0000] {logging_mixin.py:188} INFO - [2024-03-08T19:06:51.455+0000] {dagbag.py:540} INFO - Filling up the DagBag from /home/airflow/.local/lib/python3.8/site-packages/airflow/example_dags/example_python_operator.py
[2024-03-08T19:06:51.465+0000] {processor.py:840} INFO - DAG(s) 'example_python_operator' retrieved from /home/airflow/.local/lib/python3.8/site-packages/airflow/example_dags/example_python_operator.py
[2024-03-08T19:06:51.486+0000] {logging_mixin.py:188} INFO - [2024-03-08T19:06:51.486+0000] {dag.py:3047} INFO - Sync 1 DAGs
[2024-03-08T19:06:51.497+0000] {logging_mixin.py:188} INFO - [2024-03-08T19:06:51.497+0000] {dag.py:3834} INFO - Setting next_dagrun for example_python_operator to None, run_after=None
[2024-03-08T19:06:51.513+0000] {processor.py:183} INFO - Processing /home/airflow/.local/lib/python3.8/site-packages/airflow/example_dags/example_python_operator.py took 0.062 seconds
[2024-03-08T19:07:21.880+0000] {processor.py:161} INFO - Started process (PID=3919) to work on /home/airflow/.local/lib/python3.8/site-packages/airflow/example_dags/example_python_operator.py
[2024-03-08T19:07:21.881+0000] {processor.py:830} INFO - Processing file /home/airflow/.local/lib/python3.8/site-packages/airflow/example_dags/example_python_operator.py for tasks to queue
[2024-03-08T19:07:21.882+0000] {logging_mixin.py:188} INFO - [2024-03-08T19:07:21.882+0000] {dagbag.py:540} INFO - Filling up the DagBag from /home/airflow/.local/lib/python3.8/site-packages/airflow/example_dags/example_python_operator.py
[2024-03-08T19:07:21.891+0000] {processor.py:840} INFO - DAG(s) 'example_python_operator' retrieved from /home/airflow/.local/lib/python3.8/site-packages/airflow/example_dags/example_python_operator.py
[2024-03-08T19:07:21.916+0000] {logging_mixin.py:188} INFO - [2024-03-08T19:07:21.916+0000] {dag.py:3047} INFO - Sync 1 DAGs
[2024-03-08T19:07:21.928+0000] {logging_mixin.py:188} INFO - [2024-03-08T19:07:21.928+0000] {dag.py:3834} INFO - Setting next_dagrun for example_python_operator to None, run_after=None
[2024-03-08T19:07:21.946+0000] {processor.py:183} INFO - Processing /home/airflow/.local/lib/python3.8/site-packages/airflow/example_dags/example_python_operator.py took 0.069 seconds
[2024-03-08T21:15:24.781+0000] {processor.py:161} INFO - Started process (PID=173) to work on /home/airflow/.local/lib/python3.8/site-packages/airflow/example_dags/example_python_operator.py
[2024-03-08T21:15:24.782+0000] {processor.py:830} INFO - Processing file /home/airflow/.local/lib/python3.8/site-packages/airflow/example_dags/example_python_operator.py for tasks to queue
[2024-03-08T21:15:24.783+0000] {logging_mixin.py:188} INFO - [2024-03-08T21:15:24.783+0000] {dagbag.py:540} INFO - Filling up the DagBag from /home/airflow/.local/lib/python3.8/site-packages/airflow/example_dags/example_python_operator.py
[2024-03-08T21:15:24.794+0000] {processor.py:840} INFO - DAG(s) 'example_python_operator' retrieved from /home/airflow/.local/lib/python3.8/site-packages/airflow/example_dags/example_python_operator.py
[2024-03-08T21:15:24.881+0000] {logging_mixin.py:188} INFO - [2024-03-08T21:15:24.880+0000] {dag.py:3047} INFO - Sync 1 DAGs
[2024-03-08T21:15:24.891+0000] {logging_mixin.py:188} INFO - [2024-03-08T21:15:24.891+0000] {dag.py:3834} INFO - Setting next_dagrun for example_python_operator to None, run_after=None
[2024-03-08T21:15:24.907+0000] {processor.py:183} INFO - Processing /home/airflow/.local/lib/python3.8/site-packages/airflow/example_dags/example_python_operator.py took 0.128 seconds
[2024-03-08T21:15:54.944+0000] {processor.py:161} INFO - Started process (PID=228) to work on /home/airflow/.local/lib/python3.8/site-packages/airflow/example_dags/example_python_operator.py
[2024-03-08T21:15:54.945+0000] {processor.py:830} INFO - Processing file /home/airflow/.local/lib/python3.8/site-packages/airflow/example_dags/example_python_operator.py for tasks to queue
[2024-03-08T21:15:54.946+0000] {logging_mixin.py:188} INFO - [2024-03-08T21:15:54.946+0000] {dagbag.py:540} INFO - Filling up the DagBag from /home/airflow/.local/lib/python3.8/site-packages/airflow/example_dags/example_python_operator.py
[2024-03-08T21:15:54.954+0000] {processor.py:840} INFO - DAG(s) 'example_python_operator' retrieved from /home/airflow/.local/lib/python3.8/site-packages/airflow/example_dags/example_python_operator.py
[2024-03-08T21:15:54.972+0000] {logging_mixin.py:188} INFO - [2024-03-08T21:15:54.972+0000] {dag.py:3047} INFO - Sync 1 DAGs
[2024-03-08T21:15:54.982+0000] {logging_mixin.py:188} INFO - [2024-03-08T21:15:54.982+0000] {dag.py:3834} INFO - Setting next_dagrun for example_python_operator to None, run_after=None
[2024-03-08T21:15:54.996+0000] {processor.py:183} INFO - Processing /home/airflow/.local/lib/python3.8/site-packages/airflow/example_dags/example_python_operator.py took 0.055 seconds
[2024-03-08T21:16:26.367+0000] {processor.py:161} INFO - Started process (PID=283) to work on /home/airflow/.local/lib/python3.8/site-packages/airflow/example_dags/example_python_operator.py
[2024-03-08T21:16:26.368+0000] {processor.py:830} INFO - Processing file /home/airflow/.local/lib/python3.8/site-packages/airflow/example_dags/example_python_operator.py for tasks to queue
[2024-03-08T21:16:26.370+0000] {logging_mixin.py:188} INFO - [2024-03-08T21:16:26.369+0000] {dagbag.py:540} INFO - Filling up the DagBag from /home/airflow/.local/lib/python3.8/site-packages/airflow/example_dags/example_python_operator.py
[2024-03-08T21:16:26.379+0000] {processor.py:840} INFO - DAG(s) 'example_python_operator' retrieved from /home/airflow/.local/lib/python3.8/site-packages/airflow/example_dags/example_python_operator.py
[2024-03-08T21:16:26.398+0000] {logging_mixin.py:188} INFO - [2024-03-08T21:16:26.397+0000] {dag.py:3047} INFO - Sync 1 DAGs
[2024-03-08T21:16:26.410+0000] {logging_mixin.py:188} INFO - [2024-03-08T21:16:26.410+0000] {dag.py:3834} INFO - Setting next_dagrun for example_python_operator to None, run_after=None
[2024-03-08T21:16:26.427+0000] {processor.py:183} INFO - Processing /home/airflow/.local/lib/python3.8/site-packages/airflow/example_dags/example_python_operator.py took 0.095 seconds
[2024-03-08T21:16:56.683+0000] {processor.py:161} INFO - Started process (PID=338) to work on /home/airflow/.local/lib/python3.8/site-packages/airflow/example_dags/example_python_operator.py
[2024-03-08T21:16:56.684+0000] {processor.py:830} INFO - Processing file /home/airflow/.local/lib/python3.8/site-packages/airflow/example_dags/example_python_operator.py for tasks to queue
[2024-03-08T21:16:56.685+0000] {logging_mixin.py:188} INFO - [2024-03-08T21:16:56.685+0000] {dagbag.py:540} INFO - Filling up the DagBag from /home/airflow/.local/lib/python3.8/site-packages/airflow/example_dags/example_python_operator.py
[2024-03-08T21:16:56.693+0000] {processor.py:840} INFO - DAG(s) 'example_python_operator' retrieved from /home/airflow/.local/lib/python3.8/site-packages/airflow/example_dags/example_python_operator.py
[2024-03-08T21:16:56.711+0000] {logging_mixin.py:188} INFO - [2024-03-08T21:16:56.711+0000] {dag.py:3047} INFO - Sync 1 DAGs
[2024-03-08T21:16:56.722+0000] {logging_mixin.py:188} INFO - [2024-03-08T21:16:56.722+0000] {dag.py:3834} INFO - Setting next_dagrun for example_python_operator to None, run_after=None
[2024-03-08T21:16:56.737+0000] {processor.py:183} INFO - Processing /home/airflow/.local/lib/python3.8/site-packages/airflow/example_dags/example_python_operator.py took 0.057 seconds
[2024-03-08T21:17:26.948+0000] {processor.py:161} INFO - Started process (PID=393) to work on /home/airflow/.local/lib/python3.8/site-packages/airflow/example_dags/example_python_operator.py
[2024-03-08T21:17:26.949+0000] {processor.py:830} INFO - Processing file /home/airflow/.local/lib/python3.8/site-packages/airflow/example_dags/example_python_operator.py for tasks to queue
[2024-03-08T21:17:26.950+0000] {logging_mixin.py:188} INFO - [2024-03-08T21:17:26.950+0000] {dagbag.py:540} INFO - Filling up the DagBag from /home/airflow/.local/lib/python3.8/site-packages/airflow/example_dags/example_python_operator.py
[2024-03-08T21:17:26.958+0000] {processor.py:840} INFO - DAG(s) 'example_python_operator' retrieved from /home/airflow/.local/lib/python3.8/site-packages/airflow/example_dags/example_python_operator.py
[2024-03-08T21:17:26.976+0000] {logging_mixin.py:188} INFO - [2024-03-08T21:17:26.976+0000] {dag.py:3047} INFO - Sync 1 DAGs
[2024-03-08T21:17:26.987+0000] {logging_mixin.py:188} INFO - [2024-03-08T21:17:26.987+0000] {dag.py:3834} INFO - Setting next_dagrun for example_python_operator to None, run_after=None
[2024-03-08T21:17:27.002+0000] {processor.py:183} INFO - Processing /home/airflow/.local/lib/python3.8/site-packages/airflow/example_dags/example_python_operator.py took 0.056 seconds
[2024-03-08T21:17:57.123+0000] {processor.py:161} INFO - Started process (PID=448) to work on /home/airflow/.local/lib/python3.8/site-packages/airflow/example_dags/example_python_operator.py
[2024-03-08T21:17:57.124+0000] {processor.py:830} INFO - Processing file /home/airflow/.local/lib/python3.8/site-packages/airflow/example_dags/example_python_operator.py for tasks to queue
[2024-03-08T21:17:57.125+0000] {logging_mixin.py:188} INFO - [2024-03-08T21:17:57.125+0000] {dagbag.py:540} INFO - Filling up the DagBag from /home/airflow/.local/lib/python3.8/site-packages/airflow/example_dags/example_python_operator.py
[2024-03-08T21:17:57.134+0000] {processor.py:840} INFO - DAG(s) 'example_python_operator' retrieved from /home/airflow/.local/lib/python3.8/site-packages/airflow/example_dags/example_python_operator.py
[2024-03-08T21:17:57.154+0000] {logging_mixin.py:188} INFO - [2024-03-08T21:17:57.153+0000] {dag.py:3047} INFO - Sync 1 DAGs
[2024-03-08T21:17:57.165+0000] {logging_mixin.py:188} INFO - [2024-03-08T21:17:57.165+0000] {dag.py:3834} INFO - Setting next_dagrun for example_python_operator to None, run_after=None
[2024-03-08T21:17:57.180+0000] {processor.py:183} INFO - Processing /home/airflow/.local/lib/python3.8/site-packages/airflow/example_dags/example_python_operator.py took 0.060 seconds
[2024-03-08T21:18:27.513+0000] {processor.py:161} INFO - Started process (PID=503) to work on /home/airflow/.local/lib/python3.8/site-packages/airflow/example_dags/example_python_operator.py
[2024-03-08T21:18:27.514+0000] {processor.py:830} INFO - Processing file /home/airflow/.local/lib/python3.8/site-packages/airflow/example_dags/example_python_operator.py for tasks to queue
[2024-03-08T21:18:27.516+0000] {logging_mixin.py:188} INFO - [2024-03-08T21:18:27.515+0000] {dagbag.py:540} INFO - Filling up the DagBag from /home/airflow/.local/lib/python3.8/site-packages/airflow/example_dags/example_python_operator.py
[2024-03-08T21:18:27.524+0000] {processor.py:840} INFO - DAG(s) 'example_python_operator' retrieved from /home/airflow/.local/lib/python3.8/site-packages/airflow/example_dags/example_python_operator.py
[2024-03-08T21:18:27.542+0000] {logging_mixin.py:188} INFO - [2024-03-08T21:18:27.542+0000] {dag.py:3047} INFO - Sync 1 DAGs
[2024-03-08T21:18:27.555+0000] {logging_mixin.py:188} INFO - [2024-03-08T21:18:27.554+0000] {dag.py:3834} INFO - Setting next_dagrun for example_python_operator to None, run_after=None
[2024-03-08T21:18:27.570+0000] {processor.py:183} INFO - Processing /home/airflow/.local/lib/python3.8/site-packages/airflow/example_dags/example_python_operator.py took 0.059 seconds
