[2024-03-08T18:32:42.538+0000] {processor.py:161} INFO - Started process (PID=154) to work on /home/airflow/.local/lib/python3.8/site-packages/airflow/example_dags/example_branch_labels.py
[2024-03-08T18:32:42.539+0000] {processor.py:830} INFO - Processing file /home/airflow/.local/lib/python3.8/site-packages/airflow/example_dags/example_branch_labels.py for tasks to queue
[2024-03-08T18:32:42.541+0000] {logging_mixin.py:188} INFO - [2024-03-08T18:32:42.541+0000] {dagbag.py:540} INFO - Filling up the DagBag from /home/airflow/.local/lib/python3.8/site-packages/airflow/example_dags/example_branch_labels.py
[2024-03-08T18:32:42.554+0000] {processor.py:840} INFO - DAG(s) 'example_branch_labels' retrieved from /home/airflow/.local/lib/python3.8/site-packages/airflow/example_dags/example_branch_labels.py
[2024-03-08T18:32:42.565+0000] {logging_mixin.py:188} INFO - [2024-03-08T18:32:42.565+0000] {dag.py:3047} INFO - Sync 1 DAGs
[2024-03-08T18:32:42.598+0000] {logging_mixin.py:188} INFO - [2024-03-08T18:32:42.598+0000] {dag.py:3834} INFO - Setting next_dagrun for example_branch_labels to 2024-03-07 00:00:00+00:00, run_after=2024-03-08 00:00:00+00:00
[2024-03-08T18:32:42.619+0000] {processor.py:183} INFO - Processing /home/airflow/.local/lib/python3.8/site-packages/airflow/example_dags/example_branch_labels.py took 0.084 seconds
[2024-03-08T18:33:13.361+0000] {processor.py:161} INFO - Started process (PID=209) to work on /home/airflow/.local/lib/python3.8/site-packages/airflow/example_dags/example_branch_labels.py
[2024-03-08T18:33:13.362+0000] {processor.py:830} INFO - Processing file /home/airflow/.local/lib/python3.8/site-packages/airflow/example_dags/example_branch_labels.py for tasks to queue
[2024-03-08T18:33:13.364+0000] {logging_mixin.py:188} INFO - [2024-03-08T18:33:13.364+0000] {dagbag.py:540} INFO - Filling up the DagBag from /home/airflow/.local/lib/python3.8/site-packages/airflow/example_dags/example_branch_labels.py
[2024-03-08T18:33:13.371+0000] {processor.py:840} INFO - DAG(s) 'example_branch_labels' retrieved from /home/airflow/.local/lib/python3.8/site-packages/airflow/example_dags/example_branch_labels.py
[2024-03-08T18:33:13.499+0000] {logging_mixin.py:188} INFO - [2024-03-08T18:33:13.499+0000] {dag.py:3047} INFO - Sync 1 DAGs
[2024-03-08T18:33:13.518+0000] {logging_mixin.py:188} INFO - [2024-03-08T18:33:13.518+0000] {dag.py:3834} INFO - Setting next_dagrun for example_branch_labels to 2024-03-07 00:00:00+00:00, run_after=2024-03-08 00:00:00+00:00
[2024-03-08T18:33:13.534+0000] {processor.py:183} INFO - Processing /home/airflow/.local/lib/python3.8/site-packages/airflow/example_dags/example_branch_labels.py took 0.176 seconds
[2024-03-08T18:33:44.371+0000] {processor.py:161} INFO - Started process (PID=264) to work on /home/airflow/.local/lib/python3.8/site-packages/airflow/example_dags/example_branch_labels.py
[2024-03-08T18:33:44.372+0000] {processor.py:830} INFO - Processing file /home/airflow/.local/lib/python3.8/site-packages/airflow/example_dags/example_branch_labels.py for tasks to queue
[2024-03-08T18:33:44.373+0000] {logging_mixin.py:188} INFO - [2024-03-08T18:33:44.373+0000] {dagbag.py:540} INFO - Filling up the DagBag from /home/airflow/.local/lib/python3.8/site-packages/airflow/example_dags/example_branch_labels.py
[2024-03-08T18:33:44.380+0000] {processor.py:840} INFO - DAG(s) 'example_branch_labels' retrieved from /home/airflow/.local/lib/python3.8/site-packages/airflow/example_dags/example_branch_labels.py
[2024-03-08T18:33:44.402+0000] {logging_mixin.py:188} INFO - [2024-03-08T18:33:44.401+0000] {dag.py:3047} INFO - Sync 1 DAGs
[2024-03-08T18:33:44.427+0000] {logging_mixin.py:188} INFO - [2024-03-08T18:33:44.427+0000] {dag.py:3834} INFO - Setting next_dagrun for example_branch_labels to 2024-03-07 00:00:00+00:00, run_after=2024-03-08 00:00:00+00:00
[2024-03-08T18:33:44.446+0000] {processor.py:183} INFO - Processing /home/airflow/.local/lib/python3.8/site-packages/airflow/example_dags/example_branch_labels.py took 0.078 seconds
