[2024-03-08T18:32:44.354+0000] {processor.py:161} INFO - Started process (PID=182) to work on /home/airflow/.local/lib/python3.8/site-packages/airflow/example_dags/example_subdag_operator.py
[2024-03-08T18:32:44.354+0000] {processor.py:830} INFO - Processing file /home/airflow/.local/lib/python3.8/site-packages/airflow/example_dags/example_subdag_operator.py for tasks to queue
[2024-03-08T18:32:44.356+0000] {logging_mixin.py:188} INFO - [2024-03-08T18:32:44.356+0000] {dagbag.py:540} INFO - Filling up the DagBag from /home/airflow/.local/lib/python3.8/site-packages/airflow/example_dags/example_subdag_operator.py
[2024-03-08T18:32:44.377+0000] {processor.py:840} INFO - DAG(s) 'example_subdag_operator.section-1', 'example_subdag_operator.section-2', 'example_subdag_operator' retrieved from /home/airflow/.local/lib/python3.8/site-packages/airflow/example_dags/example_subdag_operator.py
[2024-03-08T18:32:44.379+0000] {logging_mixin.py:188} INFO - [2024-03-08T18:32:44.379+0000] {dag.py:3047} INFO - Sync 3 DAGs
[2024-03-08T18:32:44.397+0000] {logging_mixin.py:188} INFO - [2024-03-08T18:32:44.397+0000] {dag.py:3834} INFO - Setting next_dagrun for example_subdag_operator to 2022-01-01 00:00:00+00:00, run_after=2022-01-01 00:00:00+00:00
[2024-03-08T18:32:44.400+0000] {logging_mixin.py:188} INFO - [2024-03-08T18:32:44.400+0000] {dag.py:3834} INFO - Setting next_dagrun for example_subdag_operator.section-1 to None, run_after=None
[2024-03-08T18:32:44.401+0000] {logging_mixin.py:188} INFO - [2024-03-08T18:32:44.401+0000] {dag.py:3834} INFO - Setting next_dagrun for example_subdag_operator.section-2 to None, run_after=None
[2024-03-08T18:32:44.408+0000] {logging_mixin.py:188} INFO - [2024-03-08T18:32:44.408+0000] {dag.py:3047} INFO - Sync 2 DAGs
[2024-03-08T18:32:44.413+0000] {logging_mixin.py:188} INFO - [2024-03-08T18:32:44.413+0000] {dag.py:3834} INFO - Setting next_dagrun for example_subdag_operator.section-1 to None, run_after=None
[2024-03-08T18:32:44.414+0000] {logging_mixin.py:188} INFO - [2024-03-08T18:32:44.414+0000] {dag.py:3834} INFO - Setting next_dagrun for example_subdag_operator.section-2 to None, run_after=None
[2024-03-08T18:32:44.424+0000] {processor.py:183} INFO - Processing /home/airflow/.local/lib/python3.8/site-packages/airflow/example_dags/example_subdag_operator.py took 0.073 seconds
[2024-03-08T18:33:15.868+0000] {processor.py:161} INFO - Started process (PID=237) to work on /home/airflow/.local/lib/python3.8/site-packages/airflow/example_dags/example_subdag_operator.py
[2024-03-08T18:33:15.869+0000] {processor.py:830} INFO - Processing file /home/airflow/.local/lib/python3.8/site-packages/airflow/example_dags/example_subdag_operator.py for tasks to queue
[2024-03-08T18:33:15.870+0000] {logging_mixin.py:188} INFO - [2024-03-08T18:33:15.870+0000] {dagbag.py:540} INFO - Filling up the DagBag from /home/airflow/.local/lib/python3.8/site-packages/airflow/example_dags/example_subdag_operator.py
[2024-03-08T18:33:15.899+0000] {processor.py:840} INFO - DAG(s) 'example_subdag_operator.section-1', 'example_subdag_operator.section-2', 'example_subdag_operator' retrieved from /home/airflow/.local/lib/python3.8/site-packages/airflow/example_dags/example_subdag_operator.py
[2024-03-08T18:33:16.003+0000] {logging_mixin.py:188} INFO - [2024-03-08T18:33:16.002+0000] {dag.py:3047} INFO - Sync 3 DAGs
[2024-03-08T18:33:16.019+0000] {logging_mixin.py:188} INFO - [2024-03-08T18:33:16.019+0000] {dag.py:3834} INFO - Setting next_dagrun for example_subdag_operator to 2022-01-01 00:00:00+00:00, run_after=2022-01-01 00:00:00+00:00
[2024-03-08T18:33:16.022+0000] {logging_mixin.py:188} INFO - [2024-03-08T18:33:16.022+0000] {dag.py:3834} INFO - Setting next_dagrun for example_subdag_operator.section-1 to None, run_after=None
[2024-03-08T18:33:16.023+0000] {logging_mixin.py:188} INFO - [2024-03-08T18:33:16.023+0000] {dag.py:3834} INFO - Setting next_dagrun for example_subdag_operator.section-2 to None, run_after=None
[2024-03-08T18:33:16.030+0000] {logging_mixin.py:188} INFO - [2024-03-08T18:33:16.030+0000] {dag.py:3047} INFO - Sync 2 DAGs
[2024-03-08T18:33:16.034+0000] {logging_mixin.py:188} INFO - [2024-03-08T18:33:16.033+0000] {dag.py:3834} INFO - Setting next_dagrun for example_subdag_operator.section-1 to None, run_after=None
[2024-03-08T18:33:16.034+0000] {logging_mixin.py:188} INFO - [2024-03-08T18:33:16.034+0000] {dag.py:3834} INFO - Setting next_dagrun for example_subdag_operator.section-2 to None, run_after=None
[2024-03-08T18:33:16.042+0000] {processor.py:183} INFO - Processing /home/airflow/.local/lib/python3.8/site-packages/airflow/example_dags/example_subdag_operator.py took 0.177 seconds
[2024-03-08T18:33:46.093+0000] {processor.py:161} INFO - Started process (PID=292) to work on /home/airflow/.local/lib/python3.8/site-packages/airflow/example_dags/example_subdag_operator.py
[2024-03-08T18:33:46.094+0000] {processor.py:830} INFO - Processing file /home/airflow/.local/lib/python3.8/site-packages/airflow/example_dags/example_subdag_operator.py for tasks to queue
[2024-03-08T18:33:46.096+0000] {logging_mixin.py:188} INFO - [2024-03-08T18:33:46.095+0000] {dagbag.py:540} INFO - Filling up the DagBag from /home/airflow/.local/lib/python3.8/site-packages/airflow/example_dags/example_subdag_operator.py
[2024-03-08T18:33:46.120+0000] {processor.py:840} INFO - DAG(s) 'example_subdag_operator.section-1', 'example_subdag_operator.section-2', 'example_subdag_operator' retrieved from /home/airflow/.local/lib/python3.8/site-packages/airflow/example_dags/example_subdag_operator.py
[2024-03-08T18:33:46.139+0000] {logging_mixin.py:188} INFO - [2024-03-08T18:33:46.139+0000] {dag.py:3047} INFO - Sync 3 DAGs
[2024-03-08T18:33:46.166+0000] {logging_mixin.py:188} INFO - [2024-03-08T18:33:46.165+0000] {dag.py:3834} INFO - Setting next_dagrun for example_subdag_operator to 2022-01-01 00:00:00+00:00, run_after=2022-01-01 00:00:00+00:00
[2024-03-08T18:33:46.170+0000] {logging_mixin.py:188} INFO - [2024-03-08T18:33:46.170+0000] {dag.py:3834} INFO - Setting next_dagrun for example_subdag_operator.section-1 to None, run_after=None
[2024-03-08T18:33:46.171+0000] {logging_mixin.py:188} INFO - [2024-03-08T18:33:46.171+0000] {dag.py:3834} INFO - Setting next_dagrun for example_subdag_operator.section-2 to None, run_after=None
[2024-03-08T18:33:46.179+0000] {logging_mixin.py:188} INFO - [2024-03-08T18:33:46.179+0000] {dag.py:3047} INFO - Sync 2 DAGs
[2024-03-08T18:33:46.184+0000] {logging_mixin.py:188} INFO - [2024-03-08T18:33:46.184+0000] {dag.py:3834} INFO - Setting next_dagrun for example_subdag_operator.section-1 to None, run_after=None
[2024-03-08T18:33:46.188+0000] {logging_mixin.py:188} INFO - [2024-03-08T18:33:46.188+0000] {dag.py:3834} INFO - Setting next_dagrun for example_subdag_operator.section-2 to None, run_after=None
[2024-03-08T18:33:46.201+0000] {processor.py:183} INFO - Processing /home/airflow/.local/lib/python3.8/site-packages/airflow/example_dags/example_subdag_operator.py took 0.111 seconds
[2024-03-08T18:34:16.930+0000] {processor.py:161} INFO - Started process (PID=347) to work on /home/airflow/.local/lib/python3.8/site-packages/airflow/example_dags/example_subdag_operator.py
[2024-03-08T18:34:16.931+0000] {processor.py:830} INFO - Processing file /home/airflow/.local/lib/python3.8/site-packages/airflow/example_dags/example_subdag_operator.py for tasks to queue
[2024-03-08T18:34:16.932+0000] {logging_mixin.py:188} INFO - [2024-03-08T18:34:16.932+0000] {dagbag.py:540} INFO - Filling up the DagBag from /home/airflow/.local/lib/python3.8/site-packages/airflow/example_dags/example_subdag_operator.py
[2024-03-08T18:34:16.951+0000] {processor.py:840} INFO - DAG(s) 'example_subdag_operator.section-1', 'example_subdag_operator.section-2', 'example_subdag_operator' retrieved from /home/airflow/.local/lib/python3.8/site-packages/airflow/example_dags/example_subdag_operator.py
[2024-03-08T18:34:16.964+0000] {logging_mixin.py:188} INFO - [2024-03-08T18:34:16.964+0000] {dag.py:3047} INFO - Sync 3 DAGs
[2024-03-08T18:34:16.991+0000] {logging_mixin.py:188} INFO - [2024-03-08T18:34:16.991+0000] {dag.py:3834} INFO - Setting next_dagrun for example_subdag_operator to 2022-01-01 00:00:00+00:00, run_after=2022-01-01 00:00:00+00:00
[2024-03-08T18:34:16.994+0000] {logging_mixin.py:188} INFO - [2024-03-08T18:34:16.994+0000] {dag.py:3834} INFO - Setting next_dagrun for example_subdag_operator.section-1 to None, run_after=None
[2024-03-08T18:34:16.995+0000] {logging_mixin.py:188} INFO - [2024-03-08T18:34:16.995+0000] {dag.py:3834} INFO - Setting next_dagrun for example_subdag_operator.section-2 to None, run_after=None
[2024-03-08T18:34:17.001+0000] {logging_mixin.py:188} INFO - [2024-03-08T18:34:17.001+0000] {dag.py:3047} INFO - Sync 2 DAGs
[2024-03-08T18:34:17.006+0000] {logging_mixin.py:188} INFO - [2024-03-08T18:34:17.006+0000] {dag.py:3834} INFO - Setting next_dagrun for example_subdag_operator.section-1 to None, run_after=None
[2024-03-08T18:34:17.006+0000] {logging_mixin.py:188} INFO - [2024-03-08T18:34:17.006+0000] {dag.py:3834} INFO - Setting next_dagrun for example_subdag_operator.section-2 to None, run_after=None
[2024-03-08T18:34:17.015+0000] {processor.py:183} INFO - Processing /home/airflow/.local/lib/python3.8/site-packages/airflow/example_dags/example_subdag_operator.py took 0.087 seconds
[2024-03-08T18:34:47.605+0000] {processor.py:161} INFO - Started process (PID=402) to work on /home/airflow/.local/lib/python3.8/site-packages/airflow/example_dags/example_subdag_operator.py
[2024-03-08T18:34:47.606+0000] {processor.py:830} INFO - Processing file /home/airflow/.local/lib/python3.8/site-packages/airflow/example_dags/example_subdag_operator.py for tasks to queue
[2024-03-08T18:34:47.607+0000] {logging_mixin.py:188} INFO - [2024-03-08T18:34:47.607+0000] {dagbag.py:540} INFO - Filling up the DagBag from /home/airflow/.local/lib/python3.8/site-packages/airflow/example_dags/example_subdag_operator.py
[2024-03-08T18:34:47.626+0000] {processor.py:840} INFO - DAG(s) 'example_subdag_operator.section-1', 'example_subdag_operator.section-2', 'example_subdag_operator' retrieved from /home/airflow/.local/lib/python3.8/site-packages/airflow/example_dags/example_subdag_operator.py
[2024-03-08T18:34:47.639+0000] {logging_mixin.py:188} INFO - [2024-03-08T18:34:47.639+0000] {dag.py:3047} INFO - Sync 3 DAGs
[2024-03-08T18:34:47.657+0000] {logging_mixin.py:188} INFO - [2024-03-08T18:34:47.657+0000] {dag.py:3834} INFO - Setting next_dagrun for example_subdag_operator to 2022-01-01 00:00:00+00:00, run_after=2022-01-01 00:00:00+00:00
[2024-03-08T18:34:47.660+0000] {logging_mixin.py:188} INFO - [2024-03-08T18:34:47.660+0000] {dag.py:3834} INFO - Setting next_dagrun for example_subdag_operator.section-1 to None, run_after=None
[2024-03-08T18:34:47.661+0000] {logging_mixin.py:188} INFO - [2024-03-08T18:34:47.661+0000] {dag.py:3834} INFO - Setting next_dagrun for example_subdag_operator.section-2 to None, run_after=None
[2024-03-08T18:34:47.667+0000] {logging_mixin.py:188} INFO - [2024-03-08T18:34:47.667+0000] {dag.py:3047} INFO - Sync 2 DAGs
[2024-03-08T18:34:47.672+0000] {logging_mixin.py:188} INFO - [2024-03-08T18:34:47.671+0000] {dag.py:3834} INFO - Setting next_dagrun for example_subdag_operator.section-1 to None, run_after=None
[2024-03-08T18:34:47.672+0000] {logging_mixin.py:188} INFO - [2024-03-08T18:34:47.672+0000] {dag.py:3834} INFO - Setting next_dagrun for example_subdag_operator.section-2 to None, run_after=None
[2024-03-08T18:34:47.681+0000] {processor.py:183} INFO - Processing /home/airflow/.local/lib/python3.8/site-packages/airflow/example_dags/example_subdag_operator.py took 0.078 seconds
[2024-03-08T18:35:18.044+0000] {processor.py:161} INFO - Started process (PID=457) to work on /home/airflow/.local/lib/python3.8/site-packages/airflow/example_dags/example_subdag_operator.py
[2024-03-08T18:35:18.045+0000] {processor.py:830} INFO - Processing file /home/airflow/.local/lib/python3.8/site-packages/airflow/example_dags/example_subdag_operator.py for tasks to queue
[2024-03-08T18:35:18.047+0000] {logging_mixin.py:188} INFO - [2024-03-08T18:35:18.047+0000] {dagbag.py:540} INFO - Filling up the DagBag from /home/airflow/.local/lib/python3.8/site-packages/airflow/example_dags/example_subdag_operator.py
[2024-03-08T18:35:18.066+0000] {processor.py:840} INFO - DAG(s) 'example_subdag_operator.section-1', 'example_subdag_operator.section-2', 'example_subdag_operator' retrieved from /home/airflow/.local/lib/python3.8/site-packages/airflow/example_dags/example_subdag_operator.py
[2024-03-08T18:35:18.091+0000] {logging_mixin.py:188} INFO - [2024-03-08T18:35:18.091+0000] {dag.py:3047} INFO - Sync 3 DAGs
[2024-03-08T18:35:18.118+0000] {logging_mixin.py:188} INFO - [2024-03-08T18:35:18.117+0000] {dag.py:3834} INFO - Setting next_dagrun for example_subdag_operator to 2022-01-01 00:00:00+00:00, run_after=2022-01-01 00:00:00+00:00
[2024-03-08T18:35:18.121+0000] {logging_mixin.py:188} INFO - [2024-03-08T18:35:18.121+0000] {dag.py:3834} INFO - Setting next_dagrun for example_subdag_operator.section-1 to None, run_after=None
[2024-03-08T18:35:18.122+0000] {logging_mixin.py:188} INFO - [2024-03-08T18:35:18.122+0000] {dag.py:3834} INFO - Setting next_dagrun for example_subdag_operator.section-2 to None, run_after=None
[2024-03-08T18:35:18.128+0000] {logging_mixin.py:188} INFO - [2024-03-08T18:35:18.128+0000] {dag.py:3047} INFO - Sync 2 DAGs
[2024-03-08T18:35:18.132+0000] {logging_mixin.py:188} INFO - [2024-03-08T18:35:18.132+0000] {dag.py:3834} INFO - Setting next_dagrun for example_subdag_operator.section-1 to None, run_after=None
[2024-03-08T18:35:18.132+0000] {logging_mixin.py:188} INFO - [2024-03-08T18:35:18.132+0000] {dag.py:3834} INFO - Setting next_dagrun for example_subdag_operator.section-2 to None, run_after=None
[2024-03-08T18:35:18.140+0000] {processor.py:183} INFO - Processing /home/airflow/.local/lib/python3.8/site-packages/airflow/example_dags/example_subdag_operator.py took 0.098 seconds
[2024-03-08T18:35:48.534+0000] {processor.py:161} INFO - Started process (PID=512) to work on /home/airflow/.local/lib/python3.8/site-packages/airflow/example_dags/example_subdag_operator.py
[2024-03-08T18:35:48.535+0000] {processor.py:830} INFO - Processing file /home/airflow/.local/lib/python3.8/site-packages/airflow/example_dags/example_subdag_operator.py for tasks to queue
[2024-03-08T18:35:48.536+0000] {logging_mixin.py:188} INFO - [2024-03-08T18:35:48.536+0000] {dagbag.py:540} INFO - Filling up the DagBag from /home/airflow/.local/lib/python3.8/site-packages/airflow/example_dags/example_subdag_operator.py
[2024-03-08T18:35:48.554+0000] {processor.py:840} INFO - DAG(s) 'example_subdag_operator.section-1', 'example_subdag_operator.section-2', 'example_subdag_operator' retrieved from /home/airflow/.local/lib/python3.8/site-packages/airflow/example_dags/example_subdag_operator.py
[2024-03-08T18:35:48.566+0000] {logging_mixin.py:188} INFO - [2024-03-08T18:35:48.566+0000] {dag.py:3047} INFO - Sync 3 DAGs
[2024-03-08T18:35:48.582+0000] {logging_mixin.py:188} INFO - [2024-03-08T18:35:48.582+0000] {dag.py:3834} INFO - Setting next_dagrun for example_subdag_operator to 2022-01-01 00:00:00+00:00, run_after=2022-01-01 00:00:00+00:00
[2024-03-08T18:35:48.585+0000] {logging_mixin.py:188} INFO - [2024-03-08T18:35:48.584+0000] {dag.py:3834} INFO - Setting next_dagrun for example_subdag_operator.section-1 to None, run_after=None
[2024-03-08T18:35:48.585+0000] {logging_mixin.py:188} INFO - [2024-03-08T18:35:48.585+0000] {dag.py:3834} INFO - Setting next_dagrun for example_subdag_operator.section-2 to None, run_after=None
[2024-03-08T18:35:48.590+0000] {logging_mixin.py:188} INFO - [2024-03-08T18:35:48.590+0000] {dag.py:3047} INFO - Sync 2 DAGs
[2024-03-08T18:35:48.594+0000] {logging_mixin.py:188} INFO - [2024-03-08T18:35:48.594+0000] {dag.py:3834} INFO - Setting next_dagrun for example_subdag_operator.section-1 to None, run_after=None
[2024-03-08T18:35:48.594+0000] {logging_mixin.py:188} INFO - [2024-03-08T18:35:48.594+0000] {dag.py:3834} INFO - Setting next_dagrun for example_subdag_operator.section-2 to None, run_after=None
[2024-03-08T18:35:48.602+0000] {processor.py:183} INFO - Processing /home/airflow/.local/lib/python3.8/site-packages/airflow/example_dags/example_subdag_operator.py took 0.070 seconds
[2024-03-08T18:36:19.374+0000] {processor.py:161} INFO - Started process (PID=567) to work on /home/airflow/.local/lib/python3.8/site-packages/airflow/example_dags/example_subdag_operator.py
[2024-03-08T18:36:19.375+0000] {processor.py:830} INFO - Processing file /home/airflow/.local/lib/python3.8/site-packages/airflow/example_dags/example_subdag_operator.py for tasks to queue
[2024-03-08T18:36:19.376+0000] {logging_mixin.py:188} INFO - [2024-03-08T18:36:19.376+0000] {dagbag.py:540} INFO - Filling up the DagBag from /home/airflow/.local/lib/python3.8/site-packages/airflow/example_dags/example_subdag_operator.py
[2024-03-08T18:36:19.398+0000] {processor.py:840} INFO - DAG(s) 'example_subdag_operator.section-1', 'example_subdag_operator.section-2', 'example_subdag_operator' retrieved from /home/airflow/.local/lib/python3.8/site-packages/airflow/example_dags/example_subdag_operator.py
[2024-03-08T18:36:19.412+0000] {logging_mixin.py:188} INFO - [2024-03-08T18:36:19.412+0000] {dag.py:3047} INFO - Sync 3 DAGs
[2024-03-08T18:36:19.433+0000] {logging_mixin.py:188} INFO - [2024-03-08T18:36:19.433+0000] {dag.py:3834} INFO - Setting next_dagrun for example_subdag_operator to 2022-01-01 00:00:00+00:00, run_after=2022-01-01 00:00:00+00:00
[2024-03-08T18:36:19.436+0000] {logging_mixin.py:188} INFO - [2024-03-08T18:36:19.436+0000] {dag.py:3834} INFO - Setting next_dagrun for example_subdag_operator.section-1 to None, run_after=None
[2024-03-08T18:36:19.437+0000] {logging_mixin.py:188} INFO - [2024-03-08T18:36:19.437+0000] {dag.py:3834} INFO - Setting next_dagrun for example_subdag_operator.section-2 to None, run_after=None
[2024-03-08T18:36:19.443+0000] {logging_mixin.py:188} INFO - [2024-03-08T18:36:19.443+0000] {dag.py:3047} INFO - Sync 2 DAGs
[2024-03-08T18:36:19.447+0000] {logging_mixin.py:188} INFO - [2024-03-08T18:36:19.447+0000] {dag.py:3834} INFO - Setting next_dagrun for example_subdag_operator.section-1 to None, run_after=None
[2024-03-08T18:36:19.447+0000] {logging_mixin.py:188} INFO - [2024-03-08T18:36:19.447+0000] {dag.py:3834} INFO - Setting next_dagrun for example_subdag_operator.section-2 to None, run_after=None
[2024-03-08T18:36:19.456+0000] {processor.py:183} INFO - Processing /home/airflow/.local/lib/python3.8/site-packages/airflow/example_dags/example_subdag_operator.py took 0.084 seconds
