[2024-03-08T18:32:42.797+0000] {processor.py:161} INFO - Started process (PID=158) to work on /home/airflow/.local/lib/python3.8/site-packages/airflow/example_dags/example_complex.py
[2024-03-08T18:32:42.798+0000] {processor.py:830} INFO - Processing file /home/airflow/.local/lib/python3.8/site-packages/airflow/example_dags/example_complex.py for tasks to queue
[2024-03-08T18:32:42.799+0000] {logging_mixin.py:188} INFO - [2024-03-08T18:32:42.799+0000] {dagbag.py:540} INFO - Filling up the DagBag from /home/airflow/.local/lib/python3.8/site-packages/airflow/example_dags/example_complex.py
[2024-03-08T18:32:42.814+0000] {processor.py:840} INFO - DAG(s) 'example_complex' retrieved from /home/airflow/.local/lib/python3.8/site-packages/airflow/example_dags/example_complex.py
[2024-03-08T18:32:42.825+0000] {logging_mixin.py:188} INFO - [2024-03-08T18:32:42.825+0000] {dag.py:3047} INFO - Sync 1 DAGs
[2024-03-08T18:32:42.836+0000] {logging_mixin.py:188} INFO - [2024-03-08T18:32:42.835+0000] {dag.py:3834} INFO - Setting next_dagrun for example_complex to None, run_after=None
[2024-03-08T18:32:42.850+0000] {processor.py:183} INFO - Processing /home/airflow/.local/lib/python3.8/site-packages/airflow/example_dags/example_complex.py took 0.055 seconds
[2024-03-08T18:33:13.737+0000] {processor.py:161} INFO - Started process (PID=213) to work on /home/airflow/.local/lib/python3.8/site-packages/airflow/example_dags/example_complex.py
[2024-03-08T18:33:13.738+0000] {processor.py:830} INFO - Processing file /home/airflow/.local/lib/python3.8/site-packages/airflow/example_dags/example_complex.py for tasks to queue
[2024-03-08T18:33:13.739+0000] {logging_mixin.py:188} INFO - [2024-03-08T18:33:13.739+0000] {dagbag.py:540} INFO - Filling up the DagBag from /home/airflow/.local/lib/python3.8/site-packages/airflow/example_dags/example_complex.py
[2024-03-08T18:33:13.749+0000] {processor.py:840} INFO - DAG(s) 'example_complex' retrieved from /home/airflow/.local/lib/python3.8/site-packages/airflow/example_dags/example_complex.py
[2024-03-08T18:33:13.848+0000] {logging_mixin.py:188} INFO - [2024-03-08T18:33:13.847+0000] {dag.py:3047} INFO - Sync 1 DAGs
[2024-03-08T18:33:13.859+0000] {logging_mixin.py:188} INFO - [2024-03-08T18:33:13.859+0000] {dag.py:3834} INFO - Setting next_dagrun for example_complex to None, run_after=None
[2024-03-08T18:33:13.873+0000] {processor.py:183} INFO - Processing /home/airflow/.local/lib/python3.8/site-packages/airflow/example_dags/example_complex.py took 0.139 seconds
[2024-03-08T18:33:44.596+0000] {processor.py:161} INFO - Started process (PID=268) to work on /home/airflow/.local/lib/python3.8/site-packages/airflow/example_dags/example_complex.py
[2024-03-08T18:33:44.597+0000] {processor.py:830} INFO - Processing file /home/airflow/.local/lib/python3.8/site-packages/airflow/example_dags/example_complex.py for tasks to queue
[2024-03-08T18:33:44.598+0000] {logging_mixin.py:188} INFO - [2024-03-08T18:33:44.598+0000] {dagbag.py:540} INFO - Filling up the DagBag from /home/airflow/.local/lib/python3.8/site-packages/airflow/example_dags/example_complex.py
[2024-03-08T18:33:44.610+0000] {processor.py:840} INFO - DAG(s) 'example_complex' retrieved from /home/airflow/.local/lib/python3.8/site-packages/airflow/example_dags/example_complex.py
[2024-03-08T18:33:44.640+0000] {logging_mixin.py:188} INFO - [2024-03-08T18:33:44.639+0000] {dag.py:3047} INFO - Sync 1 DAGs
[2024-03-08T18:33:44.655+0000] {logging_mixin.py:188} INFO - [2024-03-08T18:33:44.654+0000] {dag.py:3834} INFO - Setting next_dagrun for example_complex to None, run_after=None
[2024-03-08T18:33:44.670+0000] {processor.py:183} INFO - Processing /home/airflow/.local/lib/python3.8/site-packages/airflow/example_dags/example_complex.py took 0.077 seconds
[2024-03-08T18:34:15.505+0000] {processor.py:161} INFO - Started process (PID=323) to work on /home/airflow/.local/lib/python3.8/site-packages/airflow/example_dags/example_complex.py
[2024-03-08T18:34:15.506+0000] {processor.py:830} INFO - Processing file /home/airflow/.local/lib/python3.8/site-packages/airflow/example_dags/example_complex.py for tasks to queue
[2024-03-08T18:34:15.508+0000] {logging_mixin.py:188} INFO - [2024-03-08T18:34:15.507+0000] {dagbag.py:540} INFO - Filling up the DagBag from /home/airflow/.local/lib/python3.8/site-packages/airflow/example_dags/example_complex.py
[2024-03-08T18:34:15.518+0000] {processor.py:840} INFO - DAG(s) 'example_complex' retrieved from /home/airflow/.local/lib/python3.8/site-packages/airflow/example_dags/example_complex.py
[2024-03-08T18:34:15.594+0000] {logging_mixin.py:188} INFO - [2024-03-08T18:34:15.594+0000] {dag.py:3047} INFO - Sync 1 DAGs
[2024-03-08T18:34:15.606+0000] {logging_mixin.py:188} INFO - [2024-03-08T18:34:15.606+0000] {dag.py:3834} INFO - Setting next_dagrun for example_complex to None, run_after=None
[2024-03-08T18:34:15.621+0000] {processor.py:183} INFO - Processing /home/airflow/.local/lib/python3.8/site-packages/airflow/example_dags/example_complex.py took 0.119 seconds
[2024-03-08T18:34:46.250+0000] {processor.py:161} INFO - Started process (PID=378) to work on /home/airflow/.local/lib/python3.8/site-packages/airflow/example_dags/example_complex.py
[2024-03-08T18:34:46.252+0000] {processor.py:830} INFO - Processing file /home/airflow/.local/lib/python3.8/site-packages/airflow/example_dags/example_complex.py for tasks to queue
[2024-03-08T18:34:46.253+0000] {logging_mixin.py:188} INFO - [2024-03-08T18:34:46.253+0000] {dagbag.py:540} INFO - Filling up the DagBag from /home/airflow/.local/lib/python3.8/site-packages/airflow/example_dags/example_complex.py
[2024-03-08T18:34:46.264+0000] {processor.py:840} INFO - DAG(s) 'example_complex' retrieved from /home/airflow/.local/lib/python3.8/site-packages/airflow/example_dags/example_complex.py
[2024-03-08T18:34:46.297+0000] {logging_mixin.py:188} INFO - [2024-03-08T18:34:46.296+0000] {dag.py:3047} INFO - Sync 1 DAGs
[2024-03-08T18:34:46.308+0000] {logging_mixin.py:188} INFO - [2024-03-08T18:34:46.308+0000] {dag.py:3834} INFO - Setting next_dagrun for example_complex to None, run_after=None
[2024-03-08T18:34:46.324+0000] {processor.py:183} INFO - Processing /home/airflow/.local/lib/python3.8/site-packages/airflow/example_dags/example_complex.py took 0.077 seconds
[2024-03-08T18:35:16.667+0000] {processor.py:161} INFO - Started process (PID=433) to work on /home/airflow/.local/lib/python3.8/site-packages/airflow/example_dags/example_complex.py
[2024-03-08T18:35:16.668+0000] {processor.py:830} INFO - Processing file /home/airflow/.local/lib/python3.8/site-packages/airflow/example_dags/example_complex.py for tasks to queue
[2024-03-08T18:35:16.669+0000] {logging_mixin.py:188} INFO - [2024-03-08T18:35:16.669+0000] {dagbag.py:540} INFO - Filling up the DagBag from /home/airflow/.local/lib/python3.8/site-packages/airflow/example_dags/example_complex.py
[2024-03-08T18:35:16.679+0000] {processor.py:840} INFO - DAG(s) 'example_complex' retrieved from /home/airflow/.local/lib/python3.8/site-packages/airflow/example_dags/example_complex.py
[2024-03-08T18:35:16.709+0000] {logging_mixin.py:188} INFO - [2024-03-08T18:35:16.708+0000] {dag.py:3047} INFO - Sync 1 DAGs
[2024-03-08T18:35:16.719+0000] {logging_mixin.py:188} INFO - [2024-03-08T18:35:16.719+0000] {dag.py:3834} INFO - Setting next_dagrun for example_complex to None, run_after=None
[2024-03-08T18:35:16.735+0000] {processor.py:183} INFO - Processing /home/airflow/.local/lib/python3.8/site-packages/airflow/example_dags/example_complex.py took 0.070 seconds
[2024-03-08T18:35:47.231+0000] {processor.py:161} INFO - Started process (PID=488) to work on /home/airflow/.local/lib/python3.8/site-packages/airflow/example_dags/example_complex.py
[2024-03-08T18:35:47.231+0000] {processor.py:830} INFO - Processing file /home/airflow/.local/lib/python3.8/site-packages/airflow/example_dags/example_complex.py for tasks to queue
[2024-03-08T18:35:47.232+0000] {logging_mixin.py:188} INFO - [2024-03-08T18:35:47.232+0000] {dagbag.py:540} INFO - Filling up the DagBag from /home/airflow/.local/lib/python3.8/site-packages/airflow/example_dags/example_complex.py
[2024-03-08T18:35:47.241+0000] {processor.py:840} INFO - DAG(s) 'example_complex' retrieved from /home/airflow/.local/lib/python3.8/site-packages/airflow/example_dags/example_complex.py
[2024-03-08T18:35:47.266+0000] {logging_mixin.py:188} INFO - [2024-03-08T18:35:47.266+0000] {dag.py:3047} INFO - Sync 1 DAGs
[2024-03-08T18:35:47.276+0000] {logging_mixin.py:188} INFO - [2024-03-08T18:35:47.276+0000] {dag.py:3834} INFO - Setting next_dagrun for example_complex to None, run_after=None
[2024-03-08T18:35:47.290+0000] {processor.py:183} INFO - Processing /home/airflow/.local/lib/python3.8/site-packages/airflow/example_dags/example_complex.py took 0.062 seconds
[2024-03-08T18:36:18.018+0000] {processor.py:161} INFO - Started process (PID=543) to work on /home/airflow/.local/lib/python3.8/site-packages/airflow/example_dags/example_complex.py
[2024-03-08T18:36:18.019+0000] {processor.py:830} INFO - Processing file /home/airflow/.local/lib/python3.8/site-packages/airflow/example_dags/example_complex.py for tasks to queue
[2024-03-08T18:36:18.021+0000] {logging_mixin.py:188} INFO - [2024-03-08T18:36:18.020+0000] {dagbag.py:540} INFO - Filling up the DagBag from /home/airflow/.local/lib/python3.8/site-packages/airflow/example_dags/example_complex.py
[2024-03-08T18:36:18.030+0000] {processor.py:840} INFO - DAG(s) 'example_complex' retrieved from /home/airflow/.local/lib/python3.8/site-packages/airflow/example_dags/example_complex.py
[2024-03-08T18:36:18.055+0000] {logging_mixin.py:188} INFO - [2024-03-08T18:36:18.055+0000] {dag.py:3047} INFO - Sync 1 DAGs
[2024-03-08T18:36:18.064+0000] {logging_mixin.py:188} INFO - [2024-03-08T18:36:18.064+0000] {dag.py:3834} INFO - Setting next_dagrun for example_complex to None, run_after=None
[2024-03-08T18:36:18.077+0000] {processor.py:183} INFO - Processing /home/airflow/.local/lib/python3.8/site-packages/airflow/example_dags/example_complex.py took 0.061 seconds
[2024-03-08T18:36:48.925+0000] {processor.py:161} INFO - Started process (PID=598) to work on /home/airflow/.local/lib/python3.8/site-packages/airflow/example_dags/example_complex.py
[2024-03-08T18:36:48.926+0000] {processor.py:830} INFO - Processing file /home/airflow/.local/lib/python3.8/site-packages/airflow/example_dags/example_complex.py for tasks to queue
[2024-03-08T18:36:48.927+0000] {logging_mixin.py:188} INFO - [2024-03-08T18:36:48.927+0000] {dagbag.py:540} INFO - Filling up the DagBag from /home/airflow/.local/lib/python3.8/site-packages/airflow/example_dags/example_complex.py
[2024-03-08T18:36:48.937+0000] {processor.py:840} INFO - DAG(s) 'example_complex' retrieved from /home/airflow/.local/lib/python3.8/site-packages/airflow/example_dags/example_complex.py
[2024-03-08T18:36:48.962+0000] {logging_mixin.py:188} INFO - [2024-03-08T18:36:48.961+0000] {dag.py:3047} INFO - Sync 1 DAGs
[2024-03-08T18:36:48.971+0000] {logging_mixin.py:188} INFO - [2024-03-08T18:36:48.971+0000] {dag.py:3834} INFO - Setting next_dagrun for example_complex to None, run_after=None
[2024-03-08T18:36:48.986+0000] {processor.py:183} INFO - Processing /home/airflow/.local/lib/python3.8/site-packages/airflow/example_dags/example_complex.py took 0.063 seconds
[2024-03-08T18:37:19.642+0000] {processor.py:161} INFO - Started process (PID=653) to work on /home/airflow/.local/lib/python3.8/site-packages/airflow/example_dags/example_complex.py
[2024-03-08T18:37:19.642+0000] {processor.py:830} INFO - Processing file /home/airflow/.local/lib/python3.8/site-packages/airflow/example_dags/example_complex.py for tasks to queue
[2024-03-08T18:37:19.644+0000] {logging_mixin.py:188} INFO - [2024-03-08T18:37:19.643+0000] {dagbag.py:540} INFO - Filling up the DagBag from /home/airflow/.local/lib/python3.8/site-packages/airflow/example_dags/example_complex.py
[2024-03-08T18:37:19.653+0000] {processor.py:840} INFO - DAG(s) 'example_complex' retrieved from /home/airflow/.local/lib/python3.8/site-packages/airflow/example_dags/example_complex.py
[2024-03-08T18:37:19.679+0000] {logging_mixin.py:188} INFO - [2024-03-08T18:37:19.679+0000] {dag.py:3047} INFO - Sync 1 DAGs
[2024-03-08T18:37:19.690+0000] {logging_mixin.py:188} INFO - [2024-03-08T18:37:19.689+0000] {dag.py:3834} INFO - Setting next_dagrun for example_complex to None, run_after=None
[2024-03-08T18:37:19.705+0000] {processor.py:183} INFO - Processing /home/airflow/.local/lib/python3.8/site-packages/airflow/example_dags/example_complex.py took 0.066 seconds
[2024-03-08T18:37:51.045+0000] {processor.py:161} INFO - Started process (PID=708) to work on /home/airflow/.local/lib/python3.8/site-packages/airflow/example_dags/example_complex.py
[2024-03-08T18:37:51.088+0000] {processor.py:830} INFO - Processing file /home/airflow/.local/lib/python3.8/site-packages/airflow/example_dags/example_complex.py for tasks to queue
[2024-03-08T18:37:51.090+0000] {logging_mixin.py:188} INFO - [2024-03-08T18:37:51.090+0000] {dagbag.py:540} INFO - Filling up the DagBag from /home/airflow/.local/lib/python3.8/site-packages/airflow/example_dags/example_complex.py
[2024-03-08T18:37:51.103+0000] {processor.py:840} INFO - DAG(s) 'example_complex' retrieved from /home/airflow/.local/lib/python3.8/site-packages/airflow/example_dags/example_complex.py
[2024-03-08T18:37:51.132+0000] {logging_mixin.py:188} INFO - [2024-03-08T18:37:51.132+0000] {dag.py:3047} INFO - Sync 1 DAGs
[2024-03-08T18:37:51.189+0000] {logging_mixin.py:188} INFO - [2024-03-08T18:37:51.189+0000] {dag.py:3834} INFO - Setting next_dagrun for example_complex to None, run_after=None
[2024-03-08T18:37:51.205+0000] {processor.py:183} INFO - Processing /home/airflow/.local/lib/python3.8/site-packages/airflow/example_dags/example_complex.py took 0.162 seconds
[2024-03-08T18:38:22.115+0000] {processor.py:161} INFO - Started process (PID=763) to work on /home/airflow/.local/lib/python3.8/site-packages/airflow/example_dags/example_complex.py
[2024-03-08T18:38:22.116+0000] {processor.py:830} INFO - Processing file /home/airflow/.local/lib/python3.8/site-packages/airflow/example_dags/example_complex.py for tasks to queue
[2024-03-08T18:38:22.117+0000] {logging_mixin.py:188} INFO - [2024-03-08T18:38:22.117+0000] {dagbag.py:540} INFO - Filling up the DagBag from /home/airflow/.local/lib/python3.8/site-packages/airflow/example_dags/example_complex.py
[2024-03-08T18:38:22.126+0000] {processor.py:840} INFO - DAG(s) 'example_complex' retrieved from /home/airflow/.local/lib/python3.8/site-packages/airflow/example_dags/example_complex.py
[2024-03-08T18:38:22.153+0000] {logging_mixin.py:188} INFO - [2024-03-08T18:38:22.152+0000] {dag.py:3047} INFO - Sync 1 DAGs
[2024-03-08T18:38:22.195+0000] {logging_mixin.py:188} INFO - [2024-03-08T18:38:22.195+0000] {dag.py:3834} INFO - Setting next_dagrun for example_complex to None, run_after=None
[2024-03-08T18:38:22.210+0000] {processor.py:183} INFO - Processing /home/airflow/.local/lib/python3.8/site-packages/airflow/example_dags/example_complex.py took 0.098 seconds
[2024-03-08T18:38:52.469+0000] {processor.py:161} INFO - Started process (PID=818) to work on /home/airflow/.local/lib/python3.8/site-packages/airflow/example_dags/example_complex.py
[2024-03-08T18:38:52.470+0000] {processor.py:830} INFO - Processing file /home/airflow/.local/lib/python3.8/site-packages/airflow/example_dags/example_complex.py for tasks to queue
[2024-03-08T18:38:52.472+0000] {logging_mixin.py:188} INFO - [2024-03-08T18:38:52.471+0000] {dagbag.py:540} INFO - Filling up the DagBag from /home/airflow/.local/lib/python3.8/site-packages/airflow/example_dags/example_complex.py
[2024-03-08T18:38:52.481+0000] {processor.py:840} INFO - DAG(s) 'example_complex' retrieved from /home/airflow/.local/lib/python3.8/site-packages/airflow/example_dags/example_complex.py
[2024-03-08T18:38:52.507+0000] {logging_mixin.py:188} INFO - [2024-03-08T18:38:52.506+0000] {dag.py:3047} INFO - Sync 1 DAGs
[2024-03-08T18:38:52.518+0000] {logging_mixin.py:188} INFO - [2024-03-08T18:38:52.518+0000] {dag.py:3834} INFO - Setting next_dagrun for example_complex to None, run_after=None
[2024-03-08T18:38:52.531+0000] {processor.py:183} INFO - Processing /home/airflow/.local/lib/python3.8/site-packages/airflow/example_dags/example_complex.py took 0.064 seconds
[2024-03-08T18:39:22.747+0000] {processor.py:161} INFO - Started process (PID=873) to work on /home/airflow/.local/lib/python3.8/site-packages/airflow/example_dags/example_complex.py
[2024-03-08T18:39:22.748+0000] {processor.py:830} INFO - Processing file /home/airflow/.local/lib/python3.8/site-packages/airflow/example_dags/example_complex.py for tasks to queue
[2024-03-08T18:39:22.750+0000] {logging_mixin.py:188} INFO - [2024-03-08T18:39:22.750+0000] {dagbag.py:540} INFO - Filling up the DagBag from /home/airflow/.local/lib/python3.8/site-packages/airflow/example_dags/example_complex.py
[2024-03-08T18:39:22.761+0000] {processor.py:840} INFO - DAG(s) 'example_complex' retrieved from /home/airflow/.local/lib/python3.8/site-packages/airflow/example_dags/example_complex.py
[2024-03-08T18:39:22.790+0000] {logging_mixin.py:188} INFO - [2024-03-08T18:39:22.790+0000] {dag.py:3047} INFO - Sync 1 DAGs
[2024-03-08T18:39:22.802+0000] {logging_mixin.py:188} INFO - [2024-03-08T18:39:22.801+0000] {dag.py:3834} INFO - Setting next_dagrun for example_complex to None, run_after=None
[2024-03-08T18:39:22.821+0000] {processor.py:183} INFO - Processing /home/airflow/.local/lib/python3.8/site-packages/airflow/example_dags/example_complex.py took 0.078 seconds
[2024-03-08T18:39:53.255+0000] {processor.py:161} INFO - Started process (PID=928) to work on /home/airflow/.local/lib/python3.8/site-packages/airflow/example_dags/example_complex.py
[2024-03-08T18:39:53.256+0000] {processor.py:830} INFO - Processing file /home/airflow/.local/lib/python3.8/site-packages/airflow/example_dags/example_complex.py for tasks to queue
[2024-03-08T18:39:53.257+0000] {logging_mixin.py:188} INFO - [2024-03-08T18:39:53.257+0000] {dagbag.py:540} INFO - Filling up the DagBag from /home/airflow/.local/lib/python3.8/site-packages/airflow/example_dags/example_complex.py
[2024-03-08T18:39:53.266+0000] {processor.py:840} INFO - DAG(s) 'example_complex' retrieved from /home/airflow/.local/lib/python3.8/site-packages/airflow/example_dags/example_complex.py
[2024-03-08T18:39:53.290+0000] {logging_mixin.py:188} INFO - [2024-03-08T18:39:53.290+0000] {dag.py:3047} INFO - Sync 1 DAGs
[2024-03-08T18:39:53.301+0000] {logging_mixin.py:188} INFO - [2024-03-08T18:39:53.300+0000] {dag.py:3834} INFO - Setting next_dagrun for example_complex to None, run_after=None
[2024-03-08T18:39:53.315+0000] {processor.py:183} INFO - Processing /home/airflow/.local/lib/python3.8/site-packages/airflow/example_dags/example_complex.py took 0.062 seconds
[2024-03-08T18:40:23.627+0000] {processor.py:161} INFO - Started process (PID=983) to work on /home/airflow/.local/lib/python3.8/site-packages/airflow/example_dags/example_complex.py
[2024-03-08T18:40:23.627+0000] {processor.py:830} INFO - Processing file /home/airflow/.local/lib/python3.8/site-packages/airflow/example_dags/example_complex.py for tasks to queue
[2024-03-08T18:40:23.629+0000] {logging_mixin.py:188} INFO - [2024-03-08T18:40:23.629+0000] {dagbag.py:540} INFO - Filling up the DagBag from /home/airflow/.local/lib/python3.8/site-packages/airflow/example_dags/example_complex.py
[2024-03-08T18:40:23.642+0000] {processor.py:840} INFO - DAG(s) 'example_complex' retrieved from /home/airflow/.local/lib/python3.8/site-packages/airflow/example_dags/example_complex.py
[2024-03-08T18:40:23.676+0000] {logging_mixin.py:188} INFO - [2024-03-08T18:40:23.676+0000] {dag.py:3047} INFO - Sync 1 DAGs
[2024-03-08T18:40:23.688+0000] {logging_mixin.py:188} INFO - [2024-03-08T18:40:23.687+0000] {dag.py:3834} INFO - Setting next_dagrun for example_complex to None, run_after=None
[2024-03-08T18:40:23.704+0000] {processor.py:183} INFO - Processing /home/airflow/.local/lib/python3.8/site-packages/airflow/example_dags/example_complex.py took 0.080 seconds
[2024-03-08T18:40:54.051+0000] {processor.py:161} INFO - Started process (PID=1038) to work on /home/airflow/.local/lib/python3.8/site-packages/airflow/example_dags/example_complex.py
[2024-03-08T18:40:54.052+0000] {processor.py:830} INFO - Processing file /home/airflow/.local/lib/python3.8/site-packages/airflow/example_dags/example_complex.py for tasks to queue
[2024-03-08T18:40:54.053+0000] {logging_mixin.py:188} INFO - [2024-03-08T18:40:54.053+0000] {dagbag.py:540} INFO - Filling up the DagBag from /home/airflow/.local/lib/python3.8/site-packages/airflow/example_dags/example_complex.py
[2024-03-08T18:40:54.063+0000] {processor.py:840} INFO - DAG(s) 'example_complex' retrieved from /home/airflow/.local/lib/python3.8/site-packages/airflow/example_dags/example_complex.py
[2024-03-08T18:40:54.089+0000] {logging_mixin.py:188} INFO - [2024-03-08T18:40:54.088+0000] {dag.py:3047} INFO - Sync 1 DAGs
[2024-03-08T18:40:54.098+0000] {logging_mixin.py:188} INFO - [2024-03-08T18:40:54.098+0000] {dag.py:3834} INFO - Setting next_dagrun for example_complex to None, run_after=None
[2024-03-08T18:40:54.111+0000] {processor.py:183} INFO - Processing /home/airflow/.local/lib/python3.8/site-packages/airflow/example_dags/example_complex.py took 0.063 seconds
[2024-03-08T18:41:24.571+0000] {processor.py:161} INFO - Started process (PID=1093) to work on /home/airflow/.local/lib/python3.8/site-packages/airflow/example_dags/example_complex.py
[2024-03-08T18:41:24.572+0000] {processor.py:830} INFO - Processing file /home/airflow/.local/lib/python3.8/site-packages/airflow/example_dags/example_complex.py for tasks to queue
[2024-03-08T18:41:24.573+0000] {logging_mixin.py:188} INFO - [2024-03-08T18:41:24.573+0000] {dagbag.py:540} INFO - Filling up the DagBag from /home/airflow/.local/lib/python3.8/site-packages/airflow/example_dags/example_complex.py
[2024-03-08T18:41:24.585+0000] {processor.py:840} INFO - DAG(s) 'example_complex' retrieved from /home/airflow/.local/lib/python3.8/site-packages/airflow/example_dags/example_complex.py
[2024-03-08T18:41:24.615+0000] {logging_mixin.py:188} INFO - [2024-03-08T18:41:24.614+0000] {dag.py:3047} INFO - Sync 1 DAGs
[2024-03-08T18:41:24.626+0000] {logging_mixin.py:188} INFO - [2024-03-08T18:41:24.626+0000] {dag.py:3834} INFO - Setting next_dagrun for example_complex to None, run_after=None
[2024-03-08T18:41:24.641+0000] {processor.py:183} INFO - Processing /home/airflow/.local/lib/python3.8/site-packages/airflow/example_dags/example_complex.py took 0.072 seconds
[2024-03-08T18:41:54.881+0000] {processor.py:161} INFO - Started process (PID=1148) to work on /home/airflow/.local/lib/python3.8/site-packages/airflow/example_dags/example_complex.py
[2024-03-08T18:41:54.882+0000] {processor.py:830} INFO - Processing file /home/airflow/.local/lib/python3.8/site-packages/airflow/example_dags/example_complex.py for tasks to queue
[2024-03-08T18:41:54.883+0000] {logging_mixin.py:188} INFO - [2024-03-08T18:41:54.883+0000] {dagbag.py:540} INFO - Filling up the DagBag from /home/airflow/.local/lib/python3.8/site-packages/airflow/example_dags/example_complex.py
[2024-03-08T18:41:54.892+0000] {processor.py:840} INFO - DAG(s) 'example_complex' retrieved from /home/airflow/.local/lib/python3.8/site-packages/airflow/example_dags/example_complex.py
[2024-03-08T18:41:54.918+0000] {logging_mixin.py:188} INFO - [2024-03-08T18:41:54.918+0000] {dag.py:3047} INFO - Sync 1 DAGs
[2024-03-08T18:41:54.927+0000] {logging_mixin.py:188} INFO - [2024-03-08T18:41:54.927+0000] {dag.py:3834} INFO - Setting next_dagrun for example_complex to None, run_after=None
[2024-03-08T18:41:54.941+0000] {processor.py:183} INFO - Processing /home/airflow/.local/lib/python3.8/site-packages/airflow/example_dags/example_complex.py took 0.062 seconds
[2024-03-08T18:42:25.211+0000] {processor.py:161} INFO - Started process (PID=1203) to work on /home/airflow/.local/lib/python3.8/site-packages/airflow/example_dags/example_complex.py
[2024-03-08T18:42:25.212+0000] {processor.py:830} INFO - Processing file /home/airflow/.local/lib/python3.8/site-packages/airflow/example_dags/example_complex.py for tasks to queue
[2024-03-08T18:42:25.213+0000] {logging_mixin.py:188} INFO - [2024-03-08T18:42:25.213+0000] {dagbag.py:540} INFO - Filling up the DagBag from /home/airflow/.local/lib/python3.8/site-packages/airflow/example_dags/example_complex.py
[2024-03-08T18:42:25.222+0000] {processor.py:840} INFO - DAG(s) 'example_complex' retrieved from /home/airflow/.local/lib/python3.8/site-packages/airflow/example_dags/example_complex.py
[2024-03-08T18:42:25.246+0000] {logging_mixin.py:188} INFO - [2024-03-08T18:42:25.246+0000] {dag.py:3047} INFO - Sync 1 DAGs
[2024-03-08T18:42:25.256+0000] {logging_mixin.py:188} INFO - [2024-03-08T18:42:25.255+0000] {dag.py:3834} INFO - Setting next_dagrun for example_complex to None, run_after=None
[2024-03-08T18:42:25.269+0000] {processor.py:183} INFO - Processing /home/airflow/.local/lib/python3.8/site-packages/airflow/example_dags/example_complex.py took 0.060 seconds
[2024-03-08T18:42:55.457+0000] {processor.py:161} INFO - Started process (PID=1258) to work on /home/airflow/.local/lib/python3.8/site-packages/airflow/example_dags/example_complex.py
[2024-03-08T18:42:55.458+0000] {processor.py:830} INFO - Processing file /home/airflow/.local/lib/python3.8/site-packages/airflow/example_dags/example_complex.py for tasks to queue
[2024-03-08T18:42:55.459+0000] {logging_mixin.py:188} INFO - [2024-03-08T18:42:55.459+0000] {dagbag.py:540} INFO - Filling up the DagBag from /home/airflow/.local/lib/python3.8/site-packages/airflow/example_dags/example_complex.py
[2024-03-08T18:42:55.468+0000] {processor.py:840} INFO - DAG(s) 'example_complex' retrieved from /home/airflow/.local/lib/python3.8/site-packages/airflow/example_dags/example_complex.py
[2024-03-08T18:42:55.492+0000] {logging_mixin.py:188} INFO - [2024-03-08T18:42:55.492+0000] {dag.py:3047} INFO - Sync 1 DAGs
[2024-03-08T18:42:55.502+0000] {logging_mixin.py:188} INFO - [2024-03-08T18:42:55.501+0000] {dag.py:3834} INFO - Setting next_dagrun for example_complex to None, run_after=None
[2024-03-08T18:42:55.515+0000] {processor.py:183} INFO - Processing /home/airflow/.local/lib/python3.8/site-packages/airflow/example_dags/example_complex.py took 0.060 seconds
[2024-03-08T18:43:25.720+0000] {processor.py:161} INFO - Started process (PID=1313) to work on /home/airflow/.local/lib/python3.8/site-packages/airflow/example_dags/example_complex.py
[2024-03-08T18:43:25.721+0000] {processor.py:830} INFO - Processing file /home/airflow/.local/lib/python3.8/site-packages/airflow/example_dags/example_complex.py for tasks to queue
[2024-03-08T18:43:25.722+0000] {logging_mixin.py:188} INFO - [2024-03-08T18:43:25.722+0000] {dagbag.py:540} INFO - Filling up the DagBag from /home/airflow/.local/lib/python3.8/site-packages/airflow/example_dags/example_complex.py
[2024-03-08T18:43:25.731+0000] {processor.py:840} INFO - DAG(s) 'example_complex' retrieved from /home/airflow/.local/lib/python3.8/site-packages/airflow/example_dags/example_complex.py
[2024-03-08T18:43:25.755+0000] {logging_mixin.py:188} INFO - [2024-03-08T18:43:25.755+0000] {dag.py:3047} INFO - Sync 1 DAGs
[2024-03-08T18:43:25.765+0000] {logging_mixin.py:188} INFO - [2024-03-08T18:43:25.765+0000] {dag.py:3834} INFO - Setting next_dagrun for example_complex to None, run_after=None
[2024-03-08T18:43:25.779+0000] {processor.py:183} INFO - Processing /home/airflow/.local/lib/python3.8/site-packages/airflow/example_dags/example_complex.py took 0.062 seconds
[2024-03-08T18:43:56.299+0000] {processor.py:161} INFO - Started process (PID=1368) to work on /home/airflow/.local/lib/python3.8/site-packages/airflow/example_dags/example_complex.py
[2024-03-08T18:43:56.300+0000] {processor.py:830} INFO - Processing file /home/airflow/.local/lib/python3.8/site-packages/airflow/example_dags/example_complex.py for tasks to queue
[2024-03-08T18:43:56.301+0000] {logging_mixin.py:188} INFO - [2024-03-08T18:43:56.301+0000] {dagbag.py:540} INFO - Filling up the DagBag from /home/airflow/.local/lib/python3.8/site-packages/airflow/example_dags/example_complex.py
[2024-03-08T18:43:56.310+0000] {processor.py:840} INFO - DAG(s) 'example_complex' retrieved from /home/airflow/.local/lib/python3.8/site-packages/airflow/example_dags/example_complex.py
[2024-03-08T18:43:56.336+0000] {logging_mixin.py:188} INFO - [2024-03-08T18:43:56.335+0000] {dag.py:3047} INFO - Sync 1 DAGs
[2024-03-08T18:43:56.346+0000] {logging_mixin.py:188} INFO - [2024-03-08T18:43:56.345+0000] {dag.py:3834} INFO - Setting next_dagrun for example_complex to None, run_after=None
[2024-03-08T18:43:56.359+0000] {processor.py:183} INFO - Processing /home/airflow/.local/lib/python3.8/site-packages/airflow/example_dags/example_complex.py took 0.063 seconds
[2024-03-08T18:44:26.506+0000] {processor.py:161} INFO - Started process (PID=1423) to work on /home/airflow/.local/lib/python3.8/site-packages/airflow/example_dags/example_complex.py
[2024-03-08T18:44:26.507+0000] {processor.py:830} INFO - Processing file /home/airflow/.local/lib/python3.8/site-packages/airflow/example_dags/example_complex.py for tasks to queue
[2024-03-08T18:44:26.508+0000] {logging_mixin.py:188} INFO - [2024-03-08T18:44:26.508+0000] {dagbag.py:540} INFO - Filling up the DagBag from /home/airflow/.local/lib/python3.8/site-packages/airflow/example_dags/example_complex.py
[2024-03-08T18:44:26.517+0000] {processor.py:840} INFO - DAG(s) 'example_complex' retrieved from /home/airflow/.local/lib/python3.8/site-packages/airflow/example_dags/example_complex.py
[2024-03-08T18:44:26.542+0000] {logging_mixin.py:188} INFO - [2024-03-08T18:44:26.541+0000] {dag.py:3047} INFO - Sync 1 DAGs
[2024-03-08T18:44:26.551+0000] {logging_mixin.py:188} INFO - [2024-03-08T18:44:26.550+0000] {dag.py:3834} INFO - Setting next_dagrun for example_complex to None, run_after=None
[2024-03-08T18:44:26.567+0000] {processor.py:183} INFO - Processing /home/airflow/.local/lib/python3.8/site-packages/airflow/example_dags/example_complex.py took 0.063 seconds
[2024-03-08T18:44:56.639+0000] {processor.py:161} INFO - Started process (PID=1478) to work on /home/airflow/.local/lib/python3.8/site-packages/airflow/example_dags/example_complex.py
[2024-03-08T18:44:56.641+0000] {processor.py:830} INFO - Processing file /home/airflow/.local/lib/python3.8/site-packages/airflow/example_dags/example_complex.py for tasks to queue
[2024-03-08T18:44:56.642+0000] {logging_mixin.py:188} INFO - [2024-03-08T18:44:56.642+0000] {dagbag.py:540} INFO - Filling up the DagBag from /home/airflow/.local/lib/python3.8/site-packages/airflow/example_dags/example_complex.py
[2024-03-08T18:44:56.651+0000] {processor.py:840} INFO - DAG(s) 'example_complex' retrieved from /home/airflow/.local/lib/python3.8/site-packages/airflow/example_dags/example_complex.py
[2024-03-08T18:44:56.677+0000] {logging_mixin.py:188} INFO - [2024-03-08T18:44:56.676+0000] {dag.py:3047} INFO - Sync 1 DAGs
[2024-03-08T18:44:56.687+0000] {logging_mixin.py:188} INFO - [2024-03-08T18:44:56.687+0000] {dag.py:3834} INFO - Setting next_dagrun for example_complex to None, run_after=None
[2024-03-08T18:44:56.701+0000] {processor.py:183} INFO - Processing /home/airflow/.local/lib/python3.8/site-packages/airflow/example_dags/example_complex.py took 0.065 seconds
[2024-03-08T18:45:26.954+0000] {processor.py:161} INFO - Started process (PID=1533) to work on /home/airflow/.local/lib/python3.8/site-packages/airflow/example_dags/example_complex.py
[2024-03-08T18:45:26.955+0000] {processor.py:830} INFO - Processing file /home/airflow/.local/lib/python3.8/site-packages/airflow/example_dags/example_complex.py for tasks to queue
[2024-03-08T18:45:26.956+0000] {logging_mixin.py:188} INFO - [2024-03-08T18:45:26.956+0000] {dagbag.py:540} INFO - Filling up the DagBag from /home/airflow/.local/lib/python3.8/site-packages/airflow/example_dags/example_complex.py
[2024-03-08T18:45:26.965+0000] {processor.py:840} INFO - DAG(s) 'example_complex' retrieved from /home/airflow/.local/lib/python3.8/site-packages/airflow/example_dags/example_complex.py
[2024-03-08T18:45:26.989+0000] {logging_mixin.py:188} INFO - [2024-03-08T18:45:26.989+0000] {dag.py:3047} INFO - Sync 1 DAGs
[2024-03-08T18:45:27.000+0000] {logging_mixin.py:188} INFO - [2024-03-08T18:45:27.000+0000] {dag.py:3834} INFO - Setting next_dagrun for example_complex to None, run_after=None
[2024-03-08T18:45:27.015+0000] {processor.py:183} INFO - Processing /home/airflow/.local/lib/python3.8/site-packages/airflow/example_dags/example_complex.py took 0.063 seconds
[2024-03-08T18:45:57.389+0000] {processor.py:161} INFO - Started process (PID=1588) to work on /home/airflow/.local/lib/python3.8/site-packages/airflow/example_dags/example_complex.py
[2024-03-08T18:45:57.391+0000] {processor.py:830} INFO - Processing file /home/airflow/.local/lib/python3.8/site-packages/airflow/example_dags/example_complex.py for tasks to queue
[2024-03-08T18:45:57.392+0000] {logging_mixin.py:188} INFO - [2024-03-08T18:45:57.392+0000] {dagbag.py:540} INFO - Filling up the DagBag from /home/airflow/.local/lib/python3.8/site-packages/airflow/example_dags/example_complex.py
[2024-03-08T18:45:57.403+0000] {processor.py:840} INFO - DAG(s) 'example_complex' retrieved from /home/airflow/.local/lib/python3.8/site-packages/airflow/example_dags/example_complex.py
[2024-03-08T18:45:57.440+0000] {logging_mixin.py:188} INFO - [2024-03-08T18:45:57.440+0000] {dag.py:3047} INFO - Sync 1 DAGs
[2024-03-08T18:45:57.498+0000] {logging_mixin.py:188} INFO - [2024-03-08T18:45:57.497+0000] {dag.py:3834} INFO - Setting next_dagrun for example_complex to None, run_after=None
[2024-03-08T18:45:57.517+0000] {processor.py:183} INFO - Processing /home/airflow/.local/lib/python3.8/site-packages/airflow/example_dags/example_complex.py took 0.163 seconds
[2024-03-08T18:46:28.040+0000] {processor.py:161} INFO - Started process (PID=1643) to work on /home/airflow/.local/lib/python3.8/site-packages/airflow/example_dags/example_complex.py
[2024-03-08T18:46:28.041+0000] {processor.py:830} INFO - Processing file /home/airflow/.local/lib/python3.8/site-packages/airflow/example_dags/example_complex.py for tasks to queue
[2024-03-08T18:46:28.042+0000] {logging_mixin.py:188} INFO - [2024-03-08T18:46:28.042+0000] {dagbag.py:540} INFO - Filling up the DagBag from /home/airflow/.local/lib/python3.8/site-packages/airflow/example_dags/example_complex.py
[2024-03-08T18:46:28.051+0000] {processor.py:840} INFO - DAG(s) 'example_complex' retrieved from /home/airflow/.local/lib/python3.8/site-packages/airflow/example_dags/example_complex.py
[2024-03-08T18:46:28.113+0000] {logging_mixin.py:188} INFO - [2024-03-08T18:46:28.112+0000] {dag.py:3047} INFO - Sync 1 DAGs
[2024-03-08T18:46:28.122+0000] {logging_mixin.py:188} INFO - [2024-03-08T18:46:28.122+0000] {dag.py:3834} INFO - Setting next_dagrun for example_complex to None, run_after=None
[2024-03-08T18:46:28.135+0000] {processor.py:183} INFO - Processing /home/airflow/.local/lib/python3.8/site-packages/airflow/example_dags/example_complex.py took 0.098 seconds
[2024-03-08T18:46:58.216+0000] {processor.py:161} INFO - Started process (PID=1698) to work on /home/airflow/.local/lib/python3.8/site-packages/airflow/example_dags/example_complex.py
[2024-03-08T18:46:58.217+0000] {processor.py:830} INFO - Processing file /home/airflow/.local/lib/python3.8/site-packages/airflow/example_dags/example_complex.py for tasks to queue
[2024-03-08T18:46:58.218+0000] {logging_mixin.py:188} INFO - [2024-03-08T18:46:58.218+0000] {dagbag.py:540} INFO - Filling up the DagBag from /home/airflow/.local/lib/python3.8/site-packages/airflow/example_dags/example_complex.py
[2024-03-08T18:46:58.227+0000] {processor.py:840} INFO - DAG(s) 'example_complex' retrieved from /home/airflow/.local/lib/python3.8/site-packages/airflow/example_dags/example_complex.py
[2024-03-08T18:46:58.251+0000] {logging_mixin.py:188} INFO - [2024-03-08T18:46:58.251+0000] {dag.py:3047} INFO - Sync 1 DAGs
[2024-03-08T18:46:58.260+0000] {logging_mixin.py:188} INFO - [2024-03-08T18:46:58.260+0000] {dag.py:3834} INFO - Setting next_dagrun for example_complex to None, run_after=None
[2024-03-08T18:46:58.273+0000] {processor.py:183} INFO - Processing /home/airflow/.local/lib/python3.8/site-packages/airflow/example_dags/example_complex.py took 0.060 seconds
[2024-03-08T18:47:28.447+0000] {processor.py:161} INFO - Started process (PID=1753) to work on /home/airflow/.local/lib/python3.8/site-packages/airflow/example_dags/example_complex.py
[2024-03-08T18:47:28.448+0000] {processor.py:830} INFO - Processing file /home/airflow/.local/lib/python3.8/site-packages/airflow/example_dags/example_complex.py for tasks to queue
[2024-03-08T18:47:28.449+0000] {logging_mixin.py:188} INFO - [2024-03-08T18:47:28.449+0000] {dagbag.py:540} INFO - Filling up the DagBag from /home/airflow/.local/lib/python3.8/site-packages/airflow/example_dags/example_complex.py
[2024-03-08T18:47:28.459+0000] {processor.py:840} INFO - DAG(s) 'example_complex' retrieved from /home/airflow/.local/lib/python3.8/site-packages/airflow/example_dags/example_complex.py
[2024-03-08T18:47:28.498+0000] {logging_mixin.py:188} INFO - [2024-03-08T18:47:28.498+0000] {dag.py:3047} INFO - Sync 1 DAGs
[2024-03-08T18:47:28.508+0000] {logging_mixin.py:188} INFO - [2024-03-08T18:47:28.508+0000] {dag.py:3834} INFO - Setting next_dagrun for example_complex to None, run_after=None
[2024-03-08T18:47:28.526+0000] {processor.py:183} INFO - Processing /home/airflow/.local/lib/python3.8/site-packages/airflow/example_dags/example_complex.py took 0.082 seconds
[2024-03-08T18:47:58.929+0000] {processor.py:161} INFO - Started process (PID=1808) to work on /home/airflow/.local/lib/python3.8/site-packages/airflow/example_dags/example_complex.py
[2024-03-08T18:47:58.930+0000] {processor.py:830} INFO - Processing file /home/airflow/.local/lib/python3.8/site-packages/airflow/example_dags/example_complex.py for tasks to queue
[2024-03-08T18:47:58.932+0000] {logging_mixin.py:188} INFO - [2024-03-08T18:47:58.931+0000] {dagbag.py:540} INFO - Filling up the DagBag from /home/airflow/.local/lib/python3.8/site-packages/airflow/example_dags/example_complex.py
[2024-03-08T18:47:58.941+0000] {processor.py:840} INFO - DAG(s) 'example_complex' retrieved from /home/airflow/.local/lib/python3.8/site-packages/airflow/example_dags/example_complex.py
[2024-03-08T18:47:58.966+0000] {logging_mixin.py:188} INFO - [2024-03-08T18:47:58.966+0000] {dag.py:3047} INFO - Sync 1 DAGs
[2024-03-08T18:47:58.977+0000] {logging_mixin.py:188} INFO - [2024-03-08T18:47:58.977+0000] {dag.py:3834} INFO - Setting next_dagrun for example_complex to None, run_after=None
[2024-03-08T18:47:58.996+0000] {processor.py:183} INFO - Processing /home/airflow/.local/lib/python3.8/site-packages/airflow/example_dags/example_complex.py took 0.069 seconds
[2024-03-08T18:48:29.177+0000] {processor.py:161} INFO - Started process (PID=1863) to work on /home/airflow/.local/lib/python3.8/site-packages/airflow/example_dags/example_complex.py
[2024-03-08T18:48:29.177+0000] {processor.py:830} INFO - Processing file /home/airflow/.local/lib/python3.8/site-packages/airflow/example_dags/example_complex.py for tasks to queue
[2024-03-08T18:48:29.179+0000] {logging_mixin.py:188} INFO - [2024-03-08T18:48:29.178+0000] {dagbag.py:540} INFO - Filling up the DagBag from /home/airflow/.local/lib/python3.8/site-packages/airflow/example_dags/example_complex.py
[2024-03-08T18:48:29.187+0000] {processor.py:840} INFO - DAG(s) 'example_complex' retrieved from /home/airflow/.local/lib/python3.8/site-packages/airflow/example_dags/example_complex.py
[2024-03-08T18:48:29.211+0000] {logging_mixin.py:188} INFO - [2024-03-08T18:48:29.211+0000] {dag.py:3047} INFO - Sync 1 DAGs
[2024-03-08T18:48:29.221+0000] {logging_mixin.py:188} INFO - [2024-03-08T18:48:29.220+0000] {dag.py:3834} INFO - Setting next_dagrun for example_complex to None, run_after=None
[2024-03-08T18:48:29.234+0000] {processor.py:183} INFO - Processing /home/airflow/.local/lib/python3.8/site-packages/airflow/example_dags/example_complex.py took 0.060 seconds
[2024-03-08T18:48:59.623+0000] {processor.py:161} INFO - Started process (PID=1918) to work on /home/airflow/.local/lib/python3.8/site-packages/airflow/example_dags/example_complex.py
[2024-03-08T18:48:59.624+0000] {processor.py:830} INFO - Processing file /home/airflow/.local/lib/python3.8/site-packages/airflow/example_dags/example_complex.py for tasks to queue
[2024-03-08T18:48:59.626+0000] {logging_mixin.py:188} INFO - [2024-03-08T18:48:59.626+0000] {dagbag.py:540} INFO - Filling up the DagBag from /home/airflow/.local/lib/python3.8/site-packages/airflow/example_dags/example_complex.py
[2024-03-08T18:48:59.634+0000] {processor.py:840} INFO - DAG(s) 'example_complex' retrieved from /home/airflow/.local/lib/python3.8/site-packages/airflow/example_dags/example_complex.py
[2024-03-08T18:48:59.662+0000] {logging_mixin.py:188} INFO - [2024-03-08T18:48:59.662+0000] {dag.py:3047} INFO - Sync 1 DAGs
[2024-03-08T18:48:59.672+0000] {logging_mixin.py:188} INFO - [2024-03-08T18:48:59.672+0000] {dag.py:3834} INFO - Setting next_dagrun for example_complex to None, run_after=None
[2024-03-08T18:48:59.693+0000] {processor.py:183} INFO - Processing /home/airflow/.local/lib/python3.8/site-packages/airflow/example_dags/example_complex.py took 0.072 seconds
[2024-03-08T18:49:30.013+0000] {processor.py:161} INFO - Started process (PID=1973) to work on /home/airflow/.local/lib/python3.8/site-packages/airflow/example_dags/example_complex.py
[2024-03-08T18:49:30.014+0000] {processor.py:830} INFO - Processing file /home/airflow/.local/lib/python3.8/site-packages/airflow/example_dags/example_complex.py for tasks to queue
[2024-03-08T18:49:30.015+0000] {logging_mixin.py:188} INFO - [2024-03-08T18:49:30.015+0000] {dagbag.py:540} INFO - Filling up the DagBag from /home/airflow/.local/lib/python3.8/site-packages/airflow/example_dags/example_complex.py
[2024-03-08T18:49:30.024+0000] {processor.py:840} INFO - DAG(s) 'example_complex' retrieved from /home/airflow/.local/lib/python3.8/site-packages/airflow/example_dags/example_complex.py
[2024-03-08T18:49:30.052+0000] {logging_mixin.py:188} INFO - [2024-03-08T18:49:30.052+0000] {dag.py:3047} INFO - Sync 1 DAGs
[2024-03-08T18:49:30.062+0000] {logging_mixin.py:188} INFO - [2024-03-08T18:49:30.062+0000] {dag.py:3834} INFO - Setting next_dagrun for example_complex to None, run_after=None
[2024-03-08T18:49:30.077+0000] {processor.py:183} INFO - Processing /home/airflow/.local/lib/python3.8/site-packages/airflow/example_dags/example_complex.py took 0.066 seconds
[2024-03-08T18:50:00.383+0000] {processor.py:161} INFO - Started process (PID=2028) to work on /home/airflow/.local/lib/python3.8/site-packages/airflow/example_dags/example_complex.py
[2024-03-08T18:50:00.383+0000] {processor.py:830} INFO - Processing file /home/airflow/.local/lib/python3.8/site-packages/airflow/example_dags/example_complex.py for tasks to queue
[2024-03-08T18:50:00.385+0000] {logging_mixin.py:188} INFO - [2024-03-08T18:50:00.385+0000] {dagbag.py:540} INFO - Filling up the DagBag from /home/airflow/.local/lib/python3.8/site-packages/airflow/example_dags/example_complex.py
[2024-03-08T18:50:00.396+0000] {processor.py:840} INFO - DAG(s) 'example_complex' retrieved from /home/airflow/.local/lib/python3.8/site-packages/airflow/example_dags/example_complex.py
[2024-03-08T18:50:00.428+0000] {logging_mixin.py:188} INFO - [2024-03-08T18:50:00.427+0000] {dag.py:3047} INFO - Sync 1 DAGs
[2024-03-08T18:50:00.438+0000] {logging_mixin.py:188} INFO - [2024-03-08T18:50:00.438+0000] {dag.py:3834} INFO - Setting next_dagrun for example_complex to None, run_after=None
[2024-03-08T18:50:00.452+0000] {processor.py:183} INFO - Processing /home/airflow/.local/lib/python3.8/site-packages/airflow/example_dags/example_complex.py took 0.071 seconds
[2024-03-08T18:50:31.222+0000] {processor.py:161} INFO - Started process (PID=2083) to work on /home/airflow/.local/lib/python3.8/site-packages/airflow/example_dags/example_complex.py
[2024-03-08T18:50:31.223+0000] {processor.py:830} INFO - Processing file /home/airflow/.local/lib/python3.8/site-packages/airflow/example_dags/example_complex.py for tasks to queue
[2024-03-08T18:50:31.224+0000] {logging_mixin.py:188} INFO - [2024-03-08T18:50:31.224+0000] {dagbag.py:540} INFO - Filling up the DagBag from /home/airflow/.local/lib/python3.8/site-packages/airflow/example_dags/example_complex.py
[2024-03-08T18:50:31.234+0000] {processor.py:840} INFO - DAG(s) 'example_complex' retrieved from /home/airflow/.local/lib/python3.8/site-packages/airflow/example_dags/example_complex.py
[2024-03-08T18:50:31.266+0000] {logging_mixin.py:188} INFO - [2024-03-08T18:50:31.265+0000] {dag.py:3047} INFO - Sync 1 DAGs
[2024-03-08T18:50:31.279+0000] {logging_mixin.py:188} INFO - [2024-03-08T18:50:31.278+0000] {dag.py:3834} INFO - Setting next_dagrun for example_complex to None, run_after=None
[2024-03-08T18:50:31.296+0000] {processor.py:183} INFO - Processing /home/airflow/.local/lib/python3.8/site-packages/airflow/example_dags/example_complex.py took 0.077 seconds
[2024-03-08T18:51:01.356+0000] {processor.py:161} INFO - Started process (PID=2138) to work on /home/airflow/.local/lib/python3.8/site-packages/airflow/example_dags/example_complex.py
[2024-03-08T18:51:01.357+0000] {processor.py:830} INFO - Processing file /home/airflow/.local/lib/python3.8/site-packages/airflow/example_dags/example_complex.py for tasks to queue
[2024-03-08T18:51:01.358+0000] {logging_mixin.py:188} INFO - [2024-03-08T18:51:01.358+0000] {dagbag.py:540} INFO - Filling up the DagBag from /home/airflow/.local/lib/python3.8/site-packages/airflow/example_dags/example_complex.py
[2024-03-08T18:51:01.368+0000] {processor.py:840} INFO - DAG(s) 'example_complex' retrieved from /home/airflow/.local/lib/python3.8/site-packages/airflow/example_dags/example_complex.py
[2024-03-08T18:51:01.395+0000] {logging_mixin.py:188} INFO - [2024-03-08T18:51:01.395+0000] {dag.py:3047} INFO - Sync 1 DAGs
[2024-03-08T18:51:01.406+0000] {logging_mixin.py:188} INFO - [2024-03-08T18:51:01.406+0000] {dag.py:3834} INFO - Setting next_dagrun for example_complex to None, run_after=None
[2024-03-08T18:51:01.423+0000] {processor.py:183} INFO - Processing /home/airflow/.local/lib/python3.8/site-packages/airflow/example_dags/example_complex.py took 0.070 seconds
[2024-03-08T18:51:31.685+0000] {processor.py:161} INFO - Started process (PID=2193) to work on /home/airflow/.local/lib/python3.8/site-packages/airflow/example_dags/example_complex.py
[2024-03-08T18:51:31.686+0000] {processor.py:830} INFO - Processing file /home/airflow/.local/lib/python3.8/site-packages/airflow/example_dags/example_complex.py for tasks to queue
[2024-03-08T18:51:31.687+0000] {logging_mixin.py:188} INFO - [2024-03-08T18:51:31.687+0000] {dagbag.py:540} INFO - Filling up the DagBag from /home/airflow/.local/lib/python3.8/site-packages/airflow/example_dags/example_complex.py
[2024-03-08T18:51:31.696+0000] {processor.py:840} INFO - DAG(s) 'example_complex' retrieved from /home/airflow/.local/lib/python3.8/site-packages/airflow/example_dags/example_complex.py
[2024-03-08T18:51:31.723+0000] {logging_mixin.py:188} INFO - [2024-03-08T18:51:31.723+0000] {dag.py:3047} INFO - Sync 1 DAGs
[2024-03-08T18:51:31.733+0000] {logging_mixin.py:188} INFO - [2024-03-08T18:51:31.733+0000] {dag.py:3834} INFO - Setting next_dagrun for example_complex to None, run_after=None
[2024-03-08T18:51:31.746+0000] {processor.py:183} INFO - Processing /home/airflow/.local/lib/python3.8/site-packages/airflow/example_dags/example_complex.py took 0.064 seconds
[2024-03-08T18:52:02.337+0000] {processor.py:161} INFO - Started process (PID=2254) to work on /home/airflow/.local/lib/python3.8/site-packages/airflow/example_dags/example_complex.py
[2024-03-08T18:52:02.338+0000] {processor.py:830} INFO - Processing file /home/airflow/.local/lib/python3.8/site-packages/airflow/example_dags/example_complex.py for tasks to queue
[2024-03-08T18:52:02.339+0000] {logging_mixin.py:188} INFO - [2024-03-08T18:52:02.339+0000] {dagbag.py:540} INFO - Filling up the DagBag from /home/airflow/.local/lib/python3.8/site-packages/airflow/example_dags/example_complex.py
[2024-03-08T18:52:02.348+0000] {processor.py:840} INFO - DAG(s) 'example_complex' retrieved from /home/airflow/.local/lib/python3.8/site-packages/airflow/example_dags/example_complex.py
[2024-03-08T18:52:02.375+0000] {logging_mixin.py:188} INFO - [2024-03-08T18:52:02.374+0000] {dag.py:3047} INFO - Sync 1 DAGs
[2024-03-08T18:52:02.385+0000] {logging_mixin.py:188} INFO - [2024-03-08T18:52:02.385+0000] {dag.py:3834} INFO - Setting next_dagrun for example_complex to None, run_after=None
[2024-03-08T18:52:02.401+0000] {processor.py:183} INFO - Processing /home/airflow/.local/lib/python3.8/site-packages/airflow/example_dags/example_complex.py took 0.066 seconds
[2024-03-08T18:52:32.771+0000] {processor.py:161} INFO - Started process (PID=2309) to work on /home/airflow/.local/lib/python3.8/site-packages/airflow/example_dags/example_complex.py
[2024-03-08T18:52:32.772+0000] {processor.py:830} INFO - Processing file /home/airflow/.local/lib/python3.8/site-packages/airflow/example_dags/example_complex.py for tasks to queue
[2024-03-08T18:52:32.773+0000] {logging_mixin.py:188} INFO - [2024-03-08T18:52:32.773+0000] {dagbag.py:540} INFO - Filling up the DagBag from /home/airflow/.local/lib/python3.8/site-packages/airflow/example_dags/example_complex.py
[2024-03-08T18:52:32.782+0000] {processor.py:840} INFO - DAG(s) 'example_complex' retrieved from /home/airflow/.local/lib/python3.8/site-packages/airflow/example_dags/example_complex.py
[2024-03-08T18:52:32.811+0000] {logging_mixin.py:188} INFO - [2024-03-08T18:52:32.811+0000] {dag.py:3047} INFO - Sync 1 DAGs
[2024-03-08T18:52:32.823+0000] {logging_mixin.py:188} INFO - [2024-03-08T18:52:32.822+0000] {dag.py:3834} INFO - Setting next_dagrun for example_complex to None, run_after=None
[2024-03-08T18:52:32.840+0000] {processor.py:183} INFO - Processing /home/airflow/.local/lib/python3.8/site-packages/airflow/example_dags/example_complex.py took 0.071 seconds
[2024-03-08T18:53:03.097+0000] {processor.py:161} INFO - Started process (PID=2364) to work on /home/airflow/.local/lib/python3.8/site-packages/airflow/example_dags/example_complex.py
[2024-03-08T18:53:03.099+0000] {processor.py:830} INFO - Processing file /home/airflow/.local/lib/python3.8/site-packages/airflow/example_dags/example_complex.py for tasks to queue
[2024-03-08T18:53:03.102+0000] {logging_mixin.py:188} INFO - [2024-03-08T18:53:03.101+0000] {dagbag.py:540} INFO - Filling up the DagBag from /home/airflow/.local/lib/python3.8/site-packages/airflow/example_dags/example_complex.py
[2024-03-08T18:53:03.114+0000] {processor.py:840} INFO - DAG(s) 'example_complex' retrieved from /home/airflow/.local/lib/python3.8/site-packages/airflow/example_dags/example_complex.py
[2024-03-08T18:53:03.151+0000] {logging_mixin.py:188} INFO - [2024-03-08T18:53:03.151+0000] {dag.py:3047} INFO - Sync 1 DAGs
[2024-03-08T18:53:03.163+0000] {logging_mixin.py:188} INFO - [2024-03-08T18:53:03.162+0000] {dag.py:3834} INFO - Setting next_dagrun for example_complex to None, run_after=None
[2024-03-08T18:53:03.177+0000] {processor.py:183} INFO - Processing /home/airflow/.local/lib/python3.8/site-packages/airflow/example_dags/example_complex.py took 0.084 seconds
[2024-03-08T18:53:33.577+0000] {processor.py:161} INFO - Started process (PID=2419) to work on /home/airflow/.local/lib/python3.8/site-packages/airflow/example_dags/example_complex.py
[2024-03-08T18:53:33.578+0000] {processor.py:830} INFO - Processing file /home/airflow/.local/lib/python3.8/site-packages/airflow/example_dags/example_complex.py for tasks to queue
[2024-03-08T18:53:33.579+0000] {logging_mixin.py:188} INFO - [2024-03-08T18:53:33.579+0000] {dagbag.py:540} INFO - Filling up the DagBag from /home/airflow/.local/lib/python3.8/site-packages/airflow/example_dags/example_complex.py
[2024-03-08T18:53:33.592+0000] {processor.py:840} INFO - DAG(s) 'example_complex' retrieved from /home/airflow/.local/lib/python3.8/site-packages/airflow/example_dags/example_complex.py
[2024-03-08T18:53:33.622+0000] {logging_mixin.py:188} INFO - [2024-03-08T18:53:33.621+0000] {dag.py:3047} INFO - Sync 1 DAGs
[2024-03-08T18:53:33.633+0000] {logging_mixin.py:188} INFO - [2024-03-08T18:53:33.633+0000] {dag.py:3834} INFO - Setting next_dagrun for example_complex to None, run_after=None
[2024-03-08T18:53:33.649+0000] {processor.py:183} INFO - Processing /home/airflow/.local/lib/python3.8/site-packages/airflow/example_dags/example_complex.py took 0.074 seconds
[2024-03-08T18:54:04.253+0000] {processor.py:161} INFO - Started process (PID=2474) to work on /home/airflow/.local/lib/python3.8/site-packages/airflow/example_dags/example_complex.py
[2024-03-08T18:54:04.254+0000] {processor.py:830} INFO - Processing file /home/airflow/.local/lib/python3.8/site-packages/airflow/example_dags/example_complex.py for tasks to queue
[2024-03-08T18:54:04.255+0000] {logging_mixin.py:188} INFO - [2024-03-08T18:54:04.255+0000] {dagbag.py:540} INFO - Filling up the DagBag from /home/airflow/.local/lib/python3.8/site-packages/airflow/example_dags/example_complex.py
[2024-03-08T18:54:04.265+0000] {processor.py:840} INFO - DAG(s) 'example_complex' retrieved from /home/airflow/.local/lib/python3.8/site-packages/airflow/example_dags/example_complex.py
[2024-03-08T18:54:04.293+0000] {logging_mixin.py:188} INFO - [2024-03-08T18:54:04.292+0000] {dag.py:3047} INFO - Sync 1 DAGs
[2024-03-08T18:54:04.304+0000] {logging_mixin.py:188} INFO - [2024-03-08T18:54:04.303+0000] {dag.py:3834} INFO - Setting next_dagrun for example_complex to None, run_after=None
[2024-03-08T18:54:04.319+0000] {processor.py:183} INFO - Processing /home/airflow/.local/lib/python3.8/site-packages/airflow/example_dags/example_complex.py took 0.069 seconds
[2024-03-08T18:54:35.821+0000] {processor.py:161} INFO - Started process (PID=2529) to work on /home/airflow/.local/lib/python3.8/site-packages/airflow/example_dags/example_complex.py
[2024-03-08T18:54:35.822+0000] {processor.py:830} INFO - Processing file /home/airflow/.local/lib/python3.8/site-packages/airflow/example_dags/example_complex.py for tasks to queue
[2024-03-08T18:54:35.823+0000] {logging_mixin.py:188} INFO - [2024-03-08T18:54:35.823+0000] {dagbag.py:540} INFO - Filling up the DagBag from /home/airflow/.local/lib/python3.8/site-packages/airflow/example_dags/example_complex.py
[2024-03-08T18:54:35.832+0000] {processor.py:840} INFO - DAG(s) 'example_complex' retrieved from /home/airflow/.local/lib/python3.8/site-packages/airflow/example_dags/example_complex.py
[2024-03-08T18:54:35.858+0000] {logging_mixin.py:188} INFO - [2024-03-08T18:54:35.858+0000] {dag.py:3047} INFO - Sync 1 DAGs
[2024-03-08T18:54:35.870+0000] {logging_mixin.py:188} INFO - [2024-03-08T18:54:35.870+0000] {dag.py:3834} INFO - Setting next_dagrun for example_complex to None, run_after=None
[2024-03-08T18:54:35.886+0000] {processor.py:183} INFO - Processing /home/airflow/.local/lib/python3.8/site-packages/airflow/example_dags/example_complex.py took 0.068 seconds
[2024-03-08T18:55:06.070+0000] {processor.py:161} INFO - Started process (PID=2584) to work on /home/airflow/.local/lib/python3.8/site-packages/airflow/example_dags/example_complex.py
[2024-03-08T18:55:06.071+0000] {processor.py:830} INFO - Processing file /home/airflow/.local/lib/python3.8/site-packages/airflow/example_dags/example_complex.py for tasks to queue
[2024-03-08T18:55:06.072+0000] {logging_mixin.py:188} INFO - [2024-03-08T18:55:06.072+0000] {dagbag.py:540} INFO - Filling up the DagBag from /home/airflow/.local/lib/python3.8/site-packages/airflow/example_dags/example_complex.py
[2024-03-08T18:55:06.082+0000] {processor.py:840} INFO - DAG(s) 'example_complex' retrieved from /home/airflow/.local/lib/python3.8/site-packages/airflow/example_dags/example_complex.py
[2024-03-08T18:55:06.110+0000] {logging_mixin.py:188} INFO - [2024-03-08T18:55:06.110+0000] {dag.py:3047} INFO - Sync 1 DAGs
[2024-03-08T18:55:06.121+0000] {logging_mixin.py:188} INFO - [2024-03-08T18:55:06.121+0000] {dag.py:3834} INFO - Setting next_dagrun for example_complex to None, run_after=None
[2024-03-08T18:55:06.136+0000] {processor.py:183} INFO - Processing /home/airflow/.local/lib/python3.8/site-packages/airflow/example_dags/example_complex.py took 0.069 seconds
[2024-03-08T18:55:36.335+0000] {processor.py:161} INFO - Started process (PID=2639) to work on /home/airflow/.local/lib/python3.8/site-packages/airflow/example_dags/example_complex.py
[2024-03-08T18:55:36.336+0000] {processor.py:830} INFO - Processing file /home/airflow/.local/lib/python3.8/site-packages/airflow/example_dags/example_complex.py for tasks to queue
[2024-03-08T18:55:36.337+0000] {logging_mixin.py:188} INFO - [2024-03-08T18:55:36.337+0000] {dagbag.py:540} INFO - Filling up the DagBag from /home/airflow/.local/lib/python3.8/site-packages/airflow/example_dags/example_complex.py
[2024-03-08T18:55:36.348+0000] {processor.py:840} INFO - DAG(s) 'example_complex' retrieved from /home/airflow/.local/lib/python3.8/site-packages/airflow/example_dags/example_complex.py
[2024-03-08T18:55:36.377+0000] {logging_mixin.py:188} INFO - [2024-03-08T18:55:36.377+0000] {dag.py:3047} INFO - Sync 1 DAGs
[2024-03-08T18:55:36.390+0000] {logging_mixin.py:188} INFO - [2024-03-08T18:55:36.390+0000] {dag.py:3834} INFO - Setting next_dagrun for example_complex to None, run_after=None
[2024-03-08T18:55:36.409+0000] {processor.py:183} INFO - Processing /home/airflow/.local/lib/python3.8/site-packages/airflow/example_dags/example_complex.py took 0.077 seconds
[2024-03-08T18:56:06.550+0000] {processor.py:161} INFO - Started process (PID=2694) to work on /home/airflow/.local/lib/python3.8/site-packages/airflow/example_dags/example_complex.py
[2024-03-08T18:56:06.551+0000] {processor.py:830} INFO - Processing file /home/airflow/.local/lib/python3.8/site-packages/airflow/example_dags/example_complex.py for tasks to queue
[2024-03-08T18:56:06.553+0000] {logging_mixin.py:188} INFO - [2024-03-08T18:56:06.552+0000] {dagbag.py:540} INFO - Filling up the DagBag from /home/airflow/.local/lib/python3.8/site-packages/airflow/example_dags/example_complex.py
[2024-03-08T18:56:06.563+0000] {processor.py:840} INFO - DAG(s) 'example_complex' retrieved from /home/airflow/.local/lib/python3.8/site-packages/airflow/example_dags/example_complex.py
[2024-03-08T18:56:06.590+0000] {logging_mixin.py:188} INFO - [2024-03-08T18:56:06.590+0000] {dag.py:3047} INFO - Sync 1 DAGs
[2024-03-08T18:56:06.602+0000] {logging_mixin.py:188} INFO - [2024-03-08T18:56:06.601+0000] {dag.py:3834} INFO - Setting next_dagrun for example_complex to None, run_after=None
[2024-03-08T18:56:06.621+0000] {processor.py:183} INFO - Processing /home/airflow/.local/lib/python3.8/site-packages/airflow/example_dags/example_complex.py took 0.073 seconds
[2024-03-08T18:56:37.105+0000] {processor.py:161} INFO - Started process (PID=2749) to work on /home/airflow/.local/lib/python3.8/site-packages/airflow/example_dags/example_complex.py
[2024-03-08T18:56:37.106+0000] {processor.py:830} INFO - Processing file /home/airflow/.local/lib/python3.8/site-packages/airflow/example_dags/example_complex.py for tasks to queue
[2024-03-08T18:56:37.108+0000] {logging_mixin.py:188} INFO - [2024-03-08T18:56:37.108+0000] {dagbag.py:540} INFO - Filling up the DagBag from /home/airflow/.local/lib/python3.8/site-packages/airflow/example_dags/example_complex.py
[2024-03-08T18:56:37.120+0000] {processor.py:840} INFO - DAG(s) 'example_complex' retrieved from /home/airflow/.local/lib/python3.8/site-packages/airflow/example_dags/example_complex.py
[2024-03-08T18:56:37.152+0000] {logging_mixin.py:188} INFO - [2024-03-08T18:56:37.152+0000] {dag.py:3047} INFO - Sync 1 DAGs
[2024-03-08T18:56:37.166+0000] {logging_mixin.py:188} INFO - [2024-03-08T18:56:37.165+0000] {dag.py:3834} INFO - Setting next_dagrun for example_complex to None, run_after=None
[2024-03-08T18:56:37.181+0000] {processor.py:183} INFO - Processing /home/airflow/.local/lib/python3.8/site-packages/airflow/example_dags/example_complex.py took 0.079 seconds
[2024-03-08T18:57:07.649+0000] {processor.py:161} INFO - Started process (PID=2804) to work on /home/airflow/.local/lib/python3.8/site-packages/airflow/example_dags/example_complex.py
[2024-03-08T18:57:07.650+0000] {processor.py:830} INFO - Processing file /home/airflow/.local/lib/python3.8/site-packages/airflow/example_dags/example_complex.py for tasks to queue
[2024-03-08T18:57:07.651+0000] {logging_mixin.py:188} INFO - [2024-03-08T18:57:07.651+0000] {dagbag.py:540} INFO - Filling up the DagBag from /home/airflow/.local/lib/python3.8/site-packages/airflow/example_dags/example_complex.py
[2024-03-08T18:57:07.663+0000] {processor.py:840} INFO - DAG(s) 'example_complex' retrieved from /home/airflow/.local/lib/python3.8/site-packages/airflow/example_dags/example_complex.py
[2024-03-08T18:57:07.695+0000] {logging_mixin.py:188} INFO - [2024-03-08T18:57:07.694+0000] {dag.py:3047} INFO - Sync 1 DAGs
[2024-03-08T18:57:07.708+0000] {logging_mixin.py:188} INFO - [2024-03-08T18:57:07.708+0000] {dag.py:3834} INFO - Setting next_dagrun for example_complex to None, run_after=None
[2024-03-08T18:57:07.725+0000] {processor.py:183} INFO - Processing /home/airflow/.local/lib/python3.8/site-packages/airflow/example_dags/example_complex.py took 0.078 seconds
[2024-03-08T18:57:38.116+0000] {processor.py:161} INFO - Started process (PID=2859) to work on /home/airflow/.local/lib/python3.8/site-packages/airflow/example_dags/example_complex.py
[2024-03-08T18:57:38.117+0000] {processor.py:830} INFO - Processing file /home/airflow/.local/lib/python3.8/site-packages/airflow/example_dags/example_complex.py for tasks to queue
[2024-03-08T18:57:38.118+0000] {logging_mixin.py:188} INFO - [2024-03-08T18:57:38.118+0000] {dagbag.py:540} INFO - Filling up the DagBag from /home/airflow/.local/lib/python3.8/site-packages/airflow/example_dags/example_complex.py
[2024-03-08T18:57:38.128+0000] {processor.py:840} INFO - DAG(s) 'example_complex' retrieved from /home/airflow/.local/lib/python3.8/site-packages/airflow/example_dags/example_complex.py
[2024-03-08T18:57:38.164+0000] {logging_mixin.py:188} INFO - [2024-03-08T18:57:38.163+0000] {dag.py:3047} INFO - Sync 1 DAGs
[2024-03-08T18:57:38.179+0000] {logging_mixin.py:188} INFO - [2024-03-08T18:57:38.179+0000] {dag.py:3834} INFO - Setting next_dagrun for example_complex to None, run_after=None
[2024-03-08T18:57:38.197+0000] {processor.py:183} INFO - Processing /home/airflow/.local/lib/python3.8/site-packages/airflow/example_dags/example_complex.py took 0.084 seconds
[2024-03-08T18:58:08.395+0000] {processor.py:161} INFO - Started process (PID=2914) to work on /home/airflow/.local/lib/python3.8/site-packages/airflow/example_dags/example_complex.py
[2024-03-08T18:58:08.396+0000] {processor.py:830} INFO - Processing file /home/airflow/.local/lib/python3.8/site-packages/airflow/example_dags/example_complex.py for tasks to queue
[2024-03-08T18:58:08.397+0000] {logging_mixin.py:188} INFO - [2024-03-08T18:58:08.397+0000] {dagbag.py:540} INFO - Filling up the DagBag from /home/airflow/.local/lib/python3.8/site-packages/airflow/example_dags/example_complex.py
[2024-03-08T18:58:08.406+0000] {processor.py:840} INFO - DAG(s) 'example_complex' retrieved from /home/airflow/.local/lib/python3.8/site-packages/airflow/example_dags/example_complex.py
[2024-03-08T18:58:08.439+0000] {logging_mixin.py:188} INFO - [2024-03-08T18:58:08.438+0000] {dag.py:3047} INFO - Sync 1 DAGs
[2024-03-08T18:58:08.451+0000] {logging_mixin.py:188} INFO - [2024-03-08T18:58:08.451+0000] {dag.py:3834} INFO - Setting next_dagrun for example_complex to None, run_after=None
[2024-03-08T18:58:08.468+0000] {processor.py:183} INFO - Processing /home/airflow/.local/lib/python3.8/site-packages/airflow/example_dags/example_complex.py took 0.075 seconds
[2024-03-08T18:58:38.684+0000] {processor.py:161} INFO - Started process (PID=2969) to work on /home/airflow/.local/lib/python3.8/site-packages/airflow/example_dags/example_complex.py
[2024-03-08T18:58:38.685+0000] {processor.py:830} INFO - Processing file /home/airflow/.local/lib/python3.8/site-packages/airflow/example_dags/example_complex.py for tasks to queue
[2024-03-08T18:58:38.686+0000] {logging_mixin.py:188} INFO - [2024-03-08T18:58:38.686+0000] {dagbag.py:540} INFO - Filling up the DagBag from /home/airflow/.local/lib/python3.8/site-packages/airflow/example_dags/example_complex.py
[2024-03-08T18:58:38.698+0000] {processor.py:840} INFO - DAG(s) 'example_complex' retrieved from /home/airflow/.local/lib/python3.8/site-packages/airflow/example_dags/example_complex.py
[2024-03-08T18:58:38.729+0000] {logging_mixin.py:188} INFO - [2024-03-08T18:58:38.728+0000] {dag.py:3047} INFO - Sync 1 DAGs
[2024-03-08T18:58:38.740+0000] {logging_mixin.py:188} INFO - [2024-03-08T18:58:38.740+0000] {dag.py:3834} INFO - Setting next_dagrun for example_complex to None, run_after=None
[2024-03-08T18:58:38.756+0000] {processor.py:183} INFO - Processing /home/airflow/.local/lib/python3.8/site-packages/airflow/example_dags/example_complex.py took 0.075 seconds
[2024-03-08T18:59:09.283+0000] {processor.py:161} INFO - Started process (PID=3024) to work on /home/airflow/.local/lib/python3.8/site-packages/airflow/example_dags/example_complex.py
[2024-03-08T18:59:09.283+0000] {processor.py:830} INFO - Processing file /home/airflow/.local/lib/python3.8/site-packages/airflow/example_dags/example_complex.py for tasks to queue
[2024-03-08T18:59:09.285+0000] {logging_mixin.py:188} INFO - [2024-03-08T18:59:09.284+0000] {dagbag.py:540} INFO - Filling up the DagBag from /home/airflow/.local/lib/python3.8/site-packages/airflow/example_dags/example_complex.py
[2024-03-08T18:59:09.299+0000] {processor.py:840} INFO - DAG(s) 'example_complex' retrieved from /home/airflow/.local/lib/python3.8/site-packages/airflow/example_dags/example_complex.py
[2024-03-08T18:59:09.330+0000] {logging_mixin.py:188} INFO - [2024-03-08T18:59:09.329+0000] {dag.py:3047} INFO - Sync 1 DAGs
[2024-03-08T18:59:09.340+0000] {logging_mixin.py:188} INFO - [2024-03-08T18:59:09.340+0000] {dag.py:3834} INFO - Setting next_dagrun for example_complex to None, run_after=None
[2024-03-08T18:59:09.358+0000] {processor.py:183} INFO - Processing /home/airflow/.local/lib/python3.8/site-packages/airflow/example_dags/example_complex.py took 0.078 seconds
[2024-03-08T18:59:39.966+0000] {processor.py:161} INFO - Started process (PID=3079) to work on /home/airflow/.local/lib/python3.8/site-packages/airflow/example_dags/example_complex.py
[2024-03-08T18:59:39.967+0000] {processor.py:830} INFO - Processing file /home/airflow/.local/lib/python3.8/site-packages/airflow/example_dags/example_complex.py for tasks to queue
[2024-03-08T18:59:39.968+0000] {logging_mixin.py:188} INFO - [2024-03-08T18:59:39.968+0000] {dagbag.py:540} INFO - Filling up the DagBag from /home/airflow/.local/lib/python3.8/site-packages/airflow/example_dags/example_complex.py
[2024-03-08T18:59:39.979+0000] {processor.py:840} INFO - DAG(s) 'example_complex' retrieved from /home/airflow/.local/lib/python3.8/site-packages/airflow/example_dags/example_complex.py
[2024-03-08T18:59:40.012+0000] {logging_mixin.py:188} INFO - [2024-03-08T18:59:40.012+0000] {dag.py:3047} INFO - Sync 1 DAGs
[2024-03-08T18:59:40.026+0000] {logging_mixin.py:188} INFO - [2024-03-08T18:59:40.026+0000] {dag.py:3834} INFO - Setting next_dagrun for example_complex to None, run_after=None
[2024-03-08T18:59:40.044+0000] {processor.py:183} INFO - Processing /home/airflow/.local/lib/python3.8/site-packages/airflow/example_dags/example_complex.py took 0.081 seconds
[2024-03-08T19:00:10.467+0000] {processor.py:161} INFO - Started process (PID=3134) to work on /home/airflow/.local/lib/python3.8/site-packages/airflow/example_dags/example_complex.py
[2024-03-08T19:00:10.468+0000] {processor.py:830} INFO - Processing file /home/airflow/.local/lib/python3.8/site-packages/airflow/example_dags/example_complex.py for tasks to queue
[2024-03-08T19:00:10.469+0000] {logging_mixin.py:188} INFO - [2024-03-08T19:00:10.469+0000] {dagbag.py:540} INFO - Filling up the DagBag from /home/airflow/.local/lib/python3.8/site-packages/airflow/example_dags/example_complex.py
[2024-03-08T19:00:10.479+0000] {processor.py:840} INFO - DAG(s) 'example_complex' retrieved from /home/airflow/.local/lib/python3.8/site-packages/airflow/example_dags/example_complex.py
[2024-03-08T19:00:10.510+0000] {logging_mixin.py:188} INFO - [2024-03-08T19:00:10.509+0000] {dag.py:3047} INFO - Sync 1 DAGs
[2024-03-08T19:00:10.523+0000] {logging_mixin.py:188} INFO - [2024-03-08T19:00:10.523+0000] {dag.py:3834} INFO - Setting next_dagrun for example_complex to None, run_after=None
[2024-03-08T19:00:10.541+0000] {processor.py:183} INFO - Processing /home/airflow/.local/lib/python3.8/site-packages/airflow/example_dags/example_complex.py took 0.077 seconds
[2024-03-08T19:00:40.817+0000] {processor.py:161} INFO - Started process (PID=3189) to work on /home/airflow/.local/lib/python3.8/site-packages/airflow/example_dags/example_complex.py
[2024-03-08T19:00:40.818+0000] {processor.py:830} INFO - Processing file /home/airflow/.local/lib/python3.8/site-packages/airflow/example_dags/example_complex.py for tasks to queue
[2024-03-08T19:00:40.819+0000] {logging_mixin.py:188} INFO - [2024-03-08T19:00:40.819+0000] {dagbag.py:540} INFO - Filling up the DagBag from /home/airflow/.local/lib/python3.8/site-packages/airflow/example_dags/example_complex.py
[2024-03-08T19:00:40.833+0000] {processor.py:840} INFO - DAG(s) 'example_complex' retrieved from /home/airflow/.local/lib/python3.8/site-packages/airflow/example_dags/example_complex.py
[2024-03-08T19:00:40.862+0000] {logging_mixin.py:188} INFO - [2024-03-08T19:00:40.861+0000] {dag.py:3047} INFO - Sync 1 DAGs
[2024-03-08T19:00:40.873+0000] {logging_mixin.py:188} INFO - [2024-03-08T19:00:40.873+0000] {dag.py:3834} INFO - Setting next_dagrun for example_complex to None, run_after=None
[2024-03-08T19:00:40.889+0000] {processor.py:183} INFO - Processing /home/airflow/.local/lib/python3.8/site-packages/airflow/example_dags/example_complex.py took 0.075 seconds
[2024-03-08T19:01:10.971+0000] {processor.py:161} INFO - Started process (PID=3244) to work on /home/airflow/.local/lib/python3.8/site-packages/airflow/example_dags/example_complex.py
[2024-03-08T19:01:10.972+0000] {processor.py:830} INFO - Processing file /home/airflow/.local/lib/python3.8/site-packages/airflow/example_dags/example_complex.py for tasks to queue
[2024-03-08T19:01:10.974+0000] {logging_mixin.py:188} INFO - [2024-03-08T19:01:10.973+0000] {dagbag.py:540} INFO - Filling up the DagBag from /home/airflow/.local/lib/python3.8/site-packages/airflow/example_dags/example_complex.py
[2024-03-08T19:01:10.983+0000] {processor.py:840} INFO - DAG(s) 'example_complex' retrieved from /home/airflow/.local/lib/python3.8/site-packages/airflow/example_dags/example_complex.py
[2024-03-08T19:01:11.010+0000] {logging_mixin.py:188} INFO - [2024-03-08T19:01:11.010+0000] {dag.py:3047} INFO - Sync 1 DAGs
[2024-03-08T19:01:11.020+0000] {logging_mixin.py:188} INFO - [2024-03-08T19:01:11.020+0000] {dag.py:3834} INFO - Setting next_dagrun for example_complex to None, run_after=None
[2024-03-08T19:01:11.035+0000] {processor.py:183} INFO - Processing /home/airflow/.local/lib/python3.8/site-packages/airflow/example_dags/example_complex.py took 0.067 seconds
[2024-03-08T19:01:41.407+0000] {processor.py:161} INFO - Started process (PID=3299) to work on /home/airflow/.local/lib/python3.8/site-packages/airflow/example_dags/example_complex.py
[2024-03-08T19:01:41.408+0000] {processor.py:830} INFO - Processing file /home/airflow/.local/lib/python3.8/site-packages/airflow/example_dags/example_complex.py for tasks to queue
[2024-03-08T19:01:41.409+0000] {logging_mixin.py:188} INFO - [2024-03-08T19:01:41.409+0000] {dagbag.py:540} INFO - Filling up the DagBag from /home/airflow/.local/lib/python3.8/site-packages/airflow/example_dags/example_complex.py
[2024-03-08T19:01:41.419+0000] {processor.py:840} INFO - DAG(s) 'example_complex' retrieved from /home/airflow/.local/lib/python3.8/site-packages/airflow/example_dags/example_complex.py
[2024-03-08T19:01:41.447+0000] {logging_mixin.py:188} INFO - [2024-03-08T19:01:41.447+0000] {dag.py:3047} INFO - Sync 1 DAGs
[2024-03-08T19:01:41.458+0000] {logging_mixin.py:188} INFO - [2024-03-08T19:01:41.458+0000] {dag.py:3834} INFO - Setting next_dagrun for example_complex to None, run_after=None
[2024-03-08T19:01:41.472+0000] {processor.py:183} INFO - Processing /home/airflow/.local/lib/python3.8/site-packages/airflow/example_dags/example_complex.py took 0.068 seconds
[2024-03-08T19:02:12.220+0000] {processor.py:161} INFO - Started process (PID=3354) to work on /home/airflow/.local/lib/python3.8/site-packages/airflow/example_dags/example_complex.py
[2024-03-08T19:02:12.221+0000] {processor.py:830} INFO - Processing file /home/airflow/.local/lib/python3.8/site-packages/airflow/example_dags/example_complex.py for tasks to queue
[2024-03-08T19:02:12.222+0000] {logging_mixin.py:188} INFO - [2024-03-08T19:02:12.222+0000] {dagbag.py:540} INFO - Filling up the DagBag from /home/airflow/.local/lib/python3.8/site-packages/airflow/example_dags/example_complex.py
[2024-03-08T19:02:12.232+0000] {processor.py:840} INFO - DAG(s) 'example_complex' retrieved from /home/airflow/.local/lib/python3.8/site-packages/airflow/example_dags/example_complex.py
[2024-03-08T19:02:12.262+0000] {logging_mixin.py:188} INFO - [2024-03-08T19:02:12.261+0000] {dag.py:3047} INFO - Sync 1 DAGs
[2024-03-08T19:02:12.272+0000] {logging_mixin.py:188} INFO - [2024-03-08T19:02:12.271+0000] {dag.py:3834} INFO - Setting next_dagrun for example_complex to None, run_after=None
[2024-03-08T19:02:12.286+0000] {processor.py:183} INFO - Processing /home/airflow/.local/lib/python3.8/site-packages/airflow/example_dags/example_complex.py took 0.069 seconds
[2024-03-08T19:02:42.958+0000] {processor.py:161} INFO - Started process (PID=3409) to work on /home/airflow/.local/lib/python3.8/site-packages/airflow/example_dags/example_complex.py
[2024-03-08T19:02:42.959+0000] {processor.py:830} INFO - Processing file /home/airflow/.local/lib/python3.8/site-packages/airflow/example_dags/example_complex.py for tasks to queue
[2024-03-08T19:02:42.960+0000] {logging_mixin.py:188} INFO - [2024-03-08T19:02:42.960+0000] {dagbag.py:540} INFO - Filling up the DagBag from /home/airflow/.local/lib/python3.8/site-packages/airflow/example_dags/example_complex.py
[2024-03-08T19:02:42.971+0000] {processor.py:840} INFO - DAG(s) 'example_complex' retrieved from /home/airflow/.local/lib/python3.8/site-packages/airflow/example_dags/example_complex.py
[2024-03-08T19:02:43.142+0000] {logging_mixin.py:188} INFO - [2024-03-08T19:02:43.141+0000] {dag.py:3047} INFO - Sync 1 DAGs
[2024-03-08T19:02:43.153+0000] {logging_mixin.py:188} INFO - [2024-03-08T19:02:43.153+0000] {dag.py:3834} INFO - Setting next_dagrun for example_complex to None, run_after=None
[2024-03-08T19:02:43.171+0000] {processor.py:183} INFO - Processing /home/airflow/.local/lib/python3.8/site-packages/airflow/example_dags/example_complex.py took 0.217 seconds
[2024-03-08T19:03:14.113+0000] {processor.py:161} INFO - Started process (PID=3464) to work on /home/airflow/.local/lib/python3.8/site-packages/airflow/example_dags/example_complex.py
[2024-03-08T19:03:14.114+0000] {processor.py:830} INFO - Processing file /home/airflow/.local/lib/python3.8/site-packages/airflow/example_dags/example_complex.py for tasks to queue
[2024-03-08T19:03:14.116+0000] {logging_mixin.py:188} INFO - [2024-03-08T19:03:14.116+0000] {dagbag.py:540} INFO - Filling up the DagBag from /home/airflow/.local/lib/python3.8/site-packages/airflow/example_dags/example_complex.py
[2024-03-08T19:03:14.130+0000] {processor.py:840} INFO - DAG(s) 'example_complex' retrieved from /home/airflow/.local/lib/python3.8/site-packages/airflow/example_dags/example_complex.py
[2024-03-08T19:03:14.167+0000] {logging_mixin.py:188} INFO - [2024-03-08T19:03:14.166+0000] {dag.py:3047} INFO - Sync 1 DAGs
[2024-03-08T19:03:14.177+0000] {logging_mixin.py:188} INFO - [2024-03-08T19:03:14.177+0000] {dag.py:3834} INFO - Setting next_dagrun for example_complex to None, run_after=None
[2024-03-08T19:03:14.209+0000] {processor.py:183} INFO - Processing /home/airflow/.local/lib/python3.8/site-packages/airflow/example_dags/example_complex.py took 0.099 seconds
[2024-03-08T19:03:44.454+0000] {processor.py:161} INFO - Started process (PID=3519) to work on /home/airflow/.local/lib/python3.8/site-packages/airflow/example_dags/example_complex.py
[2024-03-08T19:03:44.456+0000] {processor.py:830} INFO - Processing file /home/airflow/.local/lib/python3.8/site-packages/airflow/example_dags/example_complex.py for tasks to queue
[2024-03-08T19:03:44.458+0000] {logging_mixin.py:188} INFO - [2024-03-08T19:03:44.457+0000] {dagbag.py:540} INFO - Filling up the DagBag from /home/airflow/.local/lib/python3.8/site-packages/airflow/example_dags/example_complex.py
[2024-03-08T19:03:44.471+0000] {processor.py:840} INFO - DAG(s) 'example_complex' retrieved from /home/airflow/.local/lib/python3.8/site-packages/airflow/example_dags/example_complex.py
[2024-03-08T19:03:44.527+0000] {logging_mixin.py:188} INFO - [2024-03-08T19:03:44.526+0000] {dag.py:3047} INFO - Sync 1 DAGs
[2024-03-08T19:03:44.541+0000] {logging_mixin.py:188} INFO - [2024-03-08T19:03:44.540+0000] {dag.py:3834} INFO - Setting next_dagrun for example_complex to None, run_after=None
[2024-03-08T19:03:44.561+0000] {processor.py:183} INFO - Processing /home/airflow/.local/lib/python3.8/site-packages/airflow/example_dags/example_complex.py took 0.110 seconds
[2024-03-08T19:04:14.850+0000] {processor.py:161} INFO - Started process (PID=3574) to work on /home/airflow/.local/lib/python3.8/site-packages/airflow/example_dags/example_complex.py
[2024-03-08T19:04:14.851+0000] {processor.py:830} INFO - Processing file /home/airflow/.local/lib/python3.8/site-packages/airflow/example_dags/example_complex.py for tasks to queue
[2024-03-08T19:04:14.853+0000] {logging_mixin.py:188} INFO - [2024-03-08T19:04:14.852+0000] {dagbag.py:540} INFO - Filling up the DagBag from /home/airflow/.local/lib/python3.8/site-packages/airflow/example_dags/example_complex.py
[2024-03-08T19:04:14.862+0000] {processor.py:840} INFO - DAG(s) 'example_complex' retrieved from /home/airflow/.local/lib/python3.8/site-packages/airflow/example_dags/example_complex.py
[2024-03-08T19:04:14.898+0000] {logging_mixin.py:188} INFO - [2024-03-08T19:04:14.897+0000] {dag.py:3047} INFO - Sync 1 DAGs
[2024-03-08T19:04:14.931+0000] {logging_mixin.py:188} INFO - [2024-03-08T19:04:14.930+0000] {dag.py:3834} INFO - Setting next_dagrun for example_complex to None, run_after=None
[2024-03-08T19:04:14.951+0000] {processor.py:183} INFO - Processing /home/airflow/.local/lib/python3.8/site-packages/airflow/example_dags/example_complex.py took 0.104 seconds
[2024-03-08T19:04:45.039+0000] {processor.py:161} INFO - Started process (PID=3629) to work on /home/airflow/.local/lib/python3.8/site-packages/airflow/example_dags/example_complex.py
[2024-03-08T19:04:45.040+0000] {processor.py:830} INFO - Processing file /home/airflow/.local/lib/python3.8/site-packages/airflow/example_dags/example_complex.py for tasks to queue
[2024-03-08T19:04:45.042+0000] {logging_mixin.py:188} INFO - [2024-03-08T19:04:45.041+0000] {dagbag.py:540} INFO - Filling up the DagBag from /home/airflow/.local/lib/python3.8/site-packages/airflow/example_dags/example_complex.py
[2024-03-08T19:04:45.052+0000] {processor.py:840} INFO - DAG(s) 'example_complex' retrieved from /home/airflow/.local/lib/python3.8/site-packages/airflow/example_dags/example_complex.py
[2024-03-08T19:04:45.083+0000] {logging_mixin.py:188} INFO - [2024-03-08T19:04:45.083+0000] {dag.py:3047} INFO - Sync 1 DAGs
[2024-03-08T19:04:45.095+0000] {logging_mixin.py:188} INFO - [2024-03-08T19:04:45.095+0000] {dag.py:3834} INFO - Setting next_dagrun for example_complex to None, run_after=None
[2024-03-08T19:04:45.112+0000] {processor.py:183} INFO - Processing /home/airflow/.local/lib/python3.8/site-packages/airflow/example_dags/example_complex.py took 0.075 seconds
[2024-03-08T19:05:15.327+0000] {processor.py:161} INFO - Started process (PID=3684) to work on /home/airflow/.local/lib/python3.8/site-packages/airflow/example_dags/example_complex.py
[2024-03-08T19:05:15.328+0000] {processor.py:830} INFO - Processing file /home/airflow/.local/lib/python3.8/site-packages/airflow/example_dags/example_complex.py for tasks to queue
[2024-03-08T19:05:15.329+0000] {logging_mixin.py:188} INFO - [2024-03-08T19:05:15.329+0000] {dagbag.py:540} INFO - Filling up the DagBag from /home/airflow/.local/lib/python3.8/site-packages/airflow/example_dags/example_complex.py
[2024-03-08T19:05:15.342+0000] {processor.py:840} INFO - DAG(s) 'example_complex' retrieved from /home/airflow/.local/lib/python3.8/site-packages/airflow/example_dags/example_complex.py
[2024-03-08T19:05:15.377+0000] {logging_mixin.py:188} INFO - [2024-03-08T19:05:15.377+0000] {dag.py:3047} INFO - Sync 1 DAGs
[2024-03-08T19:05:15.388+0000] {logging_mixin.py:188} INFO - [2024-03-08T19:05:15.387+0000] {dag.py:3834} INFO - Setting next_dagrun for example_complex to None, run_after=None
[2024-03-08T19:05:15.416+0000] {processor.py:183} INFO - Processing /home/airflow/.local/lib/python3.8/site-packages/airflow/example_dags/example_complex.py took 0.091 seconds
[2024-03-08T19:05:45.958+0000] {processor.py:161} INFO - Started process (PID=3739) to work on /home/airflow/.local/lib/python3.8/site-packages/airflow/example_dags/example_complex.py
[2024-03-08T19:05:45.959+0000] {processor.py:830} INFO - Processing file /home/airflow/.local/lib/python3.8/site-packages/airflow/example_dags/example_complex.py for tasks to queue
[2024-03-08T19:05:45.961+0000] {logging_mixin.py:188} INFO - [2024-03-08T19:05:45.961+0000] {dagbag.py:540} INFO - Filling up the DagBag from /home/airflow/.local/lib/python3.8/site-packages/airflow/example_dags/example_complex.py
[2024-03-08T19:05:45.972+0000] {processor.py:840} INFO - DAG(s) 'example_complex' retrieved from /home/airflow/.local/lib/python3.8/site-packages/airflow/example_dags/example_complex.py
[2024-03-08T19:05:46.005+0000] {logging_mixin.py:188} INFO - [2024-03-08T19:05:46.005+0000] {dag.py:3047} INFO - Sync 1 DAGs
[2024-03-08T19:05:46.018+0000] {logging_mixin.py:188} INFO - [2024-03-08T19:05:46.018+0000] {dag.py:3834} INFO - Setting next_dagrun for example_complex to None, run_after=None
[2024-03-08T19:05:46.041+0000] {processor.py:183} INFO - Processing /home/airflow/.local/lib/python3.8/site-packages/airflow/example_dags/example_complex.py took 0.086 seconds
[2024-03-08T19:06:16.175+0000] {processor.py:161} INFO - Started process (PID=3794) to work on /home/airflow/.local/lib/python3.8/site-packages/airflow/example_dags/example_complex.py
[2024-03-08T19:06:16.176+0000] {processor.py:830} INFO - Processing file /home/airflow/.local/lib/python3.8/site-packages/airflow/example_dags/example_complex.py for tasks to queue
[2024-03-08T19:06:16.177+0000] {logging_mixin.py:188} INFO - [2024-03-08T19:06:16.177+0000] {dagbag.py:540} INFO - Filling up the DagBag from /home/airflow/.local/lib/python3.8/site-packages/airflow/example_dags/example_complex.py
[2024-03-08T19:06:16.187+0000] {processor.py:840} INFO - DAG(s) 'example_complex' retrieved from /home/airflow/.local/lib/python3.8/site-packages/airflow/example_dags/example_complex.py
[2024-03-08T19:06:16.231+0000] {logging_mixin.py:188} INFO - [2024-03-08T19:06:16.230+0000] {dag.py:3047} INFO - Sync 1 DAGs
[2024-03-08T19:06:16.243+0000] {logging_mixin.py:188} INFO - [2024-03-08T19:06:16.243+0000] {dag.py:3834} INFO - Setting next_dagrun for example_complex to None, run_after=None
[2024-03-08T19:06:16.259+0000] {processor.py:183} INFO - Processing /home/airflow/.local/lib/python3.8/site-packages/airflow/example_dags/example_complex.py took 0.087 seconds
[2024-03-08T19:06:46.810+0000] {processor.py:161} INFO - Started process (PID=3849) to work on /home/airflow/.local/lib/python3.8/site-packages/airflow/example_dags/example_complex.py
[2024-03-08T19:06:46.811+0000] {processor.py:830} INFO - Processing file /home/airflow/.local/lib/python3.8/site-packages/airflow/example_dags/example_complex.py for tasks to queue
[2024-03-08T19:06:46.812+0000] {logging_mixin.py:188} INFO - [2024-03-08T19:06:46.812+0000] {dagbag.py:540} INFO - Filling up the DagBag from /home/airflow/.local/lib/python3.8/site-packages/airflow/example_dags/example_complex.py
[2024-03-08T19:06:46.822+0000] {processor.py:840} INFO - DAG(s) 'example_complex' retrieved from /home/airflow/.local/lib/python3.8/site-packages/airflow/example_dags/example_complex.py
[2024-03-08T19:06:46.849+0000] {logging_mixin.py:188} INFO - [2024-03-08T19:06:46.848+0000] {dag.py:3047} INFO - Sync 1 DAGs
[2024-03-08T19:06:46.859+0000] {logging_mixin.py:188} INFO - [2024-03-08T19:06:46.859+0000] {dag.py:3834} INFO - Setting next_dagrun for example_complex to None, run_after=None
[2024-03-08T19:06:46.873+0000] {processor.py:183} INFO - Processing /home/airflow/.local/lib/python3.8/site-packages/airflow/example_dags/example_complex.py took 0.066 seconds
[2024-03-08T19:07:17.216+0000] {processor.py:161} INFO - Started process (PID=3904) to work on /home/airflow/.local/lib/python3.8/site-packages/airflow/example_dags/example_complex.py
[2024-03-08T19:07:17.217+0000] {processor.py:830} INFO - Processing file /home/airflow/.local/lib/python3.8/site-packages/airflow/example_dags/example_complex.py for tasks to queue
[2024-03-08T19:07:17.219+0000] {logging_mixin.py:188} INFO - [2024-03-08T19:07:17.218+0000] {dagbag.py:540} INFO - Filling up the DagBag from /home/airflow/.local/lib/python3.8/site-packages/airflow/example_dags/example_complex.py
[2024-03-08T19:07:17.231+0000] {processor.py:840} INFO - DAG(s) 'example_complex' retrieved from /home/airflow/.local/lib/python3.8/site-packages/airflow/example_dags/example_complex.py
[2024-03-08T19:07:17.257+0000] {logging_mixin.py:188} INFO - [2024-03-08T19:07:17.256+0000] {dag.py:3047} INFO - Sync 1 DAGs
[2024-03-08T19:07:17.269+0000] {logging_mixin.py:188} INFO - [2024-03-08T19:07:17.269+0000] {dag.py:3834} INFO - Setting next_dagrun for example_complex to None, run_after=None
[2024-03-08T19:07:17.284+0000] {processor.py:183} INFO - Processing /home/airflow/.local/lib/python3.8/site-packages/airflow/example_dags/example_complex.py took 0.071 seconds
[2024-03-08T21:15:22.324+0000] {processor.py:161} INFO - Started process (PID=158) to work on /home/airflow/.local/lib/python3.8/site-packages/airflow/example_dags/example_complex.py
[2024-03-08T21:15:22.325+0000] {processor.py:830} INFO - Processing file /home/airflow/.local/lib/python3.8/site-packages/airflow/example_dags/example_complex.py for tasks to queue
[2024-03-08T21:15:22.326+0000] {logging_mixin.py:188} INFO - [2024-03-08T21:15:22.326+0000] {dagbag.py:540} INFO - Filling up the DagBag from /home/airflow/.local/lib/python3.8/site-packages/airflow/example_dags/example_complex.py
[2024-03-08T21:15:22.367+0000] {processor.py:840} INFO - DAG(s) 'example_complex' retrieved from /home/airflow/.local/lib/python3.8/site-packages/airflow/example_dags/example_complex.py
[2024-03-08T21:15:22.400+0000] {logging_mixin.py:188} INFO - [2024-03-08T21:15:22.399+0000] {dag.py:3047} INFO - Sync 1 DAGs
[2024-03-08T21:15:22.409+0000] {logging_mixin.py:188} INFO - [2024-03-08T21:15:22.409+0000] {dag.py:3834} INFO - Setting next_dagrun for example_complex to None, run_after=None
[2024-03-08T21:15:22.427+0000] {processor.py:183} INFO - Processing /home/airflow/.local/lib/python3.8/site-packages/airflow/example_dags/example_complex.py took 0.105 seconds
[2024-03-08T21:15:53.038+0000] {processor.py:161} INFO - Started process (PID=213) to work on /home/airflow/.local/lib/python3.8/site-packages/airflow/example_dags/example_complex.py
[2024-03-08T21:15:53.039+0000] {processor.py:830} INFO - Processing file /home/airflow/.local/lib/python3.8/site-packages/airflow/example_dags/example_complex.py for tasks to queue
[2024-03-08T21:15:53.041+0000] {logging_mixin.py:188} INFO - [2024-03-08T21:15:53.040+0000] {dagbag.py:540} INFO - Filling up the DagBag from /home/airflow/.local/lib/python3.8/site-packages/airflow/example_dags/example_complex.py
[2024-03-08T21:15:53.050+0000] {processor.py:840} INFO - DAG(s) 'example_complex' retrieved from /home/airflow/.local/lib/python3.8/site-packages/airflow/example_dags/example_complex.py
[2024-03-08T21:15:53.076+0000] {logging_mixin.py:188} INFO - [2024-03-08T21:15:53.076+0000] {dag.py:3047} INFO - Sync 1 DAGs
[2024-03-08T21:15:53.088+0000] {logging_mixin.py:188} INFO - [2024-03-08T21:15:53.088+0000] {dag.py:3834} INFO - Setting next_dagrun for example_complex to None, run_after=None
[2024-03-08T21:15:53.104+0000] {processor.py:183} INFO - Processing /home/airflow/.local/lib/python3.8/site-packages/airflow/example_dags/example_complex.py took 0.068 seconds
[2024-03-08T21:16:23.672+0000] {processor.py:161} INFO - Started process (PID=268) to work on /home/airflow/.local/lib/python3.8/site-packages/airflow/example_dags/example_complex.py
[2024-03-08T21:16:23.673+0000] {processor.py:830} INFO - Processing file /home/airflow/.local/lib/python3.8/site-packages/airflow/example_dags/example_complex.py for tasks to queue
[2024-03-08T21:16:23.675+0000] {logging_mixin.py:188} INFO - [2024-03-08T21:16:23.674+0000] {dagbag.py:540} INFO - Filling up the DagBag from /home/airflow/.local/lib/python3.8/site-packages/airflow/example_dags/example_complex.py
[2024-03-08T21:16:23.684+0000] {processor.py:840} INFO - DAG(s) 'example_complex' retrieved from /home/airflow/.local/lib/python3.8/site-packages/airflow/example_dags/example_complex.py
[2024-03-08T21:16:23.709+0000] {logging_mixin.py:188} INFO - [2024-03-08T21:16:23.709+0000] {dag.py:3047} INFO - Sync 1 DAGs
[2024-03-08T21:16:23.720+0000] {logging_mixin.py:188} INFO - [2024-03-08T21:16:23.720+0000] {dag.py:3834} INFO - Setting next_dagrun for example_complex to None, run_after=None
[2024-03-08T21:16:23.734+0000] {processor.py:183} INFO - Processing /home/airflow/.local/lib/python3.8/site-packages/airflow/example_dags/example_complex.py took 0.065 seconds
[2024-03-08T21:16:53.927+0000] {processor.py:161} INFO - Started process (PID=323) to work on /home/airflow/.local/lib/python3.8/site-packages/airflow/example_dags/example_complex.py
[2024-03-08T21:16:53.928+0000] {processor.py:830} INFO - Processing file /home/airflow/.local/lib/python3.8/site-packages/airflow/example_dags/example_complex.py for tasks to queue
[2024-03-08T21:16:53.930+0000] {logging_mixin.py:188} INFO - [2024-03-08T21:16:53.929+0000] {dagbag.py:540} INFO - Filling up the DagBag from /home/airflow/.local/lib/python3.8/site-packages/airflow/example_dags/example_complex.py
[2024-03-08T21:16:53.939+0000] {processor.py:840} INFO - DAG(s) 'example_complex' retrieved from /home/airflow/.local/lib/python3.8/site-packages/airflow/example_dags/example_complex.py
[2024-03-08T21:16:53.972+0000] {logging_mixin.py:188} INFO - [2024-03-08T21:16:53.971+0000] {dag.py:3047} INFO - Sync 1 DAGs
[2024-03-08T21:16:53.982+0000] {logging_mixin.py:188} INFO - [2024-03-08T21:16:53.982+0000] {dag.py:3834} INFO - Setting next_dagrun for example_complex to None, run_after=None
[2024-03-08T21:16:54.000+0000] {processor.py:183} INFO - Processing /home/airflow/.local/lib/python3.8/site-packages/airflow/example_dags/example_complex.py took 0.075 seconds
[2024-03-08T21:17:24.147+0000] {processor.py:161} INFO - Started process (PID=378) to work on /home/airflow/.local/lib/python3.8/site-packages/airflow/example_dags/example_complex.py
[2024-03-08T21:17:24.148+0000] {processor.py:830} INFO - Processing file /home/airflow/.local/lib/python3.8/site-packages/airflow/example_dags/example_complex.py for tasks to queue
[2024-03-08T21:17:24.149+0000] {logging_mixin.py:188} INFO - [2024-03-08T21:17:24.149+0000] {dagbag.py:540} INFO - Filling up the DagBag from /home/airflow/.local/lib/python3.8/site-packages/airflow/example_dags/example_complex.py
[2024-03-08T21:17:24.158+0000] {processor.py:840} INFO - DAG(s) 'example_complex' retrieved from /home/airflow/.local/lib/python3.8/site-packages/airflow/example_dags/example_complex.py
[2024-03-08T21:17:24.184+0000] {logging_mixin.py:188} INFO - [2024-03-08T21:17:24.184+0000] {dag.py:3047} INFO - Sync 1 DAGs
[2024-03-08T21:17:24.194+0000] {logging_mixin.py:188} INFO - [2024-03-08T21:17:24.194+0000] {dag.py:3834} INFO - Setting next_dagrun for example_complex to None, run_after=None
[2024-03-08T21:17:24.209+0000] {processor.py:183} INFO - Processing /home/airflow/.local/lib/python3.8/site-packages/airflow/example_dags/example_complex.py took 0.064 seconds
[2024-03-08T21:17:54.346+0000] {processor.py:161} INFO - Started process (PID=433) to work on /home/airflow/.local/lib/python3.8/site-packages/airflow/example_dags/example_complex.py
[2024-03-08T21:17:54.347+0000] {processor.py:830} INFO - Processing file /home/airflow/.local/lib/python3.8/site-packages/airflow/example_dags/example_complex.py for tasks to queue
[2024-03-08T21:17:54.348+0000] {logging_mixin.py:188} INFO - [2024-03-08T21:17:54.348+0000] {dagbag.py:540} INFO - Filling up the DagBag from /home/airflow/.local/lib/python3.8/site-packages/airflow/example_dags/example_complex.py
[2024-03-08T21:17:54.358+0000] {processor.py:840} INFO - DAG(s) 'example_complex' retrieved from /home/airflow/.local/lib/python3.8/site-packages/airflow/example_dags/example_complex.py
[2024-03-08T21:17:54.382+0000] {logging_mixin.py:188} INFO - [2024-03-08T21:17:54.382+0000] {dag.py:3047} INFO - Sync 1 DAGs
[2024-03-08T21:17:54.393+0000] {logging_mixin.py:188} INFO - [2024-03-08T21:17:54.393+0000] {dag.py:3834} INFO - Setting next_dagrun for example_complex to None, run_after=None
[2024-03-08T21:17:54.408+0000] {processor.py:183} INFO - Processing /home/airflow/.local/lib/python3.8/site-packages/airflow/example_dags/example_complex.py took 0.065 seconds
[2024-03-08T21:18:24.727+0000] {processor.py:161} INFO - Started process (PID=488) to work on /home/airflow/.local/lib/python3.8/site-packages/airflow/example_dags/example_complex.py
[2024-03-08T21:18:24.728+0000] {processor.py:830} INFO - Processing file /home/airflow/.local/lib/python3.8/site-packages/airflow/example_dags/example_complex.py for tasks to queue
[2024-03-08T21:18:24.730+0000] {logging_mixin.py:188} INFO - [2024-03-08T21:18:24.729+0000] {dagbag.py:540} INFO - Filling up the DagBag from /home/airflow/.local/lib/python3.8/site-packages/airflow/example_dags/example_complex.py
[2024-03-08T21:18:24.740+0000] {processor.py:840} INFO - DAG(s) 'example_complex' retrieved from /home/airflow/.local/lib/python3.8/site-packages/airflow/example_dags/example_complex.py
[2024-03-08T21:18:24.766+0000] {logging_mixin.py:188} INFO - [2024-03-08T21:18:24.765+0000] {dag.py:3047} INFO - Sync 1 DAGs
[2024-03-08T21:18:24.776+0000] {logging_mixin.py:188} INFO - [2024-03-08T21:18:24.775+0000] {dag.py:3834} INFO - Setting next_dagrun for example_complex to None, run_after=None
[2024-03-08T21:18:24.791+0000] {processor.py:183} INFO - Processing /home/airflow/.local/lib/python3.8/site-packages/airflow/example_dags/example_complex.py took 0.065 seconds
