[2024-03-08T18:32:43.915+0000] {processor.py:161} INFO - Started process (PID=175) to work on /home/airflow/.local/lib/python3.8/site-packages/airflow/example_dags/example_sensors.py
[2024-03-08T18:32:43.916+0000] {processor.py:830} INFO - Processing file /home/airflow/.local/lib/python3.8/site-packages/airflow/example_dags/example_sensors.py for tasks to queue
[2024-03-08T18:32:43.917+0000] {logging_mixin.py:188} INFO - [2024-03-08T18:32:43.917+0000] {dagbag.py:540} INFO - Filling up the DagBag from /home/airflow/.local/lib/python3.8/site-packages/airflow/example_dags/example_sensors.py
[2024-03-08T18:32:43.927+0000] {processor.py:840} INFO - DAG(s) 'example_sensors' retrieved from /home/airflow/.local/lib/python3.8/site-packages/airflow/example_dags/example_sensors.py
[2024-03-08T18:32:43.937+0000] {logging_mixin.py:188} INFO - [2024-03-08T18:32:43.937+0000] {dag.py:3047} INFO - Sync 1 DAGs
[2024-03-08T18:32:43.947+0000] {logging_mixin.py:188} INFO - [2024-03-08T18:32:43.947+0000] {dag.py:3834} INFO - Setting next_dagrun for example_sensors to None, run_after=None
[2024-03-08T18:32:43.962+0000] {processor.py:183} INFO - Processing /home/airflow/.local/lib/python3.8/site-packages/airflow/example_dags/example_sensors.py took 0.049 seconds
[2024-03-08T18:33:15.230+0000] {processor.py:161} INFO - Started process (PID=230) to work on /home/airflow/.local/lib/python3.8/site-packages/airflow/example_dags/example_sensors.py
[2024-03-08T18:33:15.231+0000] {processor.py:830} INFO - Processing file /home/airflow/.local/lib/python3.8/site-packages/airflow/example_dags/example_sensors.py for tasks to queue
[2024-03-08T18:33:15.232+0000] {logging_mixin.py:188} INFO - [2024-03-08T18:33:15.232+0000] {dagbag.py:540} INFO - Filling up the DagBag from /home/airflow/.local/lib/python3.8/site-packages/airflow/example_dags/example_sensors.py
[2024-03-08T18:33:15.240+0000] {processor.py:840} INFO - DAG(s) 'example_sensors' retrieved from /home/airflow/.local/lib/python3.8/site-packages/airflow/example_dags/example_sensors.py
[2024-03-08T18:33:15.347+0000] {logging_mixin.py:188} INFO - [2024-03-08T18:33:15.347+0000] {dag.py:3047} INFO - Sync 1 DAGs
[2024-03-08T18:33:15.356+0000] {logging_mixin.py:188} INFO - [2024-03-08T18:33:15.356+0000] {dag.py:3834} INFO - Setting next_dagrun for example_sensors to None, run_after=None
[2024-03-08T18:33:15.374+0000] {processor.py:183} INFO - Processing /home/airflow/.local/lib/python3.8/site-packages/airflow/example_dags/example_sensors.py took 0.147 seconds
[2024-03-08T18:33:45.598+0000] {processor.py:161} INFO - Started process (PID=285) to work on /home/airflow/.local/lib/python3.8/site-packages/airflow/example_dags/example_sensors.py
[2024-03-08T18:33:45.599+0000] {processor.py:830} INFO - Processing file /home/airflow/.local/lib/python3.8/site-packages/airflow/example_dags/example_sensors.py for tasks to queue
[2024-03-08T18:33:45.601+0000] {logging_mixin.py:188} INFO - [2024-03-08T18:33:45.600+0000] {dagbag.py:540} INFO - Filling up the DagBag from /home/airflow/.local/lib/python3.8/site-packages/airflow/example_dags/example_sensors.py
[2024-03-08T18:33:45.609+0000] {processor.py:840} INFO - DAG(s) 'example_sensors' retrieved from /home/airflow/.local/lib/python3.8/site-packages/airflow/example_dags/example_sensors.py
[2024-03-08T18:33:45.633+0000] {logging_mixin.py:188} INFO - [2024-03-08T18:33:45.633+0000] {dag.py:3047} INFO - Sync 1 DAGs
[2024-03-08T18:33:45.645+0000] {logging_mixin.py:188} INFO - [2024-03-08T18:33:45.644+0000] {dag.py:3834} INFO - Setting next_dagrun for example_sensors to None, run_after=None
[2024-03-08T18:33:45.662+0000] {processor.py:183} INFO - Processing /home/airflow/.local/lib/python3.8/site-packages/airflow/example_dags/example_sensors.py took 0.067 seconds
[2024-03-08T18:34:16.602+0000] {processor.py:161} INFO - Started process (PID=340) to work on /home/airflow/.local/lib/python3.8/site-packages/airflow/example_dags/example_sensors.py
[2024-03-08T18:34:16.603+0000] {processor.py:830} INFO - Processing file /home/airflow/.local/lib/python3.8/site-packages/airflow/example_dags/example_sensors.py for tasks to queue
[2024-03-08T18:34:16.605+0000] {logging_mixin.py:188} INFO - [2024-03-08T18:34:16.604+0000] {dagbag.py:540} INFO - Filling up the DagBag from /home/airflow/.local/lib/python3.8/site-packages/airflow/example_dags/example_sensors.py
[2024-03-08T18:34:16.612+0000] {processor.py:840} INFO - DAG(s) 'example_sensors' retrieved from /home/airflow/.local/lib/python3.8/site-packages/airflow/example_dags/example_sensors.py
[2024-03-08T18:34:16.633+0000] {logging_mixin.py:188} INFO - [2024-03-08T18:34:16.633+0000] {dag.py:3047} INFO - Sync 1 DAGs
[2024-03-08T18:34:16.647+0000] {logging_mixin.py:188} INFO - [2024-03-08T18:34:16.646+0000] {dag.py:3834} INFO - Setting next_dagrun for example_sensors to None, run_after=None
[2024-03-08T18:34:16.662+0000] {processor.py:183} INFO - Processing /home/airflow/.local/lib/python3.8/site-packages/airflow/example_dags/example_sensors.py took 0.062 seconds
[2024-03-08T18:34:47.244+0000] {processor.py:161} INFO - Started process (PID=395) to work on /home/airflow/.local/lib/python3.8/site-packages/airflow/example_dags/example_sensors.py
[2024-03-08T18:34:47.245+0000] {processor.py:830} INFO - Processing file /home/airflow/.local/lib/python3.8/site-packages/airflow/example_dags/example_sensors.py for tasks to queue
[2024-03-08T18:34:47.246+0000] {logging_mixin.py:188} INFO - [2024-03-08T18:34:47.246+0000] {dagbag.py:540} INFO - Filling up the DagBag from /home/airflow/.local/lib/python3.8/site-packages/airflow/example_dags/example_sensors.py
[2024-03-08T18:34:47.254+0000] {processor.py:840} INFO - DAG(s) 'example_sensors' retrieved from /home/airflow/.local/lib/python3.8/site-packages/airflow/example_dags/example_sensors.py
[2024-03-08T18:34:47.277+0000] {logging_mixin.py:188} INFO - [2024-03-08T18:34:47.276+0000] {dag.py:3047} INFO - Sync 1 DAGs
[2024-03-08T18:34:47.298+0000] {logging_mixin.py:188} INFO - [2024-03-08T18:34:47.298+0000] {dag.py:3834} INFO - Setting next_dagrun for example_sensors to None, run_after=None
[2024-03-08T18:34:47.314+0000] {processor.py:183} INFO - Processing /home/airflow/.local/lib/python3.8/site-packages/airflow/example_dags/example_sensors.py took 0.072 seconds
[2024-03-08T18:35:17.648+0000] {processor.py:161} INFO - Started process (PID=450) to work on /home/airflow/.local/lib/python3.8/site-packages/airflow/example_dags/example_sensors.py
[2024-03-08T18:35:17.649+0000] {processor.py:830} INFO - Processing file /home/airflow/.local/lib/python3.8/site-packages/airflow/example_dags/example_sensors.py for tasks to queue
[2024-03-08T18:35:17.650+0000] {logging_mixin.py:188} INFO - [2024-03-08T18:35:17.650+0000] {dagbag.py:540} INFO - Filling up the DagBag from /home/airflow/.local/lib/python3.8/site-packages/airflow/example_dags/example_sensors.py
[2024-03-08T18:35:17.657+0000] {processor.py:840} INFO - DAG(s) 'example_sensors' retrieved from /home/airflow/.local/lib/python3.8/site-packages/airflow/example_dags/example_sensors.py
[2024-03-08T18:35:17.676+0000] {logging_mixin.py:188} INFO - [2024-03-08T18:35:17.676+0000] {dag.py:3047} INFO - Sync 1 DAGs
[2024-03-08T18:35:17.686+0000] {logging_mixin.py:188} INFO - [2024-03-08T18:35:17.686+0000] {dag.py:3834} INFO - Setting next_dagrun for example_sensors to None, run_after=None
[2024-03-08T18:35:17.700+0000] {processor.py:183} INFO - Processing /home/airflow/.local/lib/python3.8/site-packages/airflow/example_dags/example_sensors.py took 0.054 seconds
[2024-03-08T18:35:48.207+0000] {processor.py:161} INFO - Started process (PID=505) to work on /home/airflow/.local/lib/python3.8/site-packages/airflow/example_dags/example_sensors.py
[2024-03-08T18:35:48.208+0000] {processor.py:830} INFO - Processing file /home/airflow/.local/lib/python3.8/site-packages/airflow/example_dags/example_sensors.py for tasks to queue
[2024-03-08T18:35:48.209+0000] {logging_mixin.py:188} INFO - [2024-03-08T18:35:48.209+0000] {dagbag.py:540} INFO - Filling up the DagBag from /home/airflow/.local/lib/python3.8/site-packages/airflow/example_dags/example_sensors.py
[2024-03-08T18:35:48.217+0000] {processor.py:840} INFO - DAG(s) 'example_sensors' retrieved from /home/airflow/.local/lib/python3.8/site-packages/airflow/example_dags/example_sensors.py
[2024-03-08T18:35:48.238+0000] {logging_mixin.py:188} INFO - [2024-03-08T18:35:48.238+0000] {dag.py:3047} INFO - Sync 1 DAGs
[2024-03-08T18:35:48.249+0000] {logging_mixin.py:188} INFO - [2024-03-08T18:35:48.249+0000] {dag.py:3834} INFO - Setting next_dagrun for example_sensors to None, run_after=None
[2024-03-08T18:35:48.264+0000] {processor.py:183} INFO - Processing /home/airflow/.local/lib/python3.8/site-packages/airflow/example_dags/example_sensors.py took 0.059 seconds
[2024-03-08T18:36:19.015+0000] {processor.py:161} INFO - Started process (PID=560) to work on /home/airflow/.local/lib/python3.8/site-packages/airflow/example_dags/example_sensors.py
[2024-03-08T18:36:19.016+0000] {processor.py:830} INFO - Processing file /home/airflow/.local/lib/python3.8/site-packages/airflow/example_dags/example_sensors.py for tasks to queue
[2024-03-08T18:36:19.017+0000] {logging_mixin.py:188} INFO - [2024-03-08T18:36:19.017+0000] {dagbag.py:540} INFO - Filling up the DagBag from /home/airflow/.local/lib/python3.8/site-packages/airflow/example_dags/example_sensors.py
[2024-03-08T18:36:19.025+0000] {processor.py:840} INFO - DAG(s) 'example_sensors' retrieved from /home/airflow/.local/lib/python3.8/site-packages/airflow/example_dags/example_sensors.py
[2024-03-08T18:36:19.045+0000] {logging_mixin.py:188} INFO - [2024-03-08T18:36:19.045+0000] {dag.py:3047} INFO - Sync 1 DAGs
[2024-03-08T18:36:19.054+0000] {logging_mixin.py:188} INFO - [2024-03-08T18:36:19.054+0000] {dag.py:3834} INFO - Setting next_dagrun for example_sensors to None, run_after=None
[2024-03-08T18:36:19.069+0000] {processor.py:183} INFO - Processing /home/airflow/.local/lib/python3.8/site-packages/airflow/example_dags/example_sensors.py took 0.056 seconds
[2024-03-08T18:36:49.730+0000] {processor.py:161} INFO - Started process (PID=615) to work on /home/airflow/.local/lib/python3.8/site-packages/airflow/example_dags/example_sensors.py
[2024-03-08T18:36:49.731+0000] {processor.py:830} INFO - Processing file /home/airflow/.local/lib/python3.8/site-packages/airflow/example_dags/example_sensors.py for tasks to queue
[2024-03-08T18:36:49.732+0000] {logging_mixin.py:188} INFO - [2024-03-08T18:36:49.732+0000] {dagbag.py:540} INFO - Filling up the DagBag from /home/airflow/.local/lib/python3.8/site-packages/airflow/example_dags/example_sensors.py
[2024-03-08T18:36:49.739+0000] {processor.py:840} INFO - DAG(s) 'example_sensors' retrieved from /home/airflow/.local/lib/python3.8/site-packages/airflow/example_dags/example_sensors.py
[2024-03-08T18:36:49.761+0000] {logging_mixin.py:188} INFO - [2024-03-08T18:36:49.761+0000] {dag.py:3047} INFO - Sync 1 DAGs
[2024-03-08T18:36:49.795+0000] {logging_mixin.py:188} INFO - [2024-03-08T18:36:49.795+0000] {dag.py:3834} INFO - Setting next_dagrun for example_sensors to None, run_after=None
[2024-03-08T18:36:49.809+0000] {processor.py:183} INFO - Processing /home/airflow/.local/lib/python3.8/site-packages/airflow/example_dags/example_sensors.py took 0.082 seconds
[2024-03-08T18:37:20.550+0000] {processor.py:161} INFO - Started process (PID=670) to work on /home/airflow/.local/lib/python3.8/site-packages/airflow/example_dags/example_sensors.py
[2024-03-08T18:37:20.551+0000] {processor.py:830} INFO - Processing file /home/airflow/.local/lib/python3.8/site-packages/airflow/example_dags/example_sensors.py for tasks to queue
[2024-03-08T18:37:20.552+0000] {logging_mixin.py:188} INFO - [2024-03-08T18:37:20.552+0000] {dagbag.py:540} INFO - Filling up the DagBag from /home/airflow/.local/lib/python3.8/site-packages/airflow/example_dags/example_sensors.py
[2024-03-08T18:37:20.559+0000] {processor.py:840} INFO - DAG(s) 'example_sensors' retrieved from /home/airflow/.local/lib/python3.8/site-packages/airflow/example_dags/example_sensors.py
[2024-03-08T18:37:20.590+0000] {logging_mixin.py:188} INFO - [2024-03-08T18:37:20.589+0000] {dag.py:3047} INFO - Sync 1 DAGs
[2024-03-08T18:37:20.603+0000] {logging_mixin.py:188} INFO - [2024-03-08T18:37:20.603+0000] {dag.py:3834} INFO - Setting next_dagrun for example_sensors to None, run_after=None
[2024-03-08T18:37:20.621+0000] {processor.py:183} INFO - Processing /home/airflow/.local/lib/python3.8/site-packages/airflow/example_dags/example_sensors.py took 0.073 seconds
[2024-03-08T18:37:52.476+0000] {processor.py:161} INFO - Started process (PID=725) to work on /home/airflow/.local/lib/python3.8/site-packages/airflow/example_dags/example_sensors.py
[2024-03-08T18:37:52.477+0000] {processor.py:830} INFO - Processing file /home/airflow/.local/lib/python3.8/site-packages/airflow/example_dags/example_sensors.py for tasks to queue
[2024-03-08T18:37:52.479+0000] {logging_mixin.py:188} INFO - [2024-03-08T18:37:52.478+0000] {dagbag.py:540} INFO - Filling up the DagBag from /home/airflow/.local/lib/python3.8/site-packages/airflow/example_dags/example_sensors.py
[2024-03-08T18:37:52.486+0000] {processor.py:840} INFO - DAG(s) 'example_sensors' retrieved from /home/airflow/.local/lib/python3.8/site-packages/airflow/example_dags/example_sensors.py
[2024-03-08T18:37:52.508+0000] {logging_mixin.py:188} INFO - [2024-03-08T18:37:52.507+0000] {dag.py:3047} INFO - Sync 1 DAGs
[2024-03-08T18:37:52.519+0000] {logging_mixin.py:188} INFO - [2024-03-08T18:37:52.519+0000] {dag.py:3834} INFO - Setting next_dagrun for example_sensors to None, run_after=None
[2024-03-08T18:37:52.537+0000] {processor.py:183} INFO - Processing /home/airflow/.local/lib/python3.8/site-packages/airflow/example_dags/example_sensors.py took 0.063 seconds
[2024-03-08T18:38:23.825+0000] {processor.py:161} INFO - Started process (PID=780) to work on /home/airflow/.local/lib/python3.8/site-packages/airflow/example_dags/example_sensors.py
[2024-03-08T18:38:23.827+0000] {processor.py:830} INFO - Processing file /home/airflow/.local/lib/python3.8/site-packages/airflow/example_dags/example_sensors.py for tasks to queue
[2024-03-08T18:38:23.829+0000] {logging_mixin.py:188} INFO - [2024-03-08T18:38:23.829+0000] {dagbag.py:540} INFO - Filling up the DagBag from /home/airflow/.local/lib/python3.8/site-packages/airflow/example_dags/example_sensors.py
[2024-03-08T18:38:23.839+0000] {processor.py:840} INFO - DAG(s) 'example_sensors' retrieved from /home/airflow/.local/lib/python3.8/site-packages/airflow/example_dags/example_sensors.py
[2024-03-08T18:38:23.871+0000] {logging_mixin.py:188} INFO - [2024-03-08T18:38:23.871+0000] {dag.py:3047} INFO - Sync 1 DAGs
[2024-03-08T18:38:23.892+0000] {logging_mixin.py:188} INFO - [2024-03-08T18:38:23.892+0000] {dag.py:3834} INFO - Setting next_dagrun for example_sensors to None, run_after=None
[2024-03-08T18:38:23.914+0000] {processor.py:183} INFO - Processing /home/airflow/.local/lib/python3.8/site-packages/airflow/example_dags/example_sensors.py took 0.093 seconds
[2024-03-08T18:38:54.791+0000] {processor.py:161} INFO - Started process (PID=835) to work on /home/airflow/.local/lib/python3.8/site-packages/airflow/example_dags/example_sensors.py
[2024-03-08T18:38:54.792+0000] {processor.py:830} INFO - Processing file /home/airflow/.local/lib/python3.8/site-packages/airflow/example_dags/example_sensors.py for tasks to queue
[2024-03-08T18:38:54.793+0000] {logging_mixin.py:188} INFO - [2024-03-08T18:38:54.793+0000] {dagbag.py:540} INFO - Filling up the DagBag from /home/airflow/.local/lib/python3.8/site-packages/airflow/example_dags/example_sensors.py
[2024-03-08T18:38:54.802+0000] {processor.py:840} INFO - DAG(s) 'example_sensors' retrieved from /home/airflow/.local/lib/python3.8/site-packages/airflow/example_dags/example_sensors.py
[2024-03-08T18:38:54.825+0000] {logging_mixin.py:188} INFO - [2024-03-08T18:38:54.825+0000] {dag.py:3047} INFO - Sync 1 DAGs
[2024-03-08T18:38:54.836+0000] {logging_mixin.py:188} INFO - [2024-03-08T18:38:54.836+0000] {dag.py:3834} INFO - Setting next_dagrun for example_sensors to None, run_after=None
[2024-03-08T18:38:54.853+0000] {processor.py:183} INFO - Processing /home/airflow/.local/lib/python3.8/site-packages/airflow/example_dags/example_sensors.py took 0.073 seconds
[2024-03-08T18:39:25.808+0000] {processor.py:161} INFO - Started process (PID=890) to work on /home/airflow/.local/lib/python3.8/site-packages/airflow/example_dags/example_sensors.py
[2024-03-08T18:39:25.809+0000] {processor.py:830} INFO - Processing file /home/airflow/.local/lib/python3.8/site-packages/airflow/example_dags/example_sensors.py for tasks to queue
[2024-03-08T18:39:25.810+0000] {logging_mixin.py:188} INFO - [2024-03-08T18:39:25.810+0000] {dagbag.py:540} INFO - Filling up the DagBag from /home/airflow/.local/lib/python3.8/site-packages/airflow/example_dags/example_sensors.py
[2024-03-08T18:39:25.817+0000] {processor.py:840} INFO - DAG(s) 'example_sensors' retrieved from /home/airflow/.local/lib/python3.8/site-packages/airflow/example_dags/example_sensors.py
[2024-03-08T18:39:25.838+0000] {logging_mixin.py:188} INFO - [2024-03-08T18:39:25.838+0000] {dag.py:3047} INFO - Sync 1 DAGs
[2024-03-08T18:39:25.848+0000] {logging_mixin.py:188} INFO - [2024-03-08T18:39:25.848+0000] {dag.py:3834} INFO - Setting next_dagrun for example_sensors to None, run_after=None
[2024-03-08T18:39:25.863+0000] {processor.py:183} INFO - Processing /home/airflow/.local/lib/python3.8/site-packages/airflow/example_dags/example_sensors.py took 0.057 seconds
[2024-03-08T18:39:56.206+0000] {processor.py:161} INFO - Started process (PID=945) to work on /home/airflow/.local/lib/python3.8/site-packages/airflow/example_dags/example_sensors.py
[2024-03-08T18:39:56.206+0000] {processor.py:830} INFO - Processing file /home/airflow/.local/lib/python3.8/site-packages/airflow/example_dags/example_sensors.py for tasks to queue
[2024-03-08T18:39:56.208+0000] {logging_mixin.py:188} INFO - [2024-03-08T18:39:56.207+0000] {dagbag.py:540} INFO - Filling up the DagBag from /home/airflow/.local/lib/python3.8/site-packages/airflow/example_dags/example_sensors.py
[2024-03-08T18:39:56.215+0000] {processor.py:840} INFO - DAG(s) 'example_sensors' retrieved from /home/airflow/.local/lib/python3.8/site-packages/airflow/example_dags/example_sensors.py
[2024-03-08T18:39:56.236+0000] {logging_mixin.py:188} INFO - [2024-03-08T18:39:56.236+0000] {dag.py:3047} INFO - Sync 1 DAGs
[2024-03-08T18:39:56.246+0000] {logging_mixin.py:188} INFO - [2024-03-08T18:39:56.246+0000] {dag.py:3834} INFO - Setting next_dagrun for example_sensors to None, run_after=None
[2024-03-08T18:39:56.260+0000] {processor.py:183} INFO - Processing /home/airflow/.local/lib/python3.8/site-packages/airflow/example_dags/example_sensors.py took 0.057 seconds
[2024-03-08T18:40:26.514+0000] {processor.py:161} INFO - Started process (PID=1000) to work on /home/airflow/.local/lib/python3.8/site-packages/airflow/example_dags/example_sensors.py
[2024-03-08T18:40:26.515+0000] {processor.py:830} INFO - Processing file /home/airflow/.local/lib/python3.8/site-packages/airflow/example_dags/example_sensors.py for tasks to queue
[2024-03-08T18:40:26.516+0000] {logging_mixin.py:188} INFO - [2024-03-08T18:40:26.516+0000] {dagbag.py:540} INFO - Filling up the DagBag from /home/airflow/.local/lib/python3.8/site-packages/airflow/example_dags/example_sensors.py
[2024-03-08T18:40:26.524+0000] {processor.py:840} INFO - DAG(s) 'example_sensors' retrieved from /home/airflow/.local/lib/python3.8/site-packages/airflow/example_dags/example_sensors.py
[2024-03-08T18:40:26.548+0000] {logging_mixin.py:188} INFO - [2024-03-08T18:40:26.548+0000] {dag.py:3047} INFO - Sync 1 DAGs
[2024-03-08T18:40:26.559+0000] {logging_mixin.py:188} INFO - [2024-03-08T18:40:26.559+0000] {dag.py:3834} INFO - Setting next_dagrun for example_sensors to None, run_after=None
[2024-03-08T18:40:26.577+0000] {processor.py:183} INFO - Processing /home/airflow/.local/lib/python3.8/site-packages/airflow/example_dags/example_sensors.py took 0.066 seconds
[2024-03-08T18:40:56.931+0000] {processor.py:161} INFO - Started process (PID=1055) to work on /home/airflow/.local/lib/python3.8/site-packages/airflow/example_dags/example_sensors.py
[2024-03-08T18:40:56.932+0000] {processor.py:830} INFO - Processing file /home/airflow/.local/lib/python3.8/site-packages/airflow/example_dags/example_sensors.py for tasks to queue
[2024-03-08T18:40:56.934+0000] {logging_mixin.py:188} INFO - [2024-03-08T18:40:56.933+0000] {dagbag.py:540} INFO - Filling up the DagBag from /home/airflow/.local/lib/python3.8/site-packages/airflow/example_dags/example_sensors.py
[2024-03-08T18:40:56.942+0000] {processor.py:840} INFO - DAG(s) 'example_sensors' retrieved from /home/airflow/.local/lib/python3.8/site-packages/airflow/example_dags/example_sensors.py
[2024-03-08T18:40:56.966+0000] {logging_mixin.py:188} INFO - [2024-03-08T18:40:56.966+0000] {dag.py:3047} INFO - Sync 1 DAGs
[2024-03-08T18:40:56.976+0000] {logging_mixin.py:188} INFO - [2024-03-08T18:40:56.976+0000] {dag.py:3834} INFO - Setting next_dagrun for example_sensors to None, run_after=None
[2024-03-08T18:40:56.991+0000] {processor.py:183} INFO - Processing /home/airflow/.local/lib/python3.8/site-packages/airflow/example_dags/example_sensors.py took 0.062 seconds
[2024-03-08T18:41:27.529+0000] {processor.py:161} INFO - Started process (PID=1110) to work on /home/airflow/.local/lib/python3.8/site-packages/airflow/example_dags/example_sensors.py
[2024-03-08T18:41:27.530+0000] {processor.py:830} INFO - Processing file /home/airflow/.local/lib/python3.8/site-packages/airflow/example_dags/example_sensors.py for tasks to queue
[2024-03-08T18:41:27.532+0000] {logging_mixin.py:188} INFO - [2024-03-08T18:41:27.531+0000] {dagbag.py:540} INFO - Filling up the DagBag from /home/airflow/.local/lib/python3.8/site-packages/airflow/example_dags/example_sensors.py
[2024-03-08T18:41:27.538+0000] {processor.py:840} INFO - DAG(s) 'example_sensors' retrieved from /home/airflow/.local/lib/python3.8/site-packages/airflow/example_dags/example_sensors.py
[2024-03-08T18:41:27.564+0000] {logging_mixin.py:188} INFO - [2024-03-08T18:41:27.563+0000] {dag.py:3047} INFO - Sync 1 DAGs
[2024-03-08T18:41:27.574+0000] {logging_mixin.py:188} INFO - [2024-03-08T18:41:27.573+0000] {dag.py:3834} INFO - Setting next_dagrun for example_sensors to None, run_after=None
[2024-03-08T18:41:27.589+0000] {processor.py:183} INFO - Processing /home/airflow/.local/lib/python3.8/site-packages/airflow/example_dags/example_sensors.py took 0.062 seconds
[2024-03-08T18:41:57.820+0000] {processor.py:161} INFO - Started process (PID=1165) to work on /home/airflow/.local/lib/python3.8/site-packages/airflow/example_dags/example_sensors.py
[2024-03-08T18:41:57.821+0000] {processor.py:830} INFO - Processing file /home/airflow/.local/lib/python3.8/site-packages/airflow/example_dags/example_sensors.py for tasks to queue
[2024-03-08T18:41:57.823+0000] {logging_mixin.py:188} INFO - [2024-03-08T18:41:57.822+0000] {dagbag.py:540} INFO - Filling up the DagBag from /home/airflow/.local/lib/python3.8/site-packages/airflow/example_dags/example_sensors.py
[2024-03-08T18:41:57.830+0000] {processor.py:840} INFO - DAG(s) 'example_sensors' retrieved from /home/airflow/.local/lib/python3.8/site-packages/airflow/example_dags/example_sensors.py
[2024-03-08T18:41:57.853+0000] {logging_mixin.py:188} INFO - [2024-03-08T18:41:57.853+0000] {dag.py:3047} INFO - Sync 1 DAGs
[2024-03-08T18:41:57.865+0000] {logging_mixin.py:188} INFO - [2024-03-08T18:41:57.864+0000] {dag.py:3834} INFO - Setting next_dagrun for example_sensors to None, run_after=None
[2024-03-08T18:41:57.880+0000] {processor.py:183} INFO - Processing /home/airflow/.local/lib/python3.8/site-packages/airflow/example_dags/example_sensors.py took 0.063 seconds
[2024-03-08T18:42:28.109+0000] {processor.py:161} INFO - Started process (PID=1220) to work on /home/airflow/.local/lib/python3.8/site-packages/airflow/example_dags/example_sensors.py
[2024-03-08T18:42:28.110+0000] {processor.py:830} INFO - Processing file /home/airflow/.local/lib/python3.8/site-packages/airflow/example_dags/example_sensors.py for tasks to queue
[2024-03-08T18:42:28.111+0000] {logging_mixin.py:188} INFO - [2024-03-08T18:42:28.111+0000] {dagbag.py:540} INFO - Filling up the DagBag from /home/airflow/.local/lib/python3.8/site-packages/airflow/example_dags/example_sensors.py
[2024-03-08T18:42:28.118+0000] {processor.py:840} INFO - DAG(s) 'example_sensors' retrieved from /home/airflow/.local/lib/python3.8/site-packages/airflow/example_dags/example_sensors.py
[2024-03-08T18:42:28.138+0000] {logging_mixin.py:188} INFO - [2024-03-08T18:42:28.138+0000] {dag.py:3047} INFO - Sync 1 DAGs
[2024-03-08T18:42:28.148+0000] {logging_mixin.py:188} INFO - [2024-03-08T18:42:28.148+0000] {dag.py:3834} INFO - Setting next_dagrun for example_sensors to None, run_after=None
[2024-03-08T18:42:28.162+0000] {processor.py:183} INFO - Processing /home/airflow/.local/lib/python3.8/site-packages/airflow/example_dags/example_sensors.py took 0.056 seconds
[2024-03-08T18:42:58.263+0000] {processor.py:161} INFO - Started process (PID=1275) to work on /home/airflow/.local/lib/python3.8/site-packages/airflow/example_dags/example_sensors.py
[2024-03-08T18:42:58.264+0000] {processor.py:830} INFO - Processing file /home/airflow/.local/lib/python3.8/site-packages/airflow/example_dags/example_sensors.py for tasks to queue
[2024-03-08T18:42:58.265+0000] {logging_mixin.py:188} INFO - [2024-03-08T18:42:58.265+0000] {dagbag.py:540} INFO - Filling up the DagBag from /home/airflow/.local/lib/python3.8/site-packages/airflow/example_dags/example_sensors.py
[2024-03-08T18:42:58.272+0000] {processor.py:840} INFO - DAG(s) 'example_sensors' retrieved from /home/airflow/.local/lib/python3.8/site-packages/airflow/example_dags/example_sensors.py
[2024-03-08T18:42:58.293+0000] {logging_mixin.py:188} INFO - [2024-03-08T18:42:58.293+0000] {dag.py:3047} INFO - Sync 1 DAGs
[2024-03-08T18:42:58.302+0000] {logging_mixin.py:188} INFO - [2024-03-08T18:42:58.302+0000] {dag.py:3834} INFO - Setting next_dagrun for example_sensors to None, run_after=None
[2024-03-08T18:42:58.316+0000] {processor.py:183} INFO - Processing /home/airflow/.local/lib/python3.8/site-packages/airflow/example_dags/example_sensors.py took 0.055 seconds
[2024-03-08T18:43:28.821+0000] {processor.py:161} INFO - Started process (PID=1330) to work on /home/airflow/.local/lib/python3.8/site-packages/airflow/example_dags/example_sensors.py
[2024-03-08T18:43:28.822+0000] {processor.py:830} INFO - Processing file /home/airflow/.local/lib/python3.8/site-packages/airflow/example_dags/example_sensors.py for tasks to queue
[2024-03-08T18:43:28.823+0000] {logging_mixin.py:188} INFO - [2024-03-08T18:43:28.823+0000] {dagbag.py:540} INFO - Filling up the DagBag from /home/airflow/.local/lib/python3.8/site-packages/airflow/example_dags/example_sensors.py
[2024-03-08T18:43:28.830+0000] {processor.py:840} INFO - DAG(s) 'example_sensors' retrieved from /home/airflow/.local/lib/python3.8/site-packages/airflow/example_dags/example_sensors.py
[2024-03-08T18:43:28.850+0000] {logging_mixin.py:188} INFO - [2024-03-08T18:43:28.849+0000] {dag.py:3047} INFO - Sync 1 DAGs
[2024-03-08T18:43:28.859+0000] {logging_mixin.py:188} INFO - [2024-03-08T18:43:28.859+0000] {dag.py:3834} INFO - Setting next_dagrun for example_sensors to None, run_after=None
[2024-03-08T18:43:28.874+0000] {processor.py:183} INFO - Processing /home/airflow/.local/lib/python3.8/site-packages/airflow/example_dags/example_sensors.py took 0.055 seconds
[2024-03-08T18:43:59.205+0000] {processor.py:161} INFO - Started process (PID=1385) to work on /home/airflow/.local/lib/python3.8/site-packages/airflow/example_dags/example_sensors.py
[2024-03-08T18:43:59.206+0000] {processor.py:830} INFO - Processing file /home/airflow/.local/lib/python3.8/site-packages/airflow/example_dags/example_sensors.py for tasks to queue
[2024-03-08T18:43:59.208+0000] {logging_mixin.py:188} INFO - [2024-03-08T18:43:59.208+0000] {dagbag.py:540} INFO - Filling up the DagBag from /home/airflow/.local/lib/python3.8/site-packages/airflow/example_dags/example_sensors.py
[2024-03-08T18:43:59.216+0000] {processor.py:840} INFO - DAG(s) 'example_sensors' retrieved from /home/airflow/.local/lib/python3.8/site-packages/airflow/example_dags/example_sensors.py
[2024-03-08T18:43:59.237+0000] {logging_mixin.py:188} INFO - [2024-03-08T18:43:59.237+0000] {dag.py:3047} INFO - Sync 1 DAGs
[2024-03-08T18:43:59.246+0000] {logging_mixin.py:188} INFO - [2024-03-08T18:43:59.246+0000] {dag.py:3834} INFO - Setting next_dagrun for example_sensors to None, run_after=None
[2024-03-08T18:43:59.260+0000] {processor.py:183} INFO - Processing /home/airflow/.local/lib/python3.8/site-packages/airflow/example_dags/example_sensors.py took 0.057 seconds
[2024-03-08T18:44:29.419+0000] {processor.py:161} INFO - Started process (PID=1440) to work on /home/airflow/.local/lib/python3.8/site-packages/airflow/example_dags/example_sensors.py
[2024-03-08T18:44:29.420+0000] {processor.py:830} INFO - Processing file /home/airflow/.local/lib/python3.8/site-packages/airflow/example_dags/example_sensors.py for tasks to queue
[2024-03-08T18:44:29.421+0000] {logging_mixin.py:188} INFO - [2024-03-08T18:44:29.421+0000] {dagbag.py:540} INFO - Filling up the DagBag from /home/airflow/.local/lib/python3.8/site-packages/airflow/example_dags/example_sensors.py
[2024-03-08T18:44:29.428+0000] {processor.py:840} INFO - DAG(s) 'example_sensors' retrieved from /home/airflow/.local/lib/python3.8/site-packages/airflow/example_dags/example_sensors.py
[2024-03-08T18:44:29.450+0000] {logging_mixin.py:188} INFO - [2024-03-08T18:44:29.449+0000] {dag.py:3047} INFO - Sync 1 DAGs
[2024-03-08T18:44:29.460+0000] {logging_mixin.py:188} INFO - [2024-03-08T18:44:29.459+0000] {dag.py:3834} INFO - Setting next_dagrun for example_sensors to None, run_after=None
[2024-03-08T18:44:29.473+0000] {processor.py:183} INFO - Processing /home/airflow/.local/lib/python3.8/site-packages/airflow/example_dags/example_sensors.py took 0.057 seconds
[2024-03-08T18:44:59.569+0000] {processor.py:161} INFO - Started process (PID=1495) to work on /home/airflow/.local/lib/python3.8/site-packages/airflow/example_dags/example_sensors.py
[2024-03-08T18:44:59.570+0000] {processor.py:830} INFO - Processing file /home/airflow/.local/lib/python3.8/site-packages/airflow/example_dags/example_sensors.py for tasks to queue
[2024-03-08T18:44:59.571+0000] {logging_mixin.py:188} INFO - [2024-03-08T18:44:59.571+0000] {dagbag.py:540} INFO - Filling up the DagBag from /home/airflow/.local/lib/python3.8/site-packages/airflow/example_dags/example_sensors.py
[2024-03-08T18:44:59.578+0000] {processor.py:840} INFO - DAG(s) 'example_sensors' retrieved from /home/airflow/.local/lib/python3.8/site-packages/airflow/example_dags/example_sensors.py
[2024-03-08T18:44:59.599+0000] {logging_mixin.py:188} INFO - [2024-03-08T18:44:59.599+0000] {dag.py:3047} INFO - Sync 1 DAGs
[2024-03-08T18:44:59.609+0000] {logging_mixin.py:188} INFO - [2024-03-08T18:44:59.608+0000] {dag.py:3834} INFO - Setting next_dagrun for example_sensors to None, run_after=None
[2024-03-08T18:44:59.623+0000] {processor.py:183} INFO - Processing /home/airflow/.local/lib/python3.8/site-packages/airflow/example_dags/example_sensors.py took 0.057 seconds
[2024-03-08T18:45:29.798+0000] {processor.py:161} INFO - Started process (PID=1550) to work on /home/airflow/.local/lib/python3.8/site-packages/airflow/example_dags/example_sensors.py
[2024-03-08T18:45:29.799+0000] {processor.py:830} INFO - Processing file /home/airflow/.local/lib/python3.8/site-packages/airflow/example_dags/example_sensors.py for tasks to queue
[2024-03-08T18:45:29.800+0000] {logging_mixin.py:188} INFO - [2024-03-08T18:45:29.800+0000] {dagbag.py:540} INFO - Filling up the DagBag from /home/airflow/.local/lib/python3.8/site-packages/airflow/example_dags/example_sensors.py
[2024-03-08T18:45:29.807+0000] {processor.py:840} INFO - DAG(s) 'example_sensors' retrieved from /home/airflow/.local/lib/python3.8/site-packages/airflow/example_dags/example_sensors.py
[2024-03-08T18:45:29.831+0000] {logging_mixin.py:188} INFO - [2024-03-08T18:45:29.830+0000] {dag.py:3047} INFO - Sync 1 DAGs
[2024-03-08T18:45:29.842+0000] {logging_mixin.py:188} INFO - [2024-03-08T18:45:29.842+0000] {dag.py:3834} INFO - Setting next_dagrun for example_sensors to None, run_after=None
[2024-03-08T18:45:29.859+0000] {processor.py:183} INFO - Processing /home/airflow/.local/lib/python3.8/site-packages/airflow/example_dags/example_sensors.py took 0.064 seconds
[2024-03-08T18:46:00.381+0000] {processor.py:161} INFO - Started process (PID=1605) to work on /home/airflow/.local/lib/python3.8/site-packages/airflow/example_dags/example_sensors.py
[2024-03-08T18:46:00.381+0000] {processor.py:830} INFO - Processing file /home/airflow/.local/lib/python3.8/site-packages/airflow/example_dags/example_sensors.py for tasks to queue
[2024-03-08T18:46:00.383+0000] {logging_mixin.py:188} INFO - [2024-03-08T18:46:00.382+0000] {dagbag.py:540} INFO - Filling up the DagBag from /home/airflow/.local/lib/python3.8/site-packages/airflow/example_dags/example_sensors.py
[2024-03-08T18:46:00.390+0000] {processor.py:840} INFO - DAG(s) 'example_sensors' retrieved from /home/airflow/.local/lib/python3.8/site-packages/airflow/example_dags/example_sensors.py
[2024-03-08T18:46:00.411+0000] {logging_mixin.py:188} INFO - [2024-03-08T18:46:00.411+0000] {dag.py:3047} INFO - Sync 1 DAGs
[2024-03-08T18:46:00.422+0000] {logging_mixin.py:188} INFO - [2024-03-08T18:46:00.422+0000] {dag.py:3834} INFO - Setting next_dagrun for example_sensors to None, run_after=None
[2024-03-08T18:46:00.436+0000] {processor.py:183} INFO - Processing /home/airflow/.local/lib/python3.8/site-packages/airflow/example_dags/example_sensors.py took 0.058 seconds
[2024-03-08T18:46:31.358+0000] {processor.py:161} INFO - Started process (PID=1666) to work on /home/airflow/.local/lib/python3.8/site-packages/airflow/example_dags/example_sensors.py
[2024-03-08T18:46:31.359+0000] {processor.py:830} INFO - Processing file /home/airflow/.local/lib/python3.8/site-packages/airflow/example_dags/example_sensors.py for tasks to queue
[2024-03-08T18:46:31.360+0000] {logging_mixin.py:188} INFO - [2024-03-08T18:46:31.360+0000] {dagbag.py:540} INFO - Filling up the DagBag from /home/airflow/.local/lib/python3.8/site-packages/airflow/example_dags/example_sensors.py
[2024-03-08T18:46:31.368+0000] {processor.py:840} INFO - DAG(s) 'example_sensors' retrieved from /home/airflow/.local/lib/python3.8/site-packages/airflow/example_dags/example_sensors.py
[2024-03-08T18:46:31.387+0000] {logging_mixin.py:188} INFO - [2024-03-08T18:46:31.387+0000] {dag.py:3047} INFO - Sync 1 DAGs
[2024-03-08T18:46:31.397+0000] {logging_mixin.py:188} INFO - [2024-03-08T18:46:31.396+0000] {dag.py:3834} INFO - Setting next_dagrun for example_sensors to None, run_after=None
[2024-03-08T18:46:31.410+0000] {processor.py:183} INFO - Processing /home/airflow/.local/lib/python3.8/site-packages/airflow/example_dags/example_sensors.py took 0.055 seconds
[2024-03-08T18:47:02.088+0000] {processor.py:161} INFO - Started process (PID=1721) to work on /home/airflow/.local/lib/python3.8/site-packages/airflow/example_dags/example_sensors.py
[2024-03-08T18:47:02.089+0000] {processor.py:830} INFO - Processing file /home/airflow/.local/lib/python3.8/site-packages/airflow/example_dags/example_sensors.py for tasks to queue
[2024-03-08T18:47:02.090+0000] {logging_mixin.py:188} INFO - [2024-03-08T18:47:02.090+0000] {dagbag.py:540} INFO - Filling up the DagBag from /home/airflow/.local/lib/python3.8/site-packages/airflow/example_dags/example_sensors.py
[2024-03-08T18:47:02.097+0000] {processor.py:840} INFO - DAG(s) 'example_sensors' retrieved from /home/airflow/.local/lib/python3.8/site-packages/airflow/example_dags/example_sensors.py
[2024-03-08T18:47:02.119+0000] {logging_mixin.py:188} INFO - [2024-03-08T18:47:02.119+0000] {dag.py:3047} INFO - Sync 1 DAGs
[2024-03-08T18:47:02.130+0000] {logging_mixin.py:188} INFO - [2024-03-08T18:47:02.130+0000] {dag.py:3834} INFO - Setting next_dagrun for example_sensors to None, run_after=None
[2024-03-08T18:47:02.145+0000] {processor.py:183} INFO - Processing /home/airflow/.local/lib/python3.8/site-packages/airflow/example_dags/example_sensors.py took 0.060 seconds
[2024-03-08T18:47:32.554+0000] {processor.py:161} INFO - Started process (PID=1776) to work on /home/airflow/.local/lib/python3.8/site-packages/airflow/example_dags/example_sensors.py
[2024-03-08T18:47:32.555+0000] {processor.py:830} INFO - Processing file /home/airflow/.local/lib/python3.8/site-packages/airflow/example_dags/example_sensors.py for tasks to queue
[2024-03-08T18:47:32.557+0000] {logging_mixin.py:188} INFO - [2024-03-08T18:47:32.556+0000] {dagbag.py:540} INFO - Filling up the DagBag from /home/airflow/.local/lib/python3.8/site-packages/airflow/example_dags/example_sensors.py
[2024-03-08T18:47:32.564+0000] {processor.py:840} INFO - DAG(s) 'example_sensors' retrieved from /home/airflow/.local/lib/python3.8/site-packages/airflow/example_dags/example_sensors.py
[2024-03-08T18:47:32.591+0000] {logging_mixin.py:188} INFO - [2024-03-08T18:47:32.591+0000] {dag.py:3047} INFO - Sync 1 DAGs
[2024-03-08T18:47:32.604+0000] {logging_mixin.py:188} INFO - [2024-03-08T18:47:32.603+0000] {dag.py:3834} INFO - Setting next_dagrun for example_sensors to None, run_after=None
[2024-03-08T18:47:32.623+0000] {processor.py:183} INFO - Processing /home/airflow/.local/lib/python3.8/site-packages/airflow/example_dags/example_sensors.py took 0.072 seconds
[2024-03-08T18:48:02.962+0000] {processor.py:161} INFO - Started process (PID=1831) to work on /home/airflow/.local/lib/python3.8/site-packages/airflow/example_dags/example_sensors.py
[2024-03-08T18:48:02.963+0000] {processor.py:830} INFO - Processing file /home/airflow/.local/lib/python3.8/site-packages/airflow/example_dags/example_sensors.py for tasks to queue
[2024-03-08T18:48:02.964+0000] {logging_mixin.py:188} INFO - [2024-03-08T18:48:02.964+0000] {dagbag.py:540} INFO - Filling up the DagBag from /home/airflow/.local/lib/python3.8/site-packages/airflow/example_dags/example_sensors.py
[2024-03-08T18:48:02.972+0000] {processor.py:840} INFO - DAG(s) 'example_sensors' retrieved from /home/airflow/.local/lib/python3.8/site-packages/airflow/example_dags/example_sensors.py
[2024-03-08T18:48:02.997+0000] {logging_mixin.py:188} INFO - [2024-03-08T18:48:02.996+0000] {dag.py:3047} INFO - Sync 1 DAGs
[2024-03-08T18:48:03.010+0000] {logging_mixin.py:188} INFO - [2024-03-08T18:48:03.010+0000] {dag.py:3834} INFO - Setting next_dagrun for example_sensors to None, run_after=None
[2024-03-08T18:48:03.032+0000] {processor.py:183} INFO - Processing /home/airflow/.local/lib/python3.8/site-packages/airflow/example_dags/example_sensors.py took 0.073 seconds
[2024-03-08T18:48:33.150+0000] {processor.py:161} INFO - Started process (PID=1886) to work on /home/airflow/.local/lib/python3.8/site-packages/airflow/example_dags/example_sensors.py
[2024-03-08T18:48:33.151+0000] {processor.py:830} INFO - Processing file /home/airflow/.local/lib/python3.8/site-packages/airflow/example_dags/example_sensors.py for tasks to queue
[2024-03-08T18:48:33.153+0000] {logging_mixin.py:188} INFO - [2024-03-08T18:48:33.153+0000] {dagbag.py:540} INFO - Filling up the DagBag from /home/airflow/.local/lib/python3.8/site-packages/airflow/example_dags/example_sensors.py
[2024-03-08T18:48:33.160+0000] {processor.py:840} INFO - DAG(s) 'example_sensors' retrieved from /home/airflow/.local/lib/python3.8/site-packages/airflow/example_dags/example_sensors.py
[2024-03-08T18:48:33.183+0000] {logging_mixin.py:188} INFO - [2024-03-08T18:48:33.183+0000] {dag.py:3047} INFO - Sync 1 DAGs
[2024-03-08T18:48:33.194+0000] {logging_mixin.py:188} INFO - [2024-03-08T18:48:33.194+0000] {dag.py:3834} INFO - Setting next_dagrun for example_sensors to None, run_after=None
[2024-03-08T18:48:33.208+0000] {processor.py:183} INFO - Processing /home/airflow/.local/lib/python3.8/site-packages/airflow/example_dags/example_sensors.py took 0.061 seconds
[2024-03-08T18:49:03.486+0000] {processor.py:161} INFO - Started process (PID=1941) to work on /home/airflow/.local/lib/python3.8/site-packages/airflow/example_dags/example_sensors.py
[2024-03-08T18:49:03.487+0000] {processor.py:830} INFO - Processing file /home/airflow/.local/lib/python3.8/site-packages/airflow/example_dags/example_sensors.py for tasks to queue
[2024-03-08T18:49:03.489+0000] {logging_mixin.py:188} INFO - [2024-03-08T18:49:03.489+0000] {dagbag.py:540} INFO - Filling up the DagBag from /home/airflow/.local/lib/python3.8/site-packages/airflow/example_dags/example_sensors.py
[2024-03-08T18:49:03.497+0000] {processor.py:840} INFO - DAG(s) 'example_sensors' retrieved from /home/airflow/.local/lib/python3.8/site-packages/airflow/example_dags/example_sensors.py
[2024-03-08T18:49:03.522+0000] {logging_mixin.py:188} INFO - [2024-03-08T18:49:03.521+0000] {dag.py:3047} INFO - Sync 1 DAGs
[2024-03-08T18:49:03.535+0000] {logging_mixin.py:188} INFO - [2024-03-08T18:49:03.535+0000] {dag.py:3834} INFO - Setting next_dagrun for example_sensors to None, run_after=None
[2024-03-08T18:49:03.551+0000] {processor.py:183} INFO - Processing /home/airflow/.local/lib/python3.8/site-packages/airflow/example_dags/example_sensors.py took 0.068 seconds
[2024-03-08T18:49:33.905+0000] {processor.py:161} INFO - Started process (PID=1996) to work on /home/airflow/.local/lib/python3.8/site-packages/airflow/example_dags/example_sensors.py
[2024-03-08T18:49:33.906+0000] {processor.py:830} INFO - Processing file /home/airflow/.local/lib/python3.8/site-packages/airflow/example_dags/example_sensors.py for tasks to queue
[2024-03-08T18:49:33.907+0000] {logging_mixin.py:188} INFO - [2024-03-08T18:49:33.907+0000] {dagbag.py:540} INFO - Filling up the DagBag from /home/airflow/.local/lib/python3.8/site-packages/airflow/example_dags/example_sensors.py
[2024-03-08T18:49:33.914+0000] {processor.py:840} INFO - DAG(s) 'example_sensors' retrieved from /home/airflow/.local/lib/python3.8/site-packages/airflow/example_dags/example_sensors.py
[2024-03-08T18:49:33.936+0000] {logging_mixin.py:188} INFO - [2024-03-08T18:49:33.935+0000] {dag.py:3047} INFO - Sync 1 DAGs
[2024-03-08T18:49:33.946+0000] {logging_mixin.py:188} INFO - [2024-03-08T18:49:33.945+0000] {dag.py:3834} INFO - Setting next_dagrun for example_sensors to None, run_after=None
[2024-03-08T18:49:33.960+0000] {processor.py:183} INFO - Processing /home/airflow/.local/lib/python3.8/site-packages/airflow/example_dags/example_sensors.py took 0.058 seconds
[2024-03-08T18:50:04.577+0000] {processor.py:161} INFO - Started process (PID=2051) to work on /home/airflow/.local/lib/python3.8/site-packages/airflow/example_dags/example_sensors.py
[2024-03-08T18:50:04.578+0000] {processor.py:830} INFO - Processing file /home/airflow/.local/lib/python3.8/site-packages/airflow/example_dags/example_sensors.py for tasks to queue
[2024-03-08T18:50:04.579+0000] {logging_mixin.py:188} INFO - [2024-03-08T18:50:04.579+0000] {dagbag.py:540} INFO - Filling up the DagBag from /home/airflow/.local/lib/python3.8/site-packages/airflow/example_dags/example_sensors.py
[2024-03-08T18:50:04.586+0000] {processor.py:840} INFO - DAG(s) 'example_sensors' retrieved from /home/airflow/.local/lib/python3.8/site-packages/airflow/example_dags/example_sensors.py
[2024-03-08T18:50:04.608+0000] {logging_mixin.py:188} INFO - [2024-03-08T18:50:04.608+0000] {dag.py:3047} INFO - Sync 1 DAGs
[2024-03-08T18:50:04.619+0000] {logging_mixin.py:188} INFO - [2024-03-08T18:50:04.619+0000] {dag.py:3834} INFO - Setting next_dagrun for example_sensors to None, run_after=None
[2024-03-08T18:50:04.635+0000] {processor.py:183} INFO - Processing /home/airflow/.local/lib/python3.8/site-packages/airflow/example_dags/example_sensors.py took 0.060 seconds
[2024-03-08T18:50:35.082+0000] {processor.py:161} INFO - Started process (PID=2106) to work on /home/airflow/.local/lib/python3.8/site-packages/airflow/example_dags/example_sensors.py
[2024-03-08T18:50:35.083+0000] {processor.py:830} INFO - Processing file /home/airflow/.local/lib/python3.8/site-packages/airflow/example_dags/example_sensors.py for tasks to queue
[2024-03-08T18:50:35.084+0000] {logging_mixin.py:188} INFO - [2024-03-08T18:50:35.084+0000] {dagbag.py:540} INFO - Filling up the DagBag from /home/airflow/.local/lib/python3.8/site-packages/airflow/example_dags/example_sensors.py
[2024-03-08T18:50:35.092+0000] {processor.py:840} INFO - DAG(s) 'example_sensors' retrieved from /home/airflow/.local/lib/python3.8/site-packages/airflow/example_dags/example_sensors.py
[2024-03-08T18:50:35.111+0000] {logging_mixin.py:188} INFO - [2024-03-08T18:50:35.111+0000] {dag.py:3047} INFO - Sync 1 DAGs
[2024-03-08T18:50:35.121+0000] {logging_mixin.py:188} INFO - [2024-03-08T18:50:35.121+0000] {dag.py:3834} INFO - Setting next_dagrun for example_sensors to None, run_after=None
[2024-03-08T18:50:35.136+0000] {processor.py:183} INFO - Processing /home/airflow/.local/lib/python3.8/site-packages/airflow/example_dags/example_sensors.py took 0.056 seconds
[2024-03-08T18:51:05.435+0000] {processor.py:161} INFO - Started process (PID=2161) to work on /home/airflow/.local/lib/python3.8/site-packages/airflow/example_dags/example_sensors.py
[2024-03-08T18:51:05.436+0000] {processor.py:830} INFO - Processing file /home/airflow/.local/lib/python3.8/site-packages/airflow/example_dags/example_sensors.py for tasks to queue
[2024-03-08T18:51:05.437+0000] {logging_mixin.py:188} INFO - [2024-03-08T18:51:05.437+0000] {dagbag.py:540} INFO - Filling up the DagBag from /home/airflow/.local/lib/python3.8/site-packages/airflow/example_dags/example_sensors.py
[2024-03-08T18:51:05.444+0000] {processor.py:840} INFO - DAG(s) 'example_sensors' retrieved from /home/airflow/.local/lib/python3.8/site-packages/airflow/example_dags/example_sensors.py
[2024-03-08T18:51:05.467+0000] {logging_mixin.py:188} INFO - [2024-03-08T18:51:05.466+0000] {dag.py:3047} INFO - Sync 1 DAGs
[2024-03-08T18:51:05.478+0000] {logging_mixin.py:188} INFO - [2024-03-08T18:51:05.477+0000] {dag.py:3834} INFO - Setting next_dagrun for example_sensors to None, run_after=None
[2024-03-08T18:51:05.493+0000] {processor.py:183} INFO - Processing /home/airflow/.local/lib/python3.8/site-packages/airflow/example_dags/example_sensors.py took 0.061 seconds
[2024-03-08T18:51:35.793+0000] {processor.py:161} INFO - Started process (PID=2216) to work on /home/airflow/.local/lib/python3.8/site-packages/airflow/example_dags/example_sensors.py
[2024-03-08T18:51:35.794+0000] {processor.py:830} INFO - Processing file /home/airflow/.local/lib/python3.8/site-packages/airflow/example_dags/example_sensors.py for tasks to queue
[2024-03-08T18:51:35.796+0000] {logging_mixin.py:188} INFO - [2024-03-08T18:51:35.795+0000] {dagbag.py:540} INFO - Filling up the DagBag from /home/airflow/.local/lib/python3.8/site-packages/airflow/example_dags/example_sensors.py
[2024-03-08T18:51:35.804+0000] {processor.py:840} INFO - DAG(s) 'example_sensors' retrieved from /home/airflow/.local/lib/python3.8/site-packages/airflow/example_dags/example_sensors.py
[2024-03-08T18:51:35.828+0000] {logging_mixin.py:188} INFO - [2024-03-08T18:51:35.827+0000] {dag.py:3047} INFO - Sync 1 DAGs
[2024-03-08T18:51:35.838+0000] {logging_mixin.py:188} INFO - [2024-03-08T18:51:35.838+0000] {dag.py:3834} INFO - Setting next_dagrun for example_sensors to None, run_after=None
[2024-03-08T18:51:35.854+0000] {processor.py:183} INFO - Processing /home/airflow/.local/lib/python3.8/site-packages/airflow/example_dags/example_sensors.py took 0.063 seconds
[2024-03-08T18:52:06.212+0000] {processor.py:161} INFO - Started process (PID=2271) to work on /home/airflow/.local/lib/python3.8/site-packages/airflow/example_dags/example_sensors.py
[2024-03-08T18:52:06.213+0000] {processor.py:830} INFO - Processing file /home/airflow/.local/lib/python3.8/site-packages/airflow/example_dags/example_sensors.py for tasks to queue
[2024-03-08T18:52:06.215+0000] {logging_mixin.py:188} INFO - [2024-03-08T18:52:06.215+0000] {dagbag.py:540} INFO - Filling up the DagBag from /home/airflow/.local/lib/python3.8/site-packages/airflow/example_dags/example_sensors.py
[2024-03-08T18:52:06.224+0000] {processor.py:840} INFO - DAG(s) 'example_sensors' retrieved from /home/airflow/.local/lib/python3.8/site-packages/airflow/example_dags/example_sensors.py
[2024-03-08T18:52:06.247+0000] {logging_mixin.py:188} INFO - [2024-03-08T18:52:06.246+0000] {dag.py:3047} INFO - Sync 1 DAGs
[2024-03-08T18:52:06.258+0000] {logging_mixin.py:188} INFO - [2024-03-08T18:52:06.258+0000] {dag.py:3834} INFO - Setting next_dagrun for example_sensors to None, run_after=None
[2024-03-08T18:52:06.276+0000] {processor.py:183} INFO - Processing /home/airflow/.local/lib/python3.8/site-packages/airflow/example_dags/example_sensors.py took 0.067 seconds
[2024-03-08T18:52:36.599+0000] {processor.py:161} INFO - Started process (PID=2326) to work on /home/airflow/.local/lib/python3.8/site-packages/airflow/example_dags/example_sensors.py
[2024-03-08T18:52:36.600+0000] {processor.py:830} INFO - Processing file /home/airflow/.local/lib/python3.8/site-packages/airflow/example_dags/example_sensors.py for tasks to queue
[2024-03-08T18:52:36.601+0000] {logging_mixin.py:188} INFO - [2024-03-08T18:52:36.601+0000] {dagbag.py:540} INFO - Filling up the DagBag from /home/airflow/.local/lib/python3.8/site-packages/airflow/example_dags/example_sensors.py
[2024-03-08T18:52:36.610+0000] {processor.py:840} INFO - DAG(s) 'example_sensors' retrieved from /home/airflow/.local/lib/python3.8/site-packages/airflow/example_dags/example_sensors.py
[2024-03-08T18:52:36.634+0000] {logging_mixin.py:188} INFO - [2024-03-08T18:52:36.634+0000] {dag.py:3047} INFO - Sync 1 DAGs
[2024-03-08T18:52:36.645+0000] {logging_mixin.py:188} INFO - [2024-03-08T18:52:36.645+0000] {dag.py:3834} INFO - Setting next_dagrun for example_sensors to None, run_after=None
[2024-03-08T18:52:36.661+0000] {processor.py:183} INFO - Processing /home/airflow/.local/lib/python3.8/site-packages/airflow/example_dags/example_sensors.py took 0.064 seconds
[2024-03-08T18:53:07.038+0000] {processor.py:161} INFO - Started process (PID=2381) to work on /home/airflow/.local/lib/python3.8/site-packages/airflow/example_dags/example_sensors.py
[2024-03-08T18:53:07.039+0000] {processor.py:830} INFO - Processing file /home/airflow/.local/lib/python3.8/site-packages/airflow/example_dags/example_sensors.py for tasks to queue
[2024-03-08T18:53:07.040+0000] {logging_mixin.py:188} INFO - [2024-03-08T18:53:07.040+0000] {dagbag.py:540} INFO - Filling up the DagBag from /home/airflow/.local/lib/python3.8/site-packages/airflow/example_dags/example_sensors.py
[2024-03-08T18:53:07.048+0000] {processor.py:840} INFO - DAG(s) 'example_sensors' retrieved from /home/airflow/.local/lib/python3.8/site-packages/airflow/example_dags/example_sensors.py
[2024-03-08T18:53:07.073+0000] {logging_mixin.py:188} INFO - [2024-03-08T18:53:07.072+0000] {dag.py:3047} INFO - Sync 1 DAGs
[2024-03-08T18:53:07.086+0000] {logging_mixin.py:188} INFO - [2024-03-08T18:53:07.086+0000] {dag.py:3834} INFO - Setting next_dagrun for example_sensors to None, run_after=None
[2024-03-08T18:53:07.103+0000] {processor.py:183} INFO - Processing /home/airflow/.local/lib/python3.8/site-packages/airflow/example_dags/example_sensors.py took 0.068 seconds
[2024-03-08T18:53:37.526+0000] {processor.py:161} INFO - Started process (PID=2436) to work on /home/airflow/.local/lib/python3.8/site-packages/airflow/example_dags/example_sensors.py
[2024-03-08T18:53:37.527+0000] {processor.py:830} INFO - Processing file /home/airflow/.local/lib/python3.8/site-packages/airflow/example_dags/example_sensors.py for tasks to queue
[2024-03-08T18:53:37.529+0000] {logging_mixin.py:188} INFO - [2024-03-08T18:53:37.528+0000] {dagbag.py:540} INFO - Filling up the DagBag from /home/airflow/.local/lib/python3.8/site-packages/airflow/example_dags/example_sensors.py
[2024-03-08T18:53:37.537+0000] {processor.py:840} INFO - DAG(s) 'example_sensors' retrieved from /home/airflow/.local/lib/python3.8/site-packages/airflow/example_dags/example_sensors.py
[2024-03-08T18:53:37.568+0000] {logging_mixin.py:188} INFO - [2024-03-08T18:53:37.568+0000] {dag.py:3047} INFO - Sync 1 DAGs
[2024-03-08T18:53:37.581+0000] {logging_mixin.py:188} INFO - [2024-03-08T18:53:37.581+0000] {dag.py:3834} INFO - Setting next_dagrun for example_sensors to None, run_after=None
[2024-03-08T18:53:37.600+0000] {processor.py:183} INFO - Processing /home/airflow/.local/lib/python3.8/site-packages/airflow/example_dags/example_sensors.py took 0.076 seconds
[2024-03-08T18:54:08.342+0000] {processor.py:161} INFO - Started process (PID=2491) to work on /home/airflow/.local/lib/python3.8/site-packages/airflow/example_dags/example_sensors.py
[2024-03-08T18:54:08.343+0000] {processor.py:830} INFO - Processing file /home/airflow/.local/lib/python3.8/site-packages/airflow/example_dags/example_sensors.py for tasks to queue
[2024-03-08T18:54:08.344+0000] {logging_mixin.py:188} INFO - [2024-03-08T18:54:08.344+0000] {dagbag.py:540} INFO - Filling up the DagBag from /home/airflow/.local/lib/python3.8/site-packages/airflow/example_dags/example_sensors.py
[2024-03-08T18:54:08.353+0000] {processor.py:840} INFO - DAG(s) 'example_sensors' retrieved from /home/airflow/.local/lib/python3.8/site-packages/airflow/example_dags/example_sensors.py
[2024-03-08T18:54:08.380+0000] {logging_mixin.py:188} INFO - [2024-03-08T18:54:08.379+0000] {dag.py:3047} INFO - Sync 1 DAGs
[2024-03-08T18:54:08.392+0000] {logging_mixin.py:188} INFO - [2024-03-08T18:54:08.391+0000] {dag.py:3834} INFO - Setting next_dagrun for example_sensors to None, run_after=None
[2024-03-08T18:54:08.411+0000] {processor.py:183} INFO - Processing /home/airflow/.local/lib/python3.8/site-packages/airflow/example_dags/example_sensors.py took 0.072 seconds
[2024-03-08T18:54:38.719+0000] {processor.py:161} INFO - Started process (PID=2546) to work on /home/airflow/.local/lib/python3.8/site-packages/airflow/example_dags/example_sensors.py
[2024-03-08T18:54:38.720+0000] {processor.py:830} INFO - Processing file /home/airflow/.local/lib/python3.8/site-packages/airflow/example_dags/example_sensors.py for tasks to queue
[2024-03-08T18:54:38.722+0000] {logging_mixin.py:188} INFO - [2024-03-08T18:54:38.721+0000] {dagbag.py:540} INFO - Filling up the DagBag from /home/airflow/.local/lib/python3.8/site-packages/airflow/example_dags/example_sensors.py
[2024-03-08T18:54:38.729+0000] {processor.py:840} INFO - DAG(s) 'example_sensors' retrieved from /home/airflow/.local/lib/python3.8/site-packages/airflow/example_dags/example_sensors.py
[2024-03-08T18:54:38.750+0000] {logging_mixin.py:188} INFO - [2024-03-08T18:54:38.750+0000] {dag.py:3047} INFO - Sync 1 DAGs
[2024-03-08T18:54:38.762+0000] {logging_mixin.py:188} INFO - [2024-03-08T18:54:38.762+0000] {dag.py:3834} INFO - Setting next_dagrun for example_sensors to None, run_after=None
[2024-03-08T18:54:38.776+0000] {processor.py:183} INFO - Processing /home/airflow/.local/lib/python3.8/site-packages/airflow/example_dags/example_sensors.py took 0.059 seconds
[2024-03-08T18:55:08.945+0000] {processor.py:161} INFO - Started process (PID=2601) to work on /home/airflow/.local/lib/python3.8/site-packages/airflow/example_dags/example_sensors.py
[2024-03-08T18:55:08.946+0000] {processor.py:830} INFO - Processing file /home/airflow/.local/lib/python3.8/site-packages/airflow/example_dags/example_sensors.py for tasks to queue
[2024-03-08T18:55:08.947+0000] {logging_mixin.py:188} INFO - [2024-03-08T18:55:08.947+0000] {dagbag.py:540} INFO - Filling up the DagBag from /home/airflow/.local/lib/python3.8/site-packages/airflow/example_dags/example_sensors.py
[2024-03-08T18:55:08.955+0000] {processor.py:840} INFO - DAG(s) 'example_sensors' retrieved from /home/airflow/.local/lib/python3.8/site-packages/airflow/example_dags/example_sensors.py
[2024-03-08T18:55:08.978+0000] {logging_mixin.py:188} INFO - [2024-03-08T18:55:08.978+0000] {dag.py:3047} INFO - Sync 1 DAGs
[2024-03-08T18:55:08.990+0000] {logging_mixin.py:188} INFO - [2024-03-08T18:55:08.989+0000] {dag.py:3834} INFO - Setting next_dagrun for example_sensors to None, run_after=None
[2024-03-08T18:55:09.005+0000] {processor.py:183} INFO - Processing /home/airflow/.local/lib/python3.8/site-packages/airflow/example_dags/example_sensors.py took 0.062 seconds
[2024-03-08T18:55:39.273+0000] {processor.py:161} INFO - Started process (PID=2656) to work on /home/airflow/.local/lib/python3.8/site-packages/airflow/example_dags/example_sensors.py
[2024-03-08T18:55:39.273+0000] {processor.py:830} INFO - Processing file /home/airflow/.local/lib/python3.8/site-packages/airflow/example_dags/example_sensors.py for tasks to queue
[2024-03-08T18:55:39.275+0000] {logging_mixin.py:188} INFO - [2024-03-08T18:55:39.275+0000] {dagbag.py:540} INFO - Filling up the DagBag from /home/airflow/.local/lib/python3.8/site-packages/airflow/example_dags/example_sensors.py
[2024-03-08T18:55:39.282+0000] {processor.py:840} INFO - DAG(s) 'example_sensors' retrieved from /home/airflow/.local/lib/python3.8/site-packages/airflow/example_dags/example_sensors.py
[2024-03-08T18:55:39.303+0000] {logging_mixin.py:188} INFO - [2024-03-08T18:55:39.303+0000] {dag.py:3047} INFO - Sync 1 DAGs
[2024-03-08T18:55:39.314+0000] {logging_mixin.py:188} INFO - [2024-03-08T18:55:39.314+0000] {dag.py:3834} INFO - Setting next_dagrun for example_sensors to None, run_after=None
[2024-03-08T18:55:39.329+0000] {processor.py:183} INFO - Processing /home/airflow/.local/lib/python3.8/site-packages/airflow/example_dags/example_sensors.py took 0.059 seconds
[2024-03-08T18:56:09.626+0000] {processor.py:161} INFO - Started process (PID=2711) to work on /home/airflow/.local/lib/python3.8/site-packages/airflow/example_dags/example_sensors.py
[2024-03-08T18:56:09.627+0000] {processor.py:830} INFO - Processing file /home/airflow/.local/lib/python3.8/site-packages/airflow/example_dags/example_sensors.py for tasks to queue
[2024-03-08T18:56:09.628+0000] {logging_mixin.py:188} INFO - [2024-03-08T18:56:09.628+0000] {dagbag.py:540} INFO - Filling up the DagBag from /home/airflow/.local/lib/python3.8/site-packages/airflow/example_dags/example_sensors.py
[2024-03-08T18:56:09.636+0000] {processor.py:840} INFO - DAG(s) 'example_sensors' retrieved from /home/airflow/.local/lib/python3.8/site-packages/airflow/example_dags/example_sensors.py
[2024-03-08T18:56:09.657+0000] {logging_mixin.py:188} INFO - [2024-03-08T18:56:09.657+0000] {dag.py:3047} INFO - Sync 1 DAGs
[2024-03-08T18:56:09.668+0000] {logging_mixin.py:188} INFO - [2024-03-08T18:56:09.667+0000] {dag.py:3834} INFO - Setting next_dagrun for example_sensors to None, run_after=None
[2024-03-08T18:56:09.683+0000] {processor.py:183} INFO - Processing /home/airflow/.local/lib/python3.8/site-packages/airflow/example_dags/example_sensors.py took 0.060 seconds
[2024-03-08T18:56:39.954+0000] {processor.py:161} INFO - Started process (PID=2766) to work on /home/airflow/.local/lib/python3.8/site-packages/airflow/example_dags/example_sensors.py
[2024-03-08T18:56:39.955+0000] {processor.py:830} INFO - Processing file /home/airflow/.local/lib/python3.8/site-packages/airflow/example_dags/example_sensors.py for tasks to queue
[2024-03-08T18:56:39.956+0000] {logging_mixin.py:188} INFO - [2024-03-08T18:56:39.956+0000] {dagbag.py:540} INFO - Filling up the DagBag from /home/airflow/.local/lib/python3.8/site-packages/airflow/example_dags/example_sensors.py
[2024-03-08T18:56:39.964+0000] {processor.py:840} INFO - DAG(s) 'example_sensors' retrieved from /home/airflow/.local/lib/python3.8/site-packages/airflow/example_dags/example_sensors.py
[2024-03-08T18:56:39.985+0000] {logging_mixin.py:188} INFO - [2024-03-08T18:56:39.985+0000] {dag.py:3047} INFO - Sync 1 DAGs
[2024-03-08T18:56:39.998+0000] {logging_mixin.py:188} INFO - [2024-03-08T18:56:39.997+0000] {dag.py:3834} INFO - Setting next_dagrun for example_sensors to None, run_after=None
[2024-03-08T18:56:40.017+0000] {processor.py:183} INFO - Processing /home/airflow/.local/lib/python3.8/site-packages/airflow/example_dags/example_sensors.py took 0.066 seconds
[2024-03-08T18:57:10.490+0000] {processor.py:161} INFO - Started process (PID=2821) to work on /home/airflow/.local/lib/python3.8/site-packages/airflow/example_dags/example_sensors.py
[2024-03-08T18:57:10.491+0000] {processor.py:830} INFO - Processing file /home/airflow/.local/lib/python3.8/site-packages/airflow/example_dags/example_sensors.py for tasks to queue
[2024-03-08T18:57:10.493+0000] {logging_mixin.py:188} INFO - [2024-03-08T18:57:10.493+0000] {dagbag.py:540} INFO - Filling up the DagBag from /home/airflow/.local/lib/python3.8/site-packages/airflow/example_dags/example_sensors.py
[2024-03-08T18:57:10.501+0000] {processor.py:840} INFO - DAG(s) 'example_sensors' retrieved from /home/airflow/.local/lib/python3.8/site-packages/airflow/example_dags/example_sensors.py
[2024-03-08T18:57:10.525+0000] {logging_mixin.py:188} INFO - [2024-03-08T18:57:10.525+0000] {dag.py:3047} INFO - Sync 1 DAGs
[2024-03-08T18:57:10.538+0000] {logging_mixin.py:188} INFO - [2024-03-08T18:57:10.537+0000] {dag.py:3834} INFO - Setting next_dagrun for example_sensors to None, run_after=None
[2024-03-08T18:57:10.555+0000] {processor.py:183} INFO - Processing /home/airflow/.local/lib/python3.8/site-packages/airflow/example_dags/example_sensors.py took 0.068 seconds
[2024-03-08T18:57:40.837+0000] {processor.py:161} INFO - Started process (PID=2876) to work on /home/airflow/.local/lib/python3.8/site-packages/airflow/example_dags/example_sensors.py
[2024-03-08T18:57:40.838+0000] {processor.py:830} INFO - Processing file /home/airflow/.local/lib/python3.8/site-packages/airflow/example_dags/example_sensors.py for tasks to queue
[2024-03-08T18:57:40.839+0000] {logging_mixin.py:188} INFO - [2024-03-08T18:57:40.839+0000] {dagbag.py:540} INFO - Filling up the DagBag from /home/airflow/.local/lib/python3.8/site-packages/airflow/example_dags/example_sensors.py
[2024-03-08T18:57:40.846+0000] {processor.py:840} INFO - DAG(s) 'example_sensors' retrieved from /home/airflow/.local/lib/python3.8/site-packages/airflow/example_dags/example_sensors.py
[2024-03-08T18:57:40.868+0000] {logging_mixin.py:188} INFO - [2024-03-08T18:57:40.867+0000] {dag.py:3047} INFO - Sync 1 DAGs
[2024-03-08T18:57:40.878+0000] {logging_mixin.py:188} INFO - [2024-03-08T18:57:40.878+0000] {dag.py:3834} INFO - Setting next_dagrun for example_sensors to None, run_after=None
[2024-03-08T18:57:40.894+0000] {processor.py:183} INFO - Processing /home/airflow/.local/lib/python3.8/site-packages/airflow/example_dags/example_sensors.py took 0.059 seconds
[2024-03-08T18:58:11.212+0000] {processor.py:161} INFO - Started process (PID=2931) to work on /home/airflow/.local/lib/python3.8/site-packages/airflow/example_dags/example_sensors.py
[2024-03-08T18:58:11.213+0000] {processor.py:830} INFO - Processing file /home/airflow/.local/lib/python3.8/site-packages/airflow/example_dags/example_sensors.py for tasks to queue
[2024-03-08T18:58:11.214+0000] {logging_mixin.py:188} INFO - [2024-03-08T18:58:11.214+0000] {dagbag.py:540} INFO - Filling up the DagBag from /home/airflow/.local/lib/python3.8/site-packages/airflow/example_dags/example_sensors.py
[2024-03-08T18:58:11.222+0000] {processor.py:840} INFO - DAG(s) 'example_sensors' retrieved from /home/airflow/.local/lib/python3.8/site-packages/airflow/example_dags/example_sensors.py
[2024-03-08T18:58:11.248+0000] {logging_mixin.py:188} INFO - [2024-03-08T18:58:11.248+0000] {dag.py:3047} INFO - Sync 1 DAGs
[2024-03-08T18:58:11.262+0000] {logging_mixin.py:188} INFO - [2024-03-08T18:58:11.262+0000] {dag.py:3834} INFO - Setting next_dagrun for example_sensors to None, run_after=None
[2024-03-08T18:58:11.280+0000] {processor.py:183} INFO - Processing /home/airflow/.local/lib/python3.8/site-packages/airflow/example_dags/example_sensors.py took 0.071 seconds
[2024-03-08T18:58:41.642+0000] {processor.py:161} INFO - Started process (PID=2986) to work on /home/airflow/.local/lib/python3.8/site-packages/airflow/example_dags/example_sensors.py
[2024-03-08T18:58:41.643+0000] {processor.py:830} INFO - Processing file /home/airflow/.local/lib/python3.8/site-packages/airflow/example_dags/example_sensors.py for tasks to queue
[2024-03-08T18:58:41.644+0000] {logging_mixin.py:188} INFO - [2024-03-08T18:58:41.644+0000] {dagbag.py:540} INFO - Filling up the DagBag from /home/airflow/.local/lib/python3.8/site-packages/airflow/example_dags/example_sensors.py
[2024-03-08T18:58:41.652+0000] {processor.py:840} INFO - DAG(s) 'example_sensors' retrieved from /home/airflow/.local/lib/python3.8/site-packages/airflow/example_dags/example_sensors.py
[2024-03-08T18:58:41.676+0000] {logging_mixin.py:188} INFO - [2024-03-08T18:58:41.675+0000] {dag.py:3047} INFO - Sync 1 DAGs
[2024-03-08T18:58:41.686+0000] {logging_mixin.py:188} INFO - [2024-03-08T18:58:41.686+0000] {dag.py:3834} INFO - Setting next_dagrun for example_sensors to None, run_after=None
[2024-03-08T18:58:41.711+0000] {processor.py:183} INFO - Processing /home/airflow/.local/lib/python3.8/site-packages/airflow/example_dags/example_sensors.py took 0.072 seconds
[2024-03-08T18:59:12.478+0000] {processor.py:161} INFO - Started process (PID=3041) to work on /home/airflow/.local/lib/python3.8/site-packages/airflow/example_dags/example_sensors.py
[2024-03-08T18:59:12.479+0000] {processor.py:830} INFO - Processing file /home/airflow/.local/lib/python3.8/site-packages/airflow/example_dags/example_sensors.py for tasks to queue
[2024-03-08T18:59:12.481+0000] {logging_mixin.py:188} INFO - [2024-03-08T18:59:12.481+0000] {dagbag.py:540} INFO - Filling up the DagBag from /home/airflow/.local/lib/python3.8/site-packages/airflow/example_dags/example_sensors.py
[2024-03-08T18:59:12.488+0000] {processor.py:840} INFO - DAG(s) 'example_sensors' retrieved from /home/airflow/.local/lib/python3.8/site-packages/airflow/example_dags/example_sensors.py
[2024-03-08T18:59:12.520+0000] {logging_mixin.py:188} INFO - [2024-03-08T18:59:12.520+0000] {dag.py:3047} INFO - Sync 1 DAGs
[2024-03-08T18:59:12.535+0000] {logging_mixin.py:188} INFO - [2024-03-08T18:59:12.534+0000] {dag.py:3834} INFO - Setting next_dagrun for example_sensors to None, run_after=None
[2024-03-08T18:59:12.550+0000] {processor.py:183} INFO - Processing /home/airflow/.local/lib/python3.8/site-packages/airflow/example_dags/example_sensors.py took 0.074 seconds
[2024-03-08T18:59:43.307+0000] {processor.py:161} INFO - Started process (PID=3096) to work on /home/airflow/.local/lib/python3.8/site-packages/airflow/example_dags/example_sensors.py
[2024-03-08T18:59:43.308+0000] {processor.py:830} INFO - Processing file /home/airflow/.local/lib/python3.8/site-packages/airflow/example_dags/example_sensors.py for tasks to queue
[2024-03-08T18:59:43.310+0000] {logging_mixin.py:188} INFO - [2024-03-08T18:59:43.310+0000] {dagbag.py:540} INFO - Filling up the DagBag from /home/airflow/.local/lib/python3.8/site-packages/airflow/example_dags/example_sensors.py
[2024-03-08T18:59:43.321+0000] {processor.py:840} INFO - DAG(s) 'example_sensors' retrieved from /home/airflow/.local/lib/python3.8/site-packages/airflow/example_dags/example_sensors.py
[2024-03-08T18:59:43.346+0000] {logging_mixin.py:188} INFO - [2024-03-08T18:59:43.346+0000] {dag.py:3047} INFO - Sync 1 DAGs
[2024-03-08T18:59:43.357+0000] {logging_mixin.py:188} INFO - [2024-03-08T18:59:43.357+0000] {dag.py:3834} INFO - Setting next_dagrun for example_sensors to None, run_after=None
[2024-03-08T18:59:43.375+0000] {processor.py:183} INFO - Processing /home/airflow/.local/lib/python3.8/site-packages/airflow/example_dags/example_sensors.py took 0.072 seconds
[2024-03-08T19:00:13.787+0000] {processor.py:161} INFO - Started process (PID=3151) to work on /home/airflow/.local/lib/python3.8/site-packages/airflow/example_dags/example_sensors.py
[2024-03-08T19:00:13.788+0000] {processor.py:830} INFO - Processing file /home/airflow/.local/lib/python3.8/site-packages/airflow/example_dags/example_sensors.py for tasks to queue
[2024-03-08T19:00:13.790+0000] {logging_mixin.py:188} INFO - [2024-03-08T19:00:13.789+0000] {dagbag.py:540} INFO - Filling up the DagBag from /home/airflow/.local/lib/python3.8/site-packages/airflow/example_dags/example_sensors.py
[2024-03-08T19:00:13.798+0000] {processor.py:840} INFO - DAG(s) 'example_sensors' retrieved from /home/airflow/.local/lib/python3.8/site-packages/airflow/example_dags/example_sensors.py
[2024-03-08T19:00:13.826+0000] {logging_mixin.py:188} INFO - [2024-03-08T19:00:13.826+0000] {dag.py:3047} INFO - Sync 1 DAGs
[2024-03-08T19:00:13.841+0000] {logging_mixin.py:188} INFO - [2024-03-08T19:00:13.840+0000] {dag.py:3834} INFO - Setting next_dagrun for example_sensors to None, run_after=None
[2024-03-08T19:00:13.858+0000] {processor.py:183} INFO - Processing /home/airflow/.local/lib/python3.8/site-packages/airflow/example_dags/example_sensors.py took 0.074 seconds
[2024-03-08T19:00:44.189+0000] {processor.py:161} INFO - Started process (PID=3206) to work on /home/airflow/.local/lib/python3.8/site-packages/airflow/example_dags/example_sensors.py
[2024-03-08T19:00:44.190+0000] {processor.py:830} INFO - Processing file /home/airflow/.local/lib/python3.8/site-packages/airflow/example_dags/example_sensors.py for tasks to queue
[2024-03-08T19:00:44.191+0000] {logging_mixin.py:188} INFO - [2024-03-08T19:00:44.191+0000] {dagbag.py:540} INFO - Filling up the DagBag from /home/airflow/.local/lib/python3.8/site-packages/airflow/example_dags/example_sensors.py
[2024-03-08T19:00:44.200+0000] {processor.py:840} INFO - DAG(s) 'example_sensors' retrieved from /home/airflow/.local/lib/python3.8/site-packages/airflow/example_dags/example_sensors.py
[2024-03-08T19:00:44.226+0000] {logging_mixin.py:188} INFO - [2024-03-08T19:00:44.226+0000] {dag.py:3047} INFO - Sync 1 DAGs
[2024-03-08T19:00:44.239+0000] {logging_mixin.py:188} INFO - [2024-03-08T19:00:44.239+0000] {dag.py:3834} INFO - Setting next_dagrun for example_sensors to None, run_after=None
[2024-03-08T19:00:44.376+0000] {processor.py:183} INFO - Processing /home/airflow/.local/lib/python3.8/site-packages/airflow/example_dags/example_sensors.py took 0.190 seconds
[2024-03-08T19:01:14.960+0000] {processor.py:161} INFO - Started process (PID=3261) to work on /home/airflow/.local/lib/python3.8/site-packages/airflow/example_dags/example_sensors.py
[2024-03-08T19:01:14.961+0000] {processor.py:830} INFO - Processing file /home/airflow/.local/lib/python3.8/site-packages/airflow/example_dags/example_sensors.py for tasks to queue
[2024-03-08T19:01:14.962+0000] {logging_mixin.py:188} INFO - [2024-03-08T19:01:14.962+0000] {dagbag.py:540} INFO - Filling up the DagBag from /home/airflow/.local/lib/python3.8/site-packages/airflow/example_dags/example_sensors.py
[2024-03-08T19:01:14.970+0000] {processor.py:840} INFO - DAG(s) 'example_sensors' retrieved from /home/airflow/.local/lib/python3.8/site-packages/airflow/example_dags/example_sensors.py
[2024-03-08T19:01:14.993+0000] {logging_mixin.py:188} INFO - [2024-03-08T19:01:14.993+0000] {dag.py:3047} INFO - Sync 1 DAGs
[2024-03-08T19:01:15.003+0000] {logging_mixin.py:188} INFO - [2024-03-08T19:01:15.002+0000] {dag.py:3834} INFO - Setting next_dagrun for example_sensors to None, run_after=None
[2024-03-08T19:01:15.017+0000] {processor.py:183} INFO - Processing /home/airflow/.local/lib/python3.8/site-packages/airflow/example_dags/example_sensors.py took 0.060 seconds
[2024-03-08T19:01:45.337+0000] {processor.py:161} INFO - Started process (PID=3316) to work on /home/airflow/.local/lib/python3.8/site-packages/airflow/example_dags/example_sensors.py
[2024-03-08T19:01:45.338+0000] {processor.py:830} INFO - Processing file /home/airflow/.local/lib/python3.8/site-packages/airflow/example_dags/example_sensors.py for tasks to queue
[2024-03-08T19:01:45.339+0000] {logging_mixin.py:188} INFO - [2024-03-08T19:01:45.339+0000] {dagbag.py:540} INFO - Filling up the DagBag from /home/airflow/.local/lib/python3.8/site-packages/airflow/example_dags/example_sensors.py
[2024-03-08T19:01:45.347+0000] {processor.py:840} INFO - DAG(s) 'example_sensors' retrieved from /home/airflow/.local/lib/python3.8/site-packages/airflow/example_dags/example_sensors.py
[2024-03-08T19:01:45.371+0000] {logging_mixin.py:188} INFO - [2024-03-08T19:01:45.371+0000] {dag.py:3047} INFO - Sync 1 DAGs
[2024-03-08T19:01:45.382+0000] {logging_mixin.py:188} INFO - [2024-03-08T19:01:45.382+0000] {dag.py:3834} INFO - Setting next_dagrun for example_sensors to None, run_after=None
[2024-03-08T19:01:45.399+0000] {processor.py:183} INFO - Processing /home/airflow/.local/lib/python3.8/site-packages/airflow/example_dags/example_sensors.py took 0.065 seconds
[2024-03-08T19:02:16.126+0000] {processor.py:161} INFO - Started process (PID=3371) to work on /home/airflow/.local/lib/python3.8/site-packages/airflow/example_dags/example_sensors.py
[2024-03-08T19:02:16.127+0000] {processor.py:830} INFO - Processing file /home/airflow/.local/lib/python3.8/site-packages/airflow/example_dags/example_sensors.py for tasks to queue
[2024-03-08T19:02:16.128+0000] {logging_mixin.py:188} INFO - [2024-03-08T19:02:16.128+0000] {dagbag.py:540} INFO - Filling up the DagBag from /home/airflow/.local/lib/python3.8/site-packages/airflow/example_dags/example_sensors.py
[2024-03-08T19:02:16.137+0000] {processor.py:840} INFO - DAG(s) 'example_sensors' retrieved from /home/airflow/.local/lib/python3.8/site-packages/airflow/example_dags/example_sensors.py
[2024-03-08T19:02:16.160+0000] {logging_mixin.py:188} INFO - [2024-03-08T19:02:16.160+0000] {dag.py:3047} INFO - Sync 1 DAGs
[2024-03-08T19:02:16.171+0000] {logging_mixin.py:188} INFO - [2024-03-08T19:02:16.171+0000] {dag.py:3834} INFO - Setting next_dagrun for example_sensors to None, run_after=None
[2024-03-08T19:02:16.188+0000] {processor.py:183} INFO - Processing /home/airflow/.local/lib/python3.8/site-packages/airflow/example_dags/example_sensors.py took 0.065 seconds
[2024-03-08T19:02:47.001+0000] {processor.py:161} INFO - Started process (PID=3426) to work on /home/airflow/.local/lib/python3.8/site-packages/airflow/example_dags/example_sensors.py
[2024-03-08T19:02:47.002+0000] {processor.py:830} INFO - Processing file /home/airflow/.local/lib/python3.8/site-packages/airflow/example_dags/example_sensors.py for tasks to queue
[2024-03-08T19:02:47.004+0000] {logging_mixin.py:188} INFO - [2024-03-08T19:02:47.004+0000] {dagbag.py:540} INFO - Filling up the DagBag from /home/airflow/.local/lib/python3.8/site-packages/airflow/example_dags/example_sensors.py
[2024-03-08T19:02:47.014+0000] {processor.py:840} INFO - DAG(s) 'example_sensors' retrieved from /home/airflow/.local/lib/python3.8/site-packages/airflow/example_dags/example_sensors.py
[2024-03-08T19:02:47.041+0000] {logging_mixin.py:188} INFO - [2024-03-08T19:02:47.040+0000] {dag.py:3047} INFO - Sync 1 DAGs
[2024-03-08T19:02:47.056+0000] {logging_mixin.py:188} INFO - [2024-03-08T19:02:47.056+0000] {dag.py:3834} INFO - Setting next_dagrun for example_sensors to None, run_after=None
[2024-03-08T19:02:47.078+0000] {processor.py:183} INFO - Processing /home/airflow/.local/lib/python3.8/site-packages/airflow/example_dags/example_sensors.py took 0.079 seconds
[2024-03-08T19:03:17.338+0000] {processor.py:161} INFO - Started process (PID=3481) to work on /home/airflow/.local/lib/python3.8/site-packages/airflow/example_dags/example_sensors.py
[2024-03-08T19:03:17.340+0000] {processor.py:830} INFO - Processing file /home/airflow/.local/lib/python3.8/site-packages/airflow/example_dags/example_sensors.py for tasks to queue
[2024-03-08T19:03:17.341+0000] {logging_mixin.py:188} INFO - [2024-03-08T19:03:17.341+0000] {dagbag.py:540} INFO - Filling up the DagBag from /home/airflow/.local/lib/python3.8/site-packages/airflow/example_dags/example_sensors.py
[2024-03-08T19:03:17.352+0000] {processor.py:840} INFO - DAG(s) 'example_sensors' retrieved from /home/airflow/.local/lib/python3.8/site-packages/airflow/example_dags/example_sensors.py
[2024-03-08T19:03:17.378+0000] {logging_mixin.py:188} INFO - [2024-03-08T19:03:17.377+0000] {dag.py:3047} INFO - Sync 1 DAGs
[2024-03-08T19:03:17.391+0000] {logging_mixin.py:188} INFO - [2024-03-08T19:03:17.390+0000] {dag.py:3834} INFO - Setting next_dagrun for example_sensors to None, run_after=None
[2024-03-08T19:03:17.413+0000] {processor.py:183} INFO - Processing /home/airflow/.local/lib/python3.8/site-packages/airflow/example_dags/example_sensors.py took 0.078 seconds
[2024-03-08T19:03:48.127+0000] {processor.py:161} INFO - Started process (PID=3536) to work on /home/airflow/.local/lib/python3.8/site-packages/airflow/example_dags/example_sensors.py
[2024-03-08T19:03:48.129+0000] {processor.py:830} INFO - Processing file /home/airflow/.local/lib/python3.8/site-packages/airflow/example_dags/example_sensors.py for tasks to queue
[2024-03-08T19:03:48.131+0000] {logging_mixin.py:188} INFO - [2024-03-08T19:03:48.130+0000] {dagbag.py:540} INFO - Filling up the DagBag from /home/airflow/.local/lib/python3.8/site-packages/airflow/example_dags/example_sensors.py
[2024-03-08T19:03:48.139+0000] {processor.py:840} INFO - DAG(s) 'example_sensors' retrieved from /home/airflow/.local/lib/python3.8/site-packages/airflow/example_dags/example_sensors.py
[2024-03-08T19:03:48.167+0000] {logging_mixin.py:188} INFO - [2024-03-08T19:03:48.167+0000] {dag.py:3047} INFO - Sync 1 DAGs
[2024-03-08T19:03:48.181+0000] {logging_mixin.py:188} INFO - [2024-03-08T19:03:48.181+0000] {dag.py:3834} INFO - Setting next_dagrun for example_sensors to None, run_after=None
[2024-03-08T19:03:48.206+0000] {processor.py:183} INFO - Processing /home/airflow/.local/lib/python3.8/site-packages/airflow/example_dags/example_sensors.py took 0.082 seconds
[2024-03-08T19:04:18.351+0000] {processor.py:161} INFO - Started process (PID=3591) to work on /home/airflow/.local/lib/python3.8/site-packages/airflow/example_dags/example_sensors.py
[2024-03-08T19:04:18.352+0000] {processor.py:830} INFO - Processing file /home/airflow/.local/lib/python3.8/site-packages/airflow/example_dags/example_sensors.py for tasks to queue
[2024-03-08T19:04:18.353+0000] {logging_mixin.py:188} INFO - [2024-03-08T19:04:18.353+0000] {dagbag.py:540} INFO - Filling up the DagBag from /home/airflow/.local/lib/python3.8/site-packages/airflow/example_dags/example_sensors.py
[2024-03-08T19:04:18.362+0000] {processor.py:840} INFO - DAG(s) 'example_sensors' retrieved from /home/airflow/.local/lib/python3.8/site-packages/airflow/example_dags/example_sensors.py
[2024-03-08T19:04:18.384+0000] {logging_mixin.py:188} INFO - [2024-03-08T19:04:18.383+0000] {dag.py:3047} INFO - Sync 1 DAGs
[2024-03-08T19:04:18.402+0000] {logging_mixin.py:188} INFO - [2024-03-08T19:04:18.401+0000] {dag.py:3834} INFO - Setting next_dagrun for example_sensors to None, run_after=None
[2024-03-08T19:04:18.431+0000] {processor.py:183} INFO - Processing /home/airflow/.local/lib/python3.8/site-packages/airflow/example_dags/example_sensors.py took 0.082 seconds
[2024-03-08T19:04:48.528+0000] {processor.py:161} INFO - Started process (PID=3646) to work on /home/airflow/.local/lib/python3.8/site-packages/airflow/example_dags/example_sensors.py
[2024-03-08T19:04:48.529+0000] {processor.py:830} INFO - Processing file /home/airflow/.local/lib/python3.8/site-packages/airflow/example_dags/example_sensors.py for tasks to queue
[2024-03-08T19:04:48.530+0000] {logging_mixin.py:188} INFO - [2024-03-08T19:04:48.530+0000] {dagbag.py:540} INFO - Filling up the DagBag from /home/airflow/.local/lib/python3.8/site-packages/airflow/example_dags/example_sensors.py
[2024-03-08T19:04:48.538+0000] {processor.py:840} INFO - DAG(s) 'example_sensors' retrieved from /home/airflow/.local/lib/python3.8/site-packages/airflow/example_dags/example_sensors.py
[2024-03-08T19:04:48.599+0000] {logging_mixin.py:188} INFO - [2024-03-08T19:04:48.598+0000] {dag.py:3047} INFO - Sync 1 DAGs
[2024-03-08T19:04:48.613+0000] {logging_mixin.py:188} INFO - [2024-03-08T19:04:48.613+0000] {dag.py:3834} INFO - Setting next_dagrun for example_sensors to None, run_after=None
[2024-03-08T19:04:48.630+0000] {processor.py:183} INFO - Processing /home/airflow/.local/lib/python3.8/site-packages/airflow/example_dags/example_sensors.py took 0.106 seconds
[2024-03-08T19:05:19.469+0000] {processor.py:161} INFO - Started process (PID=3701) to work on /home/airflow/.local/lib/python3.8/site-packages/airflow/example_dags/example_sensors.py
[2024-03-08T19:05:19.470+0000] {processor.py:830} INFO - Processing file /home/airflow/.local/lib/python3.8/site-packages/airflow/example_dags/example_sensors.py for tasks to queue
[2024-03-08T19:05:19.472+0000] {logging_mixin.py:188} INFO - [2024-03-08T19:05:19.471+0000] {dagbag.py:540} INFO - Filling up the DagBag from /home/airflow/.local/lib/python3.8/site-packages/airflow/example_dags/example_sensors.py
[2024-03-08T19:05:19.480+0000] {processor.py:840} INFO - DAG(s) 'example_sensors' retrieved from /home/airflow/.local/lib/python3.8/site-packages/airflow/example_dags/example_sensors.py
[2024-03-08T19:05:19.522+0000] {logging_mixin.py:188} INFO - [2024-03-08T19:05:19.521+0000] {dag.py:3047} INFO - Sync 1 DAGs
[2024-03-08T19:05:19.533+0000] {logging_mixin.py:188} INFO - [2024-03-08T19:05:19.532+0000] {dag.py:3834} INFO - Setting next_dagrun for example_sensors to None, run_after=None
[2024-03-08T19:05:19.553+0000] {processor.py:183} INFO - Processing /home/airflow/.local/lib/python3.8/site-packages/airflow/example_dags/example_sensors.py took 0.086 seconds
[2024-03-08T19:05:50.035+0000] {processor.py:161} INFO - Started process (PID=3756) to work on /home/airflow/.local/lib/python3.8/site-packages/airflow/example_dags/example_sensors.py
[2024-03-08T19:05:50.037+0000] {processor.py:830} INFO - Processing file /home/airflow/.local/lib/python3.8/site-packages/airflow/example_dags/example_sensors.py for tasks to queue
[2024-03-08T19:05:50.038+0000] {logging_mixin.py:188} INFO - [2024-03-08T19:05:50.038+0000] {dagbag.py:540} INFO - Filling up the DagBag from /home/airflow/.local/lib/python3.8/site-packages/airflow/example_dags/example_sensors.py
[2024-03-08T19:05:50.050+0000] {processor.py:840} INFO - DAG(s) 'example_sensors' retrieved from /home/airflow/.local/lib/python3.8/site-packages/airflow/example_dags/example_sensors.py
[2024-03-08T19:05:50.079+0000] {logging_mixin.py:188} INFO - [2024-03-08T19:05:50.079+0000] {dag.py:3047} INFO - Sync 1 DAGs
[2024-03-08T19:05:50.095+0000] {logging_mixin.py:188} INFO - [2024-03-08T19:05:50.095+0000] {dag.py:3834} INFO - Setting next_dagrun for example_sensors to None, run_after=None
[2024-03-08T19:05:50.116+0000] {processor.py:183} INFO - Processing /home/airflow/.local/lib/python3.8/site-packages/airflow/example_dags/example_sensors.py took 0.084 seconds
[2024-03-08T19:06:21.089+0000] {processor.py:161} INFO - Started process (PID=3811) to work on /home/airflow/.local/lib/python3.8/site-packages/airflow/example_dags/example_sensors.py
[2024-03-08T19:06:21.090+0000] {processor.py:830} INFO - Processing file /home/airflow/.local/lib/python3.8/site-packages/airflow/example_dags/example_sensors.py for tasks to queue
[2024-03-08T19:06:21.092+0000] {logging_mixin.py:188} INFO - [2024-03-08T19:06:21.092+0000] {dagbag.py:540} INFO - Filling up the DagBag from /home/airflow/.local/lib/python3.8/site-packages/airflow/example_dags/example_sensors.py
[2024-03-08T19:06:21.100+0000] {processor.py:840} INFO - DAG(s) 'example_sensors' retrieved from /home/airflow/.local/lib/python3.8/site-packages/airflow/example_dags/example_sensors.py
[2024-03-08T19:06:21.126+0000] {logging_mixin.py:188} INFO - [2024-03-08T19:06:21.125+0000] {dag.py:3047} INFO - Sync 1 DAGs
[2024-03-08T19:06:21.138+0000] {logging_mixin.py:188} INFO - [2024-03-08T19:06:21.138+0000] {dag.py:3834} INFO - Setting next_dagrun for example_sensors to None, run_after=None
[2024-03-08T19:06:21.156+0000] {processor.py:183} INFO - Processing /home/airflow/.local/lib/python3.8/site-packages/airflow/example_dags/example_sensors.py took 0.069 seconds
[2024-03-08T19:06:51.626+0000] {processor.py:161} INFO - Started process (PID=3866) to work on /home/airflow/.local/lib/python3.8/site-packages/airflow/example_dags/example_sensors.py
[2024-03-08T19:06:51.626+0000] {processor.py:830} INFO - Processing file /home/airflow/.local/lib/python3.8/site-packages/airflow/example_dags/example_sensors.py for tasks to queue
[2024-03-08T19:06:51.628+0000] {logging_mixin.py:188} INFO - [2024-03-08T19:06:51.628+0000] {dagbag.py:540} INFO - Filling up the DagBag from /home/airflow/.local/lib/python3.8/site-packages/airflow/example_dags/example_sensors.py
[2024-03-08T19:06:51.635+0000] {processor.py:840} INFO - DAG(s) 'example_sensors' retrieved from /home/airflow/.local/lib/python3.8/site-packages/airflow/example_dags/example_sensors.py
[2024-03-08T19:06:51.659+0000] {logging_mixin.py:188} INFO - [2024-03-08T19:06:51.658+0000] {dag.py:3047} INFO - Sync 1 DAGs
[2024-03-08T19:06:51.669+0000] {logging_mixin.py:188} INFO - [2024-03-08T19:06:51.669+0000] {dag.py:3834} INFO - Setting next_dagrun for example_sensors to None, run_after=None
[2024-03-08T19:06:51.685+0000] {processor.py:183} INFO - Processing /home/airflow/.local/lib/python3.8/site-packages/airflow/example_dags/example_sensors.py took 0.062 seconds
[2024-03-08T19:07:22.062+0000] {processor.py:161} INFO - Started process (PID=3921) to work on /home/airflow/.local/lib/python3.8/site-packages/airflow/example_dags/example_sensors.py
[2024-03-08T19:07:22.063+0000] {processor.py:830} INFO - Processing file /home/airflow/.local/lib/python3.8/site-packages/airflow/example_dags/example_sensors.py for tasks to queue
[2024-03-08T19:07:22.065+0000] {logging_mixin.py:188} INFO - [2024-03-08T19:07:22.064+0000] {dagbag.py:540} INFO - Filling up the DagBag from /home/airflow/.local/lib/python3.8/site-packages/airflow/example_dags/example_sensors.py
[2024-03-08T19:07:22.073+0000] {processor.py:840} INFO - DAG(s) 'example_sensors' retrieved from /home/airflow/.local/lib/python3.8/site-packages/airflow/example_dags/example_sensors.py
[2024-03-08T19:07:22.102+0000] {logging_mixin.py:188} INFO - [2024-03-08T19:07:22.102+0000] {dag.py:3047} INFO - Sync 1 DAGs
[2024-03-08T19:07:22.117+0000] {logging_mixin.py:188} INFO - [2024-03-08T19:07:22.117+0000] {dag.py:3834} INFO - Setting next_dagrun for example_sensors to None, run_after=None
[2024-03-08T19:07:22.136+0000] {processor.py:183} INFO - Processing /home/airflow/.local/lib/python3.8/site-packages/airflow/example_dags/example_sensors.py took 0.076 seconds
