[2024-03-08T18:32:44.360+0000] {processor.py:161} INFO - Started process (PID=183) to work on /home/airflow/.local/lib/python3.8/site-packages/airflow/example_dags/example_task_group.py
[2024-03-08T18:32:44.360+0000] {processor.py:830} INFO - Processing file /home/airflow/.local/lib/python3.8/site-packages/airflow/example_dags/example_task_group.py for tasks to queue
[2024-03-08T18:32:44.362+0000] {logging_mixin.py:188} INFO - [2024-03-08T18:32:44.362+0000] {dagbag.py:540} INFO - Filling up the DagBag from /home/airflow/.local/lib/python3.8/site-packages/airflow/example_dags/example_task_group.py
[2024-03-08T18:32:44.369+0000] {processor.py:840} INFO - DAG(s) 'example_task_group' retrieved from /home/airflow/.local/lib/python3.8/site-packages/airflow/example_dags/example_task_group.py
[2024-03-08T18:32:44.378+0000] {logging_mixin.py:188} INFO - [2024-03-08T18:32:44.378+0000] {dag.py:3047} INFO - Sync 1 DAGs
[2024-03-08T18:32:44.397+0000] {logging_mixin.py:188} INFO - [2024-03-08T18:32:44.396+0000] {dag.py:3834} INFO - Setting next_dagrun for example_task_group to 2024-03-07 00:00:00+00:00, run_after=2024-03-08 00:00:00+00:00
[2024-03-08T18:32:44.413+0000] {processor.py:183} INFO - Processing /home/airflow/.local/lib/python3.8/site-packages/airflow/example_dags/example_task_group.py took 0.056 seconds
[2024-03-08T18:33:15.889+0000] {processor.py:161} INFO - Started process (PID=238) to work on /home/airflow/.local/lib/python3.8/site-packages/airflow/example_dags/example_task_group.py
[2024-03-08T18:33:15.890+0000] {processor.py:830} INFO - Processing file /home/airflow/.local/lib/python3.8/site-packages/airflow/example_dags/example_task_group.py for tasks to queue
[2024-03-08T18:33:15.891+0000] {logging_mixin.py:188} INFO - [2024-03-08T18:33:15.891+0000] {dagbag.py:540} INFO - Filling up the DagBag from /home/airflow/.local/lib/python3.8/site-packages/airflow/example_dags/example_task_group.py
[2024-03-08T18:33:15.897+0000] {processor.py:840} INFO - DAG(s) 'example_task_group' retrieved from /home/airflow/.local/lib/python3.8/site-packages/airflow/example_dags/example_task_group.py
[2024-03-08T18:33:15.992+0000] {logging_mixin.py:188} INFO - [2024-03-08T18:33:15.992+0000] {dag.py:3047} INFO - Sync 1 DAGs
[2024-03-08T18:33:16.009+0000] {logging_mixin.py:188} INFO - [2024-03-08T18:33:16.008+0000] {dag.py:3834} INFO - Setting next_dagrun for example_task_group to 2024-03-07 00:00:00+00:00, run_after=2024-03-08 00:00:00+00:00
[2024-03-08T18:33:16.023+0000] {processor.py:183} INFO - Processing /home/airflow/.local/lib/python3.8/site-packages/airflow/example_dags/example_task_group.py took 0.140 seconds
[2024-03-08T18:33:46.100+0000] {processor.py:161} INFO - Started process (PID=293) to work on /home/airflow/.local/lib/python3.8/site-packages/airflow/example_dags/example_task_group.py
[2024-03-08T18:33:46.101+0000] {processor.py:830} INFO - Processing file /home/airflow/.local/lib/python3.8/site-packages/airflow/example_dags/example_task_group.py for tasks to queue
[2024-03-08T18:33:46.103+0000] {logging_mixin.py:188} INFO - [2024-03-08T18:33:46.103+0000] {dagbag.py:540} INFO - Filling up the DagBag from /home/airflow/.local/lib/python3.8/site-packages/airflow/example_dags/example_task_group.py
[2024-03-08T18:33:46.110+0000] {processor.py:840} INFO - DAG(s) 'example_task_group' retrieved from /home/airflow/.local/lib/python3.8/site-packages/airflow/example_dags/example_task_group.py
[2024-03-08T18:33:46.132+0000] {logging_mixin.py:188} INFO - [2024-03-08T18:33:46.132+0000] {dag.py:3047} INFO - Sync 1 DAGs
[2024-03-08T18:33:46.155+0000] {logging_mixin.py:188} INFO - [2024-03-08T18:33:46.154+0000] {dag.py:3834} INFO - Setting next_dagrun for example_task_group to 2024-03-07 00:00:00+00:00, run_after=2024-03-08 00:00:00+00:00
[2024-03-08T18:33:46.174+0000] {processor.py:183} INFO - Processing /home/airflow/.local/lib/python3.8/site-packages/airflow/example_dags/example_task_group.py took 0.077 seconds
[2024-03-08T18:34:16.961+0000] {processor.py:161} INFO - Started process (PID=348) to work on /home/airflow/.local/lib/python3.8/site-packages/airflow/example_dags/example_task_group.py
[2024-03-08T18:34:16.962+0000] {processor.py:830} INFO - Processing file /home/airflow/.local/lib/python3.8/site-packages/airflow/example_dags/example_task_group.py for tasks to queue
[2024-03-08T18:34:16.963+0000] {logging_mixin.py:188} INFO - [2024-03-08T18:34:16.963+0000] {dagbag.py:540} INFO - Filling up the DagBag from /home/airflow/.local/lib/python3.8/site-packages/airflow/example_dags/example_task_group.py
[2024-03-08T18:34:16.970+0000] {processor.py:840} INFO - DAG(s) 'example_task_group' retrieved from /home/airflow/.local/lib/python3.8/site-packages/airflow/example_dags/example_task_group.py
[2024-03-08T18:34:17.005+0000] {logging_mixin.py:188} INFO - [2024-03-08T18:34:17.005+0000] {dag.py:3047} INFO - Sync 1 DAGs
[2024-03-08T18:34:17.024+0000] {logging_mixin.py:188} INFO - [2024-03-08T18:34:17.024+0000] {dag.py:3834} INFO - Setting next_dagrun for example_task_group to 2024-03-07 00:00:00+00:00, run_after=2024-03-08 00:00:00+00:00
[2024-03-08T18:34:17.038+0000] {processor.py:183} INFO - Processing /home/airflow/.local/lib/python3.8/site-packages/airflow/example_dags/example_task_group.py took 0.079 seconds
[2024-03-08T18:34:47.628+0000] {processor.py:161} INFO - Started process (PID=403) to work on /home/airflow/.local/lib/python3.8/site-packages/airflow/example_dags/example_task_group.py
[2024-03-08T18:34:47.629+0000] {processor.py:830} INFO - Processing file /home/airflow/.local/lib/python3.8/site-packages/airflow/example_dags/example_task_group.py for tasks to queue
[2024-03-08T18:34:47.630+0000] {logging_mixin.py:188} INFO - [2024-03-08T18:34:47.630+0000] {dagbag.py:540} INFO - Filling up the DagBag from /home/airflow/.local/lib/python3.8/site-packages/airflow/example_dags/example_task_group.py
[2024-03-08T18:34:47.636+0000] {processor.py:840} INFO - DAG(s) 'example_task_group' retrieved from /home/airflow/.local/lib/python3.8/site-packages/airflow/example_dags/example_task_group.py
[2024-03-08T18:34:47.654+0000] {logging_mixin.py:188} INFO - [2024-03-08T18:34:47.654+0000] {dag.py:3047} INFO - Sync 1 DAGs
[2024-03-08T18:34:47.672+0000] {logging_mixin.py:188} INFO - [2024-03-08T18:34:47.672+0000] {dag.py:3834} INFO - Setting next_dagrun for example_task_group to 2024-03-07 00:00:00+00:00, run_after=2024-03-08 00:00:00+00:00
[2024-03-08T18:34:47.695+0000] {processor.py:183} INFO - Processing /home/airflow/.local/lib/python3.8/site-packages/airflow/example_dags/example_task_group.py took 0.069 seconds
[2024-03-08T18:35:18.067+0000] {processor.py:161} INFO - Started process (PID=458) to work on /home/airflow/.local/lib/python3.8/site-packages/airflow/example_dags/example_task_group.py
[2024-03-08T18:35:18.068+0000] {processor.py:830} INFO - Processing file /home/airflow/.local/lib/python3.8/site-packages/airflow/example_dags/example_task_group.py for tasks to queue
[2024-03-08T18:35:18.069+0000] {logging_mixin.py:188} INFO - [2024-03-08T18:35:18.069+0000] {dagbag.py:540} INFO - Filling up the DagBag from /home/airflow/.local/lib/python3.8/site-packages/airflow/example_dags/example_task_group.py
[2024-03-08T18:35:18.094+0000] {processor.py:840} INFO - DAG(s) 'example_task_group' retrieved from /home/airflow/.local/lib/python3.8/site-packages/airflow/example_dags/example_task_group.py
[2024-03-08T18:35:18.117+0000] {logging_mixin.py:188} INFO - [2024-03-08T18:35:18.117+0000] {dag.py:3047} INFO - Sync 1 DAGs
[2024-03-08T18:35:18.135+0000] {logging_mixin.py:188} INFO - [2024-03-08T18:35:18.135+0000] {dag.py:3834} INFO - Setting next_dagrun for example_task_group to 2024-03-07 00:00:00+00:00, run_after=2024-03-08 00:00:00+00:00
[2024-03-08T18:35:18.149+0000] {processor.py:183} INFO - Processing /home/airflow/.local/lib/python3.8/site-packages/airflow/example_dags/example_task_group.py took 0.084 seconds
[2024-03-08T18:35:48.606+0000] {processor.py:161} INFO - Started process (PID=513) to work on /home/airflow/.local/lib/python3.8/site-packages/airflow/example_dags/example_task_group.py
[2024-03-08T18:35:48.607+0000] {processor.py:830} INFO - Processing file /home/airflow/.local/lib/python3.8/site-packages/airflow/example_dags/example_task_group.py for tasks to queue
[2024-03-08T18:35:48.608+0000] {logging_mixin.py:188} INFO - [2024-03-08T18:35:48.608+0000] {dagbag.py:540} INFO - Filling up the DagBag from /home/airflow/.local/lib/python3.8/site-packages/airflow/example_dags/example_task_group.py
[2024-03-08T18:35:48.614+0000] {processor.py:840} INFO - DAG(s) 'example_task_group' retrieved from /home/airflow/.local/lib/python3.8/site-packages/airflow/example_dags/example_task_group.py
[2024-03-08T18:35:48.631+0000] {logging_mixin.py:188} INFO - [2024-03-08T18:35:48.631+0000] {dag.py:3047} INFO - Sync 1 DAGs
[2024-03-08T18:35:48.647+0000] {logging_mixin.py:188} INFO - [2024-03-08T18:35:48.647+0000] {dag.py:3834} INFO - Setting next_dagrun for example_task_group to 2024-03-07 00:00:00+00:00, run_after=2024-03-08 00:00:00+00:00
[2024-03-08T18:35:48.660+0000] {processor.py:183} INFO - Processing /home/airflow/.local/lib/python3.8/site-packages/airflow/example_dags/example_task_group.py took 0.057 seconds
[2024-03-08T18:36:19.475+0000] {processor.py:161} INFO - Started process (PID=568) to work on /home/airflow/.local/lib/python3.8/site-packages/airflow/example_dags/example_task_group.py
[2024-03-08T18:36:19.476+0000] {processor.py:830} INFO - Processing file /home/airflow/.local/lib/python3.8/site-packages/airflow/example_dags/example_task_group.py for tasks to queue
[2024-03-08T18:36:19.477+0000] {logging_mixin.py:188} INFO - [2024-03-08T18:36:19.477+0000] {dagbag.py:540} INFO - Filling up the DagBag from /home/airflow/.local/lib/python3.8/site-packages/airflow/example_dags/example_task_group.py
[2024-03-08T18:36:19.482+0000] {processor.py:840} INFO - DAG(s) 'example_task_group' retrieved from /home/airflow/.local/lib/python3.8/site-packages/airflow/example_dags/example_task_group.py
[2024-03-08T18:36:19.501+0000] {logging_mixin.py:188} INFO - [2024-03-08T18:36:19.501+0000] {dag.py:3047} INFO - Sync 1 DAGs
[2024-03-08T18:36:19.520+0000] {logging_mixin.py:188} INFO - [2024-03-08T18:36:19.519+0000] {dag.py:3834} INFO - Setting next_dagrun for example_task_group to 2024-03-07 00:00:00+00:00, run_after=2024-03-08 00:00:00+00:00
[2024-03-08T18:36:19.534+0000] {processor.py:183} INFO - Processing /home/airflow/.local/lib/python3.8/site-packages/airflow/example_dags/example_task_group.py took 0.062 seconds
[2024-03-08T18:36:50.119+0000] {processor.py:161} INFO - Started process (PID=623) to work on /home/airflow/.local/lib/python3.8/site-packages/airflow/example_dags/example_task_group.py
[2024-03-08T18:36:50.120+0000] {processor.py:830} INFO - Processing file /home/airflow/.local/lib/python3.8/site-packages/airflow/example_dags/example_task_group.py for tasks to queue
[2024-03-08T18:36:50.121+0000] {logging_mixin.py:188} INFO - [2024-03-08T18:36:50.121+0000] {dagbag.py:540} INFO - Filling up the DagBag from /home/airflow/.local/lib/python3.8/site-packages/airflow/example_dags/example_task_group.py
[2024-03-08T18:36:50.126+0000] {processor.py:840} INFO - DAG(s) 'example_task_group' retrieved from /home/airflow/.local/lib/python3.8/site-packages/airflow/example_dags/example_task_group.py
[2024-03-08T18:36:50.145+0000] {logging_mixin.py:188} INFO - [2024-03-08T18:36:50.145+0000] {dag.py:3047} INFO - Sync 1 DAGs
[2024-03-08T18:36:50.164+0000] {logging_mixin.py:188} INFO - [2024-03-08T18:36:50.163+0000] {dag.py:3834} INFO - Setting next_dagrun for example_task_group to 2024-03-07 00:00:00+00:00, run_after=2024-03-08 00:00:00+00:00
[2024-03-08T18:36:50.178+0000] {processor.py:183} INFO - Processing /home/airflow/.local/lib/python3.8/site-packages/airflow/example_dags/example_task_group.py took 0.061 seconds
[2024-03-08T18:37:20.931+0000] {processor.py:161} INFO - Started process (PID=678) to work on /home/airflow/.local/lib/python3.8/site-packages/airflow/example_dags/example_task_group.py
[2024-03-08T18:37:20.932+0000] {processor.py:830} INFO - Processing file /home/airflow/.local/lib/python3.8/site-packages/airflow/example_dags/example_task_group.py for tasks to queue
[2024-03-08T18:37:20.934+0000] {logging_mixin.py:188} INFO - [2024-03-08T18:37:20.934+0000] {dagbag.py:540} INFO - Filling up the DagBag from /home/airflow/.local/lib/python3.8/site-packages/airflow/example_dags/example_task_group.py
[2024-03-08T18:37:20.940+0000] {processor.py:840} INFO - DAG(s) 'example_task_group' retrieved from /home/airflow/.local/lib/python3.8/site-packages/airflow/example_dags/example_task_group.py
[2024-03-08T18:37:20.958+0000] {logging_mixin.py:188} INFO - [2024-03-08T18:37:20.958+0000] {dag.py:3047} INFO - Sync 1 DAGs
[2024-03-08T18:37:20.979+0000] {logging_mixin.py:188} INFO - [2024-03-08T18:37:20.979+0000] {dag.py:3834} INFO - Setting next_dagrun for example_task_group to 2024-03-07 00:00:00+00:00, run_after=2024-03-08 00:00:00+00:00
[2024-03-08T18:37:21.009+0000] {processor.py:183} INFO - Processing /home/airflow/.local/lib/python3.8/site-packages/airflow/example_dags/example_task_group.py took 0.081 seconds
[2024-03-08T18:37:52.935+0000] {processor.py:161} INFO - Started process (PID=733) to work on /home/airflow/.local/lib/python3.8/site-packages/airflow/example_dags/example_task_group.py
[2024-03-08T18:37:52.936+0000] {processor.py:830} INFO - Processing file /home/airflow/.local/lib/python3.8/site-packages/airflow/example_dags/example_task_group.py for tasks to queue
[2024-03-08T18:37:52.938+0000] {logging_mixin.py:188} INFO - [2024-03-08T18:37:52.938+0000] {dagbag.py:540} INFO - Filling up the DagBag from /home/airflow/.local/lib/python3.8/site-packages/airflow/example_dags/example_task_group.py
[2024-03-08T18:37:52.995+0000] {processor.py:840} INFO - DAG(s) 'example_task_group' retrieved from /home/airflow/.local/lib/python3.8/site-packages/airflow/example_dags/example_task_group.py
[2024-03-08T18:37:53.019+0000] {logging_mixin.py:188} INFO - [2024-03-08T18:37:53.018+0000] {dag.py:3047} INFO - Sync 1 DAGs
[2024-03-08T18:37:53.043+0000] {logging_mixin.py:188} INFO - [2024-03-08T18:37:53.042+0000] {dag.py:3834} INFO - Setting next_dagrun for example_task_group to 2024-03-07 00:00:00+00:00, run_after=2024-03-08 00:00:00+00:00
[2024-03-08T18:37:53.093+0000] {processor.py:183} INFO - Processing /home/airflow/.local/lib/python3.8/site-packages/airflow/example_dags/example_task_group.py took 0.161 seconds
[2024-03-08T18:38:24.288+0000] {processor.py:161} INFO - Started process (PID=788) to work on /home/airflow/.local/lib/python3.8/site-packages/airflow/example_dags/example_task_group.py
[2024-03-08T18:38:24.289+0000] {processor.py:830} INFO - Processing file /home/airflow/.local/lib/python3.8/site-packages/airflow/example_dags/example_task_group.py for tasks to queue
[2024-03-08T18:38:24.291+0000] {logging_mixin.py:188} INFO - [2024-03-08T18:38:24.290+0000] {dagbag.py:540} INFO - Filling up the DagBag from /home/airflow/.local/lib/python3.8/site-packages/airflow/example_dags/example_task_group.py
[2024-03-08T18:38:24.298+0000] {processor.py:840} INFO - DAG(s) 'example_task_group' retrieved from /home/airflow/.local/lib/python3.8/site-packages/airflow/example_dags/example_task_group.py
[2024-03-08T18:38:24.322+0000] {logging_mixin.py:188} INFO - [2024-03-08T18:38:24.322+0000] {dag.py:3047} INFO - Sync 1 DAGs
[2024-03-08T18:38:24.347+0000] {logging_mixin.py:188} INFO - [2024-03-08T18:38:24.347+0000] {dag.py:3834} INFO - Setting next_dagrun for example_task_group to 2024-03-07 00:00:00+00:00, run_after=2024-03-08 00:00:00+00:00
[2024-03-08T18:38:24.363+0000] {processor.py:183} INFO - Processing /home/airflow/.local/lib/python3.8/site-packages/airflow/example_dags/example_task_group.py took 0.079 seconds
[2024-03-08T18:38:55.407+0000] {processor.py:161} INFO - Started process (PID=843) to work on /home/airflow/.local/lib/python3.8/site-packages/airflow/example_dags/example_task_group.py
[2024-03-08T18:38:55.407+0000] {processor.py:830} INFO - Processing file /home/airflow/.local/lib/python3.8/site-packages/airflow/example_dags/example_task_group.py for tasks to queue
[2024-03-08T18:38:55.409+0000] {logging_mixin.py:188} INFO - [2024-03-08T18:38:55.409+0000] {dagbag.py:540} INFO - Filling up the DagBag from /home/airflow/.local/lib/python3.8/site-packages/airflow/example_dags/example_task_group.py
[2024-03-08T18:38:55.417+0000] {processor.py:840} INFO - DAG(s) 'example_task_group' retrieved from /home/airflow/.local/lib/python3.8/site-packages/airflow/example_dags/example_task_group.py
[2024-03-08T18:38:55.441+0000] {logging_mixin.py:188} INFO - [2024-03-08T18:38:55.441+0000] {dag.py:3047} INFO - Sync 1 DAGs
[2024-03-08T18:38:55.500+0000] {logging_mixin.py:188} INFO - [2024-03-08T18:38:55.499+0000] {dag.py:3834} INFO - Setting next_dagrun for example_task_group to 2024-03-07 00:00:00+00:00, run_after=2024-03-08 00:00:00+00:00
[2024-03-08T18:38:55.517+0000] {processor.py:183} INFO - Processing /home/airflow/.local/lib/python3.8/site-packages/airflow/example_dags/example_task_group.py took 0.113 seconds
[2024-03-08T18:39:26.219+0000] {processor.py:161} INFO - Started process (PID=898) to work on /home/airflow/.local/lib/python3.8/site-packages/airflow/example_dags/example_task_group.py
[2024-03-08T18:39:26.220+0000] {processor.py:830} INFO - Processing file /home/airflow/.local/lib/python3.8/site-packages/airflow/example_dags/example_task_group.py for tasks to queue
[2024-03-08T18:39:26.222+0000] {logging_mixin.py:188} INFO - [2024-03-08T18:39:26.221+0000] {dagbag.py:540} INFO - Filling up the DagBag from /home/airflow/.local/lib/python3.8/site-packages/airflow/example_dags/example_task_group.py
[2024-03-08T18:39:26.229+0000] {processor.py:840} INFO - DAG(s) 'example_task_group' retrieved from /home/airflow/.local/lib/python3.8/site-packages/airflow/example_dags/example_task_group.py
[2024-03-08T18:39:26.247+0000] {logging_mixin.py:188} INFO - [2024-03-08T18:39:26.247+0000] {dag.py:3047} INFO - Sync 1 DAGs
[2024-03-08T18:39:26.266+0000] {logging_mixin.py:188} INFO - [2024-03-08T18:39:26.266+0000] {dag.py:3834} INFO - Setting next_dagrun for example_task_group to 2024-03-07 00:00:00+00:00, run_after=2024-03-08 00:00:00+00:00
[2024-03-08T18:39:26.280+0000] {processor.py:183} INFO - Processing /home/airflow/.local/lib/python3.8/site-packages/airflow/example_dags/example_task_group.py took 0.064 seconds
[2024-03-08T18:39:56.592+0000] {processor.py:161} INFO - Started process (PID=953) to work on /home/airflow/.local/lib/python3.8/site-packages/airflow/example_dags/example_task_group.py
[2024-03-08T18:39:56.593+0000] {processor.py:830} INFO - Processing file /home/airflow/.local/lib/python3.8/site-packages/airflow/example_dags/example_task_group.py for tasks to queue
[2024-03-08T18:39:56.595+0000] {logging_mixin.py:188} INFO - [2024-03-08T18:39:56.594+0000] {dagbag.py:540} INFO - Filling up the DagBag from /home/airflow/.local/lib/python3.8/site-packages/airflow/example_dags/example_task_group.py
[2024-03-08T18:39:56.601+0000] {processor.py:840} INFO - DAG(s) 'example_task_group' retrieved from /home/airflow/.local/lib/python3.8/site-packages/airflow/example_dags/example_task_group.py
[2024-03-08T18:39:56.619+0000] {logging_mixin.py:188} INFO - [2024-03-08T18:39:56.618+0000] {dag.py:3047} INFO - Sync 1 DAGs
[2024-03-08T18:39:56.637+0000] {logging_mixin.py:188} INFO - [2024-03-08T18:39:56.636+0000] {dag.py:3834} INFO - Setting next_dagrun for example_task_group to 2024-03-07 00:00:00+00:00, run_after=2024-03-08 00:00:00+00:00
[2024-03-08T18:39:56.650+0000] {processor.py:183} INFO - Processing /home/airflow/.local/lib/python3.8/site-packages/airflow/example_dags/example_task_group.py took 0.060 seconds
[2024-03-08T18:40:26.972+0000] {processor.py:161} INFO - Started process (PID=1008) to work on /home/airflow/.local/lib/python3.8/site-packages/airflow/example_dags/example_task_group.py
[2024-03-08T18:40:26.973+0000] {processor.py:830} INFO - Processing file /home/airflow/.local/lib/python3.8/site-packages/airflow/example_dags/example_task_group.py for tasks to queue
[2024-03-08T18:40:26.974+0000] {logging_mixin.py:188} INFO - [2024-03-08T18:40:26.974+0000] {dagbag.py:540} INFO - Filling up the DagBag from /home/airflow/.local/lib/python3.8/site-packages/airflow/example_dags/example_task_group.py
[2024-03-08T18:40:26.981+0000] {processor.py:840} INFO - DAG(s) 'example_task_group' retrieved from /home/airflow/.local/lib/python3.8/site-packages/airflow/example_dags/example_task_group.py
[2024-03-08T18:40:27.004+0000] {logging_mixin.py:188} INFO - [2024-03-08T18:40:27.004+0000] {dag.py:3047} INFO - Sync 1 DAGs
[2024-03-08T18:40:27.023+0000] {logging_mixin.py:188} INFO - [2024-03-08T18:40:27.023+0000] {dag.py:3834} INFO - Setting next_dagrun for example_task_group to 2024-03-07 00:00:00+00:00, run_after=2024-03-08 00:00:00+00:00
[2024-03-08T18:40:27.038+0000] {processor.py:183} INFO - Processing /home/airflow/.local/lib/python3.8/site-packages/airflow/example_dags/example_task_group.py took 0.069 seconds
[2024-03-08T18:40:57.374+0000] {processor.py:161} INFO - Started process (PID=1063) to work on /home/airflow/.local/lib/python3.8/site-packages/airflow/example_dags/example_task_group.py
[2024-03-08T18:40:57.375+0000] {processor.py:830} INFO - Processing file /home/airflow/.local/lib/python3.8/site-packages/airflow/example_dags/example_task_group.py for tasks to queue
[2024-03-08T18:40:57.376+0000] {logging_mixin.py:188} INFO - [2024-03-08T18:40:57.376+0000] {dagbag.py:540} INFO - Filling up the DagBag from /home/airflow/.local/lib/python3.8/site-packages/airflow/example_dags/example_task_group.py
[2024-03-08T18:40:57.381+0000] {processor.py:840} INFO - DAG(s) 'example_task_group' retrieved from /home/airflow/.local/lib/python3.8/site-packages/airflow/example_dags/example_task_group.py
[2024-03-08T18:40:57.400+0000] {logging_mixin.py:188} INFO - [2024-03-08T18:40:57.400+0000] {dag.py:3047} INFO - Sync 1 DAGs
[2024-03-08T18:40:57.420+0000] {logging_mixin.py:188} INFO - [2024-03-08T18:40:57.419+0000] {dag.py:3834} INFO - Setting next_dagrun for example_task_group to 2024-03-07 00:00:00+00:00, run_after=2024-03-08 00:00:00+00:00
[2024-03-08T18:40:57.436+0000] {processor.py:183} INFO - Processing /home/airflow/.local/lib/python3.8/site-packages/airflow/example_dags/example_task_group.py took 0.064 seconds
[2024-03-08T18:41:27.873+0000] {processor.py:161} INFO - Started process (PID=1118) to work on /home/airflow/.local/lib/python3.8/site-packages/airflow/example_dags/example_task_group.py
[2024-03-08T18:41:27.874+0000] {processor.py:830} INFO - Processing file /home/airflow/.local/lib/python3.8/site-packages/airflow/example_dags/example_task_group.py for tasks to queue
[2024-03-08T18:41:27.875+0000] {logging_mixin.py:188} INFO - [2024-03-08T18:41:27.875+0000] {dagbag.py:540} INFO - Filling up the DagBag from /home/airflow/.local/lib/python3.8/site-packages/airflow/example_dags/example_task_group.py
[2024-03-08T18:41:27.881+0000] {processor.py:840} INFO - DAG(s) 'example_task_group' retrieved from /home/airflow/.local/lib/python3.8/site-packages/airflow/example_dags/example_task_group.py
[2024-03-08T18:41:27.900+0000] {logging_mixin.py:188} INFO - [2024-03-08T18:41:27.900+0000] {dag.py:3047} INFO - Sync 1 DAGs
[2024-03-08T18:41:27.920+0000] {logging_mixin.py:188} INFO - [2024-03-08T18:41:27.919+0000] {dag.py:3834} INFO - Setting next_dagrun for example_task_group to 2024-03-07 00:00:00+00:00, run_after=2024-03-08 00:00:00+00:00
[2024-03-08T18:41:27.934+0000] {processor.py:183} INFO - Processing /home/airflow/.local/lib/python3.8/site-packages/airflow/example_dags/example_task_group.py took 0.064 seconds
[2024-03-08T18:41:58.222+0000] {processor.py:161} INFO - Started process (PID=1173) to work on /home/airflow/.local/lib/python3.8/site-packages/airflow/example_dags/example_task_group.py
[2024-03-08T18:41:58.223+0000] {processor.py:830} INFO - Processing file /home/airflow/.local/lib/python3.8/site-packages/airflow/example_dags/example_task_group.py for tasks to queue
[2024-03-08T18:41:58.224+0000] {logging_mixin.py:188} INFO - [2024-03-08T18:41:58.224+0000] {dagbag.py:540} INFO - Filling up the DagBag from /home/airflow/.local/lib/python3.8/site-packages/airflow/example_dags/example_task_group.py
[2024-03-08T18:41:58.230+0000] {processor.py:840} INFO - DAG(s) 'example_task_group' retrieved from /home/airflow/.local/lib/python3.8/site-packages/airflow/example_dags/example_task_group.py
[2024-03-08T18:41:58.247+0000] {logging_mixin.py:188} INFO - [2024-03-08T18:41:58.246+0000] {dag.py:3047} INFO - Sync 1 DAGs
[2024-03-08T18:41:58.265+0000] {logging_mixin.py:188} INFO - [2024-03-08T18:41:58.265+0000] {dag.py:3834} INFO - Setting next_dagrun for example_task_group to 2024-03-07 00:00:00+00:00, run_after=2024-03-08 00:00:00+00:00
[2024-03-08T18:41:58.278+0000] {processor.py:183} INFO - Processing /home/airflow/.local/lib/python3.8/site-packages/airflow/example_dags/example_task_group.py took 0.058 seconds
[2024-03-08T18:42:28.499+0000] {processor.py:161} INFO - Started process (PID=1228) to work on /home/airflow/.local/lib/python3.8/site-packages/airflow/example_dags/example_task_group.py
[2024-03-08T18:42:28.500+0000] {processor.py:830} INFO - Processing file /home/airflow/.local/lib/python3.8/site-packages/airflow/example_dags/example_task_group.py for tasks to queue
[2024-03-08T18:42:28.501+0000] {logging_mixin.py:188} INFO - [2024-03-08T18:42:28.501+0000] {dagbag.py:540} INFO - Filling up the DagBag from /home/airflow/.local/lib/python3.8/site-packages/airflow/example_dags/example_task_group.py
[2024-03-08T18:42:28.507+0000] {processor.py:840} INFO - DAG(s) 'example_task_group' retrieved from /home/airflow/.local/lib/python3.8/site-packages/airflow/example_dags/example_task_group.py
[2024-03-08T18:42:28.527+0000] {logging_mixin.py:188} INFO - [2024-03-08T18:42:28.526+0000] {dag.py:3047} INFO - Sync 1 DAGs
[2024-03-08T18:42:28.545+0000] {logging_mixin.py:188} INFO - [2024-03-08T18:42:28.545+0000] {dag.py:3834} INFO - Setting next_dagrun for example_task_group to 2024-03-07 00:00:00+00:00, run_after=2024-03-08 00:00:00+00:00
[2024-03-08T18:42:28.560+0000] {processor.py:183} INFO - Processing /home/airflow/.local/lib/python3.8/site-packages/airflow/example_dags/example_task_group.py took 0.063 seconds
[2024-03-08T18:42:58.654+0000] {processor.py:161} INFO - Started process (PID=1283) to work on /home/airflow/.local/lib/python3.8/site-packages/airflow/example_dags/example_task_group.py
[2024-03-08T18:42:58.654+0000] {processor.py:830} INFO - Processing file /home/airflow/.local/lib/python3.8/site-packages/airflow/example_dags/example_task_group.py for tasks to queue
[2024-03-08T18:42:58.656+0000] {logging_mixin.py:188} INFO - [2024-03-08T18:42:58.655+0000] {dagbag.py:540} INFO - Filling up the DagBag from /home/airflow/.local/lib/python3.8/site-packages/airflow/example_dags/example_task_group.py
[2024-03-08T18:42:58.661+0000] {processor.py:840} INFO - DAG(s) 'example_task_group' retrieved from /home/airflow/.local/lib/python3.8/site-packages/airflow/example_dags/example_task_group.py
[2024-03-08T18:42:58.681+0000] {logging_mixin.py:188} INFO - [2024-03-08T18:42:58.680+0000] {dag.py:3047} INFO - Sync 1 DAGs
[2024-03-08T18:42:58.700+0000] {logging_mixin.py:188} INFO - [2024-03-08T18:42:58.700+0000] {dag.py:3834} INFO - Setting next_dagrun for example_task_group to 2024-03-07 00:00:00+00:00, run_after=2024-03-08 00:00:00+00:00
[2024-03-08T18:42:58.714+0000] {processor.py:183} INFO - Processing /home/airflow/.local/lib/python3.8/site-packages/airflow/example_dags/example_task_group.py took 0.062 seconds
[2024-03-08T18:43:29.270+0000] {processor.py:161} INFO - Started process (PID=1338) to work on /home/airflow/.local/lib/python3.8/site-packages/airflow/example_dags/example_task_group.py
[2024-03-08T18:43:29.271+0000] {processor.py:830} INFO - Processing file /home/airflow/.local/lib/python3.8/site-packages/airflow/example_dags/example_task_group.py for tasks to queue
[2024-03-08T18:43:29.273+0000] {logging_mixin.py:188} INFO - [2024-03-08T18:43:29.273+0000] {dagbag.py:540} INFO - Filling up the DagBag from /home/airflow/.local/lib/python3.8/site-packages/airflow/example_dags/example_task_group.py
[2024-03-08T18:43:29.279+0000] {processor.py:840} INFO - DAG(s) 'example_task_group' retrieved from /home/airflow/.local/lib/python3.8/site-packages/airflow/example_dags/example_task_group.py
[2024-03-08T18:43:29.315+0000] {logging_mixin.py:188} INFO - [2024-03-08T18:43:29.315+0000] {dag.py:3047} INFO - Sync 1 DAGs
[2024-03-08T18:43:29.336+0000] {logging_mixin.py:188} INFO - [2024-03-08T18:43:29.336+0000] {dag.py:3834} INFO - Setting next_dagrun for example_task_group to 2024-03-07 00:00:00+00:00, run_after=2024-03-08 00:00:00+00:00
[2024-03-08T18:43:29.351+0000] {processor.py:183} INFO - Processing /home/airflow/.local/lib/python3.8/site-packages/airflow/example_dags/example_task_group.py took 0.083 seconds
[2024-03-08T18:43:59.589+0000] {processor.py:161} INFO - Started process (PID=1393) to work on /home/airflow/.local/lib/python3.8/site-packages/airflow/example_dags/example_task_group.py
[2024-03-08T18:43:59.590+0000] {processor.py:830} INFO - Processing file /home/airflow/.local/lib/python3.8/site-packages/airflow/example_dags/example_task_group.py for tasks to queue
[2024-03-08T18:43:59.591+0000] {logging_mixin.py:188} INFO - [2024-03-08T18:43:59.591+0000] {dagbag.py:540} INFO - Filling up the DagBag from /home/airflow/.local/lib/python3.8/site-packages/airflow/example_dags/example_task_group.py
[2024-03-08T18:43:59.597+0000] {processor.py:840} INFO - DAG(s) 'example_task_group' retrieved from /home/airflow/.local/lib/python3.8/site-packages/airflow/example_dags/example_task_group.py
[2024-03-08T18:43:59.614+0000] {logging_mixin.py:188} INFO - [2024-03-08T18:43:59.614+0000] {dag.py:3047} INFO - Sync 1 DAGs
[2024-03-08T18:43:59.633+0000] {logging_mixin.py:188} INFO - [2024-03-08T18:43:59.632+0000] {dag.py:3834} INFO - Setting next_dagrun for example_task_group to 2024-03-07 00:00:00+00:00, run_after=2024-03-08 00:00:00+00:00
[2024-03-08T18:43:59.646+0000] {processor.py:183} INFO - Processing /home/airflow/.local/lib/python3.8/site-packages/airflow/example_dags/example_task_group.py took 0.060 seconds
[2024-03-08T18:44:29.739+0000] {processor.py:161} INFO - Started process (PID=1448) to work on /home/airflow/.local/lib/python3.8/site-packages/airflow/example_dags/example_task_group.py
[2024-03-08T18:44:29.740+0000] {processor.py:830} INFO - Processing file /home/airflow/.local/lib/python3.8/site-packages/airflow/example_dags/example_task_group.py for tasks to queue
[2024-03-08T18:44:29.741+0000] {logging_mixin.py:188} INFO - [2024-03-08T18:44:29.741+0000] {dagbag.py:540} INFO - Filling up the DagBag from /home/airflow/.local/lib/python3.8/site-packages/airflow/example_dags/example_task_group.py
[2024-03-08T18:44:29.747+0000] {processor.py:840} INFO - DAG(s) 'example_task_group' retrieved from /home/airflow/.local/lib/python3.8/site-packages/airflow/example_dags/example_task_group.py
[2024-03-08T18:44:29.765+0000] {logging_mixin.py:188} INFO - [2024-03-08T18:44:29.764+0000] {dag.py:3047} INFO - Sync 1 DAGs
[2024-03-08T18:44:29.783+0000] {logging_mixin.py:188} INFO - [2024-03-08T18:44:29.782+0000] {dag.py:3834} INFO - Setting next_dagrun for example_task_group to 2024-03-07 00:00:00+00:00, run_after=2024-03-08 00:00:00+00:00
[2024-03-08T18:44:29.796+0000] {processor.py:183} INFO - Processing /home/airflow/.local/lib/python3.8/site-packages/airflow/example_dags/example_task_group.py took 0.060 seconds
[2024-03-08T18:44:59.954+0000] {processor.py:161} INFO - Started process (PID=1503) to work on /home/airflow/.local/lib/python3.8/site-packages/airflow/example_dags/example_task_group.py
[2024-03-08T18:44:59.955+0000] {processor.py:830} INFO - Processing file /home/airflow/.local/lib/python3.8/site-packages/airflow/example_dags/example_task_group.py for tasks to queue
[2024-03-08T18:44:59.956+0000] {logging_mixin.py:188} INFO - [2024-03-08T18:44:59.955+0000] {dagbag.py:540} INFO - Filling up the DagBag from /home/airflow/.local/lib/python3.8/site-packages/airflow/example_dags/example_task_group.py
[2024-03-08T18:44:59.961+0000] {processor.py:840} INFO - DAG(s) 'example_task_group' retrieved from /home/airflow/.local/lib/python3.8/site-packages/airflow/example_dags/example_task_group.py
[2024-03-08T18:44:59.979+0000] {logging_mixin.py:188} INFO - [2024-03-08T18:44:59.978+0000] {dag.py:3047} INFO - Sync 1 DAGs
[2024-03-08T18:44:59.996+0000] {logging_mixin.py:188} INFO - [2024-03-08T18:44:59.996+0000] {dag.py:3834} INFO - Setting next_dagrun for example_task_group to 2024-03-07 00:00:00+00:00, run_after=2024-03-08 00:00:00+00:00
[2024-03-08T18:45:00.009+0000] {processor.py:183} INFO - Processing /home/airflow/.local/lib/python3.8/site-packages/airflow/example_dags/example_task_group.py took 0.058 seconds
[2024-03-08T18:45:30.194+0000] {processor.py:161} INFO - Started process (PID=1558) to work on /home/airflow/.local/lib/python3.8/site-packages/airflow/example_dags/example_task_group.py
[2024-03-08T18:45:30.195+0000] {processor.py:830} INFO - Processing file /home/airflow/.local/lib/python3.8/site-packages/airflow/example_dags/example_task_group.py for tasks to queue
[2024-03-08T18:45:30.196+0000] {logging_mixin.py:188} INFO - [2024-03-08T18:45:30.196+0000] {dagbag.py:540} INFO - Filling up the DagBag from /home/airflow/.local/lib/python3.8/site-packages/airflow/example_dags/example_task_group.py
[2024-03-08T18:45:30.203+0000] {processor.py:840} INFO - DAG(s) 'example_task_group' retrieved from /home/airflow/.local/lib/python3.8/site-packages/airflow/example_dags/example_task_group.py
[2024-03-08T18:45:30.220+0000] {logging_mixin.py:188} INFO - [2024-03-08T18:45:30.220+0000] {dag.py:3047} INFO - Sync 1 DAGs
[2024-03-08T18:45:30.240+0000] {logging_mixin.py:188} INFO - [2024-03-08T18:45:30.240+0000] {dag.py:3834} INFO - Setting next_dagrun for example_task_group to 2024-03-07 00:00:00+00:00, run_after=2024-03-08 00:00:00+00:00
[2024-03-08T18:45:30.254+0000] {processor.py:183} INFO - Processing /home/airflow/.local/lib/python3.8/site-packages/airflow/example_dags/example_task_group.py took 0.062 seconds
[2024-03-08T18:46:00.737+0000] {processor.py:161} INFO - Started process (PID=1613) to work on /home/airflow/.local/lib/python3.8/site-packages/airflow/example_dags/example_task_group.py
[2024-03-08T18:46:00.738+0000] {processor.py:830} INFO - Processing file /home/airflow/.local/lib/python3.8/site-packages/airflow/example_dags/example_task_group.py for tasks to queue
[2024-03-08T18:46:00.739+0000] {logging_mixin.py:188} INFO - [2024-03-08T18:46:00.739+0000] {dagbag.py:540} INFO - Filling up the DagBag from /home/airflow/.local/lib/python3.8/site-packages/airflow/example_dags/example_task_group.py
[2024-03-08T18:46:00.746+0000] {processor.py:840} INFO - DAG(s) 'example_task_group' retrieved from /home/airflow/.local/lib/python3.8/site-packages/airflow/example_dags/example_task_group.py
[2024-03-08T18:46:00.768+0000] {logging_mixin.py:188} INFO - [2024-03-08T18:46:00.767+0000] {dag.py:3047} INFO - Sync 1 DAGs
[2024-03-08T18:46:00.800+0000] {logging_mixin.py:188} INFO - [2024-03-08T18:46:00.799+0000] {dag.py:3834} INFO - Setting next_dagrun for example_task_group to 2024-03-07 00:00:00+00:00, run_after=2024-03-08 00:00:00+00:00
[2024-03-08T18:46:00.817+0000] {processor.py:183} INFO - Processing /home/airflow/.local/lib/python3.8/site-packages/airflow/example_dags/example_task_group.py took 0.084 seconds
[2024-03-08T18:46:31.743+0000] {processor.py:161} INFO - Started process (PID=1674) to work on /home/airflow/.local/lib/python3.8/site-packages/airflow/example_dags/example_task_group.py
[2024-03-08T18:46:31.743+0000] {processor.py:830} INFO - Processing file /home/airflow/.local/lib/python3.8/site-packages/airflow/example_dags/example_task_group.py for tasks to queue
[2024-03-08T18:46:31.745+0000] {logging_mixin.py:188} INFO - [2024-03-08T18:46:31.745+0000] {dagbag.py:540} INFO - Filling up the DagBag from /home/airflow/.local/lib/python3.8/site-packages/airflow/example_dags/example_task_group.py
[2024-03-08T18:46:31.751+0000] {processor.py:840} INFO - DAG(s) 'example_task_group' retrieved from /home/airflow/.local/lib/python3.8/site-packages/airflow/example_dags/example_task_group.py
[2024-03-08T18:46:31.769+0000] {logging_mixin.py:188} INFO - [2024-03-08T18:46:31.769+0000] {dag.py:3047} INFO - Sync 1 DAGs
[2024-03-08T18:46:31.787+0000] {logging_mixin.py:188} INFO - [2024-03-08T18:46:31.787+0000] {dag.py:3834} INFO - Setting next_dagrun for example_task_group to 2024-03-07 00:00:00+00:00, run_after=2024-03-08 00:00:00+00:00
[2024-03-08T18:46:31.800+0000] {processor.py:183} INFO - Processing /home/airflow/.local/lib/python3.8/site-packages/airflow/example_dags/example_task_group.py took 0.060 seconds
[2024-03-08T18:47:02.491+0000] {processor.py:161} INFO - Started process (PID=1729) to work on /home/airflow/.local/lib/python3.8/site-packages/airflow/example_dags/example_task_group.py
[2024-03-08T18:47:02.492+0000] {processor.py:830} INFO - Processing file /home/airflow/.local/lib/python3.8/site-packages/airflow/example_dags/example_task_group.py for tasks to queue
[2024-03-08T18:47:02.493+0000] {logging_mixin.py:188} INFO - [2024-03-08T18:47:02.493+0000] {dagbag.py:540} INFO - Filling up the DagBag from /home/airflow/.local/lib/python3.8/site-packages/airflow/example_dags/example_task_group.py
[2024-03-08T18:47:02.499+0000] {processor.py:840} INFO - DAG(s) 'example_task_group' retrieved from /home/airflow/.local/lib/python3.8/site-packages/airflow/example_dags/example_task_group.py
[2024-03-08T18:47:02.517+0000] {logging_mixin.py:188} INFO - [2024-03-08T18:47:02.517+0000] {dag.py:3047} INFO - Sync 1 DAGs
[2024-03-08T18:47:02.536+0000] {logging_mixin.py:188} INFO - [2024-03-08T18:47:02.536+0000] {dag.py:3834} INFO - Setting next_dagrun for example_task_group to 2024-03-07 00:00:00+00:00, run_after=2024-03-08 00:00:00+00:00
[2024-03-08T18:47:02.550+0000] {processor.py:183} INFO - Processing /home/airflow/.local/lib/python3.8/site-packages/airflow/example_dags/example_task_group.py took 0.062 seconds
[2024-03-08T18:47:33.223+0000] {processor.py:161} INFO - Started process (PID=1784) to work on /home/airflow/.local/lib/python3.8/site-packages/airflow/example_dags/example_task_group.py
[2024-03-08T18:47:33.223+0000] {processor.py:830} INFO - Processing file /home/airflow/.local/lib/python3.8/site-packages/airflow/example_dags/example_task_group.py for tasks to queue
[2024-03-08T18:47:33.225+0000] {logging_mixin.py:188} INFO - [2024-03-08T18:47:33.225+0000] {dagbag.py:540} INFO - Filling up the DagBag from /home/airflow/.local/lib/python3.8/site-packages/airflow/example_dags/example_task_group.py
[2024-03-08T18:47:33.231+0000] {processor.py:840} INFO - DAG(s) 'example_task_group' retrieved from /home/airflow/.local/lib/python3.8/site-packages/airflow/example_dags/example_task_group.py
[2024-03-08T18:47:33.249+0000] {logging_mixin.py:188} INFO - [2024-03-08T18:47:33.249+0000] {dag.py:3047} INFO - Sync 1 DAGs
[2024-03-08T18:47:33.309+0000] {logging_mixin.py:188} INFO - [2024-03-08T18:47:33.309+0000] {dag.py:3834} INFO - Setting next_dagrun for example_task_group to 2024-03-07 00:00:00+00:00, run_after=2024-03-08 00:00:00+00:00
[2024-03-08T18:47:33.327+0000] {processor.py:183} INFO - Processing /home/airflow/.local/lib/python3.8/site-packages/airflow/example_dags/example_task_group.py took 0.107 seconds
[2024-03-08T18:48:03.409+0000] {processor.py:161} INFO - Started process (PID=1839) to work on /home/airflow/.local/lib/python3.8/site-packages/airflow/example_dags/example_task_group.py
[2024-03-08T18:48:03.410+0000] {processor.py:830} INFO - Processing file /home/airflow/.local/lib/python3.8/site-packages/airflow/example_dags/example_task_group.py for tasks to queue
[2024-03-08T18:48:03.411+0000] {logging_mixin.py:188} INFO - [2024-03-08T18:48:03.411+0000] {dagbag.py:540} INFO - Filling up the DagBag from /home/airflow/.local/lib/python3.8/site-packages/airflow/example_dags/example_task_group.py
[2024-03-08T18:48:03.417+0000] {processor.py:840} INFO - DAG(s) 'example_task_group' retrieved from /home/airflow/.local/lib/python3.8/site-packages/airflow/example_dags/example_task_group.py
[2024-03-08T18:48:03.437+0000] {logging_mixin.py:188} INFO - [2024-03-08T18:48:03.437+0000] {dag.py:3047} INFO - Sync 1 DAGs
[2024-03-08T18:48:03.457+0000] {logging_mixin.py:188} INFO - [2024-03-08T18:48:03.457+0000] {dag.py:3834} INFO - Setting next_dagrun for example_task_group to 2024-03-07 00:00:00+00:00, run_after=2024-03-08 00:00:00+00:00
[2024-03-08T18:48:03.470+0000] {processor.py:183} INFO - Processing /home/airflow/.local/lib/python3.8/site-packages/airflow/example_dags/example_task_group.py took 0.064 seconds
[2024-03-08T18:48:34.438+0000] {processor.py:161} INFO - Started process (PID=1894) to work on /home/airflow/.local/lib/python3.8/site-packages/airflow/example_dags/example_task_group.py
[2024-03-08T18:48:34.440+0000] {processor.py:830} INFO - Processing file /home/airflow/.local/lib/python3.8/site-packages/airflow/example_dags/example_task_group.py for tasks to queue
[2024-03-08T18:48:34.442+0000] {logging_mixin.py:188} INFO - [2024-03-08T18:48:34.442+0000] {dagbag.py:540} INFO - Filling up the DagBag from /home/airflow/.local/lib/python3.8/site-packages/airflow/example_dags/example_task_group.py
[2024-03-08T18:48:34.448+0000] {processor.py:840} INFO - DAG(s) 'example_task_group' retrieved from /home/airflow/.local/lib/python3.8/site-packages/airflow/example_dags/example_task_group.py
[2024-03-08T18:48:34.469+0000] {logging_mixin.py:188} INFO - [2024-03-08T18:48:34.469+0000] {dag.py:3047} INFO - Sync 1 DAGs
[2024-03-08T18:48:34.495+0000] {logging_mixin.py:188} INFO - [2024-03-08T18:48:34.494+0000] {dag.py:3834} INFO - Setting next_dagrun for example_task_group to 2024-03-07 00:00:00+00:00, run_after=2024-03-08 00:00:00+00:00
[2024-03-08T18:48:34.522+0000] {processor.py:183} INFO - Processing /home/airflow/.local/lib/python3.8/site-packages/airflow/example_dags/example_task_group.py took 0.092 seconds
[2024-03-08T18:49:04.851+0000] {processor.py:161} INFO - Started process (PID=1949) to work on /home/airflow/.local/lib/python3.8/site-packages/airflow/example_dags/example_task_group.py
[2024-03-08T18:49:04.852+0000] {processor.py:830} INFO - Processing file /home/airflow/.local/lib/python3.8/site-packages/airflow/example_dags/example_task_group.py for tasks to queue
[2024-03-08T18:49:04.854+0000] {logging_mixin.py:188} INFO - [2024-03-08T18:49:04.854+0000] {dagbag.py:540} INFO - Filling up the DagBag from /home/airflow/.local/lib/python3.8/site-packages/airflow/example_dags/example_task_group.py
[2024-03-08T18:49:04.860+0000] {processor.py:840} INFO - DAG(s) 'example_task_group' retrieved from /home/airflow/.local/lib/python3.8/site-packages/airflow/example_dags/example_task_group.py
[2024-03-08T18:49:04.878+0000] {logging_mixin.py:188} INFO - [2024-03-08T18:49:04.878+0000] {dag.py:3047} INFO - Sync 1 DAGs
[2024-03-08T18:49:04.896+0000] {logging_mixin.py:188} INFO - [2024-03-08T18:49:04.896+0000] {dag.py:3834} INFO - Setting next_dagrun for example_task_group to 2024-03-07 00:00:00+00:00, run_after=2024-03-08 00:00:00+00:00
[2024-03-08T18:49:04.911+0000] {processor.py:183} INFO - Processing /home/airflow/.local/lib/python3.8/site-packages/airflow/example_dags/example_task_group.py took 0.062 seconds
[2024-03-08T18:49:35.224+0000] {processor.py:161} INFO - Started process (PID=2004) to work on /home/airflow/.local/lib/python3.8/site-packages/airflow/example_dags/example_task_group.py
[2024-03-08T18:49:35.225+0000] {processor.py:830} INFO - Processing file /home/airflow/.local/lib/python3.8/site-packages/airflow/example_dags/example_task_group.py for tasks to queue
[2024-03-08T18:49:35.226+0000] {logging_mixin.py:188} INFO - [2024-03-08T18:49:35.226+0000] {dagbag.py:540} INFO - Filling up the DagBag from /home/airflow/.local/lib/python3.8/site-packages/airflow/example_dags/example_task_group.py
[2024-03-08T18:49:35.232+0000] {processor.py:840} INFO - DAG(s) 'example_task_group' retrieved from /home/airflow/.local/lib/python3.8/site-packages/airflow/example_dags/example_task_group.py
[2024-03-08T18:49:35.251+0000] {logging_mixin.py:188} INFO - [2024-03-08T18:49:35.251+0000] {dag.py:3047} INFO - Sync 1 DAGs
[2024-03-08T18:49:35.268+0000] {logging_mixin.py:188} INFO - [2024-03-08T18:49:35.268+0000] {dag.py:3834} INFO - Setting next_dagrun for example_task_group to 2024-03-07 00:00:00+00:00, run_after=2024-03-08 00:00:00+00:00
[2024-03-08T18:49:35.284+0000] {processor.py:183} INFO - Processing /home/airflow/.local/lib/python3.8/site-packages/airflow/example_dags/example_task_group.py took 0.063 seconds
[2024-03-08T18:50:05.935+0000] {processor.py:161} INFO - Started process (PID=2059) to work on /home/airflow/.local/lib/python3.8/site-packages/airflow/example_dags/example_task_group.py
[2024-03-08T18:50:05.936+0000] {processor.py:830} INFO - Processing file /home/airflow/.local/lib/python3.8/site-packages/airflow/example_dags/example_task_group.py for tasks to queue
[2024-03-08T18:50:05.937+0000] {logging_mixin.py:188} INFO - [2024-03-08T18:50:05.937+0000] {dagbag.py:540} INFO - Filling up the DagBag from /home/airflow/.local/lib/python3.8/site-packages/airflow/example_dags/example_task_group.py
[2024-03-08T18:50:05.943+0000] {processor.py:840} INFO - DAG(s) 'example_task_group' retrieved from /home/airflow/.local/lib/python3.8/site-packages/airflow/example_dags/example_task_group.py
[2024-03-08T18:50:05.962+0000] {logging_mixin.py:188} INFO - [2024-03-08T18:50:05.961+0000] {dag.py:3047} INFO - Sync 1 DAGs
[2024-03-08T18:50:05.978+0000] {logging_mixin.py:188} INFO - [2024-03-08T18:50:05.978+0000] {dag.py:3834} INFO - Setting next_dagrun for example_task_group to 2024-03-07 00:00:00+00:00, run_after=2024-03-08 00:00:00+00:00
[2024-03-08T18:50:05.993+0000] {processor.py:183} INFO - Processing /home/airflow/.local/lib/python3.8/site-packages/airflow/example_dags/example_task_group.py took 0.061 seconds
[2024-03-08T18:50:36.332+0000] {processor.py:161} INFO - Started process (PID=2114) to work on /home/airflow/.local/lib/python3.8/site-packages/airflow/example_dags/example_task_group.py
[2024-03-08T18:50:36.333+0000] {processor.py:830} INFO - Processing file /home/airflow/.local/lib/python3.8/site-packages/airflow/example_dags/example_task_group.py for tasks to queue
[2024-03-08T18:50:36.334+0000] {logging_mixin.py:188} INFO - [2024-03-08T18:50:36.334+0000] {dagbag.py:540} INFO - Filling up the DagBag from /home/airflow/.local/lib/python3.8/site-packages/airflow/example_dags/example_task_group.py
[2024-03-08T18:50:36.340+0000] {processor.py:840} INFO - DAG(s) 'example_task_group' retrieved from /home/airflow/.local/lib/python3.8/site-packages/airflow/example_dags/example_task_group.py
[2024-03-08T18:50:36.358+0000] {logging_mixin.py:188} INFO - [2024-03-08T18:50:36.358+0000] {dag.py:3047} INFO - Sync 1 DAGs
[2024-03-08T18:50:36.375+0000] {logging_mixin.py:188} INFO - [2024-03-08T18:50:36.375+0000] {dag.py:3834} INFO - Setting next_dagrun for example_task_group to 2024-03-07 00:00:00+00:00, run_after=2024-03-08 00:00:00+00:00
[2024-03-08T18:50:36.390+0000] {processor.py:183} INFO - Processing /home/airflow/.local/lib/python3.8/site-packages/airflow/example_dags/example_task_group.py took 0.060 seconds
[2024-03-08T18:51:06.698+0000] {processor.py:161} INFO - Started process (PID=2169) to work on /home/airflow/.local/lib/python3.8/site-packages/airflow/example_dags/example_task_group.py
[2024-03-08T18:51:06.699+0000] {processor.py:830} INFO - Processing file /home/airflow/.local/lib/python3.8/site-packages/airflow/example_dags/example_task_group.py for tasks to queue
[2024-03-08T18:51:06.701+0000] {logging_mixin.py:188} INFO - [2024-03-08T18:51:06.700+0000] {dagbag.py:540} INFO - Filling up the DagBag from /home/airflow/.local/lib/python3.8/site-packages/airflow/example_dags/example_task_group.py
[2024-03-08T18:51:06.706+0000] {processor.py:840} INFO - DAG(s) 'example_task_group' retrieved from /home/airflow/.local/lib/python3.8/site-packages/airflow/example_dags/example_task_group.py
[2024-03-08T18:51:06.724+0000] {logging_mixin.py:188} INFO - [2024-03-08T18:51:06.723+0000] {dag.py:3047} INFO - Sync 1 DAGs
[2024-03-08T18:51:06.742+0000] {logging_mixin.py:188} INFO - [2024-03-08T18:51:06.742+0000] {dag.py:3834} INFO - Setting next_dagrun for example_task_group to 2024-03-07 00:00:00+00:00, run_after=2024-03-08 00:00:00+00:00
[2024-03-08T18:51:06.755+0000] {processor.py:183} INFO - Processing /home/airflow/.local/lib/python3.8/site-packages/airflow/example_dags/example_task_group.py took 0.059 seconds
[2024-03-08T18:51:37.153+0000] {processor.py:161} INFO - Started process (PID=2224) to work on /home/airflow/.local/lib/python3.8/site-packages/airflow/example_dags/example_task_group.py
[2024-03-08T18:51:37.154+0000] {processor.py:830} INFO - Processing file /home/airflow/.local/lib/python3.8/site-packages/airflow/example_dags/example_task_group.py for tasks to queue
[2024-03-08T18:51:37.155+0000] {logging_mixin.py:188} INFO - [2024-03-08T18:51:37.155+0000] {dagbag.py:540} INFO - Filling up the DagBag from /home/airflow/.local/lib/python3.8/site-packages/airflow/example_dags/example_task_group.py
[2024-03-08T18:51:37.161+0000] {processor.py:840} INFO - DAG(s) 'example_task_group' retrieved from /home/airflow/.local/lib/python3.8/site-packages/airflow/example_dags/example_task_group.py
[2024-03-08T18:51:37.181+0000] {logging_mixin.py:188} INFO - [2024-03-08T18:51:37.181+0000] {dag.py:3047} INFO - Sync 1 DAGs
[2024-03-08T18:51:37.203+0000] {logging_mixin.py:188} INFO - [2024-03-08T18:51:37.203+0000] {dag.py:3834} INFO - Setting next_dagrun for example_task_group to 2024-03-07 00:00:00+00:00, run_after=2024-03-08 00:00:00+00:00
[2024-03-08T18:51:37.220+0000] {processor.py:183} INFO - Processing /home/airflow/.local/lib/python3.8/site-packages/airflow/example_dags/example_task_group.py took 0.070 seconds
[2024-03-08T18:52:07.598+0000] {processor.py:161} INFO - Started process (PID=2279) to work on /home/airflow/.local/lib/python3.8/site-packages/airflow/example_dags/example_task_group.py
[2024-03-08T18:52:07.599+0000] {processor.py:830} INFO - Processing file /home/airflow/.local/lib/python3.8/site-packages/airflow/example_dags/example_task_group.py for tasks to queue
[2024-03-08T18:52:07.600+0000] {logging_mixin.py:188} INFO - [2024-03-08T18:52:07.600+0000] {dagbag.py:540} INFO - Filling up the DagBag from /home/airflow/.local/lib/python3.8/site-packages/airflow/example_dags/example_task_group.py
[2024-03-08T18:52:07.606+0000] {processor.py:840} INFO - DAG(s) 'example_task_group' retrieved from /home/airflow/.local/lib/python3.8/site-packages/airflow/example_dags/example_task_group.py
[2024-03-08T18:52:07.629+0000] {logging_mixin.py:188} INFO - [2024-03-08T18:52:07.629+0000] {dag.py:3047} INFO - Sync 1 DAGs
[2024-03-08T18:52:07.652+0000] {logging_mixin.py:188} INFO - [2024-03-08T18:52:07.651+0000] {dag.py:3834} INFO - Setting next_dagrun for example_task_group to 2024-03-07 00:00:00+00:00, run_after=2024-03-08 00:00:00+00:00
[2024-03-08T18:52:07.668+0000] {processor.py:183} INFO - Processing /home/airflow/.local/lib/python3.8/site-packages/airflow/example_dags/example_task_group.py took 0.073 seconds
[2024-03-08T18:52:37.885+0000] {processor.py:161} INFO - Started process (PID=2334) to work on /home/airflow/.local/lib/python3.8/site-packages/airflow/example_dags/example_task_group.py
[2024-03-08T18:52:37.886+0000] {processor.py:830} INFO - Processing file /home/airflow/.local/lib/python3.8/site-packages/airflow/example_dags/example_task_group.py for tasks to queue
[2024-03-08T18:52:37.887+0000] {logging_mixin.py:188} INFO - [2024-03-08T18:52:37.887+0000] {dagbag.py:540} INFO - Filling up the DagBag from /home/airflow/.local/lib/python3.8/site-packages/airflow/example_dags/example_task_group.py
[2024-03-08T18:52:37.895+0000] {processor.py:840} INFO - DAG(s) 'example_task_group' retrieved from /home/airflow/.local/lib/python3.8/site-packages/airflow/example_dags/example_task_group.py
[2024-03-08T18:52:37.915+0000] {logging_mixin.py:188} INFO - [2024-03-08T18:52:37.915+0000] {dag.py:3047} INFO - Sync 1 DAGs
[2024-03-08T18:52:37.937+0000] {logging_mixin.py:188} INFO - [2024-03-08T18:52:37.937+0000] {dag.py:3834} INFO - Setting next_dagrun for example_task_group to 2024-03-07 00:00:00+00:00, run_after=2024-03-08 00:00:00+00:00
[2024-03-08T18:52:37.955+0000] {processor.py:183} INFO - Processing /home/airflow/.local/lib/python3.8/site-packages/airflow/example_dags/example_task_group.py took 0.073 seconds
[2024-03-08T18:53:08.416+0000] {processor.py:161} INFO - Started process (PID=2389) to work on /home/airflow/.local/lib/python3.8/site-packages/airflow/example_dags/example_task_group.py
[2024-03-08T18:53:08.416+0000] {processor.py:830} INFO - Processing file /home/airflow/.local/lib/python3.8/site-packages/airflow/example_dags/example_task_group.py for tasks to queue
[2024-03-08T18:53:08.418+0000] {logging_mixin.py:188} INFO - [2024-03-08T18:53:08.417+0000] {dagbag.py:540} INFO - Filling up the DagBag from /home/airflow/.local/lib/python3.8/site-packages/airflow/example_dags/example_task_group.py
[2024-03-08T18:53:08.424+0000] {processor.py:840} INFO - DAG(s) 'example_task_group' retrieved from /home/airflow/.local/lib/python3.8/site-packages/airflow/example_dags/example_task_group.py
[2024-03-08T18:53:08.444+0000] {logging_mixin.py:188} INFO - [2024-03-08T18:53:08.444+0000] {dag.py:3047} INFO - Sync 1 DAGs
[2024-03-08T18:53:08.467+0000] {logging_mixin.py:188} INFO - [2024-03-08T18:53:08.467+0000] {dag.py:3834} INFO - Setting next_dagrun for example_task_group to 2024-03-07 00:00:00+00:00, run_after=2024-03-08 00:00:00+00:00
[2024-03-08T18:53:08.485+0000] {processor.py:183} INFO - Processing /home/airflow/.local/lib/python3.8/site-packages/airflow/example_dags/example_task_group.py took 0.071 seconds
[2024-03-08T18:53:38.951+0000] {processor.py:161} INFO - Started process (PID=2444) to work on /home/airflow/.local/lib/python3.8/site-packages/airflow/example_dags/example_task_group.py
[2024-03-08T18:53:38.952+0000] {processor.py:830} INFO - Processing file /home/airflow/.local/lib/python3.8/site-packages/airflow/example_dags/example_task_group.py for tasks to queue
[2024-03-08T18:53:38.953+0000] {logging_mixin.py:188} INFO - [2024-03-08T18:53:38.953+0000] {dagbag.py:540} INFO - Filling up the DagBag from /home/airflow/.local/lib/python3.8/site-packages/airflow/example_dags/example_task_group.py
[2024-03-08T18:53:38.961+0000] {processor.py:840} INFO - DAG(s) 'example_task_group' retrieved from /home/airflow/.local/lib/python3.8/site-packages/airflow/example_dags/example_task_group.py
[2024-03-08T18:53:38.986+0000] {logging_mixin.py:188} INFO - [2024-03-08T18:53:38.985+0000] {dag.py:3047} INFO - Sync 1 DAGs
[2024-03-08T18:53:39.011+0000] {logging_mixin.py:188} INFO - [2024-03-08T18:53:39.010+0000] {dag.py:3834} INFO - Setting next_dagrun for example_task_group to 2024-03-07 00:00:00+00:00, run_after=2024-03-08 00:00:00+00:00
[2024-03-08T18:53:39.032+0000] {processor.py:183} INFO - Processing /home/airflow/.local/lib/python3.8/site-packages/airflow/example_dags/example_task_group.py took 0.084 seconds
[2024-03-08T18:54:09.763+0000] {processor.py:161} INFO - Started process (PID=2499) to work on /home/airflow/.local/lib/python3.8/site-packages/airflow/example_dags/example_task_group.py
[2024-03-08T18:54:09.766+0000] {processor.py:830} INFO - Processing file /home/airflow/.local/lib/python3.8/site-packages/airflow/example_dags/example_task_group.py for tasks to queue
[2024-03-08T18:54:09.768+0000] {logging_mixin.py:188} INFO - [2024-03-08T18:54:09.768+0000] {dagbag.py:540} INFO - Filling up the DagBag from /home/airflow/.local/lib/python3.8/site-packages/airflow/example_dags/example_task_group.py
[2024-03-08T18:54:09.775+0000] {processor.py:840} INFO - DAG(s) 'example_task_group' retrieved from /home/airflow/.local/lib/python3.8/site-packages/airflow/example_dags/example_task_group.py
[2024-03-08T18:54:09.799+0000] {logging_mixin.py:188} INFO - [2024-03-08T18:54:09.799+0000] {dag.py:3047} INFO - Sync 1 DAGs
[2024-03-08T18:54:09.822+0000] {logging_mixin.py:188} INFO - [2024-03-08T18:54:09.822+0000] {dag.py:3834} INFO - Setting next_dagrun for example_task_group to 2024-03-07 00:00:00+00:00, run_after=2024-03-08 00:00:00+00:00
[2024-03-08T18:54:09.840+0000] {processor.py:183} INFO - Processing /home/airflow/.local/lib/python3.8/site-packages/airflow/example_dags/example_task_group.py took 0.080 seconds
[2024-03-08T18:54:39.983+0000] {processor.py:161} INFO - Started process (PID=2554) to work on /home/airflow/.local/lib/python3.8/site-packages/airflow/example_dags/example_task_group.py
[2024-03-08T18:54:39.984+0000] {processor.py:830} INFO - Processing file /home/airflow/.local/lib/python3.8/site-packages/airflow/example_dags/example_task_group.py for tasks to queue
[2024-03-08T18:54:39.985+0000] {logging_mixin.py:188} INFO - [2024-03-08T18:54:39.985+0000] {dagbag.py:540} INFO - Filling up the DagBag from /home/airflow/.local/lib/python3.8/site-packages/airflow/example_dags/example_task_group.py
[2024-03-08T18:54:39.992+0000] {processor.py:840} INFO - DAG(s) 'example_task_group' retrieved from /home/airflow/.local/lib/python3.8/site-packages/airflow/example_dags/example_task_group.py
[2024-03-08T18:54:40.012+0000] {logging_mixin.py:188} INFO - [2024-03-08T18:54:40.011+0000] {dag.py:3047} INFO - Sync 1 DAGs
[2024-03-08T18:54:40.033+0000] {logging_mixin.py:188} INFO - [2024-03-08T18:54:40.033+0000] {dag.py:3834} INFO - Setting next_dagrun for example_task_group to 2024-03-07 00:00:00+00:00, run_after=2024-03-08 00:00:00+00:00
[2024-03-08T18:54:40.048+0000] {processor.py:183} INFO - Processing /home/airflow/.local/lib/python3.8/site-packages/airflow/example_dags/example_task_group.py took 0.068 seconds
[2024-03-08T18:55:10.250+0000] {processor.py:161} INFO - Started process (PID=2609) to work on /home/airflow/.local/lib/python3.8/site-packages/airflow/example_dags/example_task_group.py
[2024-03-08T18:55:10.251+0000] {processor.py:830} INFO - Processing file /home/airflow/.local/lib/python3.8/site-packages/airflow/example_dags/example_task_group.py for tasks to queue
[2024-03-08T18:55:10.252+0000] {logging_mixin.py:188} INFO - [2024-03-08T18:55:10.252+0000] {dagbag.py:540} INFO - Filling up the DagBag from /home/airflow/.local/lib/python3.8/site-packages/airflow/example_dags/example_task_group.py
[2024-03-08T18:55:10.258+0000] {processor.py:840} INFO - DAG(s) 'example_task_group' retrieved from /home/airflow/.local/lib/python3.8/site-packages/airflow/example_dags/example_task_group.py
[2024-03-08T18:55:10.277+0000] {logging_mixin.py:188} INFO - [2024-03-08T18:55:10.276+0000] {dag.py:3047} INFO - Sync 1 DAGs
[2024-03-08T18:55:10.297+0000] {logging_mixin.py:188} INFO - [2024-03-08T18:55:10.297+0000] {dag.py:3834} INFO - Setting next_dagrun for example_task_group to 2024-03-07 00:00:00+00:00, run_after=2024-03-08 00:00:00+00:00
[2024-03-08T18:55:10.313+0000] {processor.py:183} INFO - Processing /home/airflow/.local/lib/python3.8/site-packages/airflow/example_dags/example_task_group.py took 0.066 seconds
[2024-03-08T18:55:40.613+0000] {processor.py:161} INFO - Started process (PID=2664) to work on /home/airflow/.local/lib/python3.8/site-packages/airflow/example_dags/example_task_group.py
[2024-03-08T18:55:40.617+0000] {processor.py:830} INFO - Processing file /home/airflow/.local/lib/python3.8/site-packages/airflow/example_dags/example_task_group.py for tasks to queue
[2024-03-08T18:55:40.618+0000] {logging_mixin.py:188} INFO - [2024-03-08T18:55:40.618+0000] {dagbag.py:540} INFO - Filling up the DagBag from /home/airflow/.local/lib/python3.8/site-packages/airflow/example_dags/example_task_group.py
[2024-03-08T18:55:40.624+0000] {processor.py:840} INFO - DAG(s) 'example_task_group' retrieved from /home/airflow/.local/lib/python3.8/site-packages/airflow/example_dags/example_task_group.py
[2024-03-08T18:55:40.645+0000] {logging_mixin.py:188} INFO - [2024-03-08T18:55:40.645+0000] {dag.py:3047} INFO - Sync 1 DAGs
[2024-03-08T18:55:40.670+0000] {logging_mixin.py:188} INFO - [2024-03-08T18:55:40.670+0000] {dag.py:3834} INFO - Setting next_dagrun for example_task_group to 2024-03-07 00:00:00+00:00, run_after=2024-03-08 00:00:00+00:00
[2024-03-08T18:55:40.685+0000] {processor.py:183} INFO - Processing /home/airflow/.local/lib/python3.8/site-packages/airflow/example_dags/example_task_group.py took 0.074 seconds
[2024-03-08T18:56:10.886+0000] {processor.py:161} INFO - Started process (PID=2719) to work on /home/airflow/.local/lib/python3.8/site-packages/airflow/example_dags/example_task_group.py
[2024-03-08T18:56:10.887+0000] {processor.py:830} INFO - Processing file /home/airflow/.local/lib/python3.8/site-packages/airflow/example_dags/example_task_group.py for tasks to queue
[2024-03-08T18:56:10.888+0000] {logging_mixin.py:188} INFO - [2024-03-08T18:56:10.888+0000] {dagbag.py:540} INFO - Filling up the DagBag from /home/airflow/.local/lib/python3.8/site-packages/airflow/example_dags/example_task_group.py
[2024-03-08T18:56:10.895+0000] {processor.py:840} INFO - DAG(s) 'example_task_group' retrieved from /home/airflow/.local/lib/python3.8/site-packages/airflow/example_dags/example_task_group.py
[2024-03-08T18:56:10.917+0000] {logging_mixin.py:188} INFO - [2024-03-08T18:56:10.917+0000] {dag.py:3047} INFO - Sync 1 DAGs
[2024-03-08T18:56:10.939+0000] {logging_mixin.py:188} INFO - [2024-03-08T18:56:10.938+0000] {dag.py:3834} INFO - Setting next_dagrun for example_task_group to 2024-03-07 00:00:00+00:00, run_after=2024-03-08 00:00:00+00:00
[2024-03-08T18:56:10.954+0000] {processor.py:183} INFO - Processing /home/airflow/.local/lib/python3.8/site-packages/airflow/example_dags/example_task_group.py took 0.071 seconds
[2024-03-08T18:56:41.344+0000] {processor.py:161} INFO - Started process (PID=2774) to work on /home/airflow/.local/lib/python3.8/site-packages/airflow/example_dags/example_task_group.py
[2024-03-08T18:56:41.345+0000] {processor.py:830} INFO - Processing file /home/airflow/.local/lib/python3.8/site-packages/airflow/example_dags/example_task_group.py for tasks to queue
[2024-03-08T18:56:41.347+0000] {logging_mixin.py:188} INFO - [2024-03-08T18:56:41.347+0000] {dagbag.py:540} INFO - Filling up the DagBag from /home/airflow/.local/lib/python3.8/site-packages/airflow/example_dags/example_task_group.py
[2024-03-08T18:56:41.355+0000] {processor.py:840} INFO - DAG(s) 'example_task_group' retrieved from /home/airflow/.local/lib/python3.8/site-packages/airflow/example_dags/example_task_group.py
[2024-03-08T18:56:41.384+0000] {logging_mixin.py:188} INFO - [2024-03-08T18:56:41.384+0000] {dag.py:3047} INFO - Sync 1 DAGs
[2024-03-08T18:56:41.415+0000] {logging_mixin.py:188} INFO - [2024-03-08T18:56:41.415+0000] {dag.py:3834} INFO - Setting next_dagrun for example_task_group to 2024-03-07 00:00:00+00:00, run_after=2024-03-08 00:00:00+00:00
[2024-03-08T18:56:41.439+0000] {processor.py:183} INFO - Processing /home/airflow/.local/lib/python3.8/site-packages/airflow/example_dags/example_task_group.py took 0.099 seconds
[2024-03-08T18:57:11.876+0000] {processor.py:161} INFO - Started process (PID=2829) to work on /home/airflow/.local/lib/python3.8/site-packages/airflow/example_dags/example_task_group.py
[2024-03-08T18:57:11.877+0000] {processor.py:830} INFO - Processing file /home/airflow/.local/lib/python3.8/site-packages/airflow/example_dags/example_task_group.py for tasks to queue
[2024-03-08T18:57:11.879+0000] {logging_mixin.py:188} INFO - [2024-03-08T18:57:11.878+0000] {dagbag.py:540} INFO - Filling up the DagBag from /home/airflow/.local/lib/python3.8/site-packages/airflow/example_dags/example_task_group.py
[2024-03-08T18:57:11.887+0000] {processor.py:840} INFO - DAG(s) 'example_task_group' retrieved from /home/airflow/.local/lib/python3.8/site-packages/airflow/example_dags/example_task_group.py
[2024-03-08T18:57:11.921+0000] {logging_mixin.py:188} INFO - [2024-03-08T18:57:11.920+0000] {dag.py:3047} INFO - Sync 1 DAGs
[2024-03-08T18:57:11.954+0000] {logging_mixin.py:188} INFO - [2024-03-08T18:57:11.953+0000] {dag.py:3834} INFO - Setting next_dagrun for example_task_group to 2024-03-07 00:00:00+00:00, run_after=2024-03-08 00:00:00+00:00
[2024-03-08T18:57:11.976+0000] {processor.py:183} INFO - Processing /home/airflow/.local/lib/python3.8/site-packages/airflow/example_dags/example_task_group.py took 0.103 seconds
[2024-03-08T18:57:42.205+0000] {processor.py:161} INFO - Started process (PID=2884) to work on /home/airflow/.local/lib/python3.8/site-packages/airflow/example_dags/example_task_group.py
[2024-03-08T18:57:42.206+0000] {processor.py:830} INFO - Processing file /home/airflow/.local/lib/python3.8/site-packages/airflow/example_dags/example_task_group.py for tasks to queue
[2024-03-08T18:57:42.207+0000] {logging_mixin.py:188} INFO - [2024-03-08T18:57:42.207+0000] {dagbag.py:540} INFO - Filling up the DagBag from /home/airflow/.local/lib/python3.8/site-packages/airflow/example_dags/example_task_group.py
[2024-03-08T18:57:42.215+0000] {processor.py:840} INFO - DAG(s) 'example_task_group' retrieved from /home/airflow/.local/lib/python3.8/site-packages/airflow/example_dags/example_task_group.py
[2024-03-08T18:57:42.240+0000] {logging_mixin.py:188} INFO - [2024-03-08T18:57:42.239+0000] {dag.py:3047} INFO - Sync 1 DAGs
[2024-03-08T18:57:42.262+0000] {logging_mixin.py:188} INFO - [2024-03-08T18:57:42.262+0000] {dag.py:3834} INFO - Setting next_dagrun for example_task_group to 2024-03-07 00:00:00+00:00, run_after=2024-03-08 00:00:00+00:00
[2024-03-08T18:57:42.281+0000] {processor.py:183} INFO - Processing /home/airflow/.local/lib/python3.8/site-packages/airflow/example_dags/example_task_group.py took 0.080 seconds
[2024-03-08T18:58:12.531+0000] {processor.py:161} INFO - Started process (PID=2939) to work on /home/airflow/.local/lib/python3.8/site-packages/airflow/example_dags/example_task_group.py
[2024-03-08T18:58:12.532+0000] {processor.py:830} INFO - Processing file /home/airflow/.local/lib/python3.8/site-packages/airflow/example_dags/example_task_group.py for tasks to queue
[2024-03-08T18:58:12.533+0000] {logging_mixin.py:188} INFO - [2024-03-08T18:58:12.533+0000] {dagbag.py:540} INFO - Filling up the DagBag from /home/airflow/.local/lib/python3.8/site-packages/airflow/example_dags/example_task_group.py
[2024-03-08T18:58:12.539+0000] {processor.py:840} INFO - DAG(s) 'example_task_group' retrieved from /home/airflow/.local/lib/python3.8/site-packages/airflow/example_dags/example_task_group.py
[2024-03-08T18:58:12.558+0000] {logging_mixin.py:188} INFO - [2024-03-08T18:58:12.558+0000] {dag.py:3047} INFO - Sync 1 DAGs
[2024-03-08T18:58:12.577+0000] {logging_mixin.py:188} INFO - [2024-03-08T18:58:12.577+0000] {dag.py:3834} INFO - Setting next_dagrun for example_task_group to 2024-03-07 00:00:00+00:00, run_after=2024-03-08 00:00:00+00:00
[2024-03-08T18:58:12.592+0000] {processor.py:183} INFO - Processing /home/airflow/.local/lib/python3.8/site-packages/airflow/example_dags/example_task_group.py took 0.063 seconds
[2024-03-08T18:58:43.030+0000] {processor.py:161} INFO - Started process (PID=2994) to work on /home/airflow/.local/lib/python3.8/site-packages/airflow/example_dags/example_task_group.py
[2024-03-08T18:58:43.031+0000] {processor.py:830} INFO - Processing file /home/airflow/.local/lib/python3.8/site-packages/airflow/example_dags/example_task_group.py for tasks to queue
[2024-03-08T18:58:43.033+0000] {logging_mixin.py:188} INFO - [2024-03-08T18:58:43.032+0000] {dagbag.py:540} INFO - Filling up the DagBag from /home/airflow/.local/lib/python3.8/site-packages/airflow/example_dags/example_task_group.py
[2024-03-08T18:58:43.040+0000] {processor.py:840} INFO - DAG(s) 'example_task_group' retrieved from /home/airflow/.local/lib/python3.8/site-packages/airflow/example_dags/example_task_group.py
[2024-03-08T18:58:43.060+0000] {logging_mixin.py:188} INFO - [2024-03-08T18:58:43.060+0000] {dag.py:3047} INFO - Sync 1 DAGs
[2024-03-08T18:58:43.079+0000] {logging_mixin.py:188} INFO - [2024-03-08T18:58:43.079+0000] {dag.py:3834} INFO - Setting next_dagrun for example_task_group to 2024-03-07 00:00:00+00:00, run_after=2024-03-08 00:00:00+00:00
[2024-03-08T18:58:43.106+0000] {processor.py:183} INFO - Processing /home/airflow/.local/lib/python3.8/site-packages/airflow/example_dags/example_task_group.py took 0.078 seconds
[2024-03-08T18:59:13.789+0000] {processor.py:161} INFO - Started process (PID=3049) to work on /home/airflow/.local/lib/python3.8/site-packages/airflow/example_dags/example_task_group.py
[2024-03-08T18:59:13.790+0000] {processor.py:830} INFO - Processing file /home/airflow/.local/lib/python3.8/site-packages/airflow/example_dags/example_task_group.py for tasks to queue
[2024-03-08T18:59:13.791+0000] {logging_mixin.py:188} INFO - [2024-03-08T18:59:13.791+0000] {dagbag.py:540} INFO - Filling up the DagBag from /home/airflow/.local/lib/python3.8/site-packages/airflow/example_dags/example_task_group.py
[2024-03-08T18:59:13.797+0000] {processor.py:840} INFO - DAG(s) 'example_task_group' retrieved from /home/airflow/.local/lib/python3.8/site-packages/airflow/example_dags/example_task_group.py
[2024-03-08T18:59:13.817+0000] {logging_mixin.py:188} INFO - [2024-03-08T18:59:13.817+0000] {dag.py:3047} INFO - Sync 1 DAGs
[2024-03-08T18:59:13.840+0000] {logging_mixin.py:188} INFO - [2024-03-08T18:59:13.840+0000] {dag.py:3834} INFO - Setting next_dagrun for example_task_group to 2024-03-07 00:00:00+00:00, run_after=2024-03-08 00:00:00+00:00
[2024-03-08T18:59:13.856+0000] {processor.py:183} INFO - Processing /home/airflow/.local/lib/python3.8/site-packages/airflow/example_dags/example_task_group.py took 0.070 seconds
[2024-03-08T18:59:44.697+0000] {processor.py:161} INFO - Started process (PID=3104) to work on /home/airflow/.local/lib/python3.8/site-packages/airflow/example_dags/example_task_group.py
[2024-03-08T18:59:44.698+0000] {processor.py:830} INFO - Processing file /home/airflow/.local/lib/python3.8/site-packages/airflow/example_dags/example_task_group.py for tasks to queue
[2024-03-08T18:59:44.701+0000] {logging_mixin.py:188} INFO - [2024-03-08T18:59:44.700+0000] {dagbag.py:540} INFO - Filling up the DagBag from /home/airflow/.local/lib/python3.8/site-packages/airflow/example_dags/example_task_group.py
[2024-03-08T18:59:44.710+0000] {processor.py:840} INFO - DAG(s) 'example_task_group' retrieved from /home/airflow/.local/lib/python3.8/site-packages/airflow/example_dags/example_task_group.py
[2024-03-08T18:59:44.731+0000] {logging_mixin.py:188} INFO - [2024-03-08T18:59:44.731+0000] {dag.py:3047} INFO - Sync 1 DAGs
[2024-03-08T18:59:44.750+0000] {logging_mixin.py:188} INFO - [2024-03-08T18:59:44.750+0000] {dag.py:3834} INFO - Setting next_dagrun for example_task_group to 2024-03-07 00:00:00+00:00, run_after=2024-03-08 00:00:00+00:00
[2024-03-08T18:59:44.765+0000] {processor.py:183} INFO - Processing /home/airflow/.local/lib/python3.8/site-packages/airflow/example_dags/example_task_group.py took 0.072 seconds
[2024-03-08T19:00:15.183+0000] {processor.py:161} INFO - Started process (PID=3159) to work on /home/airflow/.local/lib/python3.8/site-packages/airflow/example_dags/example_task_group.py
[2024-03-08T19:00:15.184+0000] {processor.py:830} INFO - Processing file /home/airflow/.local/lib/python3.8/site-packages/airflow/example_dags/example_task_group.py for tasks to queue
[2024-03-08T19:00:15.186+0000] {logging_mixin.py:188} INFO - [2024-03-08T19:00:15.185+0000] {dagbag.py:540} INFO - Filling up the DagBag from /home/airflow/.local/lib/python3.8/site-packages/airflow/example_dags/example_task_group.py
[2024-03-08T19:00:15.192+0000] {processor.py:840} INFO - DAG(s) 'example_task_group' retrieved from /home/airflow/.local/lib/python3.8/site-packages/airflow/example_dags/example_task_group.py
[2024-03-08T19:00:15.218+0000] {logging_mixin.py:188} INFO - [2024-03-08T19:00:15.218+0000] {dag.py:3047} INFO - Sync 1 DAGs
[2024-03-08T19:00:15.246+0000] {logging_mixin.py:188} INFO - [2024-03-08T19:00:15.246+0000] {dag.py:3834} INFO - Setting next_dagrun for example_task_group to 2024-03-07 00:00:00+00:00, run_after=2024-03-08 00:00:00+00:00
[2024-03-08T19:00:15.262+0000] {processor.py:183} INFO - Processing /home/airflow/.local/lib/python3.8/site-packages/airflow/example_dags/example_task_group.py took 0.081 seconds
[2024-03-08T19:00:46.029+0000] {processor.py:161} INFO - Started process (PID=3214) to work on /home/airflow/.local/lib/python3.8/site-packages/airflow/example_dags/example_task_group.py
[2024-03-08T19:00:46.030+0000] {processor.py:830} INFO - Processing file /home/airflow/.local/lib/python3.8/site-packages/airflow/example_dags/example_task_group.py for tasks to queue
[2024-03-08T19:00:46.032+0000] {logging_mixin.py:188} INFO - [2024-03-08T19:00:46.031+0000] {dagbag.py:540} INFO - Filling up the DagBag from /home/airflow/.local/lib/python3.8/site-packages/airflow/example_dags/example_task_group.py
[2024-03-08T19:00:46.040+0000] {processor.py:840} INFO - DAG(s) 'example_task_group' retrieved from /home/airflow/.local/lib/python3.8/site-packages/airflow/example_dags/example_task_group.py
[2024-03-08T19:00:46.060+0000] {logging_mixin.py:188} INFO - [2024-03-08T19:00:46.059+0000] {dag.py:3047} INFO - Sync 1 DAGs
[2024-03-08T19:00:46.228+0000] {logging_mixin.py:188} INFO - [2024-03-08T19:00:46.228+0000] {dag.py:3834} INFO - Setting next_dagrun for example_task_group to 2024-03-07 00:00:00+00:00, run_after=2024-03-08 00:00:00+00:00
[2024-03-08T19:00:46.245+0000] {processor.py:183} INFO - Processing /home/airflow/.local/lib/python3.8/site-packages/airflow/example_dags/example_task_group.py took 0.220 seconds
[2024-03-08T19:01:16.644+0000] {processor.py:161} INFO - Started process (PID=3269) to work on /home/airflow/.local/lib/python3.8/site-packages/airflow/example_dags/example_task_group.py
[2024-03-08T19:01:16.645+0000] {processor.py:830} INFO - Processing file /home/airflow/.local/lib/python3.8/site-packages/airflow/example_dags/example_task_group.py for tasks to queue
[2024-03-08T19:01:16.646+0000] {logging_mixin.py:188} INFO - [2024-03-08T19:01:16.646+0000] {dagbag.py:540} INFO - Filling up the DagBag from /home/airflow/.local/lib/python3.8/site-packages/airflow/example_dags/example_task_group.py
[2024-03-08T19:01:16.652+0000] {processor.py:840} INFO - DAG(s) 'example_task_group' retrieved from /home/airflow/.local/lib/python3.8/site-packages/airflow/example_dags/example_task_group.py
[2024-03-08T19:01:16.670+0000] {logging_mixin.py:188} INFO - [2024-03-08T19:01:16.670+0000] {dag.py:3047} INFO - Sync 1 DAGs
[2024-03-08T19:01:16.689+0000] {logging_mixin.py:188} INFO - [2024-03-08T19:01:16.689+0000] {dag.py:3834} INFO - Setting next_dagrun for example_task_group to 2024-03-07 00:00:00+00:00, run_after=2024-03-08 00:00:00+00:00
[2024-03-08T19:01:16.820+0000] {processor.py:183} INFO - Processing /home/airflow/.local/lib/python3.8/site-packages/airflow/example_dags/example_task_group.py took 0.178 seconds
[2024-03-08T19:01:47.615+0000] {processor.py:161} INFO - Started process (PID=3324) to work on /home/airflow/.local/lib/python3.8/site-packages/airflow/example_dags/example_task_group.py
[2024-03-08T19:01:47.616+0000] {processor.py:830} INFO - Processing file /home/airflow/.local/lib/python3.8/site-packages/airflow/example_dags/example_task_group.py for tasks to queue
[2024-03-08T19:01:47.617+0000] {logging_mixin.py:188} INFO - [2024-03-08T19:01:47.617+0000] {dagbag.py:540} INFO - Filling up the DagBag from /home/airflow/.local/lib/python3.8/site-packages/airflow/example_dags/example_task_group.py
[2024-03-08T19:01:47.627+0000] {processor.py:840} INFO - DAG(s) 'example_task_group' retrieved from /home/airflow/.local/lib/python3.8/site-packages/airflow/example_dags/example_task_group.py
[2024-03-08T19:01:47.649+0000] {logging_mixin.py:188} INFO - [2024-03-08T19:01:47.649+0000] {dag.py:3047} INFO - Sync 1 DAGs
[2024-03-08T19:01:47.667+0000] {logging_mixin.py:188} INFO - [2024-03-08T19:01:47.666+0000] {dag.py:3834} INFO - Setting next_dagrun for example_task_group to 2024-03-07 00:00:00+00:00, run_after=2024-03-08 00:00:00+00:00
[2024-03-08T19:01:47.683+0000] {processor.py:183} INFO - Processing /home/airflow/.local/lib/python3.8/site-packages/airflow/example_dags/example_task_group.py took 0.070 seconds
[2024-03-08T19:02:18.428+0000] {processor.py:161} INFO - Started process (PID=3379) to work on /home/airflow/.local/lib/python3.8/site-packages/airflow/example_dags/example_task_group.py
[2024-03-08T19:02:18.429+0000] {processor.py:830} INFO - Processing file /home/airflow/.local/lib/python3.8/site-packages/airflow/example_dags/example_task_group.py for tasks to queue
[2024-03-08T19:02:18.431+0000] {logging_mixin.py:188} INFO - [2024-03-08T19:02:18.430+0000] {dagbag.py:540} INFO - Filling up the DagBag from /home/airflow/.local/lib/python3.8/site-packages/airflow/example_dags/example_task_group.py
[2024-03-08T19:02:18.438+0000] {processor.py:840} INFO - DAG(s) 'example_task_group' retrieved from /home/airflow/.local/lib/python3.8/site-packages/airflow/example_dags/example_task_group.py
[2024-03-08T19:02:18.460+0000] {logging_mixin.py:188} INFO - [2024-03-08T19:02:18.459+0000] {dag.py:3047} INFO - Sync 1 DAGs
[2024-03-08T19:02:18.479+0000] {logging_mixin.py:188} INFO - [2024-03-08T19:02:18.479+0000] {dag.py:3834} INFO - Setting next_dagrun for example_task_group to 2024-03-07 00:00:00+00:00, run_after=2024-03-08 00:00:00+00:00
[2024-03-08T19:02:18.496+0000] {processor.py:183} INFO - Processing /home/airflow/.local/lib/python3.8/site-packages/airflow/example_dags/example_task_group.py took 0.071 seconds
[2024-03-08T19:02:49.452+0000] {processor.py:161} INFO - Started process (PID=3434) to work on /home/airflow/.local/lib/python3.8/site-packages/airflow/example_dags/example_task_group.py
[2024-03-08T19:02:49.453+0000] {processor.py:830} INFO - Processing file /home/airflow/.local/lib/python3.8/site-packages/airflow/example_dags/example_task_group.py for tasks to queue
[2024-03-08T19:02:49.455+0000] {logging_mixin.py:188} INFO - [2024-03-08T19:02:49.455+0000] {dagbag.py:540} INFO - Filling up the DagBag from /home/airflow/.local/lib/python3.8/site-packages/airflow/example_dags/example_task_group.py
[2024-03-08T19:02:49.462+0000] {processor.py:840} INFO - DAG(s) 'example_task_group' retrieved from /home/airflow/.local/lib/python3.8/site-packages/airflow/example_dags/example_task_group.py
[2024-03-08T19:02:49.488+0000] {logging_mixin.py:188} INFO - [2024-03-08T19:02:49.487+0000] {dag.py:3047} INFO - Sync 1 DAGs
[2024-03-08T19:02:49.511+0000] {logging_mixin.py:188} INFO - [2024-03-08T19:02:49.511+0000] {dag.py:3834} INFO - Setting next_dagrun for example_task_group to 2024-03-07 00:00:00+00:00, run_after=2024-03-08 00:00:00+00:00
[2024-03-08T19:02:49.529+0000] {processor.py:183} INFO - Processing /home/airflow/.local/lib/python3.8/site-packages/airflow/example_dags/example_task_group.py took 0.079 seconds
[2024-03-08T19:03:19.696+0000] {processor.py:161} INFO - Started process (PID=3489) to work on /home/airflow/.local/lib/python3.8/site-packages/airflow/example_dags/example_task_group.py
[2024-03-08T19:03:19.701+0000] {processor.py:830} INFO - Processing file /home/airflow/.local/lib/python3.8/site-packages/airflow/example_dags/example_task_group.py for tasks to queue
[2024-03-08T19:03:19.704+0000] {logging_mixin.py:188} INFO - [2024-03-08T19:03:19.703+0000] {dagbag.py:540} INFO - Filling up the DagBag from /home/airflow/.local/lib/python3.8/site-packages/airflow/example_dags/example_task_group.py
[2024-03-08T19:03:19.718+0000] {processor.py:840} INFO - DAG(s) 'example_task_group' retrieved from /home/airflow/.local/lib/python3.8/site-packages/airflow/example_dags/example_task_group.py
[2024-03-08T19:03:19.742+0000] {logging_mixin.py:188} INFO - [2024-03-08T19:03:19.742+0000] {dag.py:3047} INFO - Sync 1 DAGs
[2024-03-08T19:03:19.765+0000] {logging_mixin.py:188} INFO - [2024-03-08T19:03:19.765+0000] {dag.py:3834} INFO - Setting next_dagrun for example_task_group to 2024-03-07 00:00:00+00:00, run_after=2024-03-08 00:00:00+00:00
[2024-03-08T19:03:19.782+0000] {processor.py:183} INFO - Processing /home/airflow/.local/lib/python3.8/site-packages/airflow/example_dags/example_task_group.py took 0.091 seconds
[2024-03-08T19:03:50.504+0000] {processor.py:161} INFO - Started process (PID=3544) to work on /home/airflow/.local/lib/python3.8/site-packages/airflow/example_dags/example_task_group.py
[2024-03-08T19:03:50.505+0000] {processor.py:830} INFO - Processing file /home/airflow/.local/lib/python3.8/site-packages/airflow/example_dags/example_task_group.py for tasks to queue
[2024-03-08T19:03:50.507+0000] {logging_mixin.py:188} INFO - [2024-03-08T19:03:50.507+0000] {dagbag.py:540} INFO - Filling up the DagBag from /home/airflow/.local/lib/python3.8/site-packages/airflow/example_dags/example_task_group.py
[2024-03-08T19:03:50.518+0000] {processor.py:840} INFO - DAG(s) 'example_task_group' retrieved from /home/airflow/.local/lib/python3.8/site-packages/airflow/example_dags/example_task_group.py
[2024-03-08T19:03:50.544+0000] {logging_mixin.py:188} INFO - [2024-03-08T19:03:50.544+0000] {dag.py:3047} INFO - Sync 1 DAGs
[2024-03-08T19:03:50.565+0000] {logging_mixin.py:188} INFO - [2024-03-08T19:03:50.565+0000] {dag.py:3834} INFO - Setting next_dagrun for example_task_group to 2024-03-07 00:00:00+00:00, run_after=2024-03-08 00:00:00+00:00
[2024-03-08T19:03:50.582+0000] {processor.py:183} INFO - Processing /home/airflow/.local/lib/python3.8/site-packages/airflow/example_dags/example_task_group.py took 0.083 seconds
[2024-03-08T19:04:20.726+0000] {processor.py:161} INFO - Started process (PID=3599) to work on /home/airflow/.local/lib/python3.8/site-packages/airflow/example_dags/example_task_group.py
[2024-03-08T19:04:20.727+0000] {processor.py:830} INFO - Processing file /home/airflow/.local/lib/python3.8/site-packages/airflow/example_dags/example_task_group.py for tasks to queue
[2024-03-08T19:04:20.728+0000] {logging_mixin.py:188} INFO - [2024-03-08T19:04:20.728+0000] {dagbag.py:540} INFO - Filling up the DagBag from /home/airflow/.local/lib/python3.8/site-packages/airflow/example_dags/example_task_group.py
[2024-03-08T19:04:20.736+0000] {processor.py:840} INFO - DAG(s) 'example_task_group' retrieved from /home/airflow/.local/lib/python3.8/site-packages/airflow/example_dags/example_task_group.py
[2024-03-08T19:04:20.755+0000] {logging_mixin.py:188} INFO - [2024-03-08T19:04:20.755+0000] {dag.py:3047} INFO - Sync 1 DAGs
[2024-03-08T19:04:20.775+0000] {logging_mixin.py:188} INFO - [2024-03-08T19:04:20.774+0000] {dag.py:3834} INFO - Setting next_dagrun for example_task_group to 2024-03-07 00:00:00+00:00, run_after=2024-03-08 00:00:00+00:00
[2024-03-08T19:04:20.795+0000] {processor.py:183} INFO - Processing /home/airflow/.local/lib/python3.8/site-packages/airflow/example_dags/example_task_group.py took 0.072 seconds
[2024-03-08T19:04:50.946+0000] {processor.py:161} INFO - Started process (PID=3654) to work on /home/airflow/.local/lib/python3.8/site-packages/airflow/example_dags/example_task_group.py
[2024-03-08T19:04:50.947+0000] {processor.py:830} INFO - Processing file /home/airflow/.local/lib/python3.8/site-packages/airflow/example_dags/example_task_group.py for tasks to queue
[2024-03-08T19:04:50.949+0000] {logging_mixin.py:188} INFO - [2024-03-08T19:04:50.948+0000] {dagbag.py:540} INFO - Filling up the DagBag from /home/airflow/.local/lib/python3.8/site-packages/airflow/example_dags/example_task_group.py
[2024-03-08T19:04:50.955+0000] {processor.py:840} INFO - DAG(s) 'example_task_group' retrieved from /home/airflow/.local/lib/python3.8/site-packages/airflow/example_dags/example_task_group.py
[2024-03-08T19:04:50.989+0000] {logging_mixin.py:188} INFO - [2024-03-08T19:04:50.989+0000] {dag.py:3047} INFO - Sync 1 DAGs
[2024-03-08T19:04:51.019+0000] {logging_mixin.py:188} INFO - [2024-03-08T19:04:51.019+0000] {dag.py:3834} INFO - Setting next_dagrun for example_task_group to 2024-03-07 00:00:00+00:00, run_after=2024-03-08 00:00:00+00:00
[2024-03-08T19:04:51.036+0000] {processor.py:183} INFO - Processing /home/airflow/.local/lib/python3.8/site-packages/airflow/example_dags/example_task_group.py took 0.092 seconds
[2024-03-08T19:05:22.060+0000] {processor.py:161} INFO - Started process (PID=3709) to work on /home/airflow/.local/lib/python3.8/site-packages/airflow/example_dags/example_task_group.py
[2024-03-08T19:05:22.061+0000] {processor.py:830} INFO - Processing file /home/airflow/.local/lib/python3.8/site-packages/airflow/example_dags/example_task_group.py for tasks to queue
[2024-03-08T19:05:22.063+0000] {logging_mixin.py:188} INFO - [2024-03-08T19:05:22.062+0000] {dagbag.py:540} INFO - Filling up the DagBag from /home/airflow/.local/lib/python3.8/site-packages/airflow/example_dags/example_task_group.py
[2024-03-08T19:05:22.070+0000] {processor.py:840} INFO - DAG(s) 'example_task_group' retrieved from /home/airflow/.local/lib/python3.8/site-packages/airflow/example_dags/example_task_group.py
[2024-03-08T19:05:22.103+0000] {logging_mixin.py:188} INFO - [2024-03-08T19:05:22.103+0000] {dag.py:3047} INFO - Sync 1 DAGs
[2024-03-08T19:05:22.129+0000] {logging_mixin.py:188} INFO - [2024-03-08T19:05:22.128+0000] {dag.py:3834} INFO - Setting next_dagrun for example_task_group to 2024-03-07 00:00:00+00:00, run_after=2024-03-08 00:00:00+00:00
[2024-03-08T19:05:22.149+0000] {processor.py:183} INFO - Processing /home/airflow/.local/lib/python3.8/site-packages/airflow/example_dags/example_task_group.py took 0.093 seconds
[2024-03-08T19:05:52.455+0000] {processor.py:161} INFO - Started process (PID=3764) to work on /home/airflow/.local/lib/python3.8/site-packages/airflow/example_dags/example_task_group.py
[2024-03-08T19:05:52.456+0000] {processor.py:830} INFO - Processing file /home/airflow/.local/lib/python3.8/site-packages/airflow/example_dags/example_task_group.py for tasks to queue
[2024-03-08T19:05:52.457+0000] {logging_mixin.py:188} INFO - [2024-03-08T19:05:52.457+0000] {dagbag.py:540} INFO - Filling up the DagBag from /home/airflow/.local/lib/python3.8/site-packages/airflow/example_dags/example_task_group.py
[2024-03-08T19:05:52.464+0000] {processor.py:840} INFO - DAG(s) 'example_task_group' retrieved from /home/airflow/.local/lib/python3.8/site-packages/airflow/example_dags/example_task_group.py
[2024-03-08T19:05:52.482+0000] {logging_mixin.py:188} INFO - [2024-03-08T19:05:52.482+0000] {dag.py:3047} INFO - Sync 1 DAGs
[2024-03-08T19:05:52.506+0000] {logging_mixin.py:188} INFO - [2024-03-08T19:05:52.505+0000] {dag.py:3834} INFO - Setting next_dagrun for example_task_group to 2024-03-07 00:00:00+00:00, run_after=2024-03-08 00:00:00+00:00
[2024-03-08T19:05:52.526+0000] {processor.py:183} INFO - Processing /home/airflow/.local/lib/python3.8/site-packages/airflow/example_dags/example_task_group.py took 0.075 seconds
[2024-03-08T19:06:23.476+0000] {processor.py:161} INFO - Started process (PID=3819) to work on /home/airflow/.local/lib/python3.8/site-packages/airflow/example_dags/example_task_group.py
[2024-03-08T19:06:23.478+0000] {processor.py:830} INFO - Processing file /home/airflow/.local/lib/python3.8/site-packages/airflow/example_dags/example_task_group.py for tasks to queue
[2024-03-08T19:06:23.479+0000] {logging_mixin.py:188} INFO - [2024-03-08T19:06:23.479+0000] {dagbag.py:540} INFO - Filling up the DagBag from /home/airflow/.local/lib/python3.8/site-packages/airflow/example_dags/example_task_group.py
[2024-03-08T19:06:23.486+0000] {processor.py:840} INFO - DAG(s) 'example_task_group' retrieved from /home/airflow/.local/lib/python3.8/site-packages/airflow/example_dags/example_task_group.py
[2024-03-08T19:06:23.513+0000] {logging_mixin.py:188} INFO - [2024-03-08T19:06:23.512+0000] {dag.py:3047} INFO - Sync 1 DAGs
[2024-03-08T19:06:23.537+0000] {logging_mixin.py:188} INFO - [2024-03-08T19:06:23.537+0000] {dag.py:3834} INFO - Setting next_dagrun for example_task_group to 2024-03-07 00:00:00+00:00, run_after=2024-03-08 00:00:00+00:00
[2024-03-08T19:06:23.558+0000] {processor.py:183} INFO - Processing /home/airflow/.local/lib/python3.8/site-packages/airflow/example_dags/example_task_group.py took 0.085 seconds
[2024-03-08T19:06:53.897+0000] {processor.py:161} INFO - Started process (PID=3874) to work on /home/airflow/.local/lib/python3.8/site-packages/airflow/example_dags/example_task_group.py
[2024-03-08T19:06:53.898+0000] {processor.py:830} INFO - Processing file /home/airflow/.local/lib/python3.8/site-packages/airflow/example_dags/example_task_group.py for tasks to queue
[2024-03-08T19:06:53.900+0000] {logging_mixin.py:188} INFO - [2024-03-08T19:06:53.899+0000] {dagbag.py:540} INFO - Filling up the DagBag from /home/airflow/.local/lib/python3.8/site-packages/airflow/example_dags/example_task_group.py
[2024-03-08T19:06:53.906+0000] {processor.py:840} INFO - DAG(s) 'example_task_group' retrieved from /home/airflow/.local/lib/python3.8/site-packages/airflow/example_dags/example_task_group.py
[2024-03-08T19:06:53.927+0000] {logging_mixin.py:188} INFO - [2024-03-08T19:06:53.926+0000] {dag.py:3047} INFO - Sync 1 DAGs
[2024-03-08T19:06:53.947+0000] {logging_mixin.py:188} INFO - [2024-03-08T19:06:53.947+0000] {dag.py:3834} INFO - Setting next_dagrun for example_task_group to 2024-03-07 00:00:00+00:00, run_after=2024-03-08 00:00:00+00:00
[2024-03-08T19:06:53.963+0000] {processor.py:183} INFO - Processing /home/airflow/.local/lib/python3.8/site-packages/airflow/example_dags/example_task_group.py took 0.069 seconds
[2024-03-08T19:07:24.447+0000] {processor.py:161} INFO - Started process (PID=3929) to work on /home/airflow/.local/lib/python3.8/site-packages/airflow/example_dags/example_task_group.py
[2024-03-08T19:07:24.448+0000] {processor.py:830} INFO - Processing file /home/airflow/.local/lib/python3.8/site-packages/airflow/example_dags/example_task_group.py for tasks to queue
[2024-03-08T19:07:24.449+0000] {logging_mixin.py:188} INFO - [2024-03-08T19:07:24.449+0000] {dagbag.py:540} INFO - Filling up the DagBag from /home/airflow/.local/lib/python3.8/site-packages/airflow/example_dags/example_task_group.py
[2024-03-08T19:07:24.458+0000] {processor.py:840} INFO - DAG(s) 'example_task_group' retrieved from /home/airflow/.local/lib/python3.8/site-packages/airflow/example_dags/example_task_group.py
[2024-03-08T19:07:24.480+0000] {logging_mixin.py:188} INFO - [2024-03-08T19:07:24.480+0000] {dag.py:3047} INFO - Sync 1 DAGs
[2024-03-08T19:07:24.505+0000] {logging_mixin.py:188} INFO - [2024-03-08T19:07:24.505+0000] {dag.py:3834} INFO - Setting next_dagrun for example_task_group to 2024-03-07 00:00:00+00:00, run_after=2024-03-08 00:00:00+00:00
[2024-03-08T19:07:24.526+0000] {processor.py:183} INFO - Processing /home/airflow/.local/lib/python3.8/site-packages/airflow/example_dags/example_task_group.py took 0.082 seconds
