[2024-03-08T18:32:43.578+0000] {processor.py:161} INFO - Started process (PID=168) to work on /home/airflow/.local/lib/python3.8/site-packages/airflow/example_dags/example_nested_branch_dag.py
[2024-03-08T18:32:43.578+0000] {processor.py:830} INFO - Processing file /home/airflow/.local/lib/python3.8/site-packages/airflow/example_dags/example_nested_branch_dag.py for tasks to queue
[2024-03-08T18:32:43.579+0000] {logging_mixin.py:188} INFO - [2024-03-08T18:32:43.579+0000] {dagbag.py:540} INFO - Filling up the DagBag from /home/airflow/.local/lib/python3.8/site-packages/airflow/example_dags/example_nested_branch_dag.py
[2024-03-08T18:32:43.594+0000] {processor.py:840} INFO - DAG(s) 'example_nested_branch_dag' retrieved from /home/airflow/.local/lib/python3.8/site-packages/airflow/example_dags/example_nested_branch_dag.py
[2024-03-08T18:32:43.605+0000] {logging_mixin.py:188} INFO - [2024-03-08T18:32:43.605+0000] {dag.py:3047} INFO - Sync 1 DAGs
[2024-03-08T18:32:43.625+0000] {logging_mixin.py:188} INFO - [2024-03-08T18:32:43.625+0000] {dag.py:3834} INFO - Setting next_dagrun for example_nested_branch_dag to 2024-03-07 00:00:00+00:00, run_after=2024-03-08 00:00:00+00:00
[2024-03-08T18:32:43.639+0000] {processor.py:183} INFO - Processing /home/airflow/.local/lib/python3.8/site-packages/airflow/example_dags/example_nested_branch_dag.py took 0.063 seconds
[2024-03-08T18:33:14.589+0000] {processor.py:161} INFO - Started process (PID=223) to work on /home/airflow/.local/lib/python3.8/site-packages/airflow/example_dags/example_nested_branch_dag.py
[2024-03-08T18:33:14.590+0000] {processor.py:830} INFO - Processing file /home/airflow/.local/lib/python3.8/site-packages/airflow/example_dags/example_nested_branch_dag.py for tasks to queue
[2024-03-08T18:33:14.592+0000] {logging_mixin.py:188} INFO - [2024-03-08T18:33:14.592+0000] {dagbag.py:540} INFO - Filling up the DagBag from /home/airflow/.local/lib/python3.8/site-packages/airflow/example_dags/example_nested_branch_dag.py
[2024-03-08T18:33:14.601+0000] {processor.py:840} INFO - DAG(s) 'example_nested_branch_dag' retrieved from /home/airflow/.local/lib/python3.8/site-packages/airflow/example_dags/example_nested_branch_dag.py
[2024-03-08T18:33:14.698+0000] {logging_mixin.py:188} INFO - [2024-03-08T18:33:14.697+0000] {dag.py:3047} INFO - Sync 1 DAGs
[2024-03-08T18:33:14.714+0000] {logging_mixin.py:188} INFO - [2024-03-08T18:33:14.714+0000] {dag.py:3834} INFO - Setting next_dagrun for example_nested_branch_dag to 2024-03-07 00:00:00+00:00, run_after=2024-03-08 00:00:00+00:00
[2024-03-08T18:33:14.729+0000] {processor.py:183} INFO - Processing /home/airflow/.local/lib/python3.8/site-packages/airflow/example_dags/example_nested_branch_dag.py took 0.150 seconds
[2024-03-08T18:33:45.197+0000] {processor.py:161} INFO - Started process (PID=278) to work on /home/airflow/.local/lib/python3.8/site-packages/airflow/example_dags/example_nested_branch_dag.py
[2024-03-08T18:33:45.198+0000] {processor.py:830} INFO - Processing file /home/airflow/.local/lib/python3.8/site-packages/airflow/example_dags/example_nested_branch_dag.py for tasks to queue
[2024-03-08T18:33:45.200+0000] {logging_mixin.py:188} INFO - [2024-03-08T18:33:45.199+0000] {dagbag.py:540} INFO - Filling up the DagBag from /home/airflow/.local/lib/python3.8/site-packages/airflow/example_dags/example_nested_branch_dag.py
[2024-03-08T18:33:45.208+0000] {processor.py:840} INFO - DAG(s) 'example_nested_branch_dag' retrieved from /home/airflow/.local/lib/python3.8/site-packages/airflow/example_dags/example_nested_branch_dag.py
[2024-03-08T18:33:45.229+0000] {logging_mixin.py:188} INFO - [2024-03-08T18:33:45.228+0000] {dag.py:3047} INFO - Sync 1 DAGs
[2024-03-08T18:33:45.253+0000] {logging_mixin.py:188} INFO - [2024-03-08T18:33:45.253+0000] {dag.py:3834} INFO - Setting next_dagrun for example_nested_branch_dag to 2024-03-07 00:00:00+00:00, run_after=2024-03-08 00:00:00+00:00
[2024-03-08T18:33:45.269+0000] {processor.py:183} INFO - Processing /home/airflow/.local/lib/python3.8/site-packages/airflow/example_dags/example_nested_branch_dag.py took 0.076 seconds
[2024-03-08T18:34:16.290+0000] {processor.py:161} INFO - Started process (PID=333) to work on /home/airflow/.local/lib/python3.8/site-packages/airflow/example_dags/example_nested_branch_dag.py
[2024-03-08T18:34:16.291+0000] {processor.py:830} INFO - Processing file /home/airflow/.local/lib/python3.8/site-packages/airflow/example_dags/example_nested_branch_dag.py for tasks to queue
[2024-03-08T18:34:16.292+0000] {logging_mixin.py:188} INFO - [2024-03-08T18:34:16.292+0000] {dagbag.py:540} INFO - Filling up the DagBag from /home/airflow/.local/lib/python3.8/site-packages/airflow/example_dags/example_nested_branch_dag.py
[2024-03-08T18:34:16.300+0000] {processor.py:840} INFO - DAG(s) 'example_nested_branch_dag' retrieved from /home/airflow/.local/lib/python3.8/site-packages/airflow/example_dags/example_nested_branch_dag.py
[2024-03-08T18:34:16.317+0000] {logging_mixin.py:188} INFO - [2024-03-08T18:34:16.317+0000] {dag.py:3047} INFO - Sync 1 DAGs
[2024-03-08T18:34:16.335+0000] {logging_mixin.py:188} INFO - [2024-03-08T18:34:16.334+0000] {dag.py:3834} INFO - Setting next_dagrun for example_nested_branch_dag to 2024-03-07 00:00:00+00:00, run_after=2024-03-08 00:00:00+00:00
[2024-03-08T18:34:16.347+0000] {processor.py:183} INFO - Processing /home/airflow/.local/lib/python3.8/site-packages/airflow/example_dags/example_nested_branch_dag.py took 0.085 seconds
[2024-03-08T18:34:46.794+0000] {processor.py:161} INFO - Started process (PID=388) to work on /home/airflow/.local/lib/python3.8/site-packages/airflow/example_dags/example_nested_branch_dag.py
[2024-03-08T18:34:46.795+0000] {processor.py:830} INFO - Processing file /home/airflow/.local/lib/python3.8/site-packages/airflow/example_dags/example_nested_branch_dag.py for tasks to queue
[2024-03-08T18:34:46.796+0000] {logging_mixin.py:188} INFO - [2024-03-08T18:34:46.796+0000] {dagbag.py:540} INFO - Filling up the DagBag from /home/airflow/.local/lib/python3.8/site-packages/airflow/example_dags/example_nested_branch_dag.py
[2024-03-08T18:34:46.806+0000] {processor.py:840} INFO - DAG(s) 'example_nested_branch_dag' retrieved from /home/airflow/.local/lib/python3.8/site-packages/airflow/example_dags/example_nested_branch_dag.py
[2024-03-08T18:34:46.828+0000] {logging_mixin.py:188} INFO - [2024-03-08T18:34:46.828+0000] {dag.py:3047} INFO - Sync 1 DAGs
[2024-03-08T18:34:46.891+0000] {logging_mixin.py:188} INFO - [2024-03-08T18:34:46.891+0000] {dag.py:3834} INFO - Setting next_dagrun for example_nested_branch_dag to 2024-03-07 00:00:00+00:00, run_after=2024-03-08 00:00:00+00:00
[2024-03-08T18:34:46.906+0000] {processor.py:183} INFO - Processing /home/airflow/.local/lib/python3.8/site-packages/airflow/example_dags/example_nested_branch_dag.py took 0.115 seconds
[2024-03-08T18:35:17.319+0000] {processor.py:161} INFO - Started process (PID=443) to work on /home/airflow/.local/lib/python3.8/site-packages/airflow/example_dags/example_nested_branch_dag.py
[2024-03-08T18:35:17.319+0000] {processor.py:830} INFO - Processing file /home/airflow/.local/lib/python3.8/site-packages/airflow/example_dags/example_nested_branch_dag.py for tasks to queue
[2024-03-08T18:35:17.320+0000] {logging_mixin.py:188} INFO - [2024-03-08T18:35:17.320+0000] {dagbag.py:540} INFO - Filling up the DagBag from /home/airflow/.local/lib/python3.8/site-packages/airflow/example_dags/example_nested_branch_dag.py
[2024-03-08T18:35:17.328+0000] {processor.py:840} INFO - DAG(s) 'example_nested_branch_dag' retrieved from /home/airflow/.local/lib/python3.8/site-packages/airflow/example_dags/example_nested_branch_dag.py
[2024-03-08T18:35:17.345+0000] {logging_mixin.py:188} INFO - [2024-03-08T18:35:17.345+0000] {dag.py:3047} INFO - Sync 1 DAGs
[2024-03-08T18:35:17.363+0000] {logging_mixin.py:188} INFO - [2024-03-08T18:35:17.363+0000] {dag.py:3834} INFO - Setting next_dagrun for example_nested_branch_dag to 2024-03-07 00:00:00+00:00, run_after=2024-03-08 00:00:00+00:00
[2024-03-08T18:35:17.376+0000] {processor.py:183} INFO - Processing /home/airflow/.local/lib/python3.8/site-packages/airflow/example_dags/example_nested_branch_dag.py took 0.060 seconds
[2024-03-08T18:35:47.736+0000] {processor.py:161} INFO - Started process (PID=498) to work on /home/airflow/.local/lib/python3.8/site-packages/airflow/example_dags/example_nested_branch_dag.py
[2024-03-08T18:35:47.737+0000] {processor.py:830} INFO - Processing file /home/airflow/.local/lib/python3.8/site-packages/airflow/example_dags/example_nested_branch_dag.py for tasks to queue
[2024-03-08T18:35:47.739+0000] {logging_mixin.py:188} INFO - [2024-03-08T18:35:47.738+0000] {dagbag.py:540} INFO - Filling up the DagBag from /home/airflow/.local/lib/python3.8/site-packages/airflow/example_dags/example_nested_branch_dag.py
[2024-03-08T18:35:47.747+0000] {processor.py:840} INFO - DAG(s) 'example_nested_branch_dag' retrieved from /home/airflow/.local/lib/python3.8/site-packages/airflow/example_dags/example_nested_branch_dag.py
[2024-03-08T18:35:47.765+0000] {logging_mixin.py:188} INFO - [2024-03-08T18:35:47.764+0000] {dag.py:3047} INFO - Sync 1 DAGs
[2024-03-08T18:35:47.785+0000] {logging_mixin.py:188} INFO - [2024-03-08T18:35:47.785+0000] {dag.py:3834} INFO - Setting next_dagrun for example_nested_branch_dag to 2024-03-07 00:00:00+00:00, run_after=2024-03-08 00:00:00+00:00
[2024-03-08T18:35:47.802+0000] {processor.py:183} INFO - Processing /home/airflow/.local/lib/python3.8/site-packages/airflow/example_dags/example_nested_branch_dag.py took 0.068 seconds
[2024-03-08T18:36:18.627+0000] {processor.py:161} INFO - Started process (PID=553) to work on /home/airflow/.local/lib/python3.8/site-packages/airflow/example_dags/example_nested_branch_dag.py
[2024-03-08T18:36:18.628+0000] {processor.py:830} INFO - Processing file /home/airflow/.local/lib/python3.8/site-packages/airflow/example_dags/example_nested_branch_dag.py for tasks to queue
[2024-03-08T18:36:18.630+0000] {logging_mixin.py:188} INFO - [2024-03-08T18:36:18.629+0000] {dagbag.py:540} INFO - Filling up the DagBag from /home/airflow/.local/lib/python3.8/site-packages/airflow/example_dags/example_nested_branch_dag.py
[2024-03-08T18:36:18.638+0000] {processor.py:840} INFO - DAG(s) 'example_nested_branch_dag' retrieved from /home/airflow/.local/lib/python3.8/site-packages/airflow/example_dags/example_nested_branch_dag.py
[2024-03-08T18:36:18.660+0000] {logging_mixin.py:188} INFO - [2024-03-08T18:36:18.659+0000] {dag.py:3047} INFO - Sync 1 DAGs
[2024-03-08T18:36:18.686+0000] {logging_mixin.py:188} INFO - [2024-03-08T18:36:18.685+0000] {dag.py:3834} INFO - Setting next_dagrun for example_nested_branch_dag to 2024-03-07 00:00:00+00:00, run_after=2024-03-08 00:00:00+00:00
[2024-03-08T18:36:18.704+0000] {processor.py:183} INFO - Processing /home/airflow/.local/lib/python3.8/site-packages/airflow/example_dags/example_nested_branch_dag.py took 0.080 seconds
[2024-03-08T18:36:49.414+0000] {processor.py:161} INFO - Started process (PID=608) to work on /home/airflow/.local/lib/python3.8/site-packages/airflow/example_dags/example_nested_branch_dag.py
[2024-03-08T18:36:49.415+0000] {processor.py:830} INFO - Processing file /home/airflow/.local/lib/python3.8/site-packages/airflow/example_dags/example_nested_branch_dag.py for tasks to queue
[2024-03-08T18:36:49.417+0000] {logging_mixin.py:188} INFO - [2024-03-08T18:36:49.416+0000] {dagbag.py:540} INFO - Filling up the DagBag from /home/airflow/.local/lib/python3.8/site-packages/airflow/example_dags/example_nested_branch_dag.py
[2024-03-08T18:36:49.424+0000] {processor.py:840} INFO - DAG(s) 'example_nested_branch_dag' retrieved from /home/airflow/.local/lib/python3.8/site-packages/airflow/example_dags/example_nested_branch_dag.py
[2024-03-08T18:36:49.443+0000] {logging_mixin.py:188} INFO - [2024-03-08T18:36:49.442+0000] {dag.py:3047} INFO - Sync 1 DAGs
[2024-03-08T18:36:49.460+0000] {logging_mixin.py:188} INFO - [2024-03-08T18:36:49.460+0000] {dag.py:3834} INFO - Setting next_dagrun for example_nested_branch_dag to 2024-03-07 00:00:00+00:00, run_after=2024-03-08 00:00:00+00:00
[2024-03-08T18:36:49.475+0000] {processor.py:183} INFO - Processing /home/airflow/.local/lib/python3.8/site-packages/airflow/example_dags/example_nested_branch_dag.py took 0.063 seconds
[2024-03-08T18:37:20.193+0000] {processor.py:161} INFO - Started process (PID=663) to work on /home/airflow/.local/lib/python3.8/site-packages/airflow/example_dags/example_nested_branch_dag.py
[2024-03-08T18:37:20.194+0000] {processor.py:830} INFO - Processing file /home/airflow/.local/lib/python3.8/site-packages/airflow/example_dags/example_nested_branch_dag.py for tasks to queue
[2024-03-08T18:37:20.196+0000] {logging_mixin.py:188} INFO - [2024-03-08T18:37:20.196+0000] {dagbag.py:540} INFO - Filling up the DagBag from /home/airflow/.local/lib/python3.8/site-packages/airflow/example_dags/example_nested_branch_dag.py
[2024-03-08T18:37:20.206+0000] {processor.py:840} INFO - DAG(s) 'example_nested_branch_dag' retrieved from /home/airflow/.local/lib/python3.8/site-packages/airflow/example_dags/example_nested_branch_dag.py
[2024-03-08T18:37:20.227+0000] {logging_mixin.py:188} INFO - [2024-03-08T18:37:20.227+0000] {dag.py:3047} INFO - Sync 1 DAGs
[2024-03-08T18:37:20.260+0000] {logging_mixin.py:188} INFO - [2024-03-08T18:37:20.259+0000] {dag.py:3834} INFO - Setting next_dagrun for example_nested_branch_dag to 2024-03-07 00:00:00+00:00, run_after=2024-03-08 00:00:00+00:00
[2024-03-08T18:37:20.288+0000] {processor.py:183} INFO - Processing /home/airflow/.local/lib/python3.8/site-packages/airflow/example_dags/example_nested_branch_dag.py took 0.098 seconds
[2024-03-08T18:37:51.993+0000] {processor.py:161} INFO - Started process (PID=718) to work on /home/airflow/.local/lib/python3.8/site-packages/airflow/example_dags/example_nested_branch_dag.py
[2024-03-08T18:37:51.994+0000] {processor.py:830} INFO - Processing file /home/airflow/.local/lib/python3.8/site-packages/airflow/example_dags/example_nested_branch_dag.py for tasks to queue
[2024-03-08T18:37:51.995+0000] {logging_mixin.py:188} INFO - [2024-03-08T18:37:51.995+0000] {dagbag.py:540} INFO - Filling up the DagBag from /home/airflow/.local/lib/python3.8/site-packages/airflow/example_dags/example_nested_branch_dag.py
[2024-03-08T18:37:52.004+0000] {processor.py:840} INFO - DAG(s) 'example_nested_branch_dag' retrieved from /home/airflow/.local/lib/python3.8/site-packages/airflow/example_dags/example_nested_branch_dag.py
[2024-03-08T18:37:52.023+0000] {logging_mixin.py:188} INFO - [2024-03-08T18:37:52.023+0000] {dag.py:3047} INFO - Sync 1 DAGs
[2024-03-08T18:37:52.097+0000] {logging_mixin.py:188} INFO - [2024-03-08T18:37:52.097+0000] {dag.py:3834} INFO - Setting next_dagrun for example_nested_branch_dag to 2024-03-07 00:00:00+00:00, run_after=2024-03-08 00:00:00+00:00
[2024-03-08T18:37:52.118+0000] {processor.py:183} INFO - Processing /home/airflow/.local/lib/python3.8/site-packages/airflow/example_dags/example_nested_branch_dag.py took 0.127 seconds
[2024-03-08T18:38:23.303+0000] {processor.py:161} INFO - Started process (PID=773) to work on /home/airflow/.local/lib/python3.8/site-packages/airflow/example_dags/example_nested_branch_dag.py
[2024-03-08T18:38:23.304+0000] {processor.py:830} INFO - Processing file /home/airflow/.local/lib/python3.8/site-packages/airflow/example_dags/example_nested_branch_dag.py for tasks to queue
[2024-03-08T18:38:23.306+0000] {logging_mixin.py:188} INFO - [2024-03-08T18:38:23.306+0000] {dagbag.py:540} INFO - Filling up the DagBag from /home/airflow/.local/lib/python3.8/site-packages/airflow/example_dags/example_nested_branch_dag.py
[2024-03-08T18:38:23.320+0000] {processor.py:840} INFO - DAG(s) 'example_nested_branch_dag' retrieved from /home/airflow/.local/lib/python3.8/site-packages/airflow/example_dags/example_nested_branch_dag.py
[2024-03-08T18:38:23.348+0000] {logging_mixin.py:188} INFO - [2024-03-08T18:38:23.347+0000] {dag.py:3047} INFO - Sync 1 DAGs
[2024-03-08T18:38:23.398+0000] {logging_mixin.py:188} INFO - [2024-03-08T18:38:23.397+0000] {dag.py:3834} INFO - Setting next_dagrun for example_nested_branch_dag to 2024-03-07 00:00:00+00:00, run_after=2024-03-08 00:00:00+00:00
[2024-03-08T18:38:23.421+0000] {processor.py:183} INFO - Processing /home/airflow/.local/lib/python3.8/site-packages/airflow/example_dags/example_nested_branch_dag.py took 0.121 seconds
[2024-03-08T18:38:54.166+0000] {processor.py:161} INFO - Started process (PID=828) to work on /home/airflow/.local/lib/python3.8/site-packages/airflow/example_dags/example_nested_branch_dag.py
[2024-03-08T18:38:54.167+0000] {processor.py:830} INFO - Processing file /home/airflow/.local/lib/python3.8/site-packages/airflow/example_dags/example_nested_branch_dag.py for tasks to queue
[2024-03-08T18:38:54.169+0000] {logging_mixin.py:188} INFO - [2024-03-08T18:38:54.169+0000] {dagbag.py:540} INFO - Filling up the DagBag from /home/airflow/.local/lib/python3.8/site-packages/airflow/example_dags/example_nested_branch_dag.py
[2024-03-08T18:38:54.179+0000] {processor.py:840} INFO - DAG(s) 'example_nested_branch_dag' retrieved from /home/airflow/.local/lib/python3.8/site-packages/airflow/example_dags/example_nested_branch_dag.py
[2024-03-08T18:38:54.199+0000] {logging_mixin.py:188} INFO - [2024-03-08T18:38:54.199+0000] {dag.py:3047} INFO - Sync 1 DAGs
[2024-03-08T18:38:54.224+0000] {logging_mixin.py:188} INFO - [2024-03-08T18:38:54.224+0000] {dag.py:3834} INFO - Setting next_dagrun for example_nested_branch_dag to 2024-03-07 00:00:00+00:00, run_after=2024-03-08 00:00:00+00:00
[2024-03-08T18:38:54.242+0000] {processor.py:183} INFO - Processing /home/airflow/.local/lib/python3.8/site-packages/airflow/example_dags/example_nested_branch_dag.py took 0.079 seconds
[2024-03-08T18:39:24.388+0000] {processor.py:161} INFO - Started process (PID=883) to work on /home/airflow/.local/lib/python3.8/site-packages/airflow/example_dags/example_nested_branch_dag.py
[2024-03-08T18:39:24.389+0000] {processor.py:830} INFO - Processing file /home/airflow/.local/lib/python3.8/site-packages/airflow/example_dags/example_nested_branch_dag.py for tasks to queue
[2024-03-08T18:39:24.390+0000] {logging_mixin.py:188} INFO - [2024-03-08T18:39:24.390+0000] {dagbag.py:540} INFO - Filling up the DagBag from /home/airflow/.local/lib/python3.8/site-packages/airflow/example_dags/example_nested_branch_dag.py
[2024-03-08T18:39:24.398+0000] {processor.py:840} INFO - DAG(s) 'example_nested_branch_dag' retrieved from /home/airflow/.local/lib/python3.8/site-packages/airflow/example_dags/example_nested_branch_dag.py
[2024-03-08T18:39:24.415+0000] {logging_mixin.py:188} INFO - [2024-03-08T18:39:24.415+0000] {dag.py:3047} INFO - Sync 1 DAGs
[2024-03-08T18:39:24.436+0000] {logging_mixin.py:188} INFO - [2024-03-08T18:39:24.436+0000] {dag.py:3834} INFO - Setting next_dagrun for example_nested_branch_dag to 2024-03-07 00:00:00+00:00, run_after=2024-03-08 00:00:00+00:00
[2024-03-08T18:39:24.451+0000] {processor.py:183} INFO - Processing /home/airflow/.local/lib/python3.8/site-packages/airflow/example_dags/example_nested_branch_dag.py took 0.066 seconds
[2024-03-08T18:39:54.776+0000] {processor.py:161} INFO - Started process (PID=938) to work on /home/airflow/.local/lib/python3.8/site-packages/airflow/example_dags/example_nested_branch_dag.py
[2024-03-08T18:39:54.777+0000] {processor.py:830} INFO - Processing file /home/airflow/.local/lib/python3.8/site-packages/airflow/example_dags/example_nested_branch_dag.py for tasks to queue
[2024-03-08T18:39:54.778+0000] {logging_mixin.py:188} INFO - [2024-03-08T18:39:54.778+0000] {dagbag.py:540} INFO - Filling up the DagBag from /home/airflow/.local/lib/python3.8/site-packages/airflow/example_dags/example_nested_branch_dag.py
[2024-03-08T18:39:54.787+0000] {processor.py:840} INFO - DAG(s) 'example_nested_branch_dag' retrieved from /home/airflow/.local/lib/python3.8/site-packages/airflow/example_dags/example_nested_branch_dag.py
[2024-03-08T18:39:54.807+0000] {logging_mixin.py:188} INFO - [2024-03-08T18:39:54.807+0000] {dag.py:3047} INFO - Sync 1 DAGs
[2024-03-08T18:39:54.832+0000] {logging_mixin.py:188} INFO - [2024-03-08T18:39:54.832+0000] {dag.py:3834} INFO - Setting next_dagrun for example_nested_branch_dag to 2024-03-07 00:00:00+00:00, run_after=2024-03-08 00:00:00+00:00
[2024-03-08T18:39:54.849+0000] {processor.py:183} INFO - Processing /home/airflow/.local/lib/python3.8/site-packages/airflow/example_dags/example_nested_branch_dag.py took 0.076 seconds
[2024-03-08T18:40:25.106+0000] {processor.py:161} INFO - Started process (PID=993) to work on /home/airflow/.local/lib/python3.8/site-packages/airflow/example_dags/example_nested_branch_dag.py
[2024-03-08T18:40:25.107+0000] {processor.py:830} INFO - Processing file /home/airflow/.local/lib/python3.8/site-packages/airflow/example_dags/example_nested_branch_dag.py for tasks to queue
[2024-03-08T18:40:25.108+0000] {logging_mixin.py:188} INFO - [2024-03-08T18:40:25.108+0000] {dagbag.py:540} INFO - Filling up the DagBag from /home/airflow/.local/lib/python3.8/site-packages/airflow/example_dags/example_nested_branch_dag.py
[2024-03-08T18:40:25.116+0000] {processor.py:840} INFO - DAG(s) 'example_nested_branch_dag' retrieved from /home/airflow/.local/lib/python3.8/site-packages/airflow/example_dags/example_nested_branch_dag.py
[2024-03-08T18:40:25.134+0000] {logging_mixin.py:188} INFO - [2024-03-08T18:40:25.134+0000] {dag.py:3047} INFO - Sync 1 DAGs
[2024-03-08T18:40:25.156+0000] {logging_mixin.py:188} INFO - [2024-03-08T18:40:25.155+0000] {dag.py:3834} INFO - Setting next_dagrun for example_nested_branch_dag to 2024-03-07 00:00:00+00:00, run_after=2024-03-08 00:00:00+00:00
[2024-03-08T18:40:25.174+0000] {processor.py:183} INFO - Processing /home/airflow/.local/lib/python3.8/site-packages/airflow/example_dags/example_nested_branch_dag.py took 0.070 seconds
[2024-03-08T18:40:55.593+0000] {processor.py:161} INFO - Started process (PID=1048) to work on /home/airflow/.local/lib/python3.8/site-packages/airflow/example_dags/example_nested_branch_dag.py
[2024-03-08T18:40:55.594+0000] {processor.py:830} INFO - Processing file /home/airflow/.local/lib/python3.8/site-packages/airflow/example_dags/example_nested_branch_dag.py for tasks to queue
[2024-03-08T18:40:55.595+0000] {logging_mixin.py:188} INFO - [2024-03-08T18:40:55.595+0000] {dagbag.py:540} INFO - Filling up the DagBag from /home/airflow/.local/lib/python3.8/site-packages/airflow/example_dags/example_nested_branch_dag.py
[2024-03-08T18:40:55.603+0000] {processor.py:840} INFO - DAG(s) 'example_nested_branch_dag' retrieved from /home/airflow/.local/lib/python3.8/site-packages/airflow/example_dags/example_nested_branch_dag.py
[2024-03-08T18:40:55.622+0000] {logging_mixin.py:188} INFO - [2024-03-08T18:40:55.621+0000] {dag.py:3047} INFO - Sync 1 DAGs
[2024-03-08T18:40:55.641+0000] {logging_mixin.py:188} INFO - [2024-03-08T18:40:55.640+0000] {dag.py:3834} INFO - Setting next_dagrun for example_nested_branch_dag to 2024-03-07 00:00:00+00:00, run_after=2024-03-08 00:00:00+00:00
[2024-03-08T18:40:55.656+0000] {processor.py:183} INFO - Processing /home/airflow/.local/lib/python3.8/site-packages/airflow/example_dags/example_nested_branch_dag.py took 0.066 seconds
[2024-03-08T18:41:26.135+0000] {processor.py:161} INFO - Started process (PID=1103) to work on /home/airflow/.local/lib/python3.8/site-packages/airflow/example_dags/example_nested_branch_dag.py
[2024-03-08T18:41:26.136+0000] {processor.py:830} INFO - Processing file /home/airflow/.local/lib/python3.8/site-packages/airflow/example_dags/example_nested_branch_dag.py for tasks to queue
[2024-03-08T18:41:26.138+0000] {logging_mixin.py:188} INFO - [2024-03-08T18:41:26.137+0000] {dagbag.py:540} INFO - Filling up the DagBag from /home/airflow/.local/lib/python3.8/site-packages/airflow/example_dags/example_nested_branch_dag.py
[2024-03-08T18:41:26.145+0000] {processor.py:840} INFO - DAG(s) 'example_nested_branch_dag' retrieved from /home/airflow/.local/lib/python3.8/site-packages/airflow/example_dags/example_nested_branch_dag.py
[2024-03-08T18:41:26.165+0000] {logging_mixin.py:188} INFO - [2024-03-08T18:41:26.164+0000] {dag.py:3047} INFO - Sync 1 DAGs
[2024-03-08T18:41:26.186+0000] {logging_mixin.py:188} INFO - [2024-03-08T18:41:26.185+0000] {dag.py:3834} INFO - Setting next_dagrun for example_nested_branch_dag to 2024-03-07 00:00:00+00:00, run_after=2024-03-08 00:00:00+00:00
[2024-03-08T18:41:26.214+0000] {processor.py:183} INFO - Processing /home/airflow/.local/lib/python3.8/site-packages/airflow/example_dags/example_nested_branch_dag.py took 0.081 seconds
[2024-03-08T18:41:56.442+0000] {processor.py:161} INFO - Started process (PID=1158) to work on /home/airflow/.local/lib/python3.8/site-packages/airflow/example_dags/example_nested_branch_dag.py
[2024-03-08T18:41:56.443+0000] {processor.py:830} INFO - Processing file /home/airflow/.local/lib/python3.8/site-packages/airflow/example_dags/example_nested_branch_dag.py for tasks to queue
[2024-03-08T18:41:56.445+0000] {logging_mixin.py:188} INFO - [2024-03-08T18:41:56.444+0000] {dagbag.py:540} INFO - Filling up the DagBag from /home/airflow/.local/lib/python3.8/site-packages/airflow/example_dags/example_nested_branch_dag.py
[2024-03-08T18:41:56.453+0000] {processor.py:840} INFO - DAG(s) 'example_nested_branch_dag' retrieved from /home/airflow/.local/lib/python3.8/site-packages/airflow/example_dags/example_nested_branch_dag.py
[2024-03-08T18:41:56.473+0000] {logging_mixin.py:188} INFO - [2024-03-08T18:41:56.473+0000] {dag.py:3047} INFO - Sync 1 DAGs
[2024-03-08T18:41:56.495+0000] {logging_mixin.py:188} INFO - [2024-03-08T18:41:56.494+0000] {dag.py:3834} INFO - Setting next_dagrun for example_nested_branch_dag to 2024-03-07 00:00:00+00:00, run_after=2024-03-08 00:00:00+00:00
[2024-03-08T18:41:56.508+0000] {processor.py:183} INFO - Processing /home/airflow/.local/lib/python3.8/site-packages/airflow/example_dags/example_nested_branch_dag.py took 0.068 seconds
[2024-03-08T18:42:26.820+0000] {processor.py:161} INFO - Started process (PID=1213) to work on /home/airflow/.local/lib/python3.8/site-packages/airflow/example_dags/example_nested_branch_dag.py
[2024-03-08T18:42:26.821+0000] {processor.py:830} INFO - Processing file /home/airflow/.local/lib/python3.8/site-packages/airflow/example_dags/example_nested_branch_dag.py for tasks to queue
[2024-03-08T18:42:26.822+0000] {logging_mixin.py:188} INFO - [2024-03-08T18:42:26.822+0000] {dagbag.py:540} INFO - Filling up the DagBag from /home/airflow/.local/lib/python3.8/site-packages/airflow/example_dags/example_nested_branch_dag.py
[2024-03-08T18:42:26.831+0000] {processor.py:840} INFO - DAG(s) 'example_nested_branch_dag' retrieved from /home/airflow/.local/lib/python3.8/site-packages/airflow/example_dags/example_nested_branch_dag.py
[2024-03-08T18:42:26.851+0000] {logging_mixin.py:188} INFO - [2024-03-08T18:42:26.850+0000] {dag.py:3047} INFO - Sync 1 DAGs
[2024-03-08T18:42:26.870+0000] {logging_mixin.py:188} INFO - [2024-03-08T18:42:26.870+0000] {dag.py:3834} INFO - Setting next_dagrun for example_nested_branch_dag to 2024-03-07 00:00:00+00:00, run_after=2024-03-08 00:00:00+00:00
[2024-03-08T18:42:26.884+0000] {processor.py:183} INFO - Processing /home/airflow/.local/lib/python3.8/site-packages/airflow/example_dags/example_nested_branch_dag.py took 0.067 seconds
[2024-03-08T18:42:56.907+0000] {processor.py:161} INFO - Started process (PID=1268) to work on /home/airflow/.local/lib/python3.8/site-packages/airflow/example_dags/example_nested_branch_dag.py
[2024-03-08T18:42:56.908+0000] {processor.py:830} INFO - Processing file /home/airflow/.local/lib/python3.8/site-packages/airflow/example_dags/example_nested_branch_dag.py for tasks to queue
[2024-03-08T18:42:56.909+0000] {logging_mixin.py:188} INFO - [2024-03-08T18:42:56.909+0000] {dagbag.py:540} INFO - Filling up the DagBag from /home/airflow/.local/lib/python3.8/site-packages/airflow/example_dags/example_nested_branch_dag.py
[2024-03-08T18:42:56.916+0000] {processor.py:840} INFO - DAG(s) 'example_nested_branch_dag' retrieved from /home/airflow/.local/lib/python3.8/site-packages/airflow/example_dags/example_nested_branch_dag.py
[2024-03-08T18:42:56.934+0000] {logging_mixin.py:188} INFO - [2024-03-08T18:42:56.934+0000] {dag.py:3047} INFO - Sync 1 DAGs
[2024-03-08T18:42:56.953+0000] {logging_mixin.py:188} INFO - [2024-03-08T18:42:56.953+0000] {dag.py:3834} INFO - Setting next_dagrun for example_nested_branch_dag to 2024-03-07 00:00:00+00:00, run_after=2024-03-08 00:00:00+00:00
[2024-03-08T18:42:56.966+0000] {processor.py:183} INFO - Processing /home/airflow/.local/lib/python3.8/site-packages/airflow/example_dags/example_nested_branch_dag.py took 0.061 seconds
[2024-03-08T18:43:27.394+0000] {processor.py:161} INFO - Started process (PID=1323) to work on /home/airflow/.local/lib/python3.8/site-packages/airflow/example_dags/example_nested_branch_dag.py
[2024-03-08T18:43:27.396+0000] {processor.py:830} INFO - Processing file /home/airflow/.local/lib/python3.8/site-packages/airflow/example_dags/example_nested_branch_dag.py for tasks to queue
[2024-03-08T18:43:27.397+0000] {logging_mixin.py:188} INFO - [2024-03-08T18:43:27.397+0000] {dagbag.py:540} INFO - Filling up the DagBag from /home/airflow/.local/lib/python3.8/site-packages/airflow/example_dags/example_nested_branch_dag.py
[2024-03-08T18:43:27.418+0000] {processor.py:840} INFO - DAG(s) 'example_nested_branch_dag' retrieved from /home/airflow/.local/lib/python3.8/site-packages/airflow/example_dags/example_nested_branch_dag.py
[2024-03-08T18:43:27.439+0000] {logging_mixin.py:188} INFO - [2024-03-08T18:43:27.439+0000] {dag.py:3047} INFO - Sync 1 DAGs
[2024-03-08T18:43:27.458+0000] {logging_mixin.py:188} INFO - [2024-03-08T18:43:27.458+0000] {dag.py:3834} INFO - Setting next_dagrun for example_nested_branch_dag to 2024-03-07 00:00:00+00:00, run_after=2024-03-08 00:00:00+00:00
[2024-03-08T18:43:27.472+0000] {processor.py:183} INFO - Processing /home/airflow/.local/lib/python3.8/site-packages/airflow/example_dags/example_nested_branch_dag.py took 0.082 seconds
[2024-03-08T18:43:57.837+0000] {processor.py:161} INFO - Started process (PID=1378) to work on /home/airflow/.local/lib/python3.8/site-packages/airflow/example_dags/example_nested_branch_dag.py
[2024-03-08T18:43:57.838+0000] {processor.py:830} INFO - Processing file /home/airflow/.local/lib/python3.8/site-packages/airflow/example_dags/example_nested_branch_dag.py for tasks to queue
[2024-03-08T18:43:57.839+0000] {logging_mixin.py:188} INFO - [2024-03-08T18:43:57.839+0000] {dagbag.py:540} INFO - Filling up the DagBag from /home/airflow/.local/lib/python3.8/site-packages/airflow/example_dags/example_nested_branch_dag.py
[2024-03-08T18:43:57.847+0000] {processor.py:840} INFO - DAG(s) 'example_nested_branch_dag' retrieved from /home/airflow/.local/lib/python3.8/site-packages/airflow/example_dags/example_nested_branch_dag.py
[2024-03-08T18:43:57.865+0000] {logging_mixin.py:188} INFO - [2024-03-08T18:43:57.864+0000] {dag.py:3047} INFO - Sync 1 DAGs
[2024-03-08T18:43:57.884+0000] {logging_mixin.py:188} INFO - [2024-03-08T18:43:57.884+0000] {dag.py:3834} INFO - Setting next_dagrun for example_nested_branch_dag to 2024-03-07 00:00:00+00:00, run_after=2024-03-08 00:00:00+00:00
[2024-03-08T18:43:57.898+0000] {processor.py:183} INFO - Processing /home/airflow/.local/lib/python3.8/site-packages/airflow/example_dags/example_nested_branch_dag.py took 0.064 seconds
[2024-03-08T18:44:28.063+0000] {processor.py:161} INFO - Started process (PID=1433) to work on /home/airflow/.local/lib/python3.8/site-packages/airflow/example_dags/example_nested_branch_dag.py
[2024-03-08T18:44:28.064+0000] {processor.py:830} INFO - Processing file /home/airflow/.local/lib/python3.8/site-packages/airflow/example_dags/example_nested_branch_dag.py for tasks to queue
[2024-03-08T18:44:28.065+0000] {logging_mixin.py:188} INFO - [2024-03-08T18:44:28.065+0000] {dagbag.py:540} INFO - Filling up the DagBag from /home/airflow/.local/lib/python3.8/site-packages/airflow/example_dags/example_nested_branch_dag.py
[2024-03-08T18:44:28.073+0000] {processor.py:840} INFO - DAG(s) 'example_nested_branch_dag' retrieved from /home/airflow/.local/lib/python3.8/site-packages/airflow/example_dags/example_nested_branch_dag.py
[2024-03-08T18:44:28.092+0000] {logging_mixin.py:188} INFO - [2024-03-08T18:44:28.092+0000] {dag.py:3047} INFO - Sync 1 DAGs
[2024-03-08T18:44:28.110+0000] {logging_mixin.py:188} INFO - [2024-03-08T18:44:28.110+0000] {dag.py:3834} INFO - Setting next_dagrun for example_nested_branch_dag to 2024-03-07 00:00:00+00:00, run_after=2024-03-08 00:00:00+00:00
[2024-03-08T18:44:28.124+0000] {processor.py:183} INFO - Processing /home/airflow/.local/lib/python3.8/site-packages/airflow/example_dags/example_nested_branch_dag.py took 0.063 seconds
[2024-03-08T18:44:58.214+0000] {processor.py:161} INFO - Started process (PID=1488) to work on /home/airflow/.local/lib/python3.8/site-packages/airflow/example_dags/example_nested_branch_dag.py
[2024-03-08T18:44:58.215+0000] {processor.py:830} INFO - Processing file /home/airflow/.local/lib/python3.8/site-packages/airflow/example_dags/example_nested_branch_dag.py for tasks to queue
[2024-03-08T18:44:58.216+0000] {logging_mixin.py:188} INFO - [2024-03-08T18:44:58.216+0000] {dagbag.py:540} INFO - Filling up the DagBag from /home/airflow/.local/lib/python3.8/site-packages/airflow/example_dags/example_nested_branch_dag.py
[2024-03-08T18:44:58.224+0000] {processor.py:840} INFO - DAG(s) 'example_nested_branch_dag' retrieved from /home/airflow/.local/lib/python3.8/site-packages/airflow/example_dags/example_nested_branch_dag.py
[2024-03-08T18:44:58.240+0000] {logging_mixin.py:188} INFO - [2024-03-08T18:44:58.239+0000] {dag.py:3047} INFO - Sync 1 DAGs
[2024-03-08T18:44:58.257+0000] {logging_mixin.py:188} INFO - [2024-03-08T18:44:58.257+0000] {dag.py:3834} INFO - Setting next_dagrun for example_nested_branch_dag to 2024-03-07 00:00:00+00:00, run_after=2024-03-08 00:00:00+00:00
[2024-03-08T18:44:58.271+0000] {processor.py:183} INFO - Processing /home/airflow/.local/lib/python3.8/site-packages/airflow/example_dags/example_nested_branch_dag.py took 0.059 seconds
[2024-03-08T18:45:28.495+0000] {processor.py:161} INFO - Started process (PID=1543) to work on /home/airflow/.local/lib/python3.8/site-packages/airflow/example_dags/example_nested_branch_dag.py
[2024-03-08T18:45:28.496+0000] {processor.py:830} INFO - Processing file /home/airflow/.local/lib/python3.8/site-packages/airflow/example_dags/example_nested_branch_dag.py for tasks to queue
[2024-03-08T18:45:28.497+0000] {logging_mixin.py:188} INFO - [2024-03-08T18:45:28.497+0000] {dagbag.py:540} INFO - Filling up the DagBag from /home/airflow/.local/lib/python3.8/site-packages/airflow/example_dags/example_nested_branch_dag.py
[2024-03-08T18:45:28.506+0000] {processor.py:840} INFO - DAG(s) 'example_nested_branch_dag' retrieved from /home/airflow/.local/lib/python3.8/site-packages/airflow/example_dags/example_nested_branch_dag.py
[2024-03-08T18:45:28.525+0000] {logging_mixin.py:188} INFO - [2024-03-08T18:45:28.525+0000] {dag.py:3047} INFO - Sync 1 DAGs
[2024-03-08T18:45:28.545+0000] {logging_mixin.py:188} INFO - [2024-03-08T18:45:28.545+0000] {dag.py:3834} INFO - Setting next_dagrun for example_nested_branch_dag to 2024-03-07 00:00:00+00:00, run_after=2024-03-08 00:00:00+00:00
[2024-03-08T18:45:28.561+0000] {processor.py:183} INFO - Processing /home/airflow/.local/lib/python3.8/site-packages/airflow/example_dags/example_nested_branch_dag.py took 0.069 seconds
[2024-03-08T18:45:59.046+0000] {processor.py:161} INFO - Started process (PID=1598) to work on /home/airflow/.local/lib/python3.8/site-packages/airflow/example_dags/example_nested_branch_dag.py
[2024-03-08T18:45:59.047+0000] {processor.py:830} INFO - Processing file /home/airflow/.local/lib/python3.8/site-packages/airflow/example_dags/example_nested_branch_dag.py for tasks to queue
[2024-03-08T18:45:59.048+0000] {logging_mixin.py:188} INFO - [2024-03-08T18:45:59.048+0000] {dagbag.py:540} INFO - Filling up the DagBag from /home/airflow/.local/lib/python3.8/site-packages/airflow/example_dags/example_nested_branch_dag.py
[2024-03-08T18:45:59.056+0000] {processor.py:840} INFO - DAG(s) 'example_nested_branch_dag' retrieved from /home/airflow/.local/lib/python3.8/site-packages/airflow/example_dags/example_nested_branch_dag.py
[2024-03-08T18:45:59.076+0000] {logging_mixin.py:188} INFO - [2024-03-08T18:45:59.075+0000] {dag.py:3047} INFO - Sync 1 DAGs
[2024-03-08T18:45:59.100+0000] {logging_mixin.py:188} INFO - [2024-03-08T18:45:59.099+0000] {dag.py:3834} INFO - Setting next_dagrun for example_nested_branch_dag to 2024-03-07 00:00:00+00:00, run_after=2024-03-08 00:00:00+00:00
[2024-03-08T18:45:59.115+0000] {processor.py:183} INFO - Processing /home/airflow/.local/lib/python3.8/site-packages/airflow/example_dags/example_nested_branch_dag.py took 0.072 seconds
[2024-03-08T18:46:29.800+0000] {processor.py:161} INFO - Started process (PID=1653) to work on /home/airflow/.local/lib/python3.8/site-packages/airflow/example_dags/example_nested_branch_dag.py
[2024-03-08T18:46:29.801+0000] {processor.py:830} INFO - Processing file /home/airflow/.local/lib/python3.8/site-packages/airflow/example_dags/example_nested_branch_dag.py for tasks to queue
[2024-03-08T18:46:29.802+0000] {logging_mixin.py:188} INFO - [2024-03-08T18:46:29.802+0000] {dagbag.py:540} INFO - Filling up the DagBag from /home/airflow/.local/lib/python3.8/site-packages/airflow/example_dags/example_nested_branch_dag.py
[2024-03-08T18:46:29.811+0000] {processor.py:840} INFO - DAG(s) 'example_nested_branch_dag' retrieved from /home/airflow/.local/lib/python3.8/site-packages/airflow/example_dags/example_nested_branch_dag.py
[2024-03-08T18:46:29.830+0000] {logging_mixin.py:188} INFO - [2024-03-08T18:46:29.830+0000] {dag.py:3047} INFO - Sync 1 DAGs
[2024-03-08T18:46:29.891+0000] {logging_mixin.py:188} INFO - [2024-03-08T18:46:29.890+0000] {dag.py:3834} INFO - Setting next_dagrun for example_nested_branch_dag to 2024-03-07 00:00:00+00:00, run_after=2024-03-08 00:00:00+00:00
[2024-03-08T18:46:29.911+0000] {processor.py:183} INFO - Processing /home/airflow/.local/lib/python3.8/site-packages/airflow/example_dags/example_nested_branch_dag.py took 0.114 seconds
[2024-03-08T18:47:00.766+0000] {processor.py:161} INFO - Started process (PID=1708) to work on /home/airflow/.local/lib/python3.8/site-packages/airflow/example_dags/example_nested_branch_dag.py
[2024-03-08T18:47:00.767+0000] {processor.py:830} INFO - Processing file /home/airflow/.local/lib/python3.8/site-packages/airflow/example_dags/example_nested_branch_dag.py for tasks to queue
[2024-03-08T18:47:00.769+0000] {logging_mixin.py:188} INFO - [2024-03-08T18:47:00.768+0000] {dagbag.py:540} INFO - Filling up the DagBag from /home/airflow/.local/lib/python3.8/site-packages/airflow/example_dags/example_nested_branch_dag.py
[2024-03-08T18:47:00.777+0000] {processor.py:840} INFO - DAG(s) 'example_nested_branch_dag' retrieved from /home/airflow/.local/lib/python3.8/site-packages/airflow/example_dags/example_nested_branch_dag.py
[2024-03-08T18:47:00.795+0000] {logging_mixin.py:188} INFO - [2024-03-08T18:47:00.794+0000] {dag.py:3047} INFO - Sync 1 DAGs
[2024-03-08T18:47:00.814+0000] {logging_mixin.py:188} INFO - [2024-03-08T18:47:00.814+0000] {dag.py:3834} INFO - Setting next_dagrun for example_nested_branch_dag to 2024-03-07 00:00:00+00:00, run_after=2024-03-08 00:00:00+00:00
[2024-03-08T18:47:00.830+0000] {processor.py:183} INFO - Processing /home/airflow/.local/lib/python3.8/site-packages/airflow/example_dags/example_nested_branch_dag.py took 0.066 seconds
[2024-03-08T18:47:30.963+0000] {processor.py:161} INFO - Started process (PID=1763) to work on /home/airflow/.local/lib/python3.8/site-packages/airflow/example_dags/example_nested_branch_dag.py
[2024-03-08T18:47:30.964+0000] {processor.py:830} INFO - Processing file /home/airflow/.local/lib/python3.8/site-packages/airflow/example_dags/example_nested_branch_dag.py for tasks to queue
[2024-03-08T18:47:30.966+0000] {logging_mixin.py:188} INFO - [2024-03-08T18:47:30.965+0000] {dagbag.py:540} INFO - Filling up the DagBag from /home/airflow/.local/lib/python3.8/site-packages/airflow/example_dags/example_nested_branch_dag.py
[2024-03-08T18:47:30.973+0000] {processor.py:840} INFO - DAG(s) 'example_nested_branch_dag' retrieved from /home/airflow/.local/lib/python3.8/site-packages/airflow/example_dags/example_nested_branch_dag.py
[2024-03-08T18:47:31.003+0000] {logging_mixin.py:188} INFO - [2024-03-08T18:47:31.003+0000] {dag.py:3047} INFO - Sync 1 DAGs
[2024-03-08T18:47:31.027+0000] {logging_mixin.py:188} INFO - [2024-03-08T18:47:31.026+0000] {dag.py:3834} INFO - Setting next_dagrun for example_nested_branch_dag to 2024-03-07 00:00:00+00:00, run_after=2024-03-08 00:00:00+00:00
[2024-03-08T18:47:31.042+0000] {processor.py:183} INFO - Processing /home/airflow/.local/lib/python3.8/site-packages/airflow/example_dags/example_nested_branch_dag.py took 0.081 seconds
[2024-03-08T18:48:01.524+0000] {processor.py:161} INFO - Started process (PID=1824) to work on /home/airflow/.local/lib/python3.8/site-packages/airflow/example_dags/example_nested_branch_dag.py
[2024-03-08T18:48:01.525+0000] {processor.py:830} INFO - Processing file /home/airflow/.local/lib/python3.8/site-packages/airflow/example_dags/example_nested_branch_dag.py for tasks to queue
[2024-03-08T18:48:01.527+0000] {logging_mixin.py:188} INFO - [2024-03-08T18:48:01.527+0000] {dagbag.py:540} INFO - Filling up the DagBag from /home/airflow/.local/lib/python3.8/site-packages/airflow/example_dags/example_nested_branch_dag.py
[2024-03-08T18:48:01.588+0000] {processor.py:840} INFO - DAG(s) 'example_nested_branch_dag' retrieved from /home/airflow/.local/lib/python3.8/site-packages/airflow/example_dags/example_nested_branch_dag.py
[2024-03-08T18:48:01.609+0000] {logging_mixin.py:188} INFO - [2024-03-08T18:48:01.609+0000] {dag.py:3047} INFO - Sync 1 DAGs
[2024-03-08T18:48:01.631+0000] {logging_mixin.py:188} INFO - [2024-03-08T18:48:01.631+0000] {dag.py:3834} INFO - Setting next_dagrun for example_nested_branch_dag to 2024-03-07 00:00:00+00:00, run_after=2024-03-08 00:00:00+00:00
[2024-03-08T18:48:01.651+0000] {processor.py:183} INFO - Processing /home/airflow/.local/lib/python3.8/site-packages/airflow/example_dags/example_nested_branch_dag.py took 0.130 seconds
[2024-03-08T18:48:31.800+0000] {processor.py:161} INFO - Started process (PID=1879) to work on /home/airflow/.local/lib/python3.8/site-packages/airflow/example_dags/example_nested_branch_dag.py
[2024-03-08T18:48:31.801+0000] {processor.py:830} INFO - Processing file /home/airflow/.local/lib/python3.8/site-packages/airflow/example_dags/example_nested_branch_dag.py for tasks to queue
[2024-03-08T18:48:31.802+0000] {logging_mixin.py:188} INFO - [2024-03-08T18:48:31.802+0000] {dagbag.py:540} INFO - Filling up the DagBag from /home/airflow/.local/lib/python3.8/site-packages/airflow/example_dags/example_nested_branch_dag.py
[2024-03-08T18:48:31.810+0000] {processor.py:840} INFO - DAG(s) 'example_nested_branch_dag' retrieved from /home/airflow/.local/lib/python3.8/site-packages/airflow/example_dags/example_nested_branch_dag.py
[2024-03-08T18:48:31.828+0000] {logging_mixin.py:188} INFO - [2024-03-08T18:48:31.828+0000] {dag.py:3047} INFO - Sync 1 DAGs
[2024-03-08T18:48:31.845+0000] {logging_mixin.py:188} INFO - [2024-03-08T18:48:31.845+0000] {dag.py:3834} INFO - Setting next_dagrun for example_nested_branch_dag to 2024-03-07 00:00:00+00:00, run_after=2024-03-08 00:00:00+00:00
[2024-03-08T18:48:31.858+0000] {processor.py:183} INFO - Processing /home/airflow/.local/lib/python3.8/site-packages/airflow/example_dags/example_nested_branch_dag.py took 0.061 seconds
[2024-03-08T18:49:02.129+0000] {processor.py:161} INFO - Started process (PID=1934) to work on /home/airflow/.local/lib/python3.8/site-packages/airflow/example_dags/example_nested_branch_dag.py
[2024-03-08T18:49:02.129+0000] {processor.py:830} INFO - Processing file /home/airflow/.local/lib/python3.8/site-packages/airflow/example_dags/example_nested_branch_dag.py for tasks to queue
[2024-03-08T18:49:02.131+0000] {logging_mixin.py:188} INFO - [2024-03-08T18:49:02.131+0000] {dagbag.py:540} INFO - Filling up the DagBag from /home/airflow/.local/lib/python3.8/site-packages/airflow/example_dags/example_nested_branch_dag.py
[2024-03-08T18:49:02.139+0000] {processor.py:840} INFO - DAG(s) 'example_nested_branch_dag' retrieved from /home/airflow/.local/lib/python3.8/site-packages/airflow/example_dags/example_nested_branch_dag.py
[2024-03-08T18:49:02.157+0000] {logging_mixin.py:188} INFO - [2024-03-08T18:49:02.157+0000] {dag.py:3047} INFO - Sync 1 DAGs
[2024-03-08T18:49:02.177+0000] {logging_mixin.py:188} INFO - [2024-03-08T18:49:02.177+0000] {dag.py:3834} INFO - Setting next_dagrun for example_nested_branch_dag to 2024-03-07 00:00:00+00:00, run_after=2024-03-08 00:00:00+00:00
[2024-03-08T18:49:02.203+0000] {processor.py:183} INFO - Processing /home/airflow/.local/lib/python3.8/site-packages/airflow/example_dags/example_nested_branch_dag.py took 0.077 seconds
[2024-03-08T18:49:32.509+0000] {processor.py:161} INFO - Started process (PID=1989) to work on /home/airflow/.local/lib/python3.8/site-packages/airflow/example_dags/example_nested_branch_dag.py
[2024-03-08T18:49:32.510+0000] {processor.py:830} INFO - Processing file /home/airflow/.local/lib/python3.8/site-packages/airflow/example_dags/example_nested_branch_dag.py for tasks to queue
[2024-03-08T18:49:32.511+0000] {logging_mixin.py:188} INFO - [2024-03-08T18:49:32.510+0000] {dagbag.py:540} INFO - Filling up the DagBag from /home/airflow/.local/lib/python3.8/site-packages/airflow/example_dags/example_nested_branch_dag.py
[2024-03-08T18:49:32.519+0000] {processor.py:840} INFO - DAG(s) 'example_nested_branch_dag' retrieved from /home/airflow/.local/lib/python3.8/site-packages/airflow/example_dags/example_nested_branch_dag.py
[2024-03-08T18:49:32.536+0000] {logging_mixin.py:188} INFO - [2024-03-08T18:49:32.536+0000] {dag.py:3047} INFO - Sync 1 DAGs
[2024-03-08T18:49:32.554+0000] {logging_mixin.py:188} INFO - [2024-03-08T18:49:32.554+0000] {dag.py:3834} INFO - Setting next_dagrun for example_nested_branch_dag to 2024-03-07 00:00:00+00:00, run_after=2024-03-08 00:00:00+00:00
[2024-03-08T18:49:32.568+0000] {processor.py:183} INFO - Processing /home/airflow/.local/lib/python3.8/site-packages/airflow/example_dags/example_nested_branch_dag.py took 0.062 seconds
[2024-03-08T18:50:03.147+0000] {processor.py:161} INFO - Started process (PID=2044) to work on /home/airflow/.local/lib/python3.8/site-packages/airflow/example_dags/example_nested_branch_dag.py
[2024-03-08T18:50:03.148+0000] {processor.py:830} INFO - Processing file /home/airflow/.local/lib/python3.8/site-packages/airflow/example_dags/example_nested_branch_dag.py for tasks to queue
[2024-03-08T18:50:03.150+0000] {logging_mixin.py:188} INFO - [2024-03-08T18:50:03.149+0000] {dagbag.py:540} INFO - Filling up the DagBag from /home/airflow/.local/lib/python3.8/site-packages/airflow/example_dags/example_nested_branch_dag.py
[2024-03-08T18:50:03.159+0000] {processor.py:840} INFO - DAG(s) 'example_nested_branch_dag' retrieved from /home/airflow/.local/lib/python3.8/site-packages/airflow/example_dags/example_nested_branch_dag.py
[2024-03-08T18:50:03.180+0000] {logging_mixin.py:188} INFO - [2024-03-08T18:50:03.180+0000] {dag.py:3047} INFO - Sync 1 DAGs
[2024-03-08T18:50:03.201+0000] {logging_mixin.py:188} INFO - [2024-03-08T18:50:03.201+0000] {dag.py:3834} INFO - Setting next_dagrun for example_nested_branch_dag to 2024-03-07 00:00:00+00:00, run_after=2024-03-08 00:00:00+00:00
[2024-03-08T18:50:03.220+0000] {processor.py:183} INFO - Processing /home/airflow/.local/lib/python3.8/site-packages/airflow/example_dags/example_nested_branch_dag.py took 0.076 seconds
[2024-03-08T18:50:33.803+0000] {processor.py:161} INFO - Started process (PID=2099) to work on /home/airflow/.local/lib/python3.8/site-packages/airflow/example_dags/example_nested_branch_dag.py
[2024-03-08T18:50:33.804+0000] {processor.py:830} INFO - Processing file /home/airflow/.local/lib/python3.8/site-packages/airflow/example_dags/example_nested_branch_dag.py for tasks to queue
[2024-03-08T18:50:33.805+0000] {logging_mixin.py:188} INFO - [2024-03-08T18:50:33.805+0000] {dagbag.py:540} INFO - Filling up the DagBag from /home/airflow/.local/lib/python3.8/site-packages/airflow/example_dags/example_nested_branch_dag.py
[2024-03-08T18:50:33.813+0000] {processor.py:840} INFO - DAG(s) 'example_nested_branch_dag' retrieved from /home/airflow/.local/lib/python3.8/site-packages/airflow/example_dags/example_nested_branch_dag.py
[2024-03-08T18:50:33.830+0000] {logging_mixin.py:188} INFO - [2024-03-08T18:50:33.830+0000] {dag.py:3047} INFO - Sync 1 DAGs
[2024-03-08T18:50:33.852+0000] {logging_mixin.py:188} INFO - [2024-03-08T18:50:33.851+0000] {dag.py:3834} INFO - Setting next_dagrun for example_nested_branch_dag to 2024-03-07 00:00:00+00:00, run_after=2024-03-08 00:00:00+00:00
[2024-03-08T18:50:33.868+0000] {processor.py:183} INFO - Processing /home/airflow/.local/lib/python3.8/site-packages/airflow/example_dags/example_nested_branch_dag.py took 0.067 seconds
[2024-03-08T18:51:03.965+0000] {processor.py:161} INFO - Started process (PID=2154) to work on /home/airflow/.local/lib/python3.8/site-packages/airflow/example_dags/example_nested_branch_dag.py
[2024-03-08T18:51:03.966+0000] {processor.py:830} INFO - Processing file /home/airflow/.local/lib/python3.8/site-packages/airflow/example_dags/example_nested_branch_dag.py for tasks to queue
[2024-03-08T18:51:03.967+0000] {logging_mixin.py:188} INFO - [2024-03-08T18:51:03.967+0000] {dagbag.py:540} INFO - Filling up the DagBag from /home/airflow/.local/lib/python3.8/site-packages/airflow/example_dags/example_nested_branch_dag.py
[2024-03-08T18:51:03.975+0000] {processor.py:840} INFO - DAG(s) 'example_nested_branch_dag' retrieved from /home/airflow/.local/lib/python3.8/site-packages/airflow/example_dags/example_nested_branch_dag.py
[2024-03-08T18:51:03.993+0000] {logging_mixin.py:188} INFO - [2024-03-08T18:51:03.993+0000] {dag.py:3047} INFO - Sync 1 DAGs
[2024-03-08T18:51:04.014+0000] {logging_mixin.py:188} INFO - [2024-03-08T18:51:04.014+0000] {dag.py:3834} INFO - Setting next_dagrun for example_nested_branch_dag to 2024-03-07 00:00:00+00:00, run_after=2024-03-08 00:00:00+00:00
[2024-03-08T18:51:04.028+0000] {processor.py:183} INFO - Processing /home/airflow/.local/lib/python3.8/site-packages/airflow/example_dags/example_nested_branch_dag.py took 0.066 seconds
[2024-03-08T18:51:34.247+0000] {processor.py:161} INFO - Started process (PID=2209) to work on /home/airflow/.local/lib/python3.8/site-packages/airflow/example_dags/example_nested_branch_dag.py
[2024-03-08T18:51:34.248+0000] {processor.py:830} INFO - Processing file /home/airflow/.local/lib/python3.8/site-packages/airflow/example_dags/example_nested_branch_dag.py for tasks to queue
[2024-03-08T18:51:34.249+0000] {logging_mixin.py:188} INFO - [2024-03-08T18:51:34.249+0000] {dagbag.py:540} INFO - Filling up the DagBag from /home/airflow/.local/lib/python3.8/site-packages/airflow/example_dags/example_nested_branch_dag.py
[2024-03-08T18:51:34.260+0000] {processor.py:840} INFO - DAG(s) 'example_nested_branch_dag' retrieved from /home/airflow/.local/lib/python3.8/site-packages/airflow/example_dags/example_nested_branch_dag.py
[2024-03-08T18:51:34.279+0000] {logging_mixin.py:188} INFO - [2024-03-08T18:51:34.279+0000] {dag.py:3047} INFO - Sync 1 DAGs
[2024-03-08T18:51:34.299+0000] {logging_mixin.py:188} INFO - [2024-03-08T18:51:34.299+0000] {dag.py:3834} INFO - Setting next_dagrun for example_nested_branch_dag to 2024-03-07 00:00:00+00:00, run_after=2024-03-08 00:00:00+00:00
[2024-03-08T18:51:34.317+0000] {processor.py:183} INFO - Processing /home/airflow/.local/lib/python3.8/site-packages/airflow/example_dags/example_nested_branch_dag.py took 0.073 seconds
[2024-03-08T18:52:04.750+0000] {processor.py:161} INFO - Started process (PID=2263) to work on /home/airflow/.local/lib/python3.8/site-packages/airflow/example_dags/example_nested_branch_dag.py
[2024-03-08T18:52:04.751+0000] {processor.py:830} INFO - Processing file /home/airflow/.local/lib/python3.8/site-packages/airflow/example_dags/example_nested_branch_dag.py for tasks to queue
[2024-03-08T18:52:04.753+0000] {logging_mixin.py:188} INFO - [2024-03-08T18:52:04.752+0000] {dagbag.py:540} INFO - Filling up the DagBag from /home/airflow/.local/lib/python3.8/site-packages/airflow/example_dags/example_nested_branch_dag.py
[2024-03-08T18:52:04.762+0000] {processor.py:840} INFO - DAG(s) 'example_nested_branch_dag' retrieved from /home/airflow/.local/lib/python3.8/site-packages/airflow/example_dags/example_nested_branch_dag.py
[2024-03-08T18:52:04.785+0000] {logging_mixin.py:188} INFO - [2024-03-08T18:52:04.785+0000] {dag.py:3047} INFO - Sync 1 DAGs
[2024-03-08T18:52:04.806+0000] {logging_mixin.py:188} INFO - [2024-03-08T18:52:04.805+0000] {dag.py:3834} INFO - Setting next_dagrun for example_nested_branch_dag to 2024-03-07 00:00:00+00:00, run_after=2024-03-08 00:00:00+00:00
[2024-03-08T18:52:04.823+0000] {processor.py:183} INFO - Processing /home/airflow/.local/lib/python3.8/site-packages/airflow/example_dags/example_nested_branch_dag.py took 0.077 seconds
[2024-03-08T18:52:35.165+0000] {processor.py:161} INFO - Started process (PID=2318) to work on /home/airflow/.local/lib/python3.8/site-packages/airflow/example_dags/example_nested_branch_dag.py
[2024-03-08T18:52:35.166+0000] {processor.py:830} INFO - Processing file /home/airflow/.local/lib/python3.8/site-packages/airflow/example_dags/example_nested_branch_dag.py for tasks to queue
[2024-03-08T18:52:35.167+0000] {logging_mixin.py:188} INFO - [2024-03-08T18:52:35.167+0000] {dagbag.py:540} INFO - Filling up the DagBag from /home/airflow/.local/lib/python3.8/site-packages/airflow/example_dags/example_nested_branch_dag.py
[2024-03-08T18:52:35.175+0000] {processor.py:840} INFO - DAG(s) 'example_nested_branch_dag' retrieved from /home/airflow/.local/lib/python3.8/site-packages/airflow/example_dags/example_nested_branch_dag.py
[2024-03-08T18:52:35.196+0000] {logging_mixin.py:188} INFO - [2024-03-08T18:52:35.195+0000] {dag.py:3047} INFO - Sync 1 DAGs
[2024-03-08T18:52:35.223+0000] {logging_mixin.py:188} INFO - [2024-03-08T18:52:35.223+0000] {dag.py:3834} INFO - Setting next_dagrun for example_nested_branch_dag to 2024-03-07 00:00:00+00:00, run_after=2024-03-08 00:00:00+00:00
[2024-03-08T18:52:35.243+0000] {processor.py:183} INFO - Processing /home/airflow/.local/lib/python3.8/site-packages/airflow/example_dags/example_nested_branch_dag.py took 0.081 seconds
[2024-03-08T18:53:05.607+0000] {processor.py:161} INFO - Started process (PID=2373) to work on /home/airflow/.local/lib/python3.8/site-packages/airflow/example_dags/example_nested_branch_dag.py
[2024-03-08T18:53:05.608+0000] {processor.py:830} INFO - Processing file /home/airflow/.local/lib/python3.8/site-packages/airflow/example_dags/example_nested_branch_dag.py for tasks to queue
[2024-03-08T18:53:05.610+0000] {logging_mixin.py:188} INFO - [2024-03-08T18:53:05.610+0000] {dagbag.py:540} INFO - Filling up the DagBag from /home/airflow/.local/lib/python3.8/site-packages/airflow/example_dags/example_nested_branch_dag.py
[2024-03-08T18:53:05.619+0000] {processor.py:840} INFO - DAG(s) 'example_nested_branch_dag' retrieved from /home/airflow/.local/lib/python3.8/site-packages/airflow/example_dags/example_nested_branch_dag.py
[2024-03-08T18:53:05.639+0000] {logging_mixin.py:188} INFO - [2024-03-08T18:53:05.639+0000] {dag.py:3047} INFO - Sync 1 DAGs
[2024-03-08T18:53:05.663+0000] {logging_mixin.py:188} INFO - [2024-03-08T18:53:05.662+0000] {dag.py:3834} INFO - Setting next_dagrun for example_nested_branch_dag to 2024-03-07 00:00:00+00:00, run_after=2024-03-08 00:00:00+00:00
[2024-03-08T18:53:05.678+0000] {processor.py:183} INFO - Processing /home/airflow/.local/lib/python3.8/site-packages/airflow/example_dags/example_nested_branch_dag.py took 0.074 seconds
[2024-03-08T18:53:36.050+0000] {processor.py:161} INFO - Started process (PID=2428) to work on /home/airflow/.local/lib/python3.8/site-packages/airflow/example_dags/example_nested_branch_dag.py
[2024-03-08T18:53:36.051+0000] {processor.py:830} INFO - Processing file /home/airflow/.local/lib/python3.8/site-packages/airflow/example_dags/example_nested_branch_dag.py for tasks to queue
[2024-03-08T18:53:36.052+0000] {logging_mixin.py:188} INFO - [2024-03-08T18:53:36.052+0000] {dagbag.py:540} INFO - Filling up the DagBag from /home/airflow/.local/lib/python3.8/site-packages/airflow/example_dags/example_nested_branch_dag.py
[2024-03-08T18:53:36.063+0000] {processor.py:840} INFO - DAG(s) 'example_nested_branch_dag' retrieved from /home/airflow/.local/lib/python3.8/site-packages/airflow/example_dags/example_nested_branch_dag.py
[2024-03-08T18:53:36.082+0000] {logging_mixin.py:188} INFO - [2024-03-08T18:53:36.081+0000] {dag.py:3047} INFO - Sync 1 DAGs
[2024-03-08T18:53:36.104+0000] {logging_mixin.py:188} INFO - [2024-03-08T18:53:36.103+0000] {dag.py:3834} INFO - Setting next_dagrun for example_nested_branch_dag to 2024-03-07 00:00:00+00:00, run_after=2024-03-08 00:00:00+00:00
[2024-03-08T18:53:36.123+0000] {processor.py:183} INFO - Processing /home/airflow/.local/lib/python3.8/site-packages/airflow/example_dags/example_nested_branch_dag.py took 0.076 seconds
[2024-03-08T18:54:06.932+0000] {processor.py:161} INFO - Started process (PID=2484) to work on /home/airflow/.local/lib/python3.8/site-packages/airflow/example_dags/example_nested_branch_dag.py
[2024-03-08T18:54:06.933+0000] {processor.py:830} INFO - Processing file /home/airflow/.local/lib/python3.8/site-packages/airflow/example_dags/example_nested_branch_dag.py for tasks to queue
[2024-03-08T18:54:06.935+0000] {logging_mixin.py:188} INFO - [2024-03-08T18:54:06.935+0000] {dagbag.py:540} INFO - Filling up the DagBag from /home/airflow/.local/lib/python3.8/site-packages/airflow/example_dags/example_nested_branch_dag.py
[2024-03-08T18:54:06.944+0000] {processor.py:840} INFO - DAG(s) 'example_nested_branch_dag' retrieved from /home/airflow/.local/lib/python3.8/site-packages/airflow/example_dags/example_nested_branch_dag.py
[2024-03-08T18:54:06.965+0000] {logging_mixin.py:188} INFO - [2024-03-08T18:54:06.965+0000] {dag.py:3047} INFO - Sync 1 DAGs
[2024-03-08T18:54:06.986+0000] {logging_mixin.py:188} INFO - [2024-03-08T18:54:06.986+0000] {dag.py:3834} INFO - Setting next_dagrun for example_nested_branch_dag to 2024-03-07 00:00:00+00:00, run_after=2024-03-08 00:00:00+00:00
[2024-03-08T18:54:07.006+0000] {processor.py:183} INFO - Processing /home/airflow/.local/lib/python3.8/site-packages/airflow/example_dags/example_nested_branch_dag.py took 0.076 seconds
[2024-03-08T18:54:37.362+0000] {processor.py:161} INFO - Started process (PID=2539) to work on /home/airflow/.local/lib/python3.8/site-packages/airflow/example_dags/example_nested_branch_dag.py
[2024-03-08T18:54:37.363+0000] {processor.py:830} INFO - Processing file /home/airflow/.local/lib/python3.8/site-packages/airflow/example_dags/example_nested_branch_dag.py for tasks to queue
[2024-03-08T18:54:37.365+0000] {logging_mixin.py:188} INFO - [2024-03-08T18:54:37.364+0000] {dagbag.py:540} INFO - Filling up the DagBag from /home/airflow/.local/lib/python3.8/site-packages/airflow/example_dags/example_nested_branch_dag.py
[2024-03-08T18:54:37.373+0000] {processor.py:840} INFO - DAG(s) 'example_nested_branch_dag' retrieved from /home/airflow/.local/lib/python3.8/site-packages/airflow/example_dags/example_nested_branch_dag.py
[2024-03-08T18:54:37.393+0000] {logging_mixin.py:188} INFO - [2024-03-08T18:54:37.393+0000] {dag.py:3047} INFO - Sync 1 DAGs
[2024-03-08T18:54:37.412+0000] {logging_mixin.py:188} INFO - [2024-03-08T18:54:37.411+0000] {dag.py:3834} INFO - Setting next_dagrun for example_nested_branch_dag to 2024-03-07 00:00:00+00:00, run_after=2024-03-08 00:00:00+00:00
[2024-03-08T18:54:37.427+0000] {processor.py:183} INFO - Processing /home/airflow/.local/lib/python3.8/site-packages/airflow/example_dags/example_nested_branch_dag.py took 0.068 seconds
[2024-03-08T18:55:07.516+0000] {processor.py:161} INFO - Started process (PID=2594) to work on /home/airflow/.local/lib/python3.8/site-packages/airflow/example_dags/example_nested_branch_dag.py
[2024-03-08T18:55:07.517+0000] {processor.py:830} INFO - Processing file /home/airflow/.local/lib/python3.8/site-packages/airflow/example_dags/example_nested_branch_dag.py for tasks to queue
[2024-03-08T18:55:07.518+0000] {logging_mixin.py:188} INFO - [2024-03-08T18:55:07.518+0000] {dagbag.py:540} INFO - Filling up the DagBag from /home/airflow/.local/lib/python3.8/site-packages/airflow/example_dags/example_nested_branch_dag.py
[2024-03-08T18:55:07.526+0000] {processor.py:840} INFO - DAG(s) 'example_nested_branch_dag' retrieved from /home/airflow/.local/lib/python3.8/site-packages/airflow/example_dags/example_nested_branch_dag.py
[2024-03-08T18:55:07.543+0000] {logging_mixin.py:188} INFO - [2024-03-08T18:55:07.543+0000] {dag.py:3047} INFO - Sync 1 DAGs
[2024-03-08T18:55:07.562+0000] {logging_mixin.py:188} INFO - [2024-03-08T18:55:07.561+0000] {dag.py:3834} INFO - Setting next_dagrun for example_nested_branch_dag to 2024-03-07 00:00:00+00:00, run_after=2024-03-08 00:00:00+00:00
[2024-03-08T18:55:07.576+0000] {processor.py:183} INFO - Processing /home/airflow/.local/lib/python3.8/site-packages/airflow/example_dags/example_nested_branch_dag.py took 0.062 seconds
[2024-03-08T18:55:37.732+0000] {processor.py:161} INFO - Started process (PID=2648) to work on /home/airflow/.local/lib/python3.8/site-packages/airflow/example_dags/example_nested_branch_dag.py
[2024-03-08T18:55:37.733+0000] {processor.py:830} INFO - Processing file /home/airflow/.local/lib/python3.8/site-packages/airflow/example_dags/example_nested_branch_dag.py for tasks to queue
[2024-03-08T18:55:37.735+0000] {logging_mixin.py:188} INFO - [2024-03-08T18:55:37.735+0000] {dagbag.py:540} INFO - Filling up the DagBag from /home/airflow/.local/lib/python3.8/site-packages/airflow/example_dags/example_nested_branch_dag.py
[2024-03-08T18:55:37.744+0000] {processor.py:840} INFO - DAG(s) 'example_nested_branch_dag' retrieved from /home/airflow/.local/lib/python3.8/site-packages/airflow/example_dags/example_nested_branch_dag.py
[2024-03-08T18:55:37.769+0000] {logging_mixin.py:188} INFO - [2024-03-08T18:55:37.769+0000] {dag.py:3047} INFO - Sync 1 DAGs
[2024-03-08T18:55:37.799+0000] {logging_mixin.py:188} INFO - [2024-03-08T18:55:37.798+0000] {dag.py:3834} INFO - Setting next_dagrun for example_nested_branch_dag to 2024-03-07 00:00:00+00:00, run_after=2024-03-08 00:00:00+00:00
[2024-03-08T18:55:37.819+0000] {processor.py:183} INFO - Processing /home/airflow/.local/lib/python3.8/site-packages/airflow/example_dags/example_nested_branch_dag.py took 0.090 seconds
[2024-03-08T18:56:08.182+0000] {processor.py:161} INFO - Started process (PID=2703) to work on /home/airflow/.local/lib/python3.8/site-packages/airflow/example_dags/example_nested_branch_dag.py
[2024-03-08T18:56:08.183+0000] {processor.py:830} INFO - Processing file /home/airflow/.local/lib/python3.8/site-packages/airflow/example_dags/example_nested_branch_dag.py for tasks to queue
[2024-03-08T18:56:08.184+0000] {logging_mixin.py:188} INFO - [2024-03-08T18:56:08.184+0000] {dagbag.py:540} INFO - Filling up the DagBag from /home/airflow/.local/lib/python3.8/site-packages/airflow/example_dags/example_nested_branch_dag.py
[2024-03-08T18:56:08.193+0000] {processor.py:840} INFO - DAG(s) 'example_nested_branch_dag' retrieved from /home/airflow/.local/lib/python3.8/site-packages/airflow/example_dags/example_nested_branch_dag.py
[2024-03-08T18:56:08.212+0000] {logging_mixin.py:188} INFO - [2024-03-08T18:56:08.212+0000] {dag.py:3047} INFO - Sync 1 DAGs
[2024-03-08T18:56:08.234+0000] {logging_mixin.py:188} INFO - [2024-03-08T18:56:08.234+0000] {dag.py:3834} INFO - Setting next_dagrun for example_nested_branch_dag to 2024-03-07 00:00:00+00:00, run_after=2024-03-08 00:00:00+00:00
[2024-03-08T18:56:08.251+0000] {processor.py:183} INFO - Processing /home/airflow/.local/lib/python3.8/site-packages/airflow/example_dags/example_nested_branch_dag.py took 0.071 seconds
[2024-03-08T18:56:38.533+0000] {processor.py:161} INFO - Started process (PID=2758) to work on /home/airflow/.local/lib/python3.8/site-packages/airflow/example_dags/example_nested_branch_dag.py
[2024-03-08T18:56:38.535+0000] {processor.py:830} INFO - Processing file /home/airflow/.local/lib/python3.8/site-packages/airflow/example_dags/example_nested_branch_dag.py for tasks to queue
[2024-03-08T18:56:38.536+0000] {logging_mixin.py:188} INFO - [2024-03-08T18:56:38.536+0000] {dagbag.py:540} INFO - Filling up the DagBag from /home/airflow/.local/lib/python3.8/site-packages/airflow/example_dags/example_nested_branch_dag.py
[2024-03-08T18:56:38.547+0000] {processor.py:840} INFO - DAG(s) 'example_nested_branch_dag' retrieved from /home/airflow/.local/lib/python3.8/site-packages/airflow/example_dags/example_nested_branch_dag.py
[2024-03-08T18:56:38.573+0000] {logging_mixin.py:188} INFO - [2024-03-08T18:56:38.573+0000] {dag.py:3047} INFO - Sync 1 DAGs
[2024-03-08T18:56:38.598+0000] {logging_mixin.py:188} INFO - [2024-03-08T18:56:38.598+0000] {dag.py:3834} INFO - Setting next_dagrun for example_nested_branch_dag to 2024-03-07 00:00:00+00:00, run_after=2024-03-08 00:00:00+00:00
[2024-03-08T18:56:38.618+0000] {processor.py:183} INFO - Processing /home/airflow/.local/lib/python3.8/site-packages/airflow/example_dags/example_nested_branch_dag.py took 0.088 seconds
[2024-03-08T18:57:09.071+0000] {processor.py:161} INFO - Started process (PID=2813) to work on /home/airflow/.local/lib/python3.8/site-packages/airflow/example_dags/example_nested_branch_dag.py
[2024-03-08T18:57:09.072+0000] {processor.py:830} INFO - Processing file /home/airflow/.local/lib/python3.8/site-packages/airflow/example_dags/example_nested_branch_dag.py for tasks to queue
[2024-03-08T18:57:09.073+0000] {logging_mixin.py:188} INFO - [2024-03-08T18:57:09.073+0000] {dagbag.py:540} INFO - Filling up the DagBag from /home/airflow/.local/lib/python3.8/site-packages/airflow/example_dags/example_nested_branch_dag.py
[2024-03-08T18:57:09.081+0000] {processor.py:840} INFO - DAG(s) 'example_nested_branch_dag' retrieved from /home/airflow/.local/lib/python3.8/site-packages/airflow/example_dags/example_nested_branch_dag.py
[2024-03-08T18:57:09.101+0000] {logging_mixin.py:188} INFO - [2024-03-08T18:57:09.101+0000] {dag.py:3047} INFO - Sync 1 DAGs
[2024-03-08T18:57:09.128+0000] {logging_mixin.py:188} INFO - [2024-03-08T18:57:09.128+0000] {dag.py:3834} INFO - Setting next_dagrun for example_nested_branch_dag to 2024-03-07 00:00:00+00:00, run_after=2024-03-08 00:00:00+00:00
[2024-03-08T18:57:09.147+0000] {processor.py:183} INFO - Processing /home/airflow/.local/lib/python3.8/site-packages/airflow/example_dags/example_nested_branch_dag.py took 0.078 seconds
[2024-03-08T18:57:39.497+0000] {processor.py:161} INFO - Started process (PID=2868) to work on /home/airflow/.local/lib/python3.8/site-packages/airflow/example_dags/example_nested_branch_dag.py
[2024-03-08T18:57:39.497+0000] {processor.py:830} INFO - Processing file /home/airflow/.local/lib/python3.8/site-packages/airflow/example_dags/example_nested_branch_dag.py for tasks to queue
[2024-03-08T18:57:39.499+0000] {logging_mixin.py:188} INFO - [2024-03-08T18:57:39.499+0000] {dagbag.py:540} INFO - Filling up the DagBag from /home/airflow/.local/lib/python3.8/site-packages/airflow/example_dags/example_nested_branch_dag.py
[2024-03-08T18:57:39.508+0000] {processor.py:840} INFO - DAG(s) 'example_nested_branch_dag' retrieved from /home/airflow/.local/lib/python3.8/site-packages/airflow/example_dags/example_nested_branch_dag.py
[2024-03-08T18:57:39.528+0000] {logging_mixin.py:188} INFO - [2024-03-08T18:57:39.527+0000] {dag.py:3047} INFO - Sync 1 DAGs
[2024-03-08T18:57:39.548+0000] {logging_mixin.py:188} INFO - [2024-03-08T18:57:39.547+0000] {dag.py:3834} INFO - Setting next_dagrun for example_nested_branch_dag to 2024-03-07 00:00:00+00:00, run_after=2024-03-08 00:00:00+00:00
[2024-03-08T18:57:39.562+0000] {processor.py:183} INFO - Processing /home/airflow/.local/lib/python3.8/site-packages/airflow/example_dags/example_nested_branch_dag.py took 0.068 seconds
[2024-03-08T18:58:09.777+0000] {processor.py:161} INFO - Started process (PID=2923) to work on /home/airflow/.local/lib/python3.8/site-packages/airflow/example_dags/example_nested_branch_dag.py
[2024-03-08T18:58:09.778+0000] {processor.py:830} INFO - Processing file /home/airflow/.local/lib/python3.8/site-packages/airflow/example_dags/example_nested_branch_dag.py for tasks to queue
[2024-03-08T18:58:09.779+0000] {logging_mixin.py:188} INFO - [2024-03-08T18:58:09.779+0000] {dagbag.py:540} INFO - Filling up the DagBag from /home/airflow/.local/lib/python3.8/site-packages/airflow/example_dags/example_nested_branch_dag.py
[2024-03-08T18:58:09.787+0000] {processor.py:840} INFO - DAG(s) 'example_nested_branch_dag' retrieved from /home/airflow/.local/lib/python3.8/site-packages/airflow/example_dags/example_nested_branch_dag.py
[2024-03-08T18:58:09.805+0000] {logging_mixin.py:188} INFO - [2024-03-08T18:58:09.804+0000] {dag.py:3047} INFO - Sync 1 DAGs
[2024-03-08T18:58:09.824+0000] {logging_mixin.py:188} INFO - [2024-03-08T18:58:09.824+0000] {dag.py:3834} INFO - Setting next_dagrun for example_nested_branch_dag to 2024-03-07 00:00:00+00:00, run_after=2024-03-08 00:00:00+00:00
[2024-03-08T18:58:09.837+0000] {processor.py:183} INFO - Processing /home/airflow/.local/lib/python3.8/site-packages/airflow/example_dags/example_nested_branch_dag.py took 0.062 seconds
[2024-03-08T18:58:40.130+0000] {processor.py:161} INFO - Started process (PID=2978) to work on /home/airflow/.local/lib/python3.8/site-packages/airflow/example_dags/example_nested_branch_dag.py
[2024-03-08T18:58:40.132+0000] {processor.py:830} INFO - Processing file /home/airflow/.local/lib/python3.8/site-packages/airflow/example_dags/example_nested_branch_dag.py for tasks to queue
[2024-03-08T18:58:40.133+0000] {logging_mixin.py:188} INFO - [2024-03-08T18:58:40.133+0000] {dagbag.py:540} INFO - Filling up the DagBag from /home/airflow/.local/lib/python3.8/site-packages/airflow/example_dags/example_nested_branch_dag.py
[2024-03-08T18:58:40.142+0000] {processor.py:840} INFO - DAG(s) 'example_nested_branch_dag' retrieved from /home/airflow/.local/lib/python3.8/site-packages/airflow/example_dags/example_nested_branch_dag.py
[2024-03-08T18:58:40.163+0000] {logging_mixin.py:188} INFO - [2024-03-08T18:58:40.162+0000] {dag.py:3047} INFO - Sync 1 DAGs
[2024-03-08T18:58:40.193+0000] {logging_mixin.py:188} INFO - [2024-03-08T18:58:40.192+0000] {dag.py:3834} INFO - Setting next_dagrun for example_nested_branch_dag to 2024-03-07 00:00:00+00:00, run_after=2024-03-08 00:00:00+00:00
[2024-03-08T18:58:40.211+0000] {processor.py:183} INFO - Processing /home/airflow/.local/lib/python3.8/site-packages/airflow/example_dags/example_nested_branch_dag.py took 0.083 seconds
[2024-03-08T18:59:10.953+0000] {processor.py:161} INFO - Started process (PID=3033) to work on /home/airflow/.local/lib/python3.8/site-packages/airflow/example_dags/example_nested_branch_dag.py
[2024-03-08T18:59:10.954+0000] {processor.py:830} INFO - Processing file /home/airflow/.local/lib/python3.8/site-packages/airflow/example_dags/example_nested_branch_dag.py for tasks to queue
[2024-03-08T18:59:10.955+0000] {logging_mixin.py:188} INFO - [2024-03-08T18:59:10.955+0000] {dagbag.py:540} INFO - Filling up the DagBag from /home/airflow/.local/lib/python3.8/site-packages/airflow/example_dags/example_nested_branch_dag.py
[2024-03-08T18:59:10.964+0000] {processor.py:840} INFO - DAG(s) 'example_nested_branch_dag' retrieved from /home/airflow/.local/lib/python3.8/site-packages/airflow/example_dags/example_nested_branch_dag.py
[2024-03-08T18:59:10.983+0000] {logging_mixin.py:188} INFO - [2024-03-08T18:59:10.983+0000] {dag.py:3047} INFO - Sync 1 DAGs
[2024-03-08T18:59:11.017+0000] {logging_mixin.py:188} INFO - [2024-03-08T18:59:11.016+0000] {dag.py:3834} INFO - Setting next_dagrun for example_nested_branch_dag to 2024-03-07 00:00:00+00:00, run_after=2024-03-08 00:00:00+00:00
[2024-03-08T18:59:11.035+0000] {processor.py:183} INFO - Processing /home/airflow/.local/lib/python3.8/site-packages/airflow/example_dags/example_nested_branch_dag.py took 0.086 seconds
[2024-03-08T18:59:41.599+0000] {processor.py:161} INFO - Started process (PID=3088) to work on /home/airflow/.local/lib/python3.8/site-packages/airflow/example_dags/example_nested_branch_dag.py
[2024-03-08T18:59:41.600+0000] {processor.py:830} INFO - Processing file /home/airflow/.local/lib/python3.8/site-packages/airflow/example_dags/example_nested_branch_dag.py for tasks to queue
[2024-03-08T18:59:41.602+0000] {logging_mixin.py:188} INFO - [2024-03-08T18:59:41.602+0000] {dagbag.py:540} INFO - Filling up the DagBag from /home/airflow/.local/lib/python3.8/site-packages/airflow/example_dags/example_nested_branch_dag.py
[2024-03-08T18:59:41.611+0000] {processor.py:840} INFO - DAG(s) 'example_nested_branch_dag' retrieved from /home/airflow/.local/lib/python3.8/site-packages/airflow/example_dags/example_nested_branch_dag.py
[2024-03-08T18:59:41.632+0000] {logging_mixin.py:188} INFO - [2024-03-08T18:59:41.632+0000] {dag.py:3047} INFO - Sync 1 DAGs
[2024-03-08T18:59:41.651+0000] {logging_mixin.py:188} INFO - [2024-03-08T18:59:41.651+0000] {dag.py:3834} INFO - Setting next_dagrun for example_nested_branch_dag to 2024-03-07 00:00:00+00:00, run_after=2024-03-08 00:00:00+00:00
[2024-03-08T18:59:41.791+0000] {processor.py:183} INFO - Processing /home/airflow/.local/lib/python3.8/site-packages/airflow/example_dags/example_nested_branch_dag.py took 0.196 seconds
[2024-03-08T19:00:12.053+0000] {processor.py:161} INFO - Started process (PID=3143) to work on /home/airflow/.local/lib/python3.8/site-packages/airflow/example_dags/example_nested_branch_dag.py
[2024-03-08T19:00:12.054+0000] {processor.py:830} INFO - Processing file /home/airflow/.local/lib/python3.8/site-packages/airflow/example_dags/example_nested_branch_dag.py for tasks to queue
[2024-03-08T19:00:12.055+0000] {logging_mixin.py:188} INFO - [2024-03-08T19:00:12.055+0000] {dagbag.py:540} INFO - Filling up the DagBag from /home/airflow/.local/lib/python3.8/site-packages/airflow/example_dags/example_nested_branch_dag.py
[2024-03-08T19:00:12.063+0000] {processor.py:840} INFO - DAG(s) 'example_nested_branch_dag' retrieved from /home/airflow/.local/lib/python3.8/site-packages/airflow/example_dags/example_nested_branch_dag.py
[2024-03-08T19:00:12.082+0000] {logging_mixin.py:188} INFO - [2024-03-08T19:00:12.082+0000] {dag.py:3047} INFO - Sync 1 DAGs
[2024-03-08T19:00:12.108+0000] {logging_mixin.py:188} INFO - [2024-03-08T19:00:12.107+0000] {dag.py:3834} INFO - Setting next_dagrun for example_nested_branch_dag to 2024-03-07 00:00:00+00:00, run_after=2024-03-08 00:00:00+00:00
[2024-03-08T19:00:12.129+0000] {processor.py:183} INFO - Processing /home/airflow/.local/lib/python3.8/site-packages/airflow/example_dags/example_nested_branch_dag.py took 0.079 seconds
[2024-03-08T19:00:42.234+0000] {processor.py:161} INFO - Started process (PID=3198) to work on /home/airflow/.local/lib/python3.8/site-packages/airflow/example_dags/example_nested_branch_dag.py
[2024-03-08T19:00:42.236+0000] {processor.py:830} INFO - Processing file /home/airflow/.local/lib/python3.8/site-packages/airflow/example_dags/example_nested_branch_dag.py for tasks to queue
[2024-03-08T19:00:42.237+0000] {logging_mixin.py:188} INFO - [2024-03-08T19:00:42.237+0000] {dagbag.py:540} INFO - Filling up the DagBag from /home/airflow/.local/lib/python3.8/site-packages/airflow/example_dags/example_nested_branch_dag.py
[2024-03-08T19:00:42.249+0000] {processor.py:840} INFO - DAG(s) 'example_nested_branch_dag' retrieved from /home/airflow/.local/lib/python3.8/site-packages/airflow/example_dags/example_nested_branch_dag.py
[2024-03-08T19:00:42.270+0000] {logging_mixin.py:188} INFO - [2024-03-08T19:00:42.270+0000] {dag.py:3047} INFO - Sync 1 DAGs
[2024-03-08T19:00:42.296+0000] {logging_mixin.py:188} INFO - [2024-03-08T19:00:42.295+0000] {dag.py:3834} INFO - Setting next_dagrun for example_nested_branch_dag to 2024-03-07 00:00:00+00:00, run_after=2024-03-08 00:00:00+00:00
[2024-03-08T19:00:42.317+0000] {processor.py:183} INFO - Processing /home/airflow/.local/lib/python3.8/site-packages/airflow/example_dags/example_nested_branch_dag.py took 0.086 seconds
[2024-03-08T19:01:12.419+0000] {processor.py:161} INFO - Started process (PID=3253) to work on /home/airflow/.local/lib/python3.8/site-packages/airflow/example_dags/example_nested_branch_dag.py
[2024-03-08T19:01:12.420+0000] {processor.py:830} INFO - Processing file /home/airflow/.local/lib/python3.8/site-packages/airflow/example_dags/example_nested_branch_dag.py for tasks to queue
[2024-03-08T19:01:12.421+0000] {logging_mixin.py:188} INFO - [2024-03-08T19:01:12.421+0000] {dagbag.py:540} INFO - Filling up the DagBag from /home/airflow/.local/lib/python3.8/site-packages/airflow/example_dags/example_nested_branch_dag.py
[2024-03-08T19:01:12.429+0000] {processor.py:840} INFO - DAG(s) 'example_nested_branch_dag' retrieved from /home/airflow/.local/lib/python3.8/site-packages/airflow/example_dags/example_nested_branch_dag.py
[2024-03-08T19:01:12.449+0000] {logging_mixin.py:188} INFO - [2024-03-08T19:01:12.449+0000] {dag.py:3047} INFO - Sync 1 DAGs
[2024-03-08T19:01:12.469+0000] {logging_mixin.py:188} INFO - [2024-03-08T19:01:12.469+0000] {dag.py:3834} INFO - Setting next_dagrun for example_nested_branch_dag to 2024-03-07 00:00:00+00:00, run_after=2024-03-08 00:00:00+00:00
[2024-03-08T19:01:12.483+0000] {processor.py:183} INFO - Processing /home/airflow/.local/lib/python3.8/site-packages/airflow/example_dags/example_nested_branch_dag.py took 0.067 seconds
[2024-03-08T19:01:42.795+0000] {processor.py:161} INFO - Started process (PID=3308) to work on /home/airflow/.local/lib/python3.8/site-packages/airflow/example_dags/example_nested_branch_dag.py
[2024-03-08T19:01:42.796+0000] {processor.py:830} INFO - Processing file /home/airflow/.local/lib/python3.8/site-packages/airflow/example_dags/example_nested_branch_dag.py for tasks to queue
[2024-03-08T19:01:42.798+0000] {logging_mixin.py:188} INFO - [2024-03-08T19:01:42.797+0000] {dagbag.py:540} INFO - Filling up the DagBag from /home/airflow/.local/lib/python3.8/site-packages/airflow/example_dags/example_nested_branch_dag.py
[2024-03-08T19:01:42.806+0000] {processor.py:840} INFO - DAG(s) 'example_nested_branch_dag' retrieved from /home/airflow/.local/lib/python3.8/site-packages/airflow/example_dags/example_nested_branch_dag.py
[2024-03-08T19:01:42.826+0000] {logging_mixin.py:188} INFO - [2024-03-08T19:01:42.826+0000] {dag.py:3047} INFO - Sync 1 DAGs
[2024-03-08T19:01:42.848+0000] {logging_mixin.py:188} INFO - [2024-03-08T19:01:42.847+0000] {dag.py:3834} INFO - Setting next_dagrun for example_nested_branch_dag to 2024-03-07 00:00:00+00:00, run_after=2024-03-08 00:00:00+00:00
[2024-03-08T19:01:42.871+0000] {processor.py:183} INFO - Processing /home/airflow/.local/lib/python3.8/site-packages/airflow/example_dags/example_nested_branch_dag.py took 0.078 seconds
[2024-03-08T19:02:13.603+0000] {processor.py:161} INFO - Started process (PID=3363) to work on /home/airflow/.local/lib/python3.8/site-packages/airflow/example_dags/example_nested_branch_dag.py
[2024-03-08T19:02:13.604+0000] {processor.py:830} INFO - Processing file /home/airflow/.local/lib/python3.8/site-packages/airflow/example_dags/example_nested_branch_dag.py for tasks to queue
[2024-03-08T19:02:13.606+0000] {logging_mixin.py:188} INFO - [2024-03-08T19:02:13.605+0000] {dagbag.py:540} INFO - Filling up the DagBag from /home/airflow/.local/lib/python3.8/site-packages/airflow/example_dags/example_nested_branch_dag.py
[2024-03-08T19:02:13.614+0000] {processor.py:840} INFO - DAG(s) 'example_nested_branch_dag' retrieved from /home/airflow/.local/lib/python3.8/site-packages/airflow/example_dags/example_nested_branch_dag.py
[2024-03-08T19:02:13.634+0000] {logging_mixin.py:188} INFO - [2024-03-08T19:02:13.634+0000] {dag.py:3047} INFO - Sync 1 DAGs
[2024-03-08T19:02:13.653+0000] {logging_mixin.py:188} INFO - [2024-03-08T19:02:13.653+0000] {dag.py:3834} INFO - Setting next_dagrun for example_nested_branch_dag to 2024-03-07 00:00:00+00:00, run_after=2024-03-08 00:00:00+00:00
[2024-03-08T19:02:13.668+0000] {processor.py:183} INFO - Processing /home/airflow/.local/lib/python3.8/site-packages/airflow/example_dags/example_nested_branch_dag.py took 0.067 seconds
[2024-03-08T19:02:44.185+0000] {processor.py:161} INFO - Started process (PID=3418) to work on /home/airflow/.local/lib/python3.8/site-packages/airflow/example_dags/example_nested_branch_dag.py
[2024-03-08T19:02:44.186+0000] {processor.py:830} INFO - Processing file /home/airflow/.local/lib/python3.8/site-packages/airflow/example_dags/example_nested_branch_dag.py for tasks to queue
[2024-03-08T19:02:44.187+0000] {logging_mixin.py:188} INFO - [2024-03-08T19:02:44.187+0000] {dagbag.py:540} INFO - Filling up the DagBag from /home/airflow/.local/lib/python3.8/site-packages/airflow/example_dags/example_nested_branch_dag.py
[2024-03-08T19:02:44.345+0000] {processor.py:840} INFO - DAG(s) 'example_nested_branch_dag' retrieved from /home/airflow/.local/lib/python3.8/site-packages/airflow/example_dags/example_nested_branch_dag.py
[2024-03-08T19:02:44.365+0000] {logging_mixin.py:188} INFO - [2024-03-08T19:02:44.364+0000] {dag.py:3047} INFO - Sync 1 DAGs
[2024-03-08T19:02:44.389+0000] {logging_mixin.py:188} INFO - [2024-03-08T19:02:44.389+0000] {dag.py:3834} INFO - Setting next_dagrun for example_nested_branch_dag to 2024-03-07 00:00:00+00:00, run_after=2024-03-08 00:00:00+00:00
[2024-03-08T19:02:44.410+0000] {processor.py:183} INFO - Processing /home/airflow/.local/lib/python3.8/site-packages/airflow/example_dags/example_nested_branch_dag.py took 0.228 seconds
[2024-03-08T19:03:14.634+0000] {processor.py:161} INFO - Started process (PID=3473) to work on /home/airflow/.local/lib/python3.8/site-packages/airflow/example_dags/example_nested_branch_dag.py
[2024-03-08T19:03:14.635+0000] {processor.py:830} INFO - Processing file /home/airflow/.local/lib/python3.8/site-packages/airflow/example_dags/example_nested_branch_dag.py for tasks to queue
[2024-03-08T19:03:14.636+0000] {logging_mixin.py:188} INFO - [2024-03-08T19:03:14.636+0000] {dagbag.py:540} INFO - Filling up the DagBag from /home/airflow/.local/lib/python3.8/site-packages/airflow/example_dags/example_nested_branch_dag.py
[2024-03-08T19:03:14.647+0000] {processor.py:840} INFO - DAG(s) 'example_nested_branch_dag' retrieved from /home/airflow/.local/lib/python3.8/site-packages/airflow/example_dags/example_nested_branch_dag.py
[2024-03-08T19:03:14.671+0000] {logging_mixin.py:188} INFO - [2024-03-08T19:03:14.670+0000] {dag.py:3047} INFO - Sync 1 DAGs
[2024-03-08T19:03:14.696+0000] {logging_mixin.py:188} INFO - [2024-03-08T19:03:14.696+0000] {dag.py:3834} INFO - Setting next_dagrun for example_nested_branch_dag to 2024-03-07 00:00:00+00:00, run_after=2024-03-08 00:00:00+00:00
[2024-03-08T19:03:14.717+0000] {processor.py:183} INFO - Processing /home/airflow/.local/lib/python3.8/site-packages/airflow/example_dags/example_nested_branch_dag.py took 0.086 seconds
[2024-03-08T19:03:45.236+0000] {processor.py:161} INFO - Started process (PID=3528) to work on /home/airflow/.local/lib/python3.8/site-packages/airflow/example_dags/example_nested_branch_dag.py
[2024-03-08T19:03:45.238+0000] {processor.py:830} INFO - Processing file /home/airflow/.local/lib/python3.8/site-packages/airflow/example_dags/example_nested_branch_dag.py for tasks to queue
[2024-03-08T19:03:45.240+0000] {logging_mixin.py:188} INFO - [2024-03-08T19:03:45.239+0000] {dagbag.py:540} INFO - Filling up the DagBag from /home/airflow/.local/lib/python3.8/site-packages/airflow/example_dags/example_nested_branch_dag.py
[2024-03-08T19:03:45.291+0000] {processor.py:840} INFO - DAG(s) 'example_nested_branch_dag' retrieved from /home/airflow/.local/lib/python3.8/site-packages/airflow/example_dags/example_nested_branch_dag.py
[2024-03-08T19:03:45.339+0000] {logging_mixin.py:188} INFO - [2024-03-08T19:03:45.338+0000] {dag.py:3047} INFO - Sync 1 DAGs
[2024-03-08T19:03:45.390+0000] {logging_mixin.py:188} INFO - [2024-03-08T19:03:45.390+0000] {dag.py:3834} INFO - Setting next_dagrun for example_nested_branch_dag to 2024-03-07 00:00:00+00:00, run_after=2024-03-08 00:00:00+00:00
[2024-03-08T19:03:45.421+0000] {processor.py:183} INFO - Processing /home/airflow/.local/lib/python3.8/site-packages/airflow/example_dags/example_nested_branch_dag.py took 0.188 seconds
[2024-03-08T19:04:15.562+0000] {processor.py:161} INFO - Started process (PID=3583) to work on /home/airflow/.local/lib/python3.8/site-packages/airflow/example_dags/example_nested_branch_dag.py
[2024-03-08T19:04:15.589+0000] {processor.py:830} INFO - Processing file /home/airflow/.local/lib/python3.8/site-packages/airflow/example_dags/example_nested_branch_dag.py for tasks to queue
[2024-03-08T19:04:15.591+0000] {logging_mixin.py:188} INFO - [2024-03-08T19:04:15.590+0000] {dagbag.py:540} INFO - Filling up the DagBag from /home/airflow/.local/lib/python3.8/site-packages/airflow/example_dags/example_nested_branch_dag.py
[2024-03-08T19:04:15.606+0000] {processor.py:840} INFO - DAG(s) 'example_nested_branch_dag' retrieved from /home/airflow/.local/lib/python3.8/site-packages/airflow/example_dags/example_nested_branch_dag.py
[2024-03-08T19:04:15.631+0000] {logging_mixin.py:188} INFO - [2024-03-08T19:04:15.631+0000] {dag.py:3047} INFO - Sync 1 DAGs
[2024-03-08T19:04:15.652+0000] {logging_mixin.py:188} INFO - [2024-03-08T19:04:15.652+0000] {dag.py:3834} INFO - Setting next_dagrun for example_nested_branch_dag to 2024-03-07 00:00:00+00:00, run_after=2024-03-08 00:00:00+00:00
[2024-03-08T19:04:15.713+0000] {processor.py:183} INFO - Processing /home/airflow/.local/lib/python3.8/site-packages/airflow/example_dags/example_nested_branch_dag.py took 0.153 seconds
[2024-03-08T19:04:45.750+0000] {processor.py:161} INFO - Started process (PID=3638) to work on /home/airflow/.local/lib/python3.8/site-packages/airflow/example_dags/example_nested_branch_dag.py
[2024-03-08T19:04:45.751+0000] {processor.py:830} INFO - Processing file /home/airflow/.local/lib/python3.8/site-packages/airflow/example_dags/example_nested_branch_dag.py for tasks to queue
[2024-03-08T19:04:45.752+0000] {logging_mixin.py:188} INFO - [2024-03-08T19:04:45.752+0000] {dagbag.py:540} INFO - Filling up the DagBag from /home/airflow/.local/lib/python3.8/site-packages/airflow/example_dags/example_nested_branch_dag.py
[2024-03-08T19:04:45.762+0000] {processor.py:840} INFO - DAG(s) 'example_nested_branch_dag' retrieved from /home/airflow/.local/lib/python3.8/site-packages/airflow/example_dags/example_nested_branch_dag.py
[2024-03-08T19:04:45.780+0000] {logging_mixin.py:188} INFO - [2024-03-08T19:04:45.780+0000] {dag.py:3047} INFO - Sync 1 DAGs
[2024-03-08T19:04:45.812+0000] {logging_mixin.py:188} INFO - [2024-03-08T19:04:45.811+0000] {dag.py:3834} INFO - Setting next_dagrun for example_nested_branch_dag to 2024-03-07 00:00:00+00:00, run_after=2024-03-08 00:00:00+00:00
[2024-03-08T19:04:45.833+0000] {processor.py:183} INFO - Processing /home/airflow/.local/lib/python3.8/site-packages/airflow/example_dags/example_nested_branch_dag.py took 0.085 seconds
[2024-03-08T19:05:15.872+0000] {processor.py:161} INFO - Started process (PID=3693) to work on /home/airflow/.local/lib/python3.8/site-packages/airflow/example_dags/example_nested_branch_dag.py
[2024-03-08T19:05:15.873+0000] {processor.py:830} INFO - Processing file /home/airflow/.local/lib/python3.8/site-packages/airflow/example_dags/example_nested_branch_dag.py for tasks to queue
[2024-03-08T19:05:15.874+0000] {logging_mixin.py:188} INFO - [2024-03-08T19:05:15.874+0000] {dagbag.py:540} INFO - Filling up the DagBag from /home/airflow/.local/lib/python3.8/site-packages/airflow/example_dags/example_nested_branch_dag.py
[2024-03-08T19:05:15.896+0000] {processor.py:840} INFO - DAG(s) 'example_nested_branch_dag' retrieved from /home/airflow/.local/lib/python3.8/site-packages/airflow/example_dags/example_nested_branch_dag.py
[2024-03-08T19:05:15.930+0000] {logging_mixin.py:188} INFO - [2024-03-08T19:05:15.930+0000] {dag.py:3047} INFO - Sync 1 DAGs
[2024-03-08T19:05:15.954+0000] {logging_mixin.py:188} INFO - [2024-03-08T19:05:15.954+0000] {dag.py:3834} INFO - Setting next_dagrun for example_nested_branch_dag to 2024-03-07 00:00:00+00:00, run_after=2024-03-08 00:00:00+00:00
[2024-03-08T19:05:15.969+0000] {processor.py:183} INFO - Processing /home/airflow/.local/lib/python3.8/site-packages/airflow/example_dags/example_nested_branch_dag.py took 0.100 seconds
[2024-03-08T19:05:46.456+0000] {processor.py:161} INFO - Started process (PID=3748) to work on /home/airflow/.local/lib/python3.8/site-packages/airflow/example_dags/example_nested_branch_dag.py
[2024-03-08T19:05:46.457+0000] {processor.py:830} INFO - Processing file /home/airflow/.local/lib/python3.8/site-packages/airflow/example_dags/example_nested_branch_dag.py for tasks to queue
[2024-03-08T19:05:46.459+0000] {logging_mixin.py:188} INFO - [2024-03-08T19:05:46.459+0000] {dagbag.py:540} INFO - Filling up the DagBag from /home/airflow/.local/lib/python3.8/site-packages/airflow/example_dags/example_nested_branch_dag.py
[2024-03-08T19:05:46.468+0000] {processor.py:840} INFO - DAG(s) 'example_nested_branch_dag' retrieved from /home/airflow/.local/lib/python3.8/site-packages/airflow/example_dags/example_nested_branch_dag.py
[2024-03-08T19:05:46.490+0000] {logging_mixin.py:188} INFO - [2024-03-08T19:05:46.489+0000] {dag.py:3047} INFO - Sync 1 DAGs
[2024-03-08T19:05:46.519+0000] {logging_mixin.py:188} INFO - [2024-03-08T19:05:46.518+0000] {dag.py:3834} INFO - Setting next_dagrun for example_nested_branch_dag to 2024-03-07 00:00:00+00:00, run_after=2024-03-08 00:00:00+00:00
[2024-03-08T19:05:46.535+0000] {processor.py:183} INFO - Processing /home/airflow/.local/lib/python3.8/site-packages/airflow/example_dags/example_nested_branch_dag.py took 0.082 seconds
[2024-03-08T19:06:16.636+0000] {processor.py:161} INFO - Started process (PID=3803) to work on /home/airflow/.local/lib/python3.8/site-packages/airflow/example_dags/example_nested_branch_dag.py
[2024-03-08T19:06:16.637+0000] {processor.py:830} INFO - Processing file /home/airflow/.local/lib/python3.8/site-packages/airflow/example_dags/example_nested_branch_dag.py for tasks to queue
[2024-03-08T19:06:16.639+0000] {logging_mixin.py:188} INFO - [2024-03-08T19:06:16.639+0000] {dagbag.py:540} INFO - Filling up the DagBag from /home/airflow/.local/lib/python3.8/site-packages/airflow/example_dags/example_nested_branch_dag.py
[2024-03-08T19:06:16.647+0000] {processor.py:840} INFO - DAG(s) 'example_nested_branch_dag' retrieved from /home/airflow/.local/lib/python3.8/site-packages/airflow/example_dags/example_nested_branch_dag.py
[2024-03-08T19:06:16.675+0000] {logging_mixin.py:188} INFO - [2024-03-08T19:06:16.674+0000] {dag.py:3047} INFO - Sync 1 DAGs
[2024-03-08T19:06:16.708+0000] {logging_mixin.py:188} INFO - [2024-03-08T19:06:16.708+0000] {dag.py:3834} INFO - Setting next_dagrun for example_nested_branch_dag to 2024-03-07 00:00:00+00:00, run_after=2024-03-08 00:00:00+00:00
[2024-03-08T19:06:16.726+0000] {processor.py:183} INFO - Processing /home/airflow/.local/lib/python3.8/site-packages/airflow/example_dags/example_nested_branch_dag.py took 0.094 seconds
[2024-03-08T19:06:47.181+0000] {processor.py:161} INFO - Started process (PID=3858) to work on /home/airflow/.local/lib/python3.8/site-packages/airflow/example_dags/example_nested_branch_dag.py
[2024-03-08T19:06:47.182+0000] {processor.py:830} INFO - Processing file /home/airflow/.local/lib/python3.8/site-packages/airflow/example_dags/example_nested_branch_dag.py for tasks to queue
[2024-03-08T19:06:47.184+0000] {logging_mixin.py:188} INFO - [2024-03-08T19:06:47.183+0000] {dagbag.py:540} INFO - Filling up the DagBag from /home/airflow/.local/lib/python3.8/site-packages/airflow/example_dags/example_nested_branch_dag.py
[2024-03-08T19:06:47.192+0000] {processor.py:840} INFO - DAG(s) 'example_nested_branch_dag' retrieved from /home/airflow/.local/lib/python3.8/site-packages/airflow/example_dags/example_nested_branch_dag.py
[2024-03-08T19:06:47.209+0000] {logging_mixin.py:188} INFO - [2024-03-08T19:06:47.209+0000] {dag.py:3047} INFO - Sync 1 DAGs
[2024-03-08T19:06:47.231+0000] {logging_mixin.py:188} INFO - [2024-03-08T19:06:47.231+0000] {dag.py:3834} INFO - Setting next_dagrun for example_nested_branch_dag to 2024-03-07 00:00:00+00:00, run_after=2024-03-08 00:00:00+00:00
[2024-03-08T19:06:47.245+0000] {processor.py:183} INFO - Processing /home/airflow/.local/lib/python3.8/site-packages/airflow/example_dags/example_nested_branch_dag.py took 0.067 seconds
[2024-03-08T19:07:17.653+0000] {processor.py:161} INFO - Started process (PID=3913) to work on /home/airflow/.local/lib/python3.8/site-packages/airflow/example_dags/example_nested_branch_dag.py
[2024-03-08T19:07:17.653+0000] {processor.py:830} INFO - Processing file /home/airflow/.local/lib/python3.8/site-packages/airflow/example_dags/example_nested_branch_dag.py for tasks to queue
[2024-03-08T19:07:17.655+0000] {logging_mixin.py:188} INFO - [2024-03-08T19:07:17.654+0000] {dagbag.py:540} INFO - Filling up the DagBag from /home/airflow/.local/lib/python3.8/site-packages/airflow/example_dags/example_nested_branch_dag.py
[2024-03-08T19:07:17.663+0000] {processor.py:840} INFO - DAG(s) 'example_nested_branch_dag' retrieved from /home/airflow/.local/lib/python3.8/site-packages/airflow/example_dags/example_nested_branch_dag.py
[2024-03-08T19:07:17.683+0000] {logging_mixin.py:188} INFO - [2024-03-08T19:07:17.683+0000] {dag.py:3047} INFO - Sync 1 DAGs
[2024-03-08T19:07:17.709+0000] {logging_mixin.py:188} INFO - [2024-03-08T19:07:17.709+0000] {dag.py:3834} INFO - Setting next_dagrun for example_nested_branch_dag to 2024-03-07 00:00:00+00:00, run_after=2024-03-08 00:00:00+00:00
[2024-03-08T19:07:17.728+0000] {processor.py:183} INFO - Processing /home/airflow/.local/lib/python3.8/site-packages/airflow/example_dags/example_nested_branch_dag.py took 0.078 seconds
