[2024-03-08T18:32:44.266+0000] {processor.py:161} INFO - Started process (PID=181) to work on /home/airflow/.local/lib/python3.8/site-packages/airflow/example_dags/example_sla_dag.py
[2024-03-08T18:32:44.266+0000] {processor.py:830} INFO - Processing file /home/airflow/.local/lib/python3.8/site-packages/airflow/example_dags/example_sla_dag.py for tasks to queue
[2024-03-08T18:32:44.267+0000] {logging_mixin.py:188} INFO - [2024-03-08T18:32:44.267+0000] {dagbag.py:540} INFO - Filling up the DagBag from /home/airflow/.local/lib/python3.8/site-packages/airflow/example_dags/example_sla_dag.py
[2024-03-08T18:32:44.276+0000] {processor.py:840} INFO - DAG(s) 'example_sla_dag' retrieved from /home/airflow/.local/lib/python3.8/site-packages/airflow/example_dags/example_sla_dag.py
[2024-03-08T18:32:44.293+0000] {logging_mixin.py:188} INFO - [2024-03-08T18:32:44.293+0000] {dag.py:3047} INFO - Sync 1 DAGs
[2024-03-08T18:32:44.315+0000] {logging_mixin.py:188} INFO - [2024-03-08T18:32:44.315+0000] {dag.py:3834} INFO - Setting next_dagrun for example_sla_dag to 2024-03-08 18:30:00+00:00, run_after=2024-03-08 18:32:00+00:00
[2024-03-08T18:32:44.331+0000] {processor.py:183} INFO - Processing /home/airflow/.local/lib/python3.8/site-packages/airflow/example_dags/example_sla_dag.py took 0.068 seconds
[2024-03-08T18:33:15.718+0000] {processor.py:161} INFO - Started process (PID=236) to work on /home/airflow/.local/lib/python3.8/site-packages/airflow/example_dags/example_sla_dag.py
[2024-03-08T18:33:15.719+0000] {processor.py:830} INFO - Processing file /home/airflow/.local/lib/python3.8/site-packages/airflow/example_dags/example_sla_dag.py for tasks to queue
[2024-03-08T18:33:15.720+0000] {logging_mixin.py:188} INFO - [2024-03-08T18:33:15.720+0000] {dagbag.py:540} INFO - Filling up the DagBag from /home/airflow/.local/lib/python3.8/site-packages/airflow/example_dags/example_sla_dag.py
[2024-03-08T18:33:15.726+0000] {processor.py:840} INFO - DAG(s) 'example_sla_dag' retrieved from /home/airflow/.local/lib/python3.8/site-packages/airflow/example_dags/example_sla_dag.py
[2024-03-08T18:33:15.828+0000] {logging_mixin.py:188} INFO - [2024-03-08T18:33:15.828+0000] {dag.py:3047} INFO - Sync 1 DAGs
[2024-03-08T18:33:15.851+0000] {logging_mixin.py:188} INFO - [2024-03-08T18:33:15.851+0000] {dag.py:3834} INFO - Setting next_dagrun for example_sla_dag to 2024-03-08 18:30:00+00:00, run_after=2024-03-08 18:32:00+00:00
[2024-03-08T18:33:15.866+0000] {processor.py:183} INFO - Processing /home/airflow/.local/lib/python3.8/site-packages/airflow/example_dags/example_sla_dag.py took 0.150 seconds
[2024-03-08T18:33:45.993+0000] {processor.py:161} INFO - Started process (PID=291) to work on /home/airflow/.local/lib/python3.8/site-packages/airflow/example_dags/example_sla_dag.py
[2024-03-08T18:33:45.994+0000] {processor.py:830} INFO - Processing file /home/airflow/.local/lib/python3.8/site-packages/airflow/example_dags/example_sla_dag.py for tasks to queue
[2024-03-08T18:33:45.995+0000] {logging_mixin.py:188} INFO - [2024-03-08T18:33:45.995+0000] {dagbag.py:540} INFO - Filling up the DagBag from /home/airflow/.local/lib/python3.8/site-packages/airflow/example_dags/example_sla_dag.py
[2024-03-08T18:33:46.003+0000] {processor.py:840} INFO - DAG(s) 'example_sla_dag' retrieved from /home/airflow/.local/lib/python3.8/site-packages/airflow/example_dags/example_sla_dag.py
[2024-03-08T18:33:46.023+0000] {logging_mixin.py:188} INFO - [2024-03-08T18:33:46.022+0000] {dag.py:3047} INFO - Sync 1 DAGs
[2024-03-08T18:33:46.052+0000] {logging_mixin.py:188} INFO - [2024-03-08T18:33:46.052+0000] {dag.py:3834} INFO - Setting next_dagrun for example_sla_dag to 2024-03-08 18:30:00+00:00, run_after=2024-03-08 18:32:00+00:00
[2024-03-08T18:33:46.072+0000] {processor.py:183} INFO - Processing /home/airflow/.local/lib/python3.8/site-packages/airflow/example_dags/example_sla_dag.py took 0.082 seconds
[2024-03-08T18:34:16.869+0000] {processor.py:161} INFO - Started process (PID=346) to work on /home/airflow/.local/lib/python3.8/site-packages/airflow/example_dags/example_sla_dag.py
[2024-03-08T18:34:16.870+0000] {processor.py:830} INFO - Processing file /home/airflow/.local/lib/python3.8/site-packages/airflow/example_dags/example_sla_dag.py for tasks to queue
[2024-03-08T18:34:16.871+0000] {logging_mixin.py:188} INFO - [2024-03-08T18:34:16.871+0000] {dagbag.py:540} INFO - Filling up the DagBag from /home/airflow/.local/lib/python3.8/site-packages/airflow/example_dags/example_sla_dag.py
[2024-03-08T18:34:16.878+0000] {processor.py:840} INFO - DAG(s) 'example_sla_dag' retrieved from /home/airflow/.local/lib/python3.8/site-packages/airflow/example_dags/example_sla_dag.py
[2024-03-08T18:34:16.905+0000] {logging_mixin.py:188} INFO - [2024-03-08T18:34:16.905+0000] {dag.py:3047} INFO - Sync 1 DAGs
[2024-03-08T18:34:16.929+0000] {logging_mixin.py:188} INFO - [2024-03-08T18:34:16.929+0000] {dag.py:3834} INFO - Setting next_dagrun for example_sla_dag to 2024-03-08 18:32:00+00:00, run_after=2024-03-08 18:34:00+00:00
[2024-03-08T18:34:16.943+0000] {processor.py:183} INFO - Processing /home/airflow/.local/lib/python3.8/site-packages/airflow/example_dags/example_sla_dag.py took 0.076 seconds
[2024-03-08T18:34:47.536+0000] {processor.py:161} INFO - Started process (PID=401) to work on /home/airflow/.local/lib/python3.8/site-packages/airflow/example_dags/example_sla_dag.py
[2024-03-08T18:34:47.537+0000] {processor.py:830} INFO - Processing file /home/airflow/.local/lib/python3.8/site-packages/airflow/example_dags/example_sla_dag.py for tasks to queue
[2024-03-08T18:34:47.538+0000] {logging_mixin.py:188} INFO - [2024-03-08T18:34:47.538+0000] {dagbag.py:540} INFO - Filling up the DagBag from /home/airflow/.local/lib/python3.8/site-packages/airflow/example_dags/example_sla_dag.py
[2024-03-08T18:34:47.545+0000] {processor.py:840} INFO - DAG(s) 'example_sla_dag' retrieved from /home/airflow/.local/lib/python3.8/site-packages/airflow/example_dags/example_sla_dag.py
[2024-03-08T18:34:47.562+0000] {logging_mixin.py:188} INFO - [2024-03-08T18:34:47.562+0000] {dag.py:3047} INFO - Sync 1 DAGs
[2024-03-08T18:34:47.592+0000] {logging_mixin.py:188} INFO - [2024-03-08T18:34:47.592+0000] {dag.py:3834} INFO - Setting next_dagrun for example_sla_dag to 2024-03-08 18:32:00+00:00, run_after=2024-03-08 18:34:00+00:00
[2024-03-08T18:34:47.608+0000] {processor.py:183} INFO - Processing /home/airflow/.local/lib/python3.8/site-packages/airflow/example_dags/example_sla_dag.py took 0.075 seconds
[2024-03-08T18:35:17.938+0000] {processor.py:161} INFO - Started process (PID=456) to work on /home/airflow/.local/lib/python3.8/site-packages/airflow/example_dags/example_sla_dag.py
[2024-03-08T18:35:17.939+0000] {processor.py:830} INFO - Processing file /home/airflow/.local/lib/python3.8/site-packages/airflow/example_dags/example_sla_dag.py for tasks to queue
[2024-03-08T18:35:17.940+0000] {logging_mixin.py:188} INFO - [2024-03-08T18:35:17.940+0000] {dagbag.py:540} INFO - Filling up the DagBag from /home/airflow/.local/lib/python3.8/site-packages/airflow/example_dags/example_sla_dag.py
[2024-03-08T18:35:17.947+0000] {processor.py:840} INFO - DAG(s) 'example_sla_dag' retrieved from /home/airflow/.local/lib/python3.8/site-packages/airflow/example_dags/example_sla_dag.py
[2024-03-08T18:35:18.009+0000] {logging_mixin.py:188} INFO - [2024-03-08T18:35:18.008+0000] {dag.py:3047} INFO - Sync 1 DAGs
[2024-03-08T18:35:18.033+0000] {logging_mixin.py:188} INFO - [2024-03-08T18:35:18.033+0000] {dag.py:3834} INFO - Setting next_dagrun for example_sla_dag to 2024-03-08 18:32:00+00:00, run_after=2024-03-08 18:34:00+00:00
[2024-03-08T18:35:18.048+0000] {processor.py:183} INFO - Processing /home/airflow/.local/lib/python3.8/site-packages/airflow/example_dags/example_sla_dag.py took 0.113 seconds
[2024-03-08T18:35:48.530+0000] {processor.py:161} INFO - Started process (PID=511) to work on /home/airflow/.local/lib/python3.8/site-packages/airflow/example_dags/example_sla_dag.py
[2024-03-08T18:35:48.531+0000] {processor.py:830} INFO - Processing file /home/airflow/.local/lib/python3.8/site-packages/airflow/example_dags/example_sla_dag.py for tasks to queue
[2024-03-08T18:35:48.532+0000] {logging_mixin.py:188} INFO - [2024-03-08T18:35:48.532+0000] {dagbag.py:540} INFO - Filling up the DagBag from /home/airflow/.local/lib/python3.8/site-packages/airflow/example_dags/example_sla_dag.py
[2024-03-08T18:35:48.539+0000] {processor.py:840} INFO - DAG(s) 'example_sla_dag' retrieved from /home/airflow/.local/lib/python3.8/site-packages/airflow/example_dags/example_sla_dag.py
[2024-03-08T18:35:48.553+0000] {logging_mixin.py:188} INFO - [2024-03-08T18:35:48.553+0000] {dag.py:3047} INFO - Sync 1 DAGs
[2024-03-08T18:35:48.573+0000] {logging_mixin.py:188} INFO - [2024-03-08T18:35:48.573+0000] {dag.py:3834} INFO - Setting next_dagrun for example_sla_dag to 2024-03-08 18:32:00+00:00, run_after=2024-03-08 18:34:00+00:00
[2024-03-08T18:35:48.586+0000] {processor.py:183} INFO - Processing /home/airflow/.local/lib/python3.8/site-packages/airflow/example_dags/example_sla_dag.py took 0.058 seconds
[2024-03-08T18:36:19.293+0000] {processor.py:161} INFO - Started process (PID=566) to work on /home/airflow/.local/lib/python3.8/site-packages/airflow/example_dags/example_sla_dag.py
[2024-03-08T18:36:19.294+0000] {processor.py:830} INFO - Processing file /home/airflow/.local/lib/python3.8/site-packages/airflow/example_dags/example_sla_dag.py for tasks to queue
[2024-03-08T18:36:19.295+0000] {logging_mixin.py:188} INFO - [2024-03-08T18:36:19.295+0000] {dagbag.py:540} INFO - Filling up the DagBag from /home/airflow/.local/lib/python3.8/site-packages/airflow/example_dags/example_sla_dag.py
[2024-03-08T18:36:19.303+0000] {processor.py:840} INFO - DAG(s) 'example_sla_dag' retrieved from /home/airflow/.local/lib/python3.8/site-packages/airflow/example_dags/example_sla_dag.py
[2024-03-08T18:36:19.320+0000] {logging_mixin.py:188} INFO - [2024-03-08T18:36:19.320+0000] {dag.py:3047} INFO - Sync 1 DAGs
[2024-03-08T18:36:19.343+0000] {logging_mixin.py:188} INFO - [2024-03-08T18:36:19.343+0000] {dag.py:3834} INFO - Setting next_dagrun for example_sla_dag to 2024-03-08 18:34:00+00:00, run_after=2024-03-08 18:36:00+00:00
[2024-03-08T18:36:19.358+0000] {processor.py:183} INFO - Processing /home/airflow/.local/lib/python3.8/site-packages/airflow/example_dags/example_sla_dag.py took 0.068 seconds
[2024-03-08T18:36:50.026+0000] {processor.py:161} INFO - Started process (PID=621) to work on /home/airflow/.local/lib/python3.8/site-packages/airflow/example_dags/example_sla_dag.py
[2024-03-08T18:36:50.026+0000] {processor.py:830} INFO - Processing file /home/airflow/.local/lib/python3.8/site-packages/airflow/example_dags/example_sla_dag.py for tasks to queue
[2024-03-08T18:36:50.028+0000] {logging_mixin.py:188} INFO - [2024-03-08T18:36:50.027+0000] {dagbag.py:540} INFO - Filling up the DagBag from /home/airflow/.local/lib/python3.8/site-packages/airflow/example_dags/example_sla_dag.py
[2024-03-08T18:36:50.035+0000] {processor.py:840} INFO - DAG(s) 'example_sla_dag' retrieved from /home/airflow/.local/lib/python3.8/site-packages/airflow/example_dags/example_sla_dag.py
[2024-03-08T18:36:50.052+0000] {logging_mixin.py:188} INFO - [2024-03-08T18:36:50.051+0000] {dag.py:3047} INFO - Sync 1 DAGs
[2024-03-08T18:36:50.073+0000] {logging_mixin.py:188} INFO - [2024-03-08T18:36:50.073+0000] {dag.py:3834} INFO - Setting next_dagrun for example_sla_dag to 2024-03-08 18:34:00+00:00, run_after=2024-03-08 18:36:00+00:00
[2024-03-08T18:36:50.096+0000] {processor.py:183} INFO - Processing /home/airflow/.local/lib/python3.8/site-packages/airflow/example_dags/example_sla_dag.py took 0.073 seconds
[2024-03-08T18:37:20.839+0000] {processor.py:161} INFO - Started process (PID=676) to work on /home/airflow/.local/lib/python3.8/site-packages/airflow/example_dags/example_sla_dag.py
[2024-03-08T18:37:20.840+0000] {processor.py:830} INFO - Processing file /home/airflow/.local/lib/python3.8/site-packages/airflow/example_dags/example_sla_dag.py for tasks to queue
[2024-03-08T18:37:20.842+0000] {logging_mixin.py:188} INFO - [2024-03-08T18:37:20.841+0000] {dagbag.py:540} INFO - Filling up the DagBag from /home/airflow/.local/lib/python3.8/site-packages/airflow/example_dags/example_sla_dag.py
[2024-03-08T18:37:20.849+0000] {processor.py:840} INFO - DAG(s) 'example_sla_dag' retrieved from /home/airflow/.local/lib/python3.8/site-packages/airflow/example_dags/example_sla_dag.py
[2024-03-08T18:37:20.867+0000] {logging_mixin.py:188} INFO - [2024-03-08T18:37:20.867+0000] {dag.py:3047} INFO - Sync 1 DAGs
[2024-03-08T18:37:20.892+0000] {logging_mixin.py:188} INFO - [2024-03-08T18:37:20.892+0000] {dag.py:3834} INFO - Setting next_dagrun for example_sla_dag to 2024-03-08 18:34:00+00:00, run_after=2024-03-08 18:36:00+00:00
[2024-03-08T18:37:20.907+0000] {processor.py:183} INFO - Processing /home/airflow/.local/lib/python3.8/site-packages/airflow/example_dags/example_sla_dag.py took 0.071 seconds
[2024-03-08T18:37:52.797+0000] {processor.py:161} INFO - Started process (PID=731) to work on /home/airflow/.local/lib/python3.8/site-packages/airflow/example_dags/example_sla_dag.py
[2024-03-08T18:37:52.798+0000] {processor.py:830} INFO - Processing file /home/airflow/.local/lib/python3.8/site-packages/airflow/example_dags/example_sla_dag.py for tasks to queue
[2024-03-08T18:37:52.799+0000] {logging_mixin.py:188} INFO - [2024-03-08T18:37:52.799+0000] {dagbag.py:540} INFO - Filling up the DagBag from /home/airflow/.local/lib/python3.8/site-packages/airflow/example_dags/example_sla_dag.py
[2024-03-08T18:37:52.805+0000] {processor.py:840} INFO - DAG(s) 'example_sla_dag' retrieved from /home/airflow/.local/lib/python3.8/site-packages/airflow/example_dags/example_sla_dag.py
[2024-03-08T18:37:52.823+0000] {logging_mixin.py:188} INFO - [2024-03-08T18:37:52.823+0000] {dag.py:3047} INFO - Sync 1 DAGs
[2024-03-08T18:37:52.894+0000] {logging_mixin.py:188} INFO - [2024-03-08T18:37:52.893+0000] {dag.py:3834} INFO - Setting next_dagrun for example_sla_dag to 2024-03-08 18:34:00+00:00, run_after=2024-03-08 18:36:00+00:00
[2024-03-08T18:37:52.910+0000] {processor.py:183} INFO - Processing /home/airflow/.local/lib/python3.8/site-packages/airflow/example_dags/example_sla_dag.py took 0.116 seconds
[2024-03-08T18:38:24.182+0000] {processor.py:161} INFO - Started process (PID=786) to work on /home/airflow/.local/lib/python3.8/site-packages/airflow/example_dags/example_sla_dag.py
[2024-03-08T18:38:24.183+0000] {processor.py:830} INFO - Processing file /home/airflow/.local/lib/python3.8/site-packages/airflow/example_dags/example_sla_dag.py for tasks to queue
[2024-03-08T18:38:24.185+0000] {logging_mixin.py:188} INFO - [2024-03-08T18:38:24.184+0000] {dagbag.py:540} INFO - Filling up the DagBag from /home/airflow/.local/lib/python3.8/site-packages/airflow/example_dags/example_sla_dag.py
[2024-03-08T18:38:24.194+0000] {processor.py:840} INFO - DAG(s) 'example_sla_dag' retrieved from /home/airflow/.local/lib/python3.8/site-packages/airflow/example_dags/example_sla_dag.py
[2024-03-08T18:38:24.215+0000] {logging_mixin.py:188} INFO - [2024-03-08T18:38:24.214+0000] {dag.py:3047} INFO - Sync 1 DAGs
[2024-03-08T18:38:24.242+0000] {logging_mixin.py:188} INFO - [2024-03-08T18:38:24.242+0000] {dag.py:3834} INFO - Setting next_dagrun for example_sla_dag to 2024-03-08 18:36:00+00:00, run_after=2024-03-08 18:38:00+00:00
[2024-03-08T18:38:24.260+0000] {processor.py:183} INFO - Processing /home/airflow/.local/lib/python3.8/site-packages/airflow/example_dags/example_sla_dag.py took 0.081 seconds
[2024-03-08T18:38:55.233+0000] {processor.py:161} INFO - Started process (PID=841) to work on /home/airflow/.local/lib/python3.8/site-packages/airflow/example_dags/example_sla_dag.py
[2024-03-08T18:38:55.234+0000] {processor.py:830} INFO - Processing file /home/airflow/.local/lib/python3.8/site-packages/airflow/example_dags/example_sla_dag.py for tasks to queue
[2024-03-08T18:38:55.236+0000] {logging_mixin.py:188} INFO - [2024-03-08T18:38:55.236+0000] {dagbag.py:540} INFO - Filling up the DagBag from /home/airflow/.local/lib/python3.8/site-packages/airflow/example_dags/example_sla_dag.py
[2024-03-08T18:38:55.244+0000] {processor.py:840} INFO - DAG(s) 'example_sla_dag' retrieved from /home/airflow/.local/lib/python3.8/site-packages/airflow/example_dags/example_sla_dag.py
[2024-03-08T18:38:55.308+0000] {logging_mixin.py:188} INFO - [2024-03-08T18:38:55.307+0000] {dag.py:3047} INFO - Sync 1 DAGs
[2024-03-08T18:38:55.334+0000] {logging_mixin.py:188} INFO - [2024-03-08T18:38:55.334+0000] {dag.py:3834} INFO - Setting next_dagrun for example_sla_dag to 2024-03-08 18:36:00+00:00, run_after=2024-03-08 18:38:00+00:00
[2024-03-08T18:38:55.350+0000] {processor.py:183} INFO - Processing /home/airflow/.local/lib/python3.8/site-packages/airflow/example_dags/example_sla_dag.py took 0.120 seconds
[2024-03-08T18:39:26.133+0000] {processor.py:161} INFO - Started process (PID=896) to work on /home/airflow/.local/lib/python3.8/site-packages/airflow/example_dags/example_sla_dag.py
[2024-03-08T18:39:26.134+0000] {processor.py:830} INFO - Processing file /home/airflow/.local/lib/python3.8/site-packages/airflow/example_dags/example_sla_dag.py for tasks to queue
[2024-03-08T18:39:26.135+0000] {logging_mixin.py:188} INFO - [2024-03-08T18:39:26.135+0000] {dagbag.py:540} INFO - Filling up the DagBag from /home/airflow/.local/lib/python3.8/site-packages/airflow/example_dags/example_sla_dag.py
[2024-03-08T18:39:26.141+0000] {processor.py:840} INFO - DAG(s) 'example_sla_dag' retrieved from /home/airflow/.local/lib/python3.8/site-packages/airflow/example_dags/example_sla_dag.py
[2024-03-08T18:39:26.159+0000] {logging_mixin.py:188} INFO - [2024-03-08T18:39:26.159+0000] {dag.py:3047} INFO - Sync 1 DAGs
[2024-03-08T18:39:26.181+0000] {logging_mixin.py:188} INFO - [2024-03-08T18:39:26.181+0000] {dag.py:3834} INFO - Setting next_dagrun for example_sla_dag to 2024-03-08 18:36:00+00:00, run_after=2024-03-08 18:38:00+00:00
[2024-03-08T18:39:26.195+0000] {processor.py:183} INFO - Processing /home/airflow/.local/lib/python3.8/site-packages/airflow/example_dags/example_sla_dag.py took 0.065 seconds
[2024-03-08T18:39:56.506+0000] {processor.py:161} INFO - Started process (PID=951) to work on /home/airflow/.local/lib/python3.8/site-packages/airflow/example_dags/example_sla_dag.py
[2024-03-08T18:39:56.507+0000] {processor.py:830} INFO - Processing file /home/airflow/.local/lib/python3.8/site-packages/airflow/example_dags/example_sla_dag.py for tasks to queue
[2024-03-08T18:39:56.508+0000] {logging_mixin.py:188} INFO - [2024-03-08T18:39:56.508+0000] {dagbag.py:540} INFO - Filling up the DagBag from /home/airflow/.local/lib/python3.8/site-packages/airflow/example_dags/example_sla_dag.py
[2024-03-08T18:39:56.515+0000] {processor.py:840} INFO - DAG(s) 'example_sla_dag' retrieved from /home/airflow/.local/lib/python3.8/site-packages/airflow/example_dags/example_sla_dag.py
[2024-03-08T18:39:56.532+0000] {logging_mixin.py:188} INFO - [2024-03-08T18:39:56.532+0000] {dag.py:3047} INFO - Sync 1 DAGs
[2024-03-08T18:39:56.552+0000] {logging_mixin.py:188} INFO - [2024-03-08T18:39:56.552+0000] {dag.py:3834} INFO - Setting next_dagrun for example_sla_dag to 2024-03-08 18:36:00+00:00, run_after=2024-03-08 18:38:00+00:00
[2024-03-08T18:39:56.567+0000] {processor.py:183} INFO - Processing /home/airflow/.local/lib/python3.8/site-packages/airflow/example_dags/example_sla_dag.py took 0.064 seconds
[2024-03-08T18:40:26.883+0000] {processor.py:161} INFO - Started process (PID=1006) to work on /home/airflow/.local/lib/python3.8/site-packages/airflow/example_dags/example_sla_dag.py
[2024-03-08T18:40:26.884+0000] {processor.py:830} INFO - Processing file /home/airflow/.local/lib/python3.8/site-packages/airflow/example_dags/example_sla_dag.py for tasks to queue
[2024-03-08T18:40:26.885+0000] {logging_mixin.py:188} INFO - [2024-03-08T18:40:26.885+0000] {dagbag.py:540} INFO - Filling up the DagBag from /home/airflow/.local/lib/python3.8/site-packages/airflow/example_dags/example_sla_dag.py
[2024-03-08T18:40:26.892+0000] {processor.py:840} INFO - DAG(s) 'example_sla_dag' retrieved from /home/airflow/.local/lib/python3.8/site-packages/airflow/example_dags/example_sla_dag.py
[2024-03-08T18:40:26.910+0000] {logging_mixin.py:188} INFO - [2024-03-08T18:40:26.910+0000] {dag.py:3047} INFO - Sync 1 DAGs
[2024-03-08T18:40:26.931+0000] {logging_mixin.py:188} INFO - [2024-03-08T18:40:26.930+0000] {dag.py:3834} INFO - Setting next_dagrun for example_sla_dag to 2024-03-08 18:38:00+00:00, run_after=2024-03-08 18:40:00+00:00
[2024-03-08T18:40:26.948+0000] {processor.py:183} INFO - Processing /home/airflow/.local/lib/python3.8/site-packages/airflow/example_dags/example_sla_dag.py took 0.068 seconds
[2024-03-08T18:40:57.290+0000] {processor.py:161} INFO - Started process (PID=1061) to work on /home/airflow/.local/lib/python3.8/site-packages/airflow/example_dags/example_sla_dag.py
[2024-03-08T18:40:57.291+0000] {processor.py:830} INFO - Processing file /home/airflow/.local/lib/python3.8/site-packages/airflow/example_dags/example_sla_dag.py for tasks to queue
[2024-03-08T18:40:57.292+0000] {logging_mixin.py:188} INFO - [2024-03-08T18:40:57.292+0000] {dagbag.py:540} INFO - Filling up the DagBag from /home/airflow/.local/lib/python3.8/site-packages/airflow/example_dags/example_sla_dag.py
[2024-03-08T18:40:57.299+0000] {processor.py:840} INFO - DAG(s) 'example_sla_dag' retrieved from /home/airflow/.local/lib/python3.8/site-packages/airflow/example_dags/example_sla_dag.py
[2024-03-08T18:40:57.317+0000] {logging_mixin.py:188} INFO - [2024-03-08T18:40:57.316+0000] {dag.py:3047} INFO - Sync 1 DAGs
[2024-03-08T18:40:57.338+0000] {logging_mixin.py:188} INFO - [2024-03-08T18:40:57.338+0000] {dag.py:3834} INFO - Setting next_dagrun for example_sla_dag to 2024-03-08 18:38:00+00:00, run_after=2024-03-08 18:40:00+00:00
[2024-03-08T18:40:57.352+0000] {processor.py:183} INFO - Processing /home/airflow/.local/lib/python3.8/site-packages/airflow/example_dags/example_sla_dag.py took 0.065 seconds
[2024-03-08T18:41:27.785+0000] {processor.py:161} INFO - Started process (PID=1116) to work on /home/airflow/.local/lib/python3.8/site-packages/airflow/example_dags/example_sla_dag.py
[2024-03-08T18:41:27.786+0000] {processor.py:830} INFO - Processing file /home/airflow/.local/lib/python3.8/site-packages/airflow/example_dags/example_sla_dag.py for tasks to queue
[2024-03-08T18:41:27.787+0000] {logging_mixin.py:188} INFO - [2024-03-08T18:41:27.787+0000] {dagbag.py:540} INFO - Filling up the DagBag from /home/airflow/.local/lib/python3.8/site-packages/airflow/example_dags/example_sla_dag.py
[2024-03-08T18:41:27.794+0000] {processor.py:840} INFO - DAG(s) 'example_sla_dag' retrieved from /home/airflow/.local/lib/python3.8/site-packages/airflow/example_dags/example_sla_dag.py
[2024-03-08T18:41:27.810+0000] {logging_mixin.py:188} INFO - [2024-03-08T18:41:27.809+0000] {dag.py:3047} INFO - Sync 1 DAGs
[2024-03-08T18:41:27.832+0000] {logging_mixin.py:188} INFO - [2024-03-08T18:41:27.832+0000] {dag.py:3834} INFO - Setting next_dagrun for example_sla_dag to 2024-03-08 18:38:00+00:00, run_after=2024-03-08 18:40:00+00:00
[2024-03-08T18:41:27.851+0000] {processor.py:183} INFO - Processing /home/airflow/.local/lib/python3.8/site-packages/airflow/example_dags/example_sla_dag.py took 0.068 seconds
[2024-03-08T18:41:58.135+0000] {processor.py:161} INFO - Started process (PID=1171) to work on /home/airflow/.local/lib/python3.8/site-packages/airflow/example_dags/example_sla_dag.py
[2024-03-08T18:41:58.136+0000] {processor.py:830} INFO - Processing file /home/airflow/.local/lib/python3.8/site-packages/airflow/example_dags/example_sla_dag.py for tasks to queue
[2024-03-08T18:41:58.138+0000] {logging_mixin.py:188} INFO - [2024-03-08T18:41:58.137+0000] {dagbag.py:540} INFO - Filling up the DagBag from /home/airflow/.local/lib/python3.8/site-packages/airflow/example_dags/example_sla_dag.py
[2024-03-08T18:41:58.144+0000] {processor.py:840} INFO - DAG(s) 'example_sla_dag' retrieved from /home/airflow/.local/lib/python3.8/site-packages/airflow/example_dags/example_sla_dag.py
[2024-03-08T18:41:58.161+0000] {logging_mixin.py:188} INFO - [2024-03-08T18:41:58.161+0000] {dag.py:3047} INFO - Sync 1 DAGs
[2024-03-08T18:41:58.185+0000] {logging_mixin.py:188} INFO - [2024-03-08T18:41:58.185+0000] {dag.py:3834} INFO - Setting next_dagrun for example_sla_dag to 2024-03-08 18:38:00+00:00, run_after=2024-03-08 18:40:00+00:00
[2024-03-08T18:41:58.202+0000] {processor.py:183} INFO - Processing /home/airflow/.local/lib/python3.8/site-packages/airflow/example_dags/example_sla_dag.py took 0.069 seconds
[2024-03-08T18:42:28.413+0000] {processor.py:161} INFO - Started process (PID=1226) to work on /home/airflow/.local/lib/python3.8/site-packages/airflow/example_dags/example_sla_dag.py
[2024-03-08T18:42:28.415+0000] {processor.py:830} INFO - Processing file /home/airflow/.local/lib/python3.8/site-packages/airflow/example_dags/example_sla_dag.py for tasks to queue
[2024-03-08T18:42:28.416+0000] {logging_mixin.py:188} INFO - [2024-03-08T18:42:28.416+0000] {dagbag.py:540} INFO - Filling up the DagBag from /home/airflow/.local/lib/python3.8/site-packages/airflow/example_dags/example_sla_dag.py
[2024-03-08T18:42:28.424+0000] {processor.py:840} INFO - DAG(s) 'example_sla_dag' retrieved from /home/airflow/.local/lib/python3.8/site-packages/airflow/example_dags/example_sla_dag.py
[2024-03-08T18:42:28.441+0000] {logging_mixin.py:188} INFO - [2024-03-08T18:42:28.441+0000] {dag.py:3047} INFO - Sync 1 DAGs
[2024-03-08T18:42:28.462+0000] {logging_mixin.py:188} INFO - [2024-03-08T18:42:28.462+0000] {dag.py:3834} INFO - Setting next_dagrun for example_sla_dag to 2024-03-08 18:40:00+00:00, run_after=2024-03-08 18:42:00+00:00
[2024-03-08T18:42:28.478+0000] {processor.py:183} INFO - Processing /home/airflow/.local/lib/python3.8/site-packages/airflow/example_dags/example_sla_dag.py took 0.067 seconds
[2024-03-08T18:42:58.568+0000] {processor.py:161} INFO - Started process (PID=1281) to work on /home/airflow/.local/lib/python3.8/site-packages/airflow/example_dags/example_sla_dag.py
[2024-03-08T18:42:58.569+0000] {processor.py:830} INFO - Processing file /home/airflow/.local/lib/python3.8/site-packages/airflow/example_dags/example_sla_dag.py for tasks to queue
[2024-03-08T18:42:58.570+0000] {logging_mixin.py:188} INFO - [2024-03-08T18:42:58.570+0000] {dagbag.py:540} INFO - Filling up the DagBag from /home/airflow/.local/lib/python3.8/site-packages/airflow/example_dags/example_sla_dag.py
[2024-03-08T18:42:58.577+0000] {processor.py:840} INFO - DAG(s) 'example_sla_dag' retrieved from /home/airflow/.local/lib/python3.8/site-packages/airflow/example_dags/example_sla_dag.py
[2024-03-08T18:42:58.594+0000] {logging_mixin.py:188} INFO - [2024-03-08T18:42:58.593+0000] {dag.py:3047} INFO - Sync 1 DAGs
[2024-03-08T18:42:58.620+0000] {logging_mixin.py:188} INFO - [2024-03-08T18:42:58.619+0000] {dag.py:3834} INFO - Setting next_dagrun for example_sla_dag to 2024-03-08 18:40:00+00:00, run_after=2024-03-08 18:42:00+00:00
[2024-03-08T18:42:58.634+0000] {processor.py:183} INFO - Processing /home/airflow/.local/lib/python3.8/site-packages/airflow/example_dags/example_sla_dag.py took 0.068 seconds
[2024-03-08T18:43:29.170+0000] {processor.py:161} INFO - Started process (PID=1336) to work on /home/airflow/.local/lib/python3.8/site-packages/airflow/example_dags/example_sla_dag.py
[2024-03-08T18:43:29.171+0000] {processor.py:830} INFO - Processing file /home/airflow/.local/lib/python3.8/site-packages/airflow/example_dags/example_sla_dag.py for tasks to queue
[2024-03-08T18:43:29.173+0000] {logging_mixin.py:188} INFO - [2024-03-08T18:43:29.172+0000] {dagbag.py:540} INFO - Filling up the DagBag from /home/airflow/.local/lib/python3.8/site-packages/airflow/example_dags/example_sla_dag.py
[2024-03-08T18:43:29.180+0000] {processor.py:840} INFO - DAG(s) 'example_sla_dag' retrieved from /home/airflow/.local/lib/python3.8/site-packages/airflow/example_dags/example_sla_dag.py
[2024-03-08T18:43:29.210+0000] {logging_mixin.py:188} INFO - [2024-03-08T18:43:29.209+0000] {dag.py:3047} INFO - Sync 1 DAGs
[2024-03-08T18:43:29.233+0000] {logging_mixin.py:188} INFO - [2024-03-08T18:43:29.233+0000] {dag.py:3834} INFO - Setting next_dagrun for example_sla_dag to 2024-03-08 18:40:00+00:00, run_after=2024-03-08 18:42:00+00:00
[2024-03-08T18:43:29.248+0000] {processor.py:183} INFO - Processing /home/airflow/.local/lib/python3.8/site-packages/airflow/example_dags/example_sla_dag.py took 0.080 seconds
[2024-03-08T18:43:59.505+0000] {processor.py:161} INFO - Started process (PID=1391) to work on /home/airflow/.local/lib/python3.8/site-packages/airflow/example_dags/example_sla_dag.py
[2024-03-08T18:43:59.506+0000] {processor.py:830} INFO - Processing file /home/airflow/.local/lib/python3.8/site-packages/airflow/example_dags/example_sla_dag.py for tasks to queue
[2024-03-08T18:43:59.508+0000] {logging_mixin.py:188} INFO - [2024-03-08T18:43:59.507+0000] {dagbag.py:540} INFO - Filling up the DagBag from /home/airflow/.local/lib/python3.8/site-packages/airflow/example_dags/example_sla_dag.py
[2024-03-08T18:43:59.515+0000] {processor.py:840} INFO - DAG(s) 'example_sla_dag' retrieved from /home/airflow/.local/lib/python3.8/site-packages/airflow/example_dags/example_sla_dag.py
[2024-03-08T18:43:59.532+0000] {logging_mixin.py:188} INFO - [2024-03-08T18:43:59.532+0000] {dag.py:3047} INFO - Sync 1 DAGs
[2024-03-08T18:43:59.553+0000] {logging_mixin.py:188} INFO - [2024-03-08T18:43:59.553+0000] {dag.py:3834} INFO - Setting next_dagrun for example_sla_dag to 2024-03-08 18:40:00+00:00, run_after=2024-03-08 18:42:00+00:00
[2024-03-08T18:43:59.568+0000] {processor.py:183} INFO - Processing /home/airflow/.local/lib/python3.8/site-packages/airflow/example_dags/example_sla_dag.py took 0.065 seconds
[2024-03-08T18:44:29.655+0000] {processor.py:161} INFO - Started process (PID=1446) to work on /home/airflow/.local/lib/python3.8/site-packages/airflow/example_dags/example_sla_dag.py
[2024-03-08T18:44:29.656+0000] {processor.py:830} INFO - Processing file /home/airflow/.local/lib/python3.8/site-packages/airflow/example_dags/example_sla_dag.py for tasks to queue
[2024-03-08T18:44:29.657+0000] {logging_mixin.py:188} INFO - [2024-03-08T18:44:29.657+0000] {dagbag.py:540} INFO - Filling up the DagBag from /home/airflow/.local/lib/python3.8/site-packages/airflow/example_dags/example_sla_dag.py
[2024-03-08T18:44:29.664+0000] {processor.py:840} INFO - DAG(s) 'example_sla_dag' retrieved from /home/airflow/.local/lib/python3.8/site-packages/airflow/example_dags/example_sla_dag.py
[2024-03-08T18:44:29.680+0000] {logging_mixin.py:188} INFO - [2024-03-08T18:44:29.680+0000] {dag.py:3047} INFO - Sync 1 DAGs
[2024-03-08T18:44:29.703+0000] {logging_mixin.py:188} INFO - [2024-03-08T18:44:29.702+0000] {dag.py:3834} INFO - Setting next_dagrun for example_sla_dag to 2024-03-08 18:42:00+00:00, run_after=2024-03-08 18:44:00+00:00
[2024-03-08T18:44:29.718+0000] {processor.py:183} INFO - Processing /home/airflow/.local/lib/python3.8/site-packages/airflow/example_dags/example_sla_dag.py took 0.065 seconds
[2024-03-08T18:44:59.877+0000] {processor.py:161} INFO - Started process (PID=1501) to work on /home/airflow/.local/lib/python3.8/site-packages/airflow/example_dags/example_sla_dag.py
[2024-03-08T18:44:59.878+0000] {processor.py:830} INFO - Processing file /home/airflow/.local/lib/python3.8/site-packages/airflow/example_dags/example_sla_dag.py for tasks to queue
[2024-03-08T18:44:59.879+0000] {logging_mixin.py:188} INFO - [2024-03-08T18:44:59.879+0000] {dagbag.py:540} INFO - Filling up the DagBag from /home/airflow/.local/lib/python3.8/site-packages/airflow/example_dags/example_sla_dag.py
[2024-03-08T18:44:59.886+0000] {processor.py:840} INFO - DAG(s) 'example_sla_dag' retrieved from /home/airflow/.local/lib/python3.8/site-packages/airflow/example_dags/example_sla_dag.py
[2024-03-08T18:44:59.902+0000] {logging_mixin.py:188} INFO - [2024-03-08T18:44:59.901+0000] {dag.py:3047} INFO - Sync 1 DAGs
[2024-03-08T18:44:59.921+0000] {logging_mixin.py:188} INFO - [2024-03-08T18:44:59.921+0000] {dag.py:3834} INFO - Setting next_dagrun for example_sla_dag to 2024-03-08 18:42:00+00:00, run_after=2024-03-08 18:44:00+00:00
[2024-03-08T18:44:59.934+0000] {processor.py:183} INFO - Processing /home/airflow/.local/lib/python3.8/site-packages/airflow/example_dags/example_sla_dag.py took 0.060 seconds
[2024-03-08T18:45:30.112+0000] {processor.py:161} INFO - Started process (PID=1556) to work on /home/airflow/.local/lib/python3.8/site-packages/airflow/example_dags/example_sla_dag.py
[2024-03-08T18:45:30.113+0000] {processor.py:830} INFO - Processing file /home/airflow/.local/lib/python3.8/site-packages/airflow/example_dags/example_sla_dag.py for tasks to queue
[2024-03-08T18:45:30.114+0000] {logging_mixin.py:188} INFO - [2024-03-08T18:45:30.114+0000] {dagbag.py:540} INFO - Filling up the DagBag from /home/airflow/.local/lib/python3.8/site-packages/airflow/example_dags/example_sla_dag.py
[2024-03-08T18:45:30.121+0000] {processor.py:840} INFO - DAG(s) 'example_sla_dag' retrieved from /home/airflow/.local/lib/python3.8/site-packages/airflow/example_dags/example_sla_dag.py
[2024-03-08T18:45:30.138+0000] {logging_mixin.py:188} INFO - [2024-03-08T18:45:30.137+0000] {dag.py:3047} INFO - Sync 1 DAGs
[2024-03-08T18:45:30.157+0000] {logging_mixin.py:188} INFO - [2024-03-08T18:45:30.157+0000] {dag.py:3834} INFO - Setting next_dagrun for example_sla_dag to 2024-03-08 18:42:00+00:00, run_after=2024-03-08 18:44:00+00:00
[2024-03-08T18:45:30.170+0000] {processor.py:183} INFO - Processing /home/airflow/.local/lib/python3.8/site-packages/airflow/example_dags/example_sla_dag.py took 0.060 seconds
[2024-03-08T18:46:00.616+0000] {processor.py:161} INFO - Started process (PID=1611) to work on /home/airflow/.local/lib/python3.8/site-packages/airflow/example_dags/example_sla_dag.py
[2024-03-08T18:46:00.617+0000] {processor.py:830} INFO - Processing file /home/airflow/.local/lib/python3.8/site-packages/airflow/example_dags/example_sla_dag.py for tasks to queue
[2024-03-08T18:46:00.619+0000] {logging_mixin.py:188} INFO - [2024-03-08T18:46:00.618+0000] {dagbag.py:540} INFO - Filling up the DagBag from /home/airflow/.local/lib/python3.8/site-packages/airflow/example_dags/example_sla_dag.py
[2024-03-08T18:46:00.625+0000] {processor.py:840} INFO - DAG(s) 'example_sla_dag' retrieved from /home/airflow/.local/lib/python3.8/site-packages/airflow/example_dags/example_sla_dag.py
[2024-03-08T18:46:00.642+0000] {logging_mixin.py:188} INFO - [2024-03-08T18:46:00.641+0000] {dag.py:3047} INFO - Sync 1 DAGs
[2024-03-08T18:46:00.694+0000] {logging_mixin.py:188} INFO - [2024-03-08T18:46:00.694+0000] {dag.py:3834} INFO - Setting next_dagrun for example_sla_dag to 2024-03-08 18:44:00+00:00, run_after=2024-03-08 18:46:00+00:00
[2024-03-08T18:46:00.713+0000] {processor.py:183} INFO - Processing /home/airflow/.local/lib/python3.8/site-packages/airflow/example_dags/example_sla_dag.py took 0.099 seconds
[2024-03-08T18:46:31.585+0000] {processor.py:161} INFO - Started process (PID=1672) to work on /home/airflow/.local/lib/python3.8/site-packages/airflow/example_dags/example_sla_dag.py
[2024-03-08T18:46:31.586+0000] {processor.py:830} INFO - Processing file /home/airflow/.local/lib/python3.8/site-packages/airflow/example_dags/example_sla_dag.py for tasks to queue
[2024-03-08T18:46:31.587+0000] {logging_mixin.py:188} INFO - [2024-03-08T18:46:31.587+0000] {dagbag.py:540} INFO - Filling up the DagBag from /home/airflow/.local/lib/python3.8/site-packages/airflow/example_dags/example_sla_dag.py
[2024-03-08T18:46:31.593+0000] {processor.py:840} INFO - DAG(s) 'example_sla_dag' retrieved from /home/airflow/.local/lib/python3.8/site-packages/airflow/example_dags/example_sla_dag.py
[2024-03-08T18:46:31.608+0000] {logging_mixin.py:188} INFO - [2024-03-08T18:46:31.608+0000] {dag.py:3047} INFO - Sync 1 DAGs
[2024-03-08T18:46:31.628+0000] {logging_mixin.py:188} INFO - [2024-03-08T18:46:31.628+0000] {dag.py:3834} INFO - Setting next_dagrun for example_sla_dag to 2024-03-08 18:44:00+00:00, run_after=2024-03-08 18:46:00+00:00
[2024-03-08T18:46:31.641+0000] {processor.py:183} INFO - Processing /home/airflow/.local/lib/python3.8/site-packages/airflow/example_dags/example_sla_dag.py took 0.059 seconds
[2024-03-08T18:47:02.397+0000] {processor.py:161} INFO - Started process (PID=1727) to work on /home/airflow/.local/lib/python3.8/site-packages/airflow/example_dags/example_sla_dag.py
[2024-03-08T18:47:02.397+0000] {processor.py:830} INFO - Processing file /home/airflow/.local/lib/python3.8/site-packages/airflow/example_dags/example_sla_dag.py for tasks to queue
[2024-03-08T18:47:02.399+0000] {logging_mixin.py:188} INFO - [2024-03-08T18:47:02.398+0000] {dagbag.py:540} INFO - Filling up the DagBag from /home/airflow/.local/lib/python3.8/site-packages/airflow/example_dags/example_sla_dag.py
[2024-03-08T18:47:02.406+0000] {processor.py:840} INFO - DAG(s) 'example_sla_dag' retrieved from /home/airflow/.local/lib/python3.8/site-packages/airflow/example_dags/example_sla_dag.py
[2024-03-08T18:47:02.426+0000] {logging_mixin.py:188} INFO - [2024-03-08T18:47:02.426+0000] {dag.py:3047} INFO - Sync 1 DAGs
[2024-03-08T18:47:02.450+0000] {logging_mixin.py:188} INFO - [2024-03-08T18:47:02.449+0000] {dag.py:3834} INFO - Setting next_dagrun for example_sla_dag to 2024-03-08 18:44:00+00:00, run_after=2024-03-08 18:46:00+00:00
[2024-03-08T18:47:02.468+0000] {processor.py:183} INFO - Processing /home/airflow/.local/lib/python3.8/site-packages/airflow/example_dags/example_sla_dag.py took 0.074 seconds
[2024-03-08T18:47:33.100+0000] {processor.py:161} INFO - Started process (PID=1782) to work on /home/airflow/.local/lib/python3.8/site-packages/airflow/example_dags/example_sla_dag.py
[2024-03-08T18:47:33.101+0000] {processor.py:830} INFO - Processing file /home/airflow/.local/lib/python3.8/site-packages/airflow/example_dags/example_sla_dag.py for tasks to queue
[2024-03-08T18:47:33.102+0000] {logging_mixin.py:188} INFO - [2024-03-08T18:47:33.102+0000] {dagbag.py:540} INFO - Filling up the DagBag from /home/airflow/.local/lib/python3.8/site-packages/airflow/example_dags/example_sla_dag.py
[2024-03-08T18:47:33.109+0000] {processor.py:840} INFO - DAG(s) 'example_sla_dag' retrieved from /home/airflow/.local/lib/python3.8/site-packages/airflow/example_dags/example_sla_dag.py
[2024-03-08T18:47:33.126+0000] {logging_mixin.py:188} INFO - [2024-03-08T18:47:33.126+0000] {dag.py:3047} INFO - Sync 1 DAGs
[2024-03-08T18:47:33.150+0000] {logging_mixin.py:188} INFO - [2024-03-08T18:47:33.150+0000] {dag.py:3834} INFO - Setting next_dagrun for example_sla_dag to 2024-03-08 18:44:00+00:00, run_after=2024-03-08 18:46:00+00:00
[2024-03-08T18:47:33.200+0000] {processor.py:183} INFO - Processing /home/airflow/.local/lib/python3.8/site-packages/airflow/example_dags/example_sla_dag.py took 0.102 seconds
[2024-03-08T18:48:03.319+0000] {processor.py:161} INFO - Started process (PID=1837) to work on /home/airflow/.local/lib/python3.8/site-packages/airflow/example_dags/example_sla_dag.py
[2024-03-08T18:48:03.320+0000] {processor.py:830} INFO - Processing file /home/airflow/.local/lib/python3.8/site-packages/airflow/example_dags/example_sla_dag.py for tasks to queue
[2024-03-08T18:48:03.321+0000] {logging_mixin.py:188} INFO - [2024-03-08T18:48:03.321+0000] {dagbag.py:540} INFO - Filling up the DagBag from /home/airflow/.local/lib/python3.8/site-packages/airflow/example_dags/example_sla_dag.py
[2024-03-08T18:48:03.328+0000] {processor.py:840} INFO - DAG(s) 'example_sla_dag' retrieved from /home/airflow/.local/lib/python3.8/site-packages/airflow/example_dags/example_sla_dag.py
[2024-03-08T18:48:03.345+0000] {logging_mixin.py:188} INFO - [2024-03-08T18:48:03.345+0000] {dag.py:3047} INFO - Sync 1 DAGs
[2024-03-08T18:48:03.368+0000] {logging_mixin.py:188} INFO - [2024-03-08T18:48:03.368+0000] {dag.py:3834} INFO - Setting next_dagrun for example_sla_dag to 2024-03-08 18:46:00+00:00, run_after=2024-03-08 18:48:00+00:00
[2024-03-08T18:48:03.384+0000] {processor.py:183} INFO - Processing /home/airflow/.local/lib/python3.8/site-packages/airflow/example_dags/example_sla_dag.py took 0.068 seconds
[2024-03-08T18:48:33.402+0000] {processor.py:161} INFO - Started process (PID=1892) to work on /home/airflow/.local/lib/python3.8/site-packages/airflow/example_dags/example_sla_dag.py
[2024-03-08T18:48:33.403+0000] {processor.py:830} INFO - Processing file /home/airflow/.local/lib/python3.8/site-packages/airflow/example_dags/example_sla_dag.py for tasks to queue
[2024-03-08T18:48:33.405+0000] {logging_mixin.py:188} INFO - [2024-03-08T18:48:33.404+0000] {dagbag.py:540} INFO - Filling up the DagBag from /home/airflow/.local/lib/python3.8/site-packages/airflow/example_dags/example_sla_dag.py
[2024-03-08T18:48:33.411+0000] {processor.py:840} INFO - DAG(s) 'example_sla_dag' retrieved from /home/airflow/.local/lib/python3.8/site-packages/airflow/example_dags/example_sla_dag.py
[2024-03-08T18:48:33.426+0000] {logging_mixin.py:188} INFO - [2024-03-08T18:48:33.426+0000] {dag.py:3047} INFO - Sync 1 DAGs
[2024-03-08T18:48:33.447+0000] {logging_mixin.py:188} INFO - [2024-03-08T18:48:33.446+0000] {dag.py:3834} INFO - Setting next_dagrun for example_sla_dag to 2024-03-08 18:46:00+00:00, run_after=2024-03-08 18:48:00+00:00
[2024-03-08T18:48:33.461+0000] {processor.py:183} INFO - Processing /home/airflow/.local/lib/python3.8/site-packages/airflow/example_dags/example_sla_dag.py took 0.061 seconds
[2024-03-08T18:49:03.834+0000] {processor.py:161} INFO - Started process (PID=1947) to work on /home/airflow/.local/lib/python3.8/site-packages/airflow/example_dags/example_sla_dag.py
[2024-03-08T18:49:03.835+0000] {processor.py:830} INFO - Processing file /home/airflow/.local/lib/python3.8/site-packages/airflow/example_dags/example_sla_dag.py for tasks to queue
[2024-03-08T18:49:03.836+0000] {logging_mixin.py:188} INFO - [2024-03-08T18:49:03.836+0000] {dagbag.py:540} INFO - Filling up the DagBag from /home/airflow/.local/lib/python3.8/site-packages/airflow/example_dags/example_sla_dag.py
[2024-03-08T18:49:03.843+0000] {processor.py:840} INFO - DAG(s) 'example_sla_dag' retrieved from /home/airflow/.local/lib/python3.8/site-packages/airflow/example_dags/example_sla_dag.py
[2024-03-08T18:49:03.864+0000] {logging_mixin.py:188} INFO - [2024-03-08T18:49:03.864+0000] {dag.py:3047} INFO - Sync 1 DAGs
[2024-03-08T18:49:03.889+0000] {logging_mixin.py:188} INFO - [2024-03-08T18:49:03.889+0000] {dag.py:3834} INFO - Setting next_dagrun for example_sla_dag to 2024-03-08 18:46:00+00:00, run_after=2024-03-08 18:48:00+00:00
[2024-03-08T18:49:03.905+0000] {processor.py:183} INFO - Processing /home/airflow/.local/lib/python3.8/site-packages/airflow/example_dags/example_sla_dag.py took 0.073 seconds
[2024-03-08T18:49:34.206+0000] {processor.py:161} INFO - Started process (PID=2002) to work on /home/airflow/.local/lib/python3.8/site-packages/airflow/example_dags/example_sla_dag.py
[2024-03-08T18:49:34.206+0000] {processor.py:830} INFO - Processing file /home/airflow/.local/lib/python3.8/site-packages/airflow/example_dags/example_sla_dag.py for tasks to queue
[2024-03-08T18:49:34.208+0000] {logging_mixin.py:188} INFO - [2024-03-08T18:49:34.208+0000] {dagbag.py:540} INFO - Filling up the DagBag from /home/airflow/.local/lib/python3.8/site-packages/airflow/example_dags/example_sla_dag.py
[2024-03-08T18:49:34.215+0000] {processor.py:840} INFO - DAG(s) 'example_sla_dag' retrieved from /home/airflow/.local/lib/python3.8/site-packages/airflow/example_dags/example_sla_dag.py
[2024-03-08T18:49:34.231+0000] {logging_mixin.py:188} INFO - [2024-03-08T18:49:34.231+0000] {dag.py:3047} INFO - Sync 1 DAGs
[2024-03-08T18:49:34.252+0000] {logging_mixin.py:188} INFO - [2024-03-08T18:49:34.252+0000] {dag.py:3834} INFO - Setting next_dagrun for example_sla_dag to 2024-03-08 18:46:00+00:00, run_after=2024-03-08 18:48:00+00:00
[2024-03-08T18:49:34.266+0000] {processor.py:183} INFO - Processing /home/airflow/.local/lib/python3.8/site-packages/airflow/example_dags/example_sla_dag.py took 0.063 seconds
[2024-03-08T18:50:04.844+0000] {processor.py:161} INFO - Started process (PID=2057) to work on /home/airflow/.local/lib/python3.8/site-packages/airflow/example_dags/example_sla_dag.py
[2024-03-08T18:50:04.845+0000] {processor.py:830} INFO - Processing file /home/airflow/.local/lib/python3.8/site-packages/airflow/example_dags/example_sla_dag.py for tasks to queue
[2024-03-08T18:50:04.847+0000] {logging_mixin.py:188} INFO - [2024-03-08T18:50:04.846+0000] {dagbag.py:540} INFO - Filling up the DagBag from /home/airflow/.local/lib/python3.8/site-packages/airflow/example_dags/example_sla_dag.py
[2024-03-08T18:50:04.854+0000] {processor.py:840} INFO - DAG(s) 'example_sla_dag' retrieved from /home/airflow/.local/lib/python3.8/site-packages/airflow/example_dags/example_sla_dag.py
[2024-03-08T18:50:04.872+0000] {logging_mixin.py:188} INFO - [2024-03-08T18:50:04.872+0000] {dag.py:3047} INFO - Sync 1 DAGs
[2024-03-08T18:50:04.893+0000] {logging_mixin.py:188} INFO - [2024-03-08T18:50:04.893+0000] {dag.py:3834} INFO - Setting next_dagrun for example_sla_dag to 2024-03-08 18:48:00+00:00, run_after=2024-03-08 18:50:00+00:00
[2024-03-08T18:50:04.910+0000] {processor.py:183} INFO - Processing /home/airflow/.local/lib/python3.8/site-packages/airflow/example_dags/example_sla_dag.py took 0.069 seconds
[2024-03-08T18:50:35.316+0000] {processor.py:161} INFO - Started process (PID=2112) to work on /home/airflow/.local/lib/python3.8/site-packages/airflow/example_dags/example_sla_dag.py
[2024-03-08T18:50:35.317+0000] {processor.py:830} INFO - Processing file /home/airflow/.local/lib/python3.8/site-packages/airflow/example_dags/example_sla_dag.py for tasks to queue
[2024-03-08T18:50:35.318+0000] {logging_mixin.py:188} INFO - [2024-03-08T18:50:35.318+0000] {dagbag.py:540} INFO - Filling up the DagBag from /home/airflow/.local/lib/python3.8/site-packages/airflow/example_dags/example_sla_dag.py
[2024-03-08T18:50:35.324+0000] {processor.py:840} INFO - DAG(s) 'example_sla_dag' retrieved from /home/airflow/.local/lib/python3.8/site-packages/airflow/example_dags/example_sla_dag.py
[2024-03-08T18:50:35.340+0000] {logging_mixin.py:188} INFO - [2024-03-08T18:50:35.340+0000] {dag.py:3047} INFO - Sync 1 DAGs
[2024-03-08T18:50:35.360+0000] {logging_mixin.py:188} INFO - [2024-03-08T18:50:35.360+0000] {dag.py:3834} INFO - Setting next_dagrun for example_sla_dag to 2024-03-08 18:48:00+00:00, run_after=2024-03-08 18:50:00+00:00
[2024-03-08T18:50:35.374+0000] {processor.py:183} INFO - Processing /home/airflow/.local/lib/python3.8/site-packages/airflow/example_dags/example_sla_dag.py took 0.060 seconds
[2024-03-08T18:51:05.674+0000] {processor.py:161} INFO - Started process (PID=2167) to work on /home/airflow/.local/lib/python3.8/site-packages/airflow/example_dags/example_sla_dag.py
[2024-03-08T18:51:05.675+0000] {processor.py:830} INFO - Processing file /home/airflow/.local/lib/python3.8/site-packages/airflow/example_dags/example_sla_dag.py for tasks to queue
[2024-03-08T18:51:05.676+0000] {logging_mixin.py:188} INFO - [2024-03-08T18:51:05.676+0000] {dagbag.py:540} INFO - Filling up the DagBag from /home/airflow/.local/lib/python3.8/site-packages/airflow/example_dags/example_sla_dag.py
[2024-03-08T18:51:05.682+0000] {processor.py:840} INFO - DAG(s) 'example_sla_dag' retrieved from /home/airflow/.local/lib/python3.8/site-packages/airflow/example_dags/example_sla_dag.py
[2024-03-08T18:51:05.698+0000] {logging_mixin.py:188} INFO - [2024-03-08T18:51:05.698+0000] {dag.py:3047} INFO - Sync 1 DAGs
[2024-03-08T18:51:05.719+0000] {logging_mixin.py:188} INFO - [2024-03-08T18:51:05.719+0000] {dag.py:3834} INFO - Setting next_dagrun for example_sla_dag to 2024-03-08 18:48:00+00:00, run_after=2024-03-08 18:50:00+00:00
[2024-03-08T18:51:05.732+0000] {processor.py:183} INFO - Processing /home/airflow/.local/lib/python3.8/site-packages/airflow/example_dags/example_sla_dag.py took 0.060 seconds
[2024-03-08T18:51:36.068+0000] {processor.py:161} INFO - Started process (PID=2222) to work on /home/airflow/.local/lib/python3.8/site-packages/airflow/example_dags/example_sla_dag.py
[2024-03-08T18:51:36.070+0000] {processor.py:830} INFO - Processing file /home/airflow/.local/lib/python3.8/site-packages/airflow/example_dags/example_sla_dag.py for tasks to queue
[2024-03-08T18:51:36.071+0000] {logging_mixin.py:188} INFO - [2024-03-08T18:51:36.071+0000] {dagbag.py:540} INFO - Filling up the DagBag from /home/airflow/.local/lib/python3.8/site-packages/airflow/example_dags/example_sla_dag.py
[2024-03-08T18:51:36.078+0000] {processor.py:840} INFO - DAG(s) 'example_sla_dag' retrieved from /home/airflow/.local/lib/python3.8/site-packages/airflow/example_dags/example_sla_dag.py
[2024-03-08T18:51:36.096+0000] {logging_mixin.py:188} INFO - [2024-03-08T18:51:36.096+0000] {dag.py:3047} INFO - Sync 1 DAGs
[2024-03-08T18:51:36.117+0000] {logging_mixin.py:188} INFO - [2024-03-08T18:51:36.116+0000] {dag.py:3834} INFO - Setting next_dagrun for example_sla_dag to 2024-03-08 18:48:00+00:00, run_after=2024-03-08 18:50:00+00:00
[2024-03-08T18:51:36.134+0000] {processor.py:183} INFO - Processing /home/airflow/.local/lib/python3.8/site-packages/airflow/example_dags/example_sla_dag.py took 0.068 seconds
[2024-03-08T18:52:06.578+0000] {processor.py:161} INFO - Started process (PID=2277) to work on /home/airflow/.local/lib/python3.8/site-packages/airflow/example_dags/example_sla_dag.py
[2024-03-08T18:52:06.579+0000] {processor.py:830} INFO - Processing file /home/airflow/.local/lib/python3.8/site-packages/airflow/example_dags/example_sla_dag.py for tasks to queue
[2024-03-08T18:52:06.580+0000] {logging_mixin.py:188} INFO - [2024-03-08T18:52:06.580+0000] {dagbag.py:540} INFO - Filling up the DagBag from /home/airflow/.local/lib/python3.8/site-packages/airflow/example_dags/example_sla_dag.py
[2024-03-08T18:52:06.589+0000] {processor.py:840} INFO - DAG(s) 'example_sla_dag' retrieved from /home/airflow/.local/lib/python3.8/site-packages/airflow/example_dags/example_sla_dag.py
[2024-03-08T18:52:06.606+0000] {logging_mixin.py:188} INFO - [2024-03-08T18:52:06.605+0000] {dag.py:3047} INFO - Sync 1 DAGs
[2024-03-08T18:52:06.632+0000] {logging_mixin.py:188} INFO - [2024-03-08T18:52:06.632+0000] {dag.py:3834} INFO - Setting next_dagrun for example_sla_dag to 2024-03-08 18:50:00+00:00, run_after=2024-03-08 18:52:00+00:00
[2024-03-08T18:52:06.647+0000] {processor.py:183} INFO - Processing /home/airflow/.local/lib/python3.8/site-packages/airflow/example_dags/example_sla_dag.py took 0.072 seconds
[2024-03-08T18:52:36.857+0000] {processor.py:161} INFO - Started process (PID=2332) to work on /home/airflow/.local/lib/python3.8/site-packages/airflow/example_dags/example_sla_dag.py
[2024-03-08T18:52:36.859+0000] {processor.py:830} INFO - Processing file /home/airflow/.local/lib/python3.8/site-packages/airflow/example_dags/example_sla_dag.py for tasks to queue
[2024-03-08T18:52:36.861+0000] {logging_mixin.py:188} INFO - [2024-03-08T18:52:36.860+0000] {dagbag.py:540} INFO - Filling up the DagBag from /home/airflow/.local/lib/python3.8/site-packages/airflow/example_dags/example_sla_dag.py
[2024-03-08T18:52:36.869+0000] {processor.py:840} INFO - DAG(s) 'example_sla_dag' retrieved from /home/airflow/.local/lib/python3.8/site-packages/airflow/example_dags/example_sla_dag.py
[2024-03-08T18:52:36.884+0000] {logging_mixin.py:188} INFO - [2024-03-08T18:52:36.884+0000] {dag.py:3047} INFO - Sync 1 DAGs
[2024-03-08T18:52:36.908+0000] {logging_mixin.py:188} INFO - [2024-03-08T18:52:36.908+0000] {dag.py:3834} INFO - Setting next_dagrun for example_sla_dag to 2024-03-08 18:50:00+00:00, run_after=2024-03-08 18:52:00+00:00
[2024-03-08T18:52:36.923+0000] {processor.py:183} INFO - Processing /home/airflow/.local/lib/python3.8/site-packages/airflow/example_dags/example_sla_dag.py took 0.069 seconds
[2024-03-08T18:53:07.312+0000] {processor.py:161} INFO - Started process (PID=2387) to work on /home/airflow/.local/lib/python3.8/site-packages/airflow/example_dags/example_sla_dag.py
[2024-03-08T18:53:07.313+0000] {processor.py:830} INFO - Processing file /home/airflow/.local/lib/python3.8/site-packages/airflow/example_dags/example_sla_dag.py for tasks to queue
[2024-03-08T18:53:07.315+0000] {logging_mixin.py:188} INFO - [2024-03-08T18:53:07.315+0000] {dagbag.py:540} INFO - Filling up the DagBag from /home/airflow/.local/lib/python3.8/site-packages/airflow/example_dags/example_sla_dag.py
[2024-03-08T18:53:07.323+0000] {processor.py:840} INFO - DAG(s) 'example_sla_dag' retrieved from /home/airflow/.local/lib/python3.8/site-packages/airflow/example_dags/example_sla_dag.py
[2024-03-08T18:53:07.343+0000] {logging_mixin.py:188} INFO - [2024-03-08T18:53:07.343+0000] {dag.py:3047} INFO - Sync 1 DAGs
[2024-03-08T18:53:07.370+0000] {logging_mixin.py:188} INFO - [2024-03-08T18:53:07.370+0000] {dag.py:3834} INFO - Setting next_dagrun for example_sla_dag to 2024-03-08 18:50:00+00:00, run_after=2024-03-08 18:52:00+00:00
[2024-03-08T18:53:07.388+0000] {processor.py:183} INFO - Processing /home/airflow/.local/lib/python3.8/site-packages/airflow/example_dags/example_sla_dag.py took 0.078 seconds
[2024-03-08T18:53:37.935+0000] {processor.py:161} INFO - Started process (PID=2442) to work on /home/airflow/.local/lib/python3.8/site-packages/airflow/example_dags/example_sla_dag.py
[2024-03-08T18:53:37.936+0000] {processor.py:830} INFO - Processing file /home/airflow/.local/lib/python3.8/site-packages/airflow/example_dags/example_sla_dag.py for tasks to queue
[2024-03-08T18:53:37.937+0000] {logging_mixin.py:188} INFO - [2024-03-08T18:53:37.937+0000] {dagbag.py:540} INFO - Filling up the DagBag from /home/airflow/.local/lib/python3.8/site-packages/airflow/example_dags/example_sla_dag.py
[2024-03-08T18:53:37.945+0000] {processor.py:840} INFO - DAG(s) 'example_sla_dag' retrieved from /home/airflow/.local/lib/python3.8/site-packages/airflow/example_dags/example_sla_dag.py
[2024-03-08T18:53:37.965+0000] {logging_mixin.py:188} INFO - [2024-03-08T18:53:37.965+0000] {dag.py:3047} INFO - Sync 1 DAGs
[2024-03-08T18:53:37.992+0000] {logging_mixin.py:188} INFO - [2024-03-08T18:53:37.991+0000] {dag.py:3834} INFO - Setting next_dagrun for example_sla_dag to 2024-03-08 18:50:00+00:00, run_after=2024-03-08 18:52:00+00:00
[2024-03-08T18:53:38.012+0000] {processor.py:183} INFO - Processing /home/airflow/.local/lib/python3.8/site-packages/airflow/example_dags/example_sla_dag.py took 0.079 seconds
[2024-03-08T18:54:08.747+0000] {processor.py:161} INFO - Started process (PID=2497) to work on /home/airflow/.local/lib/python3.8/site-packages/airflow/example_dags/example_sla_dag.py
[2024-03-08T18:54:08.748+0000] {processor.py:830} INFO - Processing file /home/airflow/.local/lib/python3.8/site-packages/airflow/example_dags/example_sla_dag.py for tasks to queue
[2024-03-08T18:54:08.750+0000] {logging_mixin.py:188} INFO - [2024-03-08T18:54:08.750+0000] {dagbag.py:540} INFO - Filling up the DagBag from /home/airflow/.local/lib/python3.8/site-packages/airflow/example_dags/example_sla_dag.py
[2024-03-08T18:54:08.758+0000] {processor.py:840} INFO - DAG(s) 'example_sla_dag' retrieved from /home/airflow/.local/lib/python3.8/site-packages/airflow/example_dags/example_sla_dag.py
[2024-03-08T18:54:08.780+0000] {logging_mixin.py:188} INFO - [2024-03-08T18:54:08.780+0000] {dag.py:3047} INFO - Sync 1 DAGs
[2024-03-08T18:54:08.806+0000] {logging_mixin.py:188} INFO - [2024-03-08T18:54:08.806+0000] {dag.py:3834} INFO - Setting next_dagrun for example_sla_dag to 2024-03-08 18:52:00+00:00, run_after=2024-03-08 18:54:00+00:00
[2024-03-08T18:54:08.825+0000] {processor.py:183} INFO - Processing /home/airflow/.local/lib/python3.8/site-packages/airflow/example_dags/example_sla_dag.py took 0.081 seconds
[2024-03-08T18:54:38.960+0000] {processor.py:161} INFO - Started process (PID=2552) to work on /home/airflow/.local/lib/python3.8/site-packages/airflow/example_dags/example_sla_dag.py
[2024-03-08T18:54:38.961+0000] {processor.py:830} INFO - Processing file /home/airflow/.local/lib/python3.8/site-packages/airflow/example_dags/example_sla_dag.py for tasks to queue
[2024-03-08T18:54:38.962+0000] {logging_mixin.py:188} INFO - [2024-03-08T18:54:38.962+0000] {dagbag.py:540} INFO - Filling up the DagBag from /home/airflow/.local/lib/python3.8/site-packages/airflow/example_dags/example_sla_dag.py
[2024-03-08T18:54:38.968+0000] {processor.py:840} INFO - DAG(s) 'example_sla_dag' retrieved from /home/airflow/.local/lib/python3.8/site-packages/airflow/example_dags/example_sla_dag.py
[2024-03-08T18:54:38.984+0000] {logging_mixin.py:188} INFO - [2024-03-08T18:54:38.984+0000] {dag.py:3047} INFO - Sync 1 DAGs
[2024-03-08T18:54:39.005+0000] {logging_mixin.py:188} INFO - [2024-03-08T18:54:39.005+0000] {dag.py:3834} INFO - Setting next_dagrun for example_sla_dag to 2024-03-08 18:52:00+00:00, run_after=2024-03-08 18:54:00+00:00
[2024-03-08T18:54:39.019+0000] {processor.py:183} INFO - Processing /home/airflow/.local/lib/python3.8/site-packages/airflow/example_dags/example_sla_dag.py took 0.061 seconds
[2024-03-08T18:55:09.207+0000] {processor.py:161} INFO - Started process (PID=2607) to work on /home/airflow/.local/lib/python3.8/site-packages/airflow/example_dags/example_sla_dag.py
[2024-03-08T18:55:09.208+0000] {processor.py:830} INFO - Processing file /home/airflow/.local/lib/python3.8/site-packages/airflow/example_dags/example_sla_dag.py for tasks to queue
[2024-03-08T18:55:09.210+0000] {logging_mixin.py:188} INFO - [2024-03-08T18:55:09.209+0000] {dagbag.py:540} INFO - Filling up the DagBag from /home/airflow/.local/lib/python3.8/site-packages/airflow/example_dags/example_sla_dag.py
[2024-03-08T18:55:09.216+0000] {processor.py:840} INFO - DAG(s) 'example_sla_dag' retrieved from /home/airflow/.local/lib/python3.8/site-packages/airflow/example_dags/example_sla_dag.py
[2024-03-08T18:55:09.233+0000] {logging_mixin.py:188} INFO - [2024-03-08T18:55:09.233+0000] {dag.py:3047} INFO - Sync 1 DAGs
[2024-03-08T18:55:09.256+0000] {logging_mixin.py:188} INFO - [2024-03-08T18:55:09.255+0000] {dag.py:3834} INFO - Setting next_dagrun for example_sla_dag to 2024-03-08 18:52:00+00:00, run_after=2024-03-08 18:54:00+00:00
[2024-03-08T18:55:09.285+0000] {processor.py:183} INFO - Processing /home/airflow/.local/lib/python3.8/site-packages/airflow/example_dags/example_sla_dag.py took 0.080 seconds
[2024-03-08T18:55:39.596+0000] {processor.py:161} INFO - Started process (PID=2662) to work on /home/airflow/.local/lib/python3.8/site-packages/airflow/example_dags/example_sla_dag.py
[2024-03-08T18:55:39.597+0000] {processor.py:830} INFO - Processing file /home/airflow/.local/lib/python3.8/site-packages/airflow/example_dags/example_sla_dag.py for tasks to queue
[2024-03-08T18:55:39.598+0000] {logging_mixin.py:188} INFO - [2024-03-08T18:55:39.598+0000] {dagbag.py:540} INFO - Filling up the DagBag from /home/airflow/.local/lib/python3.8/site-packages/airflow/example_dags/example_sla_dag.py
[2024-03-08T18:55:39.604+0000] {processor.py:840} INFO - DAG(s) 'example_sla_dag' retrieved from /home/airflow/.local/lib/python3.8/site-packages/airflow/example_dags/example_sla_dag.py
[2024-03-08T18:55:39.622+0000] {logging_mixin.py:188} INFO - [2024-03-08T18:55:39.621+0000] {dag.py:3047} INFO - Sync 1 DAGs
[2024-03-08T18:55:39.643+0000] {logging_mixin.py:188} INFO - [2024-03-08T18:55:39.642+0000] {dag.py:3834} INFO - Setting next_dagrun for example_sla_dag to 2024-03-08 18:52:00+00:00, run_after=2024-03-08 18:54:00+00:00
[2024-03-08T18:55:39.656+0000] {processor.py:183} INFO - Processing /home/airflow/.local/lib/python3.8/site-packages/airflow/example_dags/example_sla_dag.py took 0.063 seconds
[2024-03-08T18:56:09.868+0000] {processor.py:161} INFO - Started process (PID=2717) to work on /home/airflow/.local/lib/python3.8/site-packages/airflow/example_dags/example_sla_dag.py
[2024-03-08T18:56:09.868+0000] {processor.py:830} INFO - Processing file /home/airflow/.local/lib/python3.8/site-packages/airflow/example_dags/example_sla_dag.py for tasks to queue
[2024-03-08T18:56:09.870+0000] {logging_mixin.py:188} INFO - [2024-03-08T18:56:09.869+0000] {dagbag.py:540} INFO - Filling up the DagBag from /home/airflow/.local/lib/python3.8/site-packages/airflow/example_dags/example_sla_dag.py
[2024-03-08T18:56:09.876+0000] {processor.py:840} INFO - DAG(s) 'example_sla_dag' retrieved from /home/airflow/.local/lib/python3.8/site-packages/airflow/example_dags/example_sla_dag.py
[2024-03-08T18:56:09.892+0000] {logging_mixin.py:188} INFO - [2024-03-08T18:56:09.892+0000] {dag.py:3047} INFO - Sync 1 DAGs
[2024-03-08T18:56:09.911+0000] {logging_mixin.py:188} INFO - [2024-03-08T18:56:09.911+0000] {dag.py:3834} INFO - Setting next_dagrun for example_sla_dag to 2024-03-08 18:54:00+00:00, run_after=2024-03-08 18:56:00+00:00
[2024-03-08T18:56:09.924+0000] {processor.py:183} INFO - Processing /home/airflow/.local/lib/python3.8/site-packages/airflow/example_dags/example_sla_dag.py took 0.059 seconds
[2024-03-08T18:56:40.317+0000] {processor.py:161} INFO - Started process (PID=2772) to work on /home/airflow/.local/lib/python3.8/site-packages/airflow/example_dags/example_sla_dag.py
[2024-03-08T18:56:40.318+0000] {processor.py:830} INFO - Processing file /home/airflow/.local/lib/python3.8/site-packages/airflow/example_dags/example_sla_dag.py for tasks to queue
[2024-03-08T18:56:40.320+0000] {logging_mixin.py:188} INFO - [2024-03-08T18:56:40.320+0000] {dagbag.py:540} INFO - Filling up the DagBag from /home/airflow/.local/lib/python3.8/site-packages/airflow/example_dags/example_sla_dag.py
[2024-03-08T18:56:40.328+0000] {processor.py:840} INFO - DAG(s) 'example_sla_dag' retrieved from /home/airflow/.local/lib/python3.8/site-packages/airflow/example_dags/example_sla_dag.py
[2024-03-08T18:56:40.344+0000] {logging_mixin.py:188} INFO - [2024-03-08T18:56:40.344+0000] {dag.py:3047} INFO - Sync 1 DAGs
[2024-03-08T18:56:40.367+0000] {logging_mixin.py:188} INFO - [2024-03-08T18:56:40.367+0000] {dag.py:3834} INFO - Setting next_dagrun for example_sla_dag to 2024-03-08 18:54:00+00:00, run_after=2024-03-08 18:56:00+00:00
[2024-03-08T18:56:40.382+0000] {processor.py:183} INFO - Processing /home/airflow/.local/lib/python3.8/site-packages/airflow/example_dags/example_sla_dag.py took 0.068 seconds
[2024-03-08T18:57:10.853+0000] {processor.py:161} INFO - Started process (PID=2827) to work on /home/airflow/.local/lib/python3.8/site-packages/airflow/example_dags/example_sla_dag.py
[2024-03-08T18:57:10.854+0000] {processor.py:830} INFO - Processing file /home/airflow/.local/lib/python3.8/site-packages/airflow/example_dags/example_sla_dag.py for tasks to queue
[2024-03-08T18:57:10.856+0000] {logging_mixin.py:188} INFO - [2024-03-08T18:57:10.855+0000] {dagbag.py:540} INFO - Filling up the DagBag from /home/airflow/.local/lib/python3.8/site-packages/airflow/example_dags/example_sla_dag.py
[2024-03-08T18:57:10.864+0000] {processor.py:840} INFO - DAG(s) 'example_sla_dag' retrieved from /home/airflow/.local/lib/python3.8/site-packages/airflow/example_dags/example_sla_dag.py
[2024-03-08T18:57:10.882+0000] {logging_mixin.py:188} INFO - [2024-03-08T18:57:10.882+0000] {dag.py:3047} INFO - Sync 1 DAGs
[2024-03-08T18:57:10.907+0000] {logging_mixin.py:188} INFO - [2024-03-08T18:57:10.907+0000] {dag.py:3834} INFO - Setting next_dagrun for example_sla_dag to 2024-03-08 18:54:00+00:00, run_after=2024-03-08 18:56:00+00:00
[2024-03-08T18:57:10.923+0000] {processor.py:183} INFO - Processing /home/airflow/.local/lib/python3.8/site-packages/airflow/example_dags/example_sla_dag.py took 0.073 seconds
[2024-03-08T18:57:41.186+0000] {processor.py:161} INFO - Started process (PID=2882) to work on /home/airflow/.local/lib/python3.8/site-packages/airflow/example_dags/example_sla_dag.py
[2024-03-08T18:57:41.187+0000] {processor.py:830} INFO - Processing file /home/airflow/.local/lib/python3.8/site-packages/airflow/example_dags/example_sla_dag.py for tasks to queue
[2024-03-08T18:57:41.188+0000] {logging_mixin.py:188} INFO - [2024-03-08T18:57:41.188+0000] {dagbag.py:540} INFO - Filling up the DagBag from /home/airflow/.local/lib/python3.8/site-packages/airflow/example_dags/example_sla_dag.py
[2024-03-08T18:57:41.196+0000] {processor.py:840} INFO - DAG(s) 'example_sla_dag' retrieved from /home/airflow/.local/lib/python3.8/site-packages/airflow/example_dags/example_sla_dag.py
[2024-03-08T18:57:41.213+0000] {logging_mixin.py:188} INFO - [2024-03-08T18:57:41.212+0000] {dag.py:3047} INFO - Sync 1 DAGs
[2024-03-08T18:57:41.234+0000] {logging_mixin.py:188} INFO - [2024-03-08T18:57:41.233+0000] {dag.py:3834} INFO - Setting next_dagrun for example_sla_dag to 2024-03-08 18:54:00+00:00, run_after=2024-03-08 18:56:00+00:00
[2024-03-08T18:57:41.247+0000] {processor.py:183} INFO - Processing /home/airflow/.local/lib/python3.8/site-packages/airflow/example_dags/example_sla_dag.py took 0.064 seconds
[2024-03-08T18:58:11.514+0000] {processor.py:161} INFO - Started process (PID=2937) to work on /home/airflow/.local/lib/python3.8/site-packages/airflow/example_dags/example_sla_dag.py
[2024-03-08T18:58:11.515+0000] {processor.py:830} INFO - Processing file /home/airflow/.local/lib/python3.8/site-packages/airflow/example_dags/example_sla_dag.py for tasks to queue
[2024-03-08T18:58:11.516+0000] {logging_mixin.py:188} INFO - [2024-03-08T18:58:11.516+0000] {dagbag.py:540} INFO - Filling up the DagBag from /home/airflow/.local/lib/python3.8/site-packages/airflow/example_dags/example_sla_dag.py
[2024-03-08T18:58:11.524+0000] {processor.py:840} INFO - DAG(s) 'example_sla_dag' retrieved from /home/airflow/.local/lib/python3.8/site-packages/airflow/example_dags/example_sla_dag.py
[2024-03-08T18:58:11.540+0000] {logging_mixin.py:188} INFO - [2024-03-08T18:58:11.540+0000] {dag.py:3047} INFO - Sync 1 DAGs
[2024-03-08T18:58:11.560+0000] {logging_mixin.py:188} INFO - [2024-03-08T18:58:11.559+0000] {dag.py:3834} INFO - Setting next_dagrun for example_sla_dag to 2024-03-08 18:56:00+00:00, run_after=2024-03-08 18:58:00+00:00
[2024-03-08T18:58:11.574+0000] {processor.py:183} INFO - Processing /home/airflow/.local/lib/python3.8/site-packages/airflow/example_dags/example_sla_dag.py took 0.064 seconds
[2024-03-08T18:58:41.935+0000] {processor.py:161} INFO - Started process (PID=2992) to work on /home/airflow/.local/lib/python3.8/site-packages/airflow/example_dags/example_sla_dag.py
[2024-03-08T18:58:41.936+0000] {processor.py:830} INFO - Processing file /home/airflow/.local/lib/python3.8/site-packages/airflow/example_dags/example_sla_dag.py for tasks to queue
[2024-03-08T18:58:41.937+0000] {logging_mixin.py:188} INFO - [2024-03-08T18:58:41.937+0000] {dagbag.py:540} INFO - Filling up the DagBag from /home/airflow/.local/lib/python3.8/site-packages/airflow/example_dags/example_sla_dag.py
[2024-03-08T18:58:41.943+0000] {processor.py:840} INFO - DAG(s) 'example_sla_dag' retrieved from /home/airflow/.local/lib/python3.8/site-packages/airflow/example_dags/example_sla_dag.py
[2024-03-08T18:58:41.960+0000] {logging_mixin.py:188} INFO - [2024-03-08T18:58:41.960+0000] {dag.py:3047} INFO - Sync 1 DAGs
[2024-03-08T18:58:41.983+0000] {logging_mixin.py:188} INFO - [2024-03-08T18:58:41.983+0000] {dag.py:3834} INFO - Setting next_dagrun for example_sla_dag to 2024-03-08 18:56:00+00:00, run_after=2024-03-08 18:58:00+00:00
[2024-03-08T18:58:42.010+0000] {processor.py:183} INFO - Processing /home/airflow/.local/lib/python3.8/site-packages/airflow/example_dags/example_sla_dag.py took 0.077 seconds
[2024-03-08T18:59:12.765+0000] {processor.py:161} INFO - Started process (PID=3047) to work on /home/airflow/.local/lib/python3.8/site-packages/airflow/example_dags/example_sla_dag.py
[2024-03-08T18:59:12.766+0000] {processor.py:830} INFO - Processing file /home/airflow/.local/lib/python3.8/site-packages/airflow/example_dags/example_sla_dag.py for tasks to queue
[2024-03-08T18:59:12.767+0000] {logging_mixin.py:188} INFO - [2024-03-08T18:59:12.767+0000] {dagbag.py:540} INFO - Filling up the DagBag from /home/airflow/.local/lib/python3.8/site-packages/airflow/example_dags/example_sla_dag.py
[2024-03-08T18:59:12.774+0000] {processor.py:840} INFO - DAG(s) 'example_sla_dag' retrieved from /home/airflow/.local/lib/python3.8/site-packages/airflow/example_dags/example_sla_dag.py
[2024-03-08T18:59:12.788+0000] {logging_mixin.py:188} INFO - [2024-03-08T18:59:12.788+0000] {dag.py:3047} INFO - Sync 1 DAGs
[2024-03-08T18:59:12.817+0000] {logging_mixin.py:188} INFO - [2024-03-08T18:59:12.816+0000] {dag.py:3834} INFO - Setting next_dagrun for example_sla_dag to 2024-03-08 18:56:00+00:00, run_after=2024-03-08 18:58:00+00:00
[2024-03-08T18:59:12.833+0000] {processor.py:183} INFO - Processing /home/airflow/.local/lib/python3.8/site-packages/airflow/example_dags/example_sla_dag.py took 0.070 seconds
[2024-03-08T18:59:43.607+0000] {processor.py:161} INFO - Started process (PID=3102) to work on /home/airflow/.local/lib/python3.8/site-packages/airflow/example_dags/example_sla_dag.py
[2024-03-08T18:59:43.609+0000] {processor.py:830} INFO - Processing file /home/airflow/.local/lib/python3.8/site-packages/airflow/example_dags/example_sla_dag.py for tasks to queue
[2024-03-08T18:59:43.610+0000] {logging_mixin.py:188} INFO - [2024-03-08T18:59:43.610+0000] {dagbag.py:540} INFO - Filling up the DagBag from /home/airflow/.local/lib/python3.8/site-packages/airflow/example_dags/example_sla_dag.py
[2024-03-08T18:59:43.620+0000] {processor.py:840} INFO - DAG(s) 'example_sla_dag' retrieved from /home/airflow/.local/lib/python3.8/site-packages/airflow/example_dags/example_sla_dag.py
[2024-03-08T18:59:43.639+0000] {logging_mixin.py:188} INFO - [2024-03-08T18:59:43.639+0000] {dag.py:3047} INFO - Sync 1 DAGs
[2024-03-08T18:59:43.663+0000] {logging_mixin.py:188} INFO - [2024-03-08T18:59:43.663+0000] {dag.py:3834} INFO - Setting next_dagrun for example_sla_dag to 2024-03-08 18:56:00+00:00, run_after=2024-03-08 18:58:00+00:00
[2024-03-08T18:59:43.685+0000] {processor.py:183} INFO - Processing /home/airflow/.local/lib/python3.8/site-packages/airflow/example_dags/example_sla_dag.py took 0.081 seconds
[2024-03-08T19:00:14.169+0000] {processor.py:161} INFO - Started process (PID=3157) to work on /home/airflow/.local/lib/python3.8/site-packages/airflow/example_dags/example_sla_dag.py
[2024-03-08T19:00:14.170+0000] {processor.py:830} INFO - Processing file /home/airflow/.local/lib/python3.8/site-packages/airflow/example_dags/example_sla_dag.py for tasks to queue
[2024-03-08T19:00:14.171+0000] {logging_mixin.py:188} INFO - [2024-03-08T19:00:14.171+0000] {dagbag.py:540} INFO - Filling up the DagBag from /home/airflow/.local/lib/python3.8/site-packages/airflow/example_dags/example_sla_dag.py
[2024-03-08T19:00:14.178+0000] {processor.py:840} INFO - DAG(s) 'example_sla_dag' retrieved from /home/airflow/.local/lib/python3.8/site-packages/airflow/example_dags/example_sla_dag.py
[2024-03-08T19:00:14.196+0000] {logging_mixin.py:188} INFO - [2024-03-08T19:00:14.196+0000] {dag.py:3047} INFO - Sync 1 DAGs
[2024-03-08T19:00:14.219+0000] {logging_mixin.py:188} INFO - [2024-03-08T19:00:14.218+0000] {dag.py:3834} INFO - Setting next_dagrun for example_sla_dag to 2024-03-08 18:58:00+00:00, run_after=2024-03-08 19:00:00+00:00
[2024-03-08T19:00:14.237+0000] {processor.py:183} INFO - Processing /home/airflow/.local/lib/python3.8/site-packages/airflow/example_dags/example_sla_dag.py took 0.070 seconds
[2024-03-08T19:00:44.810+0000] {processor.py:161} INFO - Started process (PID=3212) to work on /home/airflow/.local/lib/python3.8/site-packages/airflow/example_dags/example_sla_dag.py
[2024-03-08T19:00:44.811+0000] {processor.py:830} INFO - Processing file /home/airflow/.local/lib/python3.8/site-packages/airflow/example_dags/example_sla_dag.py for tasks to queue
[2024-03-08T19:00:44.813+0000] {logging_mixin.py:188} INFO - [2024-03-08T19:00:44.813+0000] {dagbag.py:540} INFO - Filling up the DagBag from /home/airflow/.local/lib/python3.8/site-packages/airflow/example_dags/example_sla_dag.py
[2024-03-08T19:00:44.820+0000] {processor.py:840} INFO - DAG(s) 'example_sla_dag' retrieved from /home/airflow/.local/lib/python3.8/site-packages/airflow/example_dags/example_sla_dag.py
[2024-03-08T19:00:44.838+0000] {logging_mixin.py:188} INFO - [2024-03-08T19:00:44.838+0000] {dag.py:3047} INFO - Sync 1 DAGs
[2024-03-08T19:00:44.863+0000] {logging_mixin.py:188} INFO - [2024-03-08T19:00:44.863+0000] {dag.py:3834} INFO - Setting next_dagrun for example_sla_dag to 2024-03-08 18:58:00+00:00, run_after=2024-03-08 19:00:00+00:00
[2024-03-08T19:00:45.007+0000] {processor.py:183} INFO - Processing /home/airflow/.local/lib/python3.8/site-packages/airflow/example_dags/example_sla_dag.py took 0.200 seconds
[2024-03-08T19:01:15.474+0000] {processor.py:161} INFO - Started process (PID=3267) to work on /home/airflow/.local/lib/python3.8/site-packages/airflow/example_dags/example_sla_dag.py
[2024-03-08T19:01:15.475+0000] {processor.py:830} INFO - Processing file /home/airflow/.local/lib/python3.8/site-packages/airflow/example_dags/example_sla_dag.py for tasks to queue
[2024-03-08T19:01:15.477+0000] {logging_mixin.py:188} INFO - [2024-03-08T19:01:15.476+0000] {dagbag.py:540} INFO - Filling up the DagBag from /home/airflow/.local/lib/python3.8/site-packages/airflow/example_dags/example_sla_dag.py
[2024-03-08T19:01:15.485+0000] {processor.py:840} INFO - DAG(s) 'example_sla_dag' retrieved from /home/airflow/.local/lib/python3.8/site-packages/airflow/example_dags/example_sla_dag.py
[2024-03-08T19:01:15.505+0000] {logging_mixin.py:188} INFO - [2024-03-08T19:01:15.505+0000] {dag.py:3047} INFO - Sync 1 DAGs
[2024-03-08T19:01:15.527+0000] {logging_mixin.py:188} INFO - [2024-03-08T19:01:15.527+0000] {dag.py:3834} INFO - Setting next_dagrun for example_sla_dag to 2024-03-08 18:58:00+00:00, run_after=2024-03-08 19:00:00+00:00
[2024-03-08T19:01:15.662+0000] {processor.py:183} INFO - Processing /home/airflow/.local/lib/python3.8/site-packages/airflow/example_dags/example_sla_dag.py took 0.191 seconds
[2024-03-08T19:01:46.527+0000] {processor.py:161} INFO - Started process (PID=3322) to work on /home/airflow/.local/lib/python3.8/site-packages/airflow/example_dags/example_sla_dag.py
[2024-03-08T19:01:46.528+0000] {processor.py:830} INFO - Processing file /home/airflow/.local/lib/python3.8/site-packages/airflow/example_dags/example_sla_dag.py for tasks to queue
[2024-03-08T19:01:46.530+0000] {logging_mixin.py:188} INFO - [2024-03-08T19:01:46.530+0000] {dagbag.py:540} INFO - Filling up the DagBag from /home/airflow/.local/lib/python3.8/site-packages/airflow/example_dags/example_sla_dag.py
[2024-03-08T19:01:46.537+0000] {processor.py:840} INFO - DAG(s) 'example_sla_dag' retrieved from /home/airflow/.local/lib/python3.8/site-packages/airflow/example_dags/example_sla_dag.py
[2024-03-08T19:01:46.554+0000] {logging_mixin.py:188} INFO - [2024-03-08T19:01:46.554+0000] {dag.py:3047} INFO - Sync 1 DAGs
[2024-03-08T19:01:46.576+0000] {logging_mixin.py:188} INFO - [2024-03-08T19:01:46.576+0000] {dag.py:3834} INFO - Setting next_dagrun for example_sla_dag to 2024-03-08 18:58:00+00:00, run_after=2024-03-08 19:00:00+00:00
[2024-03-08T19:01:46.593+0000] {processor.py:183} INFO - Processing /home/airflow/.local/lib/python3.8/site-packages/airflow/example_dags/example_sla_dag.py took 0.068 seconds
[2024-03-08T19:02:17.331+0000] {processor.py:161} INFO - Started process (PID=3377) to work on /home/airflow/.local/lib/python3.8/site-packages/airflow/example_dags/example_sla_dag.py
[2024-03-08T19:02:17.332+0000] {processor.py:830} INFO - Processing file /home/airflow/.local/lib/python3.8/site-packages/airflow/example_dags/example_sla_dag.py for tasks to queue
[2024-03-08T19:02:17.334+0000] {logging_mixin.py:188} INFO - [2024-03-08T19:02:17.334+0000] {dagbag.py:540} INFO - Filling up the DagBag from /home/airflow/.local/lib/python3.8/site-packages/airflow/example_dags/example_sla_dag.py
[2024-03-08T19:02:17.343+0000] {processor.py:840} INFO - DAG(s) 'example_sla_dag' retrieved from /home/airflow/.local/lib/python3.8/site-packages/airflow/example_dags/example_sla_dag.py
[2024-03-08T19:02:17.362+0000] {logging_mixin.py:188} INFO - [2024-03-08T19:02:17.362+0000] {dag.py:3047} INFO - Sync 1 DAGs
[2024-03-08T19:02:17.387+0000] {logging_mixin.py:188} INFO - [2024-03-08T19:02:17.387+0000] {dag.py:3834} INFO - Setting next_dagrun for example_sla_dag to 2024-03-08 19:00:00+00:00, run_after=2024-03-08 19:02:00+00:00
[2024-03-08T19:02:17.402+0000] {processor.py:183} INFO - Processing /home/airflow/.local/lib/python3.8/site-packages/airflow/example_dags/example_sla_dag.py took 0.074 seconds
[2024-03-08T19:02:48.339+0000] {processor.py:161} INFO - Started process (PID=3432) to work on /home/airflow/.local/lib/python3.8/site-packages/airflow/example_dags/example_sla_dag.py
[2024-03-08T19:02:48.340+0000] {processor.py:830} INFO - Processing file /home/airflow/.local/lib/python3.8/site-packages/airflow/example_dags/example_sla_dag.py for tasks to queue
[2024-03-08T19:02:48.341+0000] {logging_mixin.py:188} INFO - [2024-03-08T19:02:48.341+0000] {dagbag.py:540} INFO - Filling up the DagBag from /home/airflow/.local/lib/python3.8/site-packages/airflow/example_dags/example_sla_dag.py
[2024-03-08T19:02:48.350+0000] {processor.py:840} INFO - DAG(s) 'example_sla_dag' retrieved from /home/airflow/.local/lib/python3.8/site-packages/airflow/example_dags/example_sla_dag.py
[2024-03-08T19:02:48.373+0000] {logging_mixin.py:188} INFO - [2024-03-08T19:02:48.372+0000] {dag.py:3047} INFO - Sync 1 DAGs
[2024-03-08T19:02:48.399+0000] {logging_mixin.py:188} INFO - [2024-03-08T19:02:48.399+0000] {dag.py:3834} INFO - Setting next_dagrun for example_sla_dag to 2024-03-08 19:00:00+00:00, run_after=2024-03-08 19:02:00+00:00
[2024-03-08T19:02:48.420+0000] {processor.py:183} INFO - Processing /home/airflow/.local/lib/python3.8/site-packages/airflow/example_dags/example_sla_dag.py took 0.084 seconds
[2024-03-08T19:03:18.592+0000] {processor.py:161} INFO - Started process (PID=3487) to work on /home/airflow/.local/lib/python3.8/site-packages/airflow/example_dags/example_sla_dag.py
[2024-03-08T19:03:18.593+0000] {processor.py:830} INFO - Processing file /home/airflow/.local/lib/python3.8/site-packages/airflow/example_dags/example_sla_dag.py for tasks to queue
[2024-03-08T19:03:18.595+0000] {logging_mixin.py:188} INFO - [2024-03-08T19:03:18.594+0000] {dagbag.py:540} INFO - Filling up the DagBag from /home/airflow/.local/lib/python3.8/site-packages/airflow/example_dags/example_sla_dag.py
[2024-03-08T19:03:18.605+0000] {processor.py:840} INFO - DAG(s) 'example_sla_dag' retrieved from /home/airflow/.local/lib/python3.8/site-packages/airflow/example_dags/example_sla_dag.py
[2024-03-08T19:03:18.629+0000] {logging_mixin.py:188} INFO - [2024-03-08T19:03:18.629+0000] {dag.py:3047} INFO - Sync 1 DAGs
[2024-03-08T19:03:18.659+0000] {logging_mixin.py:188} INFO - [2024-03-08T19:03:18.659+0000] {dag.py:3834} INFO - Setting next_dagrun for example_sla_dag to 2024-03-08 19:00:00+00:00, run_after=2024-03-08 19:02:00+00:00
[2024-03-08T19:03:18.679+0000] {processor.py:183} INFO - Processing /home/airflow/.local/lib/python3.8/site-packages/airflow/example_dags/example_sla_dag.py took 0.090 seconds
[2024-03-08T19:03:49.469+0000] {processor.py:161} INFO - Started process (PID=3542) to work on /home/airflow/.local/lib/python3.8/site-packages/airflow/example_dags/example_sla_dag.py
[2024-03-08T19:03:49.470+0000] {processor.py:830} INFO - Processing file /home/airflow/.local/lib/python3.8/site-packages/airflow/example_dags/example_sla_dag.py for tasks to queue
[2024-03-08T19:03:49.472+0000] {logging_mixin.py:188} INFO - [2024-03-08T19:03:49.472+0000] {dagbag.py:540} INFO - Filling up the DagBag from /home/airflow/.local/lib/python3.8/site-packages/airflow/example_dags/example_sla_dag.py
[2024-03-08T19:03:49.482+0000] {processor.py:840} INFO - DAG(s) 'example_sla_dag' retrieved from /home/airflow/.local/lib/python3.8/site-packages/airflow/example_dags/example_sla_dag.py
[2024-03-08T19:03:49.503+0000] {logging_mixin.py:188} INFO - [2024-03-08T19:03:49.503+0000] {dag.py:3047} INFO - Sync 1 DAGs
[2024-03-08T19:03:49.529+0000] {logging_mixin.py:188} INFO - [2024-03-08T19:03:49.529+0000] {dag.py:3834} INFO - Setting next_dagrun for example_sla_dag to 2024-03-08 19:00:00+00:00, run_after=2024-03-08 19:02:00+00:00
[2024-03-08T19:03:49.546+0000] {processor.py:183} INFO - Processing /home/airflow/.local/lib/python3.8/site-packages/airflow/example_dags/example_sla_dag.py took 0.080 seconds
[2024-03-08T19:04:19.601+0000] {processor.py:161} INFO - Started process (PID=3597) to work on /home/airflow/.local/lib/python3.8/site-packages/airflow/example_dags/example_sla_dag.py
[2024-03-08T19:04:19.602+0000] {processor.py:830} INFO - Processing file /home/airflow/.local/lib/python3.8/site-packages/airflow/example_dags/example_sla_dag.py for tasks to queue
[2024-03-08T19:04:19.604+0000] {logging_mixin.py:188} INFO - [2024-03-08T19:04:19.603+0000] {dagbag.py:540} INFO - Filling up the DagBag from /home/airflow/.local/lib/python3.8/site-packages/airflow/example_dags/example_sla_dag.py
[2024-03-08T19:04:19.615+0000] {processor.py:840} INFO - DAG(s) 'example_sla_dag' retrieved from /home/airflow/.local/lib/python3.8/site-packages/airflow/example_dags/example_sla_dag.py
[2024-03-08T19:04:19.636+0000] {logging_mixin.py:188} INFO - [2024-03-08T19:04:19.635+0000] {dag.py:3047} INFO - Sync 1 DAGs
[2024-03-08T19:04:19.656+0000] {logging_mixin.py:188} INFO - [2024-03-08T19:04:19.656+0000] {dag.py:3834} INFO - Setting next_dagrun for example_sla_dag to 2024-03-08 19:02:00+00:00, run_after=2024-03-08 19:04:00+00:00
[2024-03-08T19:04:19.670+0000] {processor.py:183} INFO - Processing /home/airflow/.local/lib/python3.8/site-packages/airflow/example_dags/example_sla_dag.py took 0.074 seconds
[2024-03-08T19:04:49.836+0000] {processor.py:161} INFO - Started process (PID=3652) to work on /home/airflow/.local/lib/python3.8/site-packages/airflow/example_dags/example_sla_dag.py
[2024-03-08T19:04:49.837+0000] {processor.py:830} INFO - Processing file /home/airflow/.local/lib/python3.8/site-packages/airflow/example_dags/example_sla_dag.py for tasks to queue
[2024-03-08T19:04:49.838+0000] {logging_mixin.py:188} INFO - [2024-03-08T19:04:49.838+0000] {dagbag.py:540} INFO - Filling up the DagBag from /home/airflow/.local/lib/python3.8/site-packages/airflow/example_dags/example_sla_dag.py
[2024-03-08T19:04:49.845+0000] {processor.py:840} INFO - DAG(s) 'example_sla_dag' retrieved from /home/airflow/.local/lib/python3.8/site-packages/airflow/example_dags/example_sla_dag.py
[2024-03-08T19:04:49.862+0000] {logging_mixin.py:188} INFO - [2024-03-08T19:04:49.862+0000] {dag.py:3047} INFO - Sync 1 DAGs
[2024-03-08T19:04:49.903+0000] {logging_mixin.py:188} INFO - [2024-03-08T19:04:49.903+0000] {dag.py:3834} INFO - Setting next_dagrun for example_sla_dag to 2024-03-08 19:02:00+00:00, run_after=2024-03-08 19:04:00+00:00
[2024-03-08T19:04:49.925+0000] {processor.py:183} INFO - Processing /home/airflow/.local/lib/python3.8/site-packages/airflow/example_dags/example_sla_dag.py took 0.091 seconds
[2024-03-08T19:05:20.900+0000] {processor.py:161} INFO - Started process (PID=3707) to work on /home/airflow/.local/lib/python3.8/site-packages/airflow/example_dags/example_sla_dag.py
[2024-03-08T19:05:20.901+0000] {processor.py:830} INFO - Processing file /home/airflow/.local/lib/python3.8/site-packages/airflow/example_dags/example_sla_dag.py for tasks to queue
[2024-03-08T19:05:20.903+0000] {logging_mixin.py:188} INFO - [2024-03-08T19:05:20.903+0000] {dagbag.py:540} INFO - Filling up the DagBag from /home/airflow/.local/lib/python3.8/site-packages/airflow/example_dags/example_sla_dag.py
[2024-03-08T19:05:20.916+0000] {processor.py:840} INFO - DAG(s) 'example_sla_dag' retrieved from /home/airflow/.local/lib/python3.8/site-packages/airflow/example_dags/example_sla_dag.py
[2024-03-08T19:05:20.937+0000] {logging_mixin.py:188} INFO - [2024-03-08T19:05:20.937+0000] {dag.py:3047} INFO - Sync 1 DAGs
[2024-03-08T19:05:21.005+0000] {logging_mixin.py:188} INFO - [2024-03-08T19:05:21.005+0000] {dag.py:3834} INFO - Setting next_dagrun for example_sla_dag to 2024-03-08 19:02:00+00:00, run_after=2024-03-08 19:04:00+00:00
[2024-03-08T19:05:21.027+0000] {processor.py:183} INFO - Processing /home/airflow/.local/lib/python3.8/site-packages/airflow/example_dags/example_sla_dag.py took 0.131 seconds
[2024-03-08T19:05:51.356+0000] {processor.py:161} INFO - Started process (PID=3762) to work on /home/airflow/.local/lib/python3.8/site-packages/airflow/example_dags/example_sla_dag.py
[2024-03-08T19:05:51.357+0000] {processor.py:830} INFO - Processing file /home/airflow/.local/lib/python3.8/site-packages/airflow/example_dags/example_sla_dag.py for tasks to queue
[2024-03-08T19:05:51.359+0000] {logging_mixin.py:188} INFO - [2024-03-08T19:05:51.358+0000] {dagbag.py:540} INFO - Filling up the DagBag from /home/airflow/.local/lib/python3.8/site-packages/airflow/example_dags/example_sla_dag.py
[2024-03-08T19:05:51.367+0000] {processor.py:840} INFO - DAG(s) 'example_sla_dag' retrieved from /home/airflow/.local/lib/python3.8/site-packages/airflow/example_dags/example_sla_dag.py
[2024-03-08T19:05:51.385+0000] {logging_mixin.py:188} INFO - [2024-03-08T19:05:51.384+0000] {dag.py:3047} INFO - Sync 1 DAGs
[2024-03-08T19:05:51.413+0000] {logging_mixin.py:188} INFO - [2024-03-08T19:05:51.413+0000] {dag.py:3834} INFO - Setting next_dagrun for example_sla_dag to 2024-03-08 19:02:00+00:00, run_after=2024-03-08 19:04:00+00:00
[2024-03-08T19:05:51.434+0000] {processor.py:183} INFO - Processing /home/airflow/.local/lib/python3.8/site-packages/airflow/example_dags/example_sla_dag.py took 0.081 seconds
[2024-03-08T19:06:22.375+0000] {processor.py:161} INFO - Started process (PID=3817) to work on /home/airflow/.local/lib/python3.8/site-packages/airflow/example_dags/example_sla_dag.py
[2024-03-08T19:06:22.376+0000] {processor.py:830} INFO - Processing file /home/airflow/.local/lib/python3.8/site-packages/airflow/example_dags/example_sla_dag.py for tasks to queue
[2024-03-08T19:06:22.378+0000] {logging_mixin.py:188} INFO - [2024-03-08T19:06:22.377+0000] {dagbag.py:540} INFO - Filling up the DagBag from /home/airflow/.local/lib/python3.8/site-packages/airflow/example_dags/example_sla_dag.py
[2024-03-08T19:06:22.385+0000] {processor.py:840} INFO - DAG(s) 'example_sla_dag' retrieved from /home/airflow/.local/lib/python3.8/site-packages/airflow/example_dags/example_sla_dag.py
[2024-03-08T19:06:22.414+0000] {logging_mixin.py:188} INFO - [2024-03-08T19:06:22.414+0000] {dag.py:3047} INFO - Sync 1 DAGs
[2024-03-08T19:06:22.437+0000] {logging_mixin.py:188} INFO - [2024-03-08T19:06:22.437+0000] {dag.py:3834} INFO - Setting next_dagrun for example_sla_dag to 2024-03-08 19:04:00+00:00, run_after=2024-03-08 19:06:00+00:00
[2024-03-08T19:06:22.451+0000] {processor.py:183} INFO - Processing /home/airflow/.local/lib/python3.8/site-packages/airflow/example_dags/example_sla_dag.py took 0.078 seconds
[2024-03-08T19:06:52.873+0000] {processor.py:161} INFO - Started process (PID=3872) to work on /home/airflow/.local/lib/python3.8/site-packages/airflow/example_dags/example_sla_dag.py
[2024-03-08T19:06:52.874+0000] {processor.py:830} INFO - Processing file /home/airflow/.local/lib/python3.8/site-packages/airflow/example_dags/example_sla_dag.py for tasks to queue
[2024-03-08T19:06:52.875+0000] {logging_mixin.py:188} INFO - [2024-03-08T19:06:52.875+0000] {dagbag.py:540} INFO - Filling up the DagBag from /home/airflow/.local/lib/python3.8/site-packages/airflow/example_dags/example_sla_dag.py
[2024-03-08T19:06:52.883+0000] {processor.py:840} INFO - DAG(s) 'example_sla_dag' retrieved from /home/airflow/.local/lib/python3.8/site-packages/airflow/example_dags/example_sla_dag.py
[2024-03-08T19:06:52.903+0000] {logging_mixin.py:188} INFO - [2024-03-08T19:06:52.903+0000] {dag.py:3047} INFO - Sync 1 DAGs
[2024-03-08T19:06:52.927+0000] {logging_mixin.py:188} INFO - [2024-03-08T19:06:52.927+0000] {dag.py:3834} INFO - Setting next_dagrun for example_sla_dag to 2024-03-08 19:04:00+00:00, run_after=2024-03-08 19:06:00+00:00
[2024-03-08T19:06:52.943+0000] {processor.py:183} INFO - Processing /home/airflow/.local/lib/python3.8/site-packages/airflow/example_dags/example_sla_dag.py took 0.073 seconds
[2024-03-08T19:07:23.345+0000] {processor.py:161} INFO - Started process (PID=3927) to work on /home/airflow/.local/lib/python3.8/site-packages/airflow/example_dags/example_sla_dag.py
[2024-03-08T19:07:23.346+0000] {processor.py:830} INFO - Processing file /home/airflow/.local/lib/python3.8/site-packages/airflow/example_dags/example_sla_dag.py for tasks to queue
[2024-03-08T19:07:23.348+0000] {logging_mixin.py:188} INFO - [2024-03-08T19:07:23.347+0000] {dagbag.py:540} INFO - Filling up the DagBag from /home/airflow/.local/lib/python3.8/site-packages/airflow/example_dags/example_sla_dag.py
[2024-03-08T19:07:23.356+0000] {processor.py:840} INFO - DAG(s) 'example_sla_dag' retrieved from /home/airflow/.local/lib/python3.8/site-packages/airflow/example_dags/example_sla_dag.py
[2024-03-08T19:07:23.376+0000] {logging_mixin.py:188} INFO - [2024-03-08T19:07:23.376+0000] {dag.py:3047} INFO - Sync 1 DAGs
[2024-03-08T19:07:23.404+0000] {logging_mixin.py:188} INFO - [2024-03-08T19:07:23.404+0000] {dag.py:3834} INFO - Setting next_dagrun for example_sla_dag to 2024-03-08 19:04:00+00:00, run_after=2024-03-08 19:06:00+00:00
[2024-03-08T19:07:23.422+0000] {processor.py:183} INFO - Processing /home/airflow/.local/lib/python3.8/site-packages/airflow/example_dags/example_sla_dag.py took 0.081 seconds
