[2024-03-08T18:32:42.790+0000] {processor.py:161} INFO - Started process (PID=157) to work on /home/airflow/.local/lib/python3.8/site-packages/airflow/example_dags/example_branch_python_dop_operator_3.py
[2024-03-08T18:32:42.791+0000] {processor.py:830} INFO - Processing file /home/airflow/.local/lib/python3.8/site-packages/airflow/example_dags/example_branch_python_dop_operator_3.py for tasks to queue
[2024-03-08T18:32:42.792+0000] {logging_mixin.py:188} INFO - [2024-03-08T18:32:42.791+0000] {dagbag.py:540} INFO - Filling up the DagBag from /home/airflow/.local/lib/python3.8/site-packages/airflow/example_dags/example_branch_python_dop_operator_3.py
[2024-03-08T18:32:42.801+0000] {processor.py:840} INFO - DAG(s) 'example_branch_dop_operator_v3' retrieved from /home/airflow/.local/lib/python3.8/site-packages/airflow/example_dags/example_branch_python_dop_operator_3.py
[2024-03-08T18:32:42.812+0000] {logging_mixin.py:188} INFO - [2024-03-08T18:32:42.811+0000] {dag.py:3047} INFO - Sync 1 DAGs
[2024-03-08T18:32:42.839+0000] {logging_mixin.py:188} INFO - [2024-03-08T18:32:42.839+0000] {dag.py:3834} INFO - Setting next_dagrun for example_branch_dop_operator_v3 to 2024-03-08 18:31:00+00:00, run_after=2024-03-08 18:32:00+00:00
[2024-03-08T18:32:42.857+0000] {processor.py:183} INFO - Processing /home/airflow/.local/lib/python3.8/site-packages/airflow/example_dags/example_branch_python_dop_operator_3.py took 0.069 seconds
[2024-03-08T18:33:13.678+0000] {processor.py:161} INFO - Started process (PID=212) to work on /home/airflow/.local/lib/python3.8/site-packages/airflow/example_dags/example_branch_python_dop_operator_3.py
[2024-03-08T18:33:13.679+0000] {processor.py:830} INFO - Processing file /home/airflow/.local/lib/python3.8/site-packages/airflow/example_dags/example_branch_python_dop_operator_3.py for tasks to queue
[2024-03-08T18:33:13.680+0000] {logging_mixin.py:188} INFO - [2024-03-08T18:33:13.680+0000] {dagbag.py:540} INFO - Filling up the DagBag from /home/airflow/.local/lib/python3.8/site-packages/airflow/example_dags/example_branch_python_dop_operator_3.py
[2024-03-08T18:33:13.692+0000] {processor.py:840} INFO - DAG(s) 'example_branch_dop_operator_v3' retrieved from /home/airflow/.local/lib/python3.8/site-packages/airflow/example_dags/example_branch_python_dop_operator_3.py
[2024-03-08T18:33:13.777+0000] {logging_mixin.py:188} INFO - [2024-03-08T18:33:13.777+0000] {dag.py:3047} INFO - Sync 1 DAGs
[2024-03-08T18:33:13.796+0000] {logging_mixin.py:188} INFO - [2024-03-08T18:33:13.796+0000] {dag.py:3834} INFO - Setting next_dagrun for example_branch_dop_operator_v3 to 2024-03-08 18:32:00+00:00, run_after=2024-03-08 18:33:00+00:00
[2024-03-08T18:33:13.810+0000] {processor.py:183} INFO - Processing /home/airflow/.local/lib/python3.8/site-packages/airflow/example_dags/example_branch_python_dop_operator_3.py took 0.134 seconds
[2024-03-08T18:33:44.492+0000] {processor.py:161} INFO - Started process (PID=267) to work on /home/airflow/.local/lib/python3.8/site-packages/airflow/example_dags/example_branch_python_dop_operator_3.py
[2024-03-08T18:33:44.493+0000] {processor.py:830} INFO - Processing file /home/airflow/.local/lib/python3.8/site-packages/airflow/example_dags/example_branch_python_dop_operator_3.py for tasks to queue
[2024-03-08T18:33:44.495+0000] {logging_mixin.py:188} INFO - [2024-03-08T18:33:44.494+0000] {dagbag.py:540} INFO - Filling up the DagBag from /home/airflow/.local/lib/python3.8/site-packages/airflow/example_dags/example_branch_python_dop_operator_3.py
[2024-03-08T18:33:44.502+0000] {processor.py:840} INFO - DAG(s) 'example_branch_dop_operator_v3' retrieved from /home/airflow/.local/lib/python3.8/site-packages/airflow/example_dags/example_branch_python_dop_operator_3.py
[2024-03-08T18:33:44.522+0000] {logging_mixin.py:188} INFO - [2024-03-08T18:33:44.522+0000] {dag.py:3047} INFO - Sync 1 DAGs
[2024-03-08T18:33:44.550+0000] {logging_mixin.py:188} INFO - [2024-03-08T18:33:44.550+0000] {dag.py:3834} INFO - Setting next_dagrun for example_branch_dop_operator_v3 to 2024-03-08 18:32:00+00:00, run_after=2024-03-08 18:33:00+00:00
[2024-03-08T18:33:44.567+0000] {processor.py:183} INFO - Processing /home/airflow/.local/lib/python3.8/site-packages/airflow/example_dags/example_branch_python_dop_operator_3.py took 0.078 seconds
[2024-03-08T18:34:15.304+0000] {processor.py:161} INFO - Started process (PID=322) to work on /home/airflow/.local/lib/python3.8/site-packages/airflow/example_dags/example_branch_python_dop_operator_3.py
[2024-03-08T18:34:15.306+0000] {processor.py:830} INFO - Processing file /home/airflow/.local/lib/python3.8/site-packages/airflow/example_dags/example_branch_python_dop_operator_3.py for tasks to queue
[2024-03-08T18:34:15.307+0000] {logging_mixin.py:188} INFO - [2024-03-08T18:34:15.307+0000] {dagbag.py:540} INFO - Filling up the DagBag from /home/airflow/.local/lib/python3.8/site-packages/airflow/example_dags/example_branch_python_dop_operator_3.py
[2024-03-08T18:34:15.318+0000] {processor.py:840} INFO - DAG(s) 'example_branch_dop_operator_v3' retrieved from /home/airflow/.local/lib/python3.8/site-packages/airflow/example_dags/example_branch_python_dop_operator_3.py
[2024-03-08T18:34:15.405+0000] {logging_mixin.py:188} INFO - [2024-03-08T18:34:15.405+0000] {dag.py:3047} INFO - Sync 1 DAGs
[2024-03-08T18:34:15.491+0000] {logging_mixin.py:188} INFO - [2024-03-08T18:34:15.491+0000] {dag.py:3834} INFO - Setting next_dagrun for example_branch_dop_operator_v3 to 2024-03-08 18:33:00+00:00, run_after=2024-03-08 18:34:00+00:00
[2024-03-08T18:34:15.510+0000] {processor.py:183} INFO - Processing /home/airflow/.local/lib/python3.8/site-packages/airflow/example_dags/example_branch_python_dop_operator_3.py took 0.210 seconds
[2024-03-08T18:34:46.226+0000] {processor.py:161} INFO - Started process (PID=377) to work on /home/airflow/.local/lib/python3.8/site-packages/airflow/example_dags/example_branch_python_dop_operator_3.py
[2024-03-08T18:34:46.226+0000] {processor.py:830} INFO - Processing file /home/airflow/.local/lib/python3.8/site-packages/airflow/example_dags/example_branch_python_dop_operator_3.py for tasks to queue
[2024-03-08T18:34:46.228+0000] {logging_mixin.py:188} INFO - [2024-03-08T18:34:46.228+0000] {dagbag.py:540} INFO - Filling up the DagBag from /home/airflow/.local/lib/python3.8/site-packages/airflow/example_dags/example_branch_python_dop_operator_3.py
[2024-03-08T18:34:46.235+0000] {processor.py:840} INFO - DAG(s) 'example_branch_dop_operator_v3' retrieved from /home/airflow/.local/lib/python3.8/site-packages/airflow/example_dags/example_branch_python_dop_operator_3.py
[2024-03-08T18:34:46.255+0000] {logging_mixin.py:188} INFO - [2024-03-08T18:34:46.255+0000] {dag.py:3047} INFO - Sync 1 DAGs
[2024-03-08T18:34:46.278+0000] {logging_mixin.py:188} INFO - [2024-03-08T18:34:46.277+0000] {dag.py:3834} INFO - Setting next_dagrun for example_branch_dop_operator_v3 to 2024-03-08 18:33:00+00:00, run_after=2024-03-08 18:34:00+00:00
[2024-03-08T18:34:46.299+0000] {processor.py:183} INFO - Processing /home/airflow/.local/lib/python3.8/site-packages/airflow/example_dags/example_branch_python_dop_operator_3.py took 0.076 seconds
[2024-03-08T18:35:16.645+0000] {processor.py:161} INFO - Started process (PID=432) to work on /home/airflow/.local/lib/python3.8/site-packages/airflow/example_dags/example_branch_python_dop_operator_3.py
[2024-03-08T18:35:16.646+0000] {processor.py:830} INFO - Processing file /home/airflow/.local/lib/python3.8/site-packages/airflow/example_dags/example_branch_python_dop_operator_3.py for tasks to queue
[2024-03-08T18:35:16.647+0000] {logging_mixin.py:188} INFO - [2024-03-08T18:35:16.647+0000] {dagbag.py:540} INFO - Filling up the DagBag from /home/airflow/.local/lib/python3.8/site-packages/airflow/example_dags/example_branch_python_dop_operator_3.py
[2024-03-08T18:35:16.654+0000] {processor.py:840} INFO - DAG(s) 'example_branch_dop_operator_v3' retrieved from /home/airflow/.local/lib/python3.8/site-packages/airflow/example_dags/example_branch_python_dop_operator_3.py
[2024-03-08T18:35:16.672+0000] {logging_mixin.py:188} INFO - [2024-03-08T18:35:16.672+0000] {dag.py:3047} INFO - Sync 1 DAGs
[2024-03-08T18:35:16.699+0000] {logging_mixin.py:188} INFO - [2024-03-08T18:35:16.699+0000] {dag.py:3834} INFO - Setting next_dagrun for example_branch_dop_operator_v3 to 2024-03-08 18:34:00+00:00, run_after=2024-03-08 18:35:00+00:00
[2024-03-08T18:35:16.714+0000] {processor.py:183} INFO - Processing /home/airflow/.local/lib/python3.8/site-packages/airflow/example_dags/example_branch_python_dop_operator_3.py took 0.071 seconds
[2024-03-08T18:35:47.148+0000] {processor.py:161} INFO - Started process (PID=487) to work on /home/airflow/.local/lib/python3.8/site-packages/airflow/example_dags/example_branch_python_dop_operator_3.py
[2024-03-08T18:35:47.149+0000] {processor.py:830} INFO - Processing file /home/airflow/.local/lib/python3.8/site-packages/airflow/example_dags/example_branch_python_dop_operator_3.py for tasks to queue
[2024-03-08T18:35:47.150+0000] {logging_mixin.py:188} INFO - [2024-03-08T18:35:47.150+0000] {dagbag.py:540} INFO - Filling up the DagBag from /home/airflow/.local/lib/python3.8/site-packages/airflow/example_dags/example_branch_python_dop_operator_3.py
[2024-03-08T18:35:47.157+0000] {processor.py:840} INFO - DAG(s) 'example_branch_dop_operator_v3' retrieved from /home/airflow/.local/lib/python3.8/site-packages/airflow/example_dags/example_branch_python_dop_operator_3.py
[2024-03-08T18:35:47.173+0000] {logging_mixin.py:188} INFO - [2024-03-08T18:35:47.172+0000] {dag.py:3047} INFO - Sync 1 DAGs
[2024-03-08T18:35:47.199+0000] {logging_mixin.py:188} INFO - [2024-03-08T18:35:47.199+0000] {dag.py:3834} INFO - Setting next_dagrun for example_branch_dop_operator_v3 to 2024-03-08 18:34:00+00:00, run_after=2024-03-08 18:35:00+00:00
[2024-03-08T18:35:47.212+0000] {processor.py:183} INFO - Processing /home/airflow/.local/lib/python3.8/site-packages/airflow/example_dags/example_branch_python_dop_operator_3.py took 0.067 seconds
[2024-03-08T18:36:17.905+0000] {processor.py:161} INFO - Started process (PID=542) to work on /home/airflow/.local/lib/python3.8/site-packages/airflow/example_dags/example_branch_python_dop_operator_3.py
[2024-03-08T18:36:17.906+0000] {processor.py:830} INFO - Processing file /home/airflow/.local/lib/python3.8/site-packages/airflow/example_dags/example_branch_python_dop_operator_3.py for tasks to queue
[2024-03-08T18:36:17.907+0000] {logging_mixin.py:188} INFO - [2024-03-08T18:36:17.907+0000] {dagbag.py:540} INFO - Filling up the DagBag from /home/airflow/.local/lib/python3.8/site-packages/airflow/example_dags/example_branch_python_dop_operator_3.py
[2024-03-08T18:36:17.914+0000] {processor.py:840} INFO - DAG(s) 'example_branch_dop_operator_v3' retrieved from /home/airflow/.local/lib/python3.8/site-packages/airflow/example_dags/example_branch_python_dop_operator_3.py
[2024-03-08T18:36:17.929+0000] {logging_mixin.py:188} INFO - [2024-03-08T18:36:17.929+0000] {dag.py:3047} INFO - Sync 1 DAGs
[2024-03-08T18:36:17.951+0000] {logging_mixin.py:188} INFO - [2024-03-08T18:36:17.951+0000] {dag.py:3834} INFO - Setting next_dagrun for example_branch_dop_operator_v3 to 2024-03-08 18:35:00+00:00, run_after=2024-03-08 18:36:00+00:00
[2024-03-08T18:36:18.002+0000] {processor.py:183} INFO - Processing /home/airflow/.local/lib/python3.8/site-packages/airflow/example_dags/example_branch_python_dop_operator_3.py took 0.099 seconds
[2024-03-08T18:36:48.831+0000] {processor.py:161} INFO - Started process (PID=597) to work on /home/airflow/.local/lib/python3.8/site-packages/airflow/example_dags/example_branch_python_dop_operator_3.py
[2024-03-08T18:36:48.832+0000] {processor.py:830} INFO - Processing file /home/airflow/.local/lib/python3.8/site-packages/airflow/example_dags/example_branch_python_dop_operator_3.py for tasks to queue
[2024-03-08T18:36:48.833+0000] {logging_mixin.py:188} INFO - [2024-03-08T18:36:48.833+0000] {dagbag.py:540} INFO - Filling up the DagBag from /home/airflow/.local/lib/python3.8/site-packages/airflow/example_dags/example_branch_python_dop_operator_3.py
[2024-03-08T18:36:48.840+0000] {processor.py:840} INFO - DAG(s) 'example_branch_dop_operator_v3' retrieved from /home/airflow/.local/lib/python3.8/site-packages/airflow/example_dags/example_branch_python_dop_operator_3.py
[2024-03-08T18:36:48.856+0000] {logging_mixin.py:188} INFO - [2024-03-08T18:36:48.856+0000] {dag.py:3047} INFO - Sync 1 DAGs
[2024-03-08T18:36:48.894+0000] {logging_mixin.py:188} INFO - [2024-03-08T18:36:48.894+0000] {dag.py:3834} INFO - Setting next_dagrun for example_branch_dop_operator_v3 to 2024-03-08 18:35:00+00:00, run_after=2024-03-08 18:36:00+00:00
[2024-03-08T18:36:48.907+0000] {processor.py:183} INFO - Processing /home/airflow/.local/lib/python3.8/site-packages/airflow/example_dags/example_branch_python_dop_operator_3.py took 0.079 seconds
[2024-03-08T18:37:19.543+0000] {processor.py:161} INFO - Started process (PID=652) to work on /home/airflow/.local/lib/python3.8/site-packages/airflow/example_dags/example_branch_python_dop_operator_3.py
[2024-03-08T18:37:19.544+0000] {processor.py:830} INFO - Processing file /home/airflow/.local/lib/python3.8/site-packages/airflow/example_dags/example_branch_python_dop_operator_3.py for tasks to queue
[2024-03-08T18:37:19.546+0000] {logging_mixin.py:188} INFO - [2024-03-08T18:37:19.545+0000] {dagbag.py:540} INFO - Filling up the DagBag from /home/airflow/.local/lib/python3.8/site-packages/airflow/example_dags/example_branch_python_dop_operator_3.py
[2024-03-08T18:37:19.556+0000] {processor.py:840} INFO - DAG(s) 'example_branch_dop_operator_v3' retrieved from /home/airflow/.local/lib/python3.8/site-packages/airflow/example_dags/example_branch_python_dop_operator_3.py
[2024-03-08T18:37:19.579+0000] {logging_mixin.py:188} INFO - [2024-03-08T18:37:19.578+0000] {dag.py:3047} INFO - Sync 1 DAGs
[2024-03-08T18:37:19.603+0000] {logging_mixin.py:188} INFO - [2024-03-08T18:37:19.603+0000] {dag.py:3834} INFO - Setting next_dagrun for example_branch_dop_operator_v3 to 2024-03-08 18:36:00+00:00, run_after=2024-03-08 18:37:00+00:00
[2024-03-08T18:37:19.619+0000] {processor.py:183} INFO - Processing /home/airflow/.local/lib/python3.8/site-packages/airflow/example_dags/example_branch_python_dop_operator_3.py took 0.080 seconds
[2024-03-08T18:37:51.034+0000] {processor.py:161} INFO - Started process (PID=707) to work on /home/airflow/.local/lib/python3.8/site-packages/airflow/example_dags/example_branch_python_dop_operator_3.py
[2024-03-08T18:37:51.035+0000] {processor.py:830} INFO - Processing file /home/airflow/.local/lib/python3.8/site-packages/airflow/example_dags/example_branch_python_dop_operator_3.py for tasks to queue
[2024-03-08T18:37:51.036+0000] {logging_mixin.py:188} INFO - [2024-03-08T18:37:51.036+0000] {dagbag.py:540} INFO - Filling up the DagBag from /home/airflow/.local/lib/python3.8/site-packages/airflow/example_dags/example_branch_python_dop_operator_3.py
[2024-03-08T18:37:51.044+0000] {processor.py:840} INFO - DAG(s) 'example_branch_dop_operator_v3' retrieved from /home/airflow/.local/lib/python3.8/site-packages/airflow/example_dags/example_branch_python_dop_operator_3.py
[2024-03-08T18:37:51.110+0000] {logging_mixin.py:188} INFO - [2024-03-08T18:37:51.109+0000] {dag.py:3047} INFO - Sync 1 DAGs
[2024-03-08T18:37:51.133+0000] {logging_mixin.py:188} INFO - [2024-03-08T18:37:51.133+0000] {dag.py:3834} INFO - Setting next_dagrun for example_branch_dop_operator_v3 to 2024-03-08 18:36:00+00:00, run_after=2024-03-08 18:37:00+00:00
[2024-03-08T18:37:51.196+0000] {processor.py:183} INFO - Processing /home/airflow/.local/lib/python3.8/site-packages/airflow/example_dags/example_branch_python_dop_operator_3.py took 0.165 seconds
[2024-03-08T18:38:21.993+0000] {processor.py:161} INFO - Started process (PID=762) to work on /home/airflow/.local/lib/python3.8/site-packages/airflow/example_dags/example_branch_python_dop_operator_3.py
[2024-03-08T18:38:21.994+0000] {processor.py:830} INFO - Processing file /home/airflow/.local/lib/python3.8/site-packages/airflow/example_dags/example_branch_python_dop_operator_3.py for tasks to queue
[2024-03-08T18:38:21.995+0000] {logging_mixin.py:188} INFO - [2024-03-08T18:38:21.995+0000] {dagbag.py:540} INFO - Filling up the DagBag from /home/airflow/.local/lib/python3.8/site-packages/airflow/example_dags/example_branch_python_dop_operator_3.py
[2024-03-08T18:38:22.002+0000] {processor.py:840} INFO - DAG(s) 'example_branch_dop_operator_v3' retrieved from /home/airflow/.local/lib/python3.8/site-packages/airflow/example_dags/example_branch_python_dop_operator_3.py
[2024-03-08T18:38:22.020+0000] {logging_mixin.py:188} INFO - [2024-03-08T18:38:22.020+0000] {dag.py:3047} INFO - Sync 1 DAGs
[2024-03-08T18:38:22.044+0000] {logging_mixin.py:188} INFO - [2024-03-08T18:38:22.043+0000] {dag.py:3834} INFO - Setting next_dagrun for example_branch_dop_operator_v3 to 2024-03-08 18:37:00+00:00, run_after=2024-03-08 18:38:00+00:00
[2024-03-08T18:38:22.094+0000] {processor.py:183} INFO - Processing /home/airflow/.local/lib/python3.8/site-packages/airflow/example_dags/example_branch_python_dop_operator_3.py took 0.104 seconds
[2024-03-08T18:38:52.338+0000] {processor.py:161} INFO - Started process (PID=817) to work on /home/airflow/.local/lib/python3.8/site-packages/airflow/example_dags/example_branch_python_dop_operator_3.py
[2024-03-08T18:38:52.339+0000] {processor.py:830} INFO - Processing file /home/airflow/.local/lib/python3.8/site-packages/airflow/example_dags/example_branch_python_dop_operator_3.py for tasks to queue
[2024-03-08T18:38:52.340+0000] {logging_mixin.py:188} INFO - [2024-03-08T18:38:52.340+0000] {dagbag.py:540} INFO - Filling up the DagBag from /home/airflow/.local/lib/python3.8/site-packages/airflow/example_dags/example_branch_python_dop_operator_3.py
[2024-03-08T18:38:52.350+0000] {processor.py:840} INFO - DAG(s) 'example_branch_dop_operator_v3' retrieved from /home/airflow/.local/lib/python3.8/site-packages/airflow/example_dags/example_branch_python_dop_operator_3.py
[2024-03-08T18:38:52.369+0000] {logging_mixin.py:188} INFO - [2024-03-08T18:38:52.369+0000] {dag.py:3047} INFO - Sync 1 DAGs
[2024-03-08T18:38:52.393+0000] {logging_mixin.py:188} INFO - [2024-03-08T18:38:52.393+0000] {dag.py:3834} INFO - Setting next_dagrun for example_branch_dop_operator_v3 to 2024-03-08 18:37:00+00:00, run_after=2024-03-08 18:38:00+00:00
[2024-03-08T18:38:52.445+0000] {processor.py:183} INFO - Processing /home/airflow/.local/lib/python3.8/site-packages/airflow/example_dags/example_branch_python_dop_operator_3.py took 0.109 seconds
[2024-03-08T18:39:22.632+0000] {processor.py:161} INFO - Started process (PID=872) to work on /home/airflow/.local/lib/python3.8/site-packages/airflow/example_dags/example_branch_python_dop_operator_3.py
[2024-03-08T18:39:22.632+0000] {processor.py:830} INFO - Processing file /home/airflow/.local/lib/python3.8/site-packages/airflow/example_dags/example_branch_python_dop_operator_3.py for tasks to queue
[2024-03-08T18:39:22.634+0000] {logging_mixin.py:188} INFO - [2024-03-08T18:39:22.634+0000] {dagbag.py:540} INFO - Filling up the DagBag from /home/airflow/.local/lib/python3.8/site-packages/airflow/example_dags/example_branch_python_dop_operator_3.py
[2024-03-08T18:39:22.641+0000] {processor.py:840} INFO - DAG(s) 'example_branch_dop_operator_v3' retrieved from /home/airflow/.local/lib/python3.8/site-packages/airflow/example_dags/example_branch_python_dop_operator_3.py
[2024-03-08T18:39:22.663+0000] {logging_mixin.py:188} INFO - [2024-03-08T18:39:22.663+0000] {dag.py:3047} INFO - Sync 1 DAGs
[2024-03-08T18:39:22.694+0000] {logging_mixin.py:188} INFO - [2024-03-08T18:39:22.694+0000] {dag.py:3834} INFO - Setting next_dagrun for example_branch_dop_operator_v3 to 2024-03-08 18:38:00+00:00, run_after=2024-03-08 18:39:00+00:00
[2024-03-08T18:39:22.716+0000] {processor.py:183} INFO - Processing /home/airflow/.local/lib/python3.8/site-packages/airflow/example_dags/example_branch_python_dop_operator_3.py took 0.087 seconds
[2024-03-08T18:39:53.163+0000] {processor.py:161} INFO - Started process (PID=927) to work on /home/airflow/.local/lib/python3.8/site-packages/airflow/example_dags/example_branch_python_dop_operator_3.py
[2024-03-08T18:39:53.164+0000] {processor.py:830} INFO - Processing file /home/airflow/.local/lib/python3.8/site-packages/airflow/example_dags/example_branch_python_dop_operator_3.py for tasks to queue
[2024-03-08T18:39:53.166+0000] {logging_mixin.py:188} INFO - [2024-03-08T18:39:53.165+0000] {dagbag.py:540} INFO - Filling up the DagBag from /home/airflow/.local/lib/python3.8/site-packages/airflow/example_dags/example_branch_python_dop_operator_3.py
[2024-03-08T18:39:53.173+0000] {processor.py:840} INFO - DAG(s) 'example_branch_dop_operator_v3' retrieved from /home/airflow/.local/lib/python3.8/site-packages/airflow/example_dags/example_branch_python_dop_operator_3.py
[2024-03-08T18:39:53.192+0000] {logging_mixin.py:188} INFO - [2024-03-08T18:39:53.192+0000] {dag.py:3047} INFO - Sync 1 DAGs
[2024-03-08T18:39:53.219+0000] {logging_mixin.py:188} INFO - [2024-03-08T18:39:53.219+0000] {dag.py:3834} INFO - Setting next_dagrun for example_branch_dop_operator_v3 to 2024-03-08 18:38:00+00:00, run_after=2024-03-08 18:39:00+00:00
[2024-03-08T18:39:53.234+0000] {processor.py:183} INFO - Processing /home/airflow/.local/lib/python3.8/site-packages/airflow/example_dags/example_branch_python_dop_operator_3.py took 0.074 seconds
[2024-03-08T18:40:23.542+0000] {processor.py:161} INFO - Started process (PID=982) to work on /home/airflow/.local/lib/python3.8/site-packages/airflow/example_dags/example_branch_python_dop_operator_3.py
[2024-03-08T18:40:23.543+0000] {processor.py:830} INFO - Processing file /home/airflow/.local/lib/python3.8/site-packages/airflow/example_dags/example_branch_python_dop_operator_3.py for tasks to queue
[2024-03-08T18:40:23.544+0000] {logging_mixin.py:188} INFO - [2024-03-08T18:40:23.544+0000] {dagbag.py:540} INFO - Filling up the DagBag from /home/airflow/.local/lib/python3.8/site-packages/airflow/example_dags/example_branch_python_dop_operator_3.py
[2024-03-08T18:40:23.551+0000] {processor.py:840} INFO - DAG(s) 'example_branch_dop_operator_v3' retrieved from /home/airflow/.local/lib/python3.8/site-packages/airflow/example_dags/example_branch_python_dop_operator_3.py
[2024-03-08T18:40:23.570+0000] {logging_mixin.py:188} INFO - [2024-03-08T18:40:23.570+0000] {dag.py:3047} INFO - Sync 1 DAGs
[2024-03-08T18:40:23.592+0000] {logging_mixin.py:188} INFO - [2024-03-08T18:40:23.592+0000] {dag.py:3834} INFO - Setting next_dagrun for example_branch_dop_operator_v3 to 2024-03-08 18:39:00+00:00, run_after=2024-03-08 18:40:00+00:00
[2024-03-08T18:40:23.606+0000] {processor.py:183} INFO - Processing /home/airflow/.local/lib/python3.8/site-packages/airflow/example_dags/example_branch_python_dop_operator_3.py took 0.067 seconds
[2024-03-08T18:40:53.951+0000] {processor.py:161} INFO - Started process (PID=1037) to work on /home/airflow/.local/lib/python3.8/site-packages/airflow/example_dags/example_branch_python_dop_operator_3.py
[2024-03-08T18:40:53.952+0000] {processor.py:830} INFO - Processing file /home/airflow/.local/lib/python3.8/site-packages/airflow/example_dags/example_branch_python_dop_operator_3.py for tasks to queue
[2024-03-08T18:40:53.953+0000] {logging_mixin.py:188} INFO - [2024-03-08T18:40:53.953+0000] {dagbag.py:540} INFO - Filling up the DagBag from /home/airflow/.local/lib/python3.8/site-packages/airflow/example_dags/example_branch_python_dop_operator_3.py
[2024-03-08T18:40:53.960+0000] {processor.py:840} INFO - DAG(s) 'example_branch_dop_operator_v3' retrieved from /home/airflow/.local/lib/python3.8/site-packages/airflow/example_dags/example_branch_python_dop_operator_3.py
[2024-03-08T18:40:53.981+0000] {logging_mixin.py:188} INFO - [2024-03-08T18:40:53.981+0000] {dag.py:3047} INFO - Sync 1 DAGs
[2024-03-08T18:40:54.012+0000] {logging_mixin.py:188} INFO - [2024-03-08T18:40:54.012+0000] {dag.py:3834} INFO - Setting next_dagrun for example_branch_dop_operator_v3 to 2024-03-08 18:39:00+00:00, run_after=2024-03-08 18:40:00+00:00
[2024-03-08T18:40:54.030+0000] {processor.py:183} INFO - Processing /home/airflow/.local/lib/python3.8/site-packages/airflow/example_dags/example_branch_python_dop_operator_3.py took 0.082 seconds
[2024-03-08T18:41:24.479+0000] {processor.py:161} INFO - Started process (PID=1092) to work on /home/airflow/.local/lib/python3.8/site-packages/airflow/example_dags/example_branch_python_dop_operator_3.py
[2024-03-08T18:41:24.479+0000] {processor.py:830} INFO - Processing file /home/airflow/.local/lib/python3.8/site-packages/airflow/example_dags/example_branch_python_dop_operator_3.py for tasks to queue
[2024-03-08T18:41:24.481+0000] {logging_mixin.py:188} INFO - [2024-03-08T18:41:24.481+0000] {dagbag.py:540} INFO - Filling up the DagBag from /home/airflow/.local/lib/python3.8/site-packages/airflow/example_dags/example_branch_python_dop_operator_3.py
[2024-03-08T18:41:24.489+0000] {processor.py:840} INFO - DAG(s) 'example_branch_dop_operator_v3' retrieved from /home/airflow/.local/lib/python3.8/site-packages/airflow/example_dags/example_branch_python_dop_operator_3.py
[2024-03-08T18:41:24.506+0000] {logging_mixin.py:188} INFO - [2024-03-08T18:41:24.506+0000] {dag.py:3047} INFO - Sync 1 DAGs
[2024-03-08T18:41:24.533+0000] {logging_mixin.py:188} INFO - [2024-03-08T18:41:24.532+0000] {dag.py:3834} INFO - Setting next_dagrun for example_branch_dop_operator_v3 to 2024-03-08 18:40:00+00:00, run_after=2024-03-08 18:41:00+00:00
[2024-03-08T18:41:24.549+0000] {processor.py:183} INFO - Processing /home/airflow/.local/lib/python3.8/site-packages/airflow/example_dags/example_branch_python_dop_operator_3.py took 0.073 seconds
[2024-03-08T18:41:54.801+0000] {processor.py:161} INFO - Started process (PID=1147) to work on /home/airflow/.local/lib/python3.8/site-packages/airflow/example_dags/example_branch_python_dop_operator_3.py
[2024-03-08T18:41:54.801+0000] {processor.py:830} INFO - Processing file /home/airflow/.local/lib/python3.8/site-packages/airflow/example_dags/example_branch_python_dop_operator_3.py for tasks to queue
[2024-03-08T18:41:54.802+0000] {logging_mixin.py:188} INFO - [2024-03-08T18:41:54.802+0000] {dagbag.py:540} INFO - Filling up the DagBag from /home/airflow/.local/lib/python3.8/site-packages/airflow/example_dags/example_branch_python_dop_operator_3.py
[2024-03-08T18:41:54.809+0000] {processor.py:840} INFO - DAG(s) 'example_branch_dop_operator_v3' retrieved from /home/airflow/.local/lib/python3.8/site-packages/airflow/example_dags/example_branch_python_dop_operator_3.py
[2024-03-08T18:41:54.827+0000] {logging_mixin.py:188} INFO - [2024-03-08T18:41:54.827+0000] {dag.py:3047} INFO - Sync 1 DAGs
[2024-03-08T18:41:54.850+0000] {logging_mixin.py:188} INFO - [2024-03-08T18:41:54.850+0000] {dag.py:3834} INFO - Setting next_dagrun for example_branch_dop_operator_v3 to 2024-03-08 18:40:00+00:00, run_after=2024-03-08 18:41:00+00:00
[2024-03-08T18:41:54.864+0000] {processor.py:183} INFO - Processing /home/airflow/.local/lib/python3.8/site-packages/airflow/example_dags/example_branch_python_dop_operator_3.py took 0.066 seconds
[2024-03-08T18:42:25.130+0000] {processor.py:161} INFO - Started process (PID=1202) to work on /home/airflow/.local/lib/python3.8/site-packages/airflow/example_dags/example_branch_python_dop_operator_3.py
[2024-03-08T18:42:25.131+0000] {processor.py:830} INFO - Processing file /home/airflow/.local/lib/python3.8/site-packages/airflow/example_dags/example_branch_python_dop_operator_3.py for tasks to queue
[2024-03-08T18:42:25.132+0000] {logging_mixin.py:188} INFO - [2024-03-08T18:42:25.132+0000] {dagbag.py:540} INFO - Filling up the DagBag from /home/airflow/.local/lib/python3.8/site-packages/airflow/example_dags/example_branch_python_dop_operator_3.py
[2024-03-08T18:42:25.139+0000] {processor.py:840} INFO - DAG(s) 'example_branch_dop_operator_v3' retrieved from /home/airflow/.local/lib/python3.8/site-packages/airflow/example_dags/example_branch_python_dop_operator_3.py
[2024-03-08T18:42:25.155+0000] {logging_mixin.py:188} INFO - [2024-03-08T18:42:25.154+0000] {dag.py:3047} INFO - Sync 1 DAGs
[2024-03-08T18:42:25.178+0000] {logging_mixin.py:188} INFO - [2024-03-08T18:42:25.178+0000] {dag.py:3834} INFO - Setting next_dagrun for example_branch_dop_operator_v3 to 2024-03-08 18:41:00+00:00, run_after=2024-03-08 18:42:00+00:00
[2024-03-08T18:42:25.192+0000] {processor.py:183} INFO - Processing /home/airflow/.local/lib/python3.8/site-packages/airflow/example_dags/example_branch_python_dop_operator_3.py took 0.065 seconds
[2024-03-08T18:42:55.375+0000] {processor.py:161} INFO - Started process (PID=1257) to work on /home/airflow/.local/lib/python3.8/site-packages/airflow/example_dags/example_branch_python_dop_operator_3.py
[2024-03-08T18:42:55.377+0000] {processor.py:830} INFO - Processing file /home/airflow/.local/lib/python3.8/site-packages/airflow/example_dags/example_branch_python_dop_operator_3.py for tasks to queue
[2024-03-08T18:42:55.378+0000] {logging_mixin.py:188} INFO - [2024-03-08T18:42:55.378+0000] {dagbag.py:540} INFO - Filling up the DagBag from /home/airflow/.local/lib/python3.8/site-packages/airflow/example_dags/example_branch_python_dop_operator_3.py
[2024-03-08T18:42:55.385+0000] {processor.py:840} INFO - DAG(s) 'example_branch_dop_operator_v3' retrieved from /home/airflow/.local/lib/python3.8/site-packages/airflow/example_dags/example_branch_python_dop_operator_3.py
[2024-03-08T18:42:55.402+0000] {logging_mixin.py:188} INFO - [2024-03-08T18:42:55.401+0000] {dag.py:3047} INFO - Sync 1 DAGs
[2024-03-08T18:42:55.422+0000] {logging_mixin.py:188} INFO - [2024-03-08T18:42:55.422+0000] {dag.py:3834} INFO - Setting next_dagrun for example_branch_dop_operator_v3 to 2024-03-08 18:41:00+00:00, run_after=2024-03-08 18:42:00+00:00
[2024-03-08T18:42:55.436+0000] {processor.py:183} INFO - Processing /home/airflow/.local/lib/python3.8/site-packages/airflow/example_dags/example_branch_python_dop_operator_3.py took 0.064 seconds
[2024-03-08T18:43:25.621+0000] {processor.py:161} INFO - Started process (PID=1312) to work on /home/airflow/.local/lib/python3.8/site-packages/airflow/example_dags/example_branch_python_dop_operator_3.py
[2024-03-08T18:43:25.622+0000] {processor.py:830} INFO - Processing file /home/airflow/.local/lib/python3.8/site-packages/airflow/example_dags/example_branch_python_dop_operator_3.py for tasks to queue
[2024-03-08T18:43:25.623+0000] {logging_mixin.py:188} INFO - [2024-03-08T18:43:25.623+0000] {dagbag.py:540} INFO - Filling up the DagBag from /home/airflow/.local/lib/python3.8/site-packages/airflow/example_dags/example_branch_python_dop_operator_3.py
[2024-03-08T18:43:25.630+0000] {processor.py:840} INFO - DAG(s) 'example_branch_dop_operator_v3' retrieved from /home/airflow/.local/lib/python3.8/site-packages/airflow/example_dags/example_branch_python_dop_operator_3.py
[2024-03-08T18:43:25.648+0000] {logging_mixin.py:188} INFO - [2024-03-08T18:43:25.648+0000] {dag.py:3047} INFO - Sync 1 DAGs
[2024-03-08T18:43:25.669+0000] {logging_mixin.py:188} INFO - [2024-03-08T18:43:25.669+0000] {dag.py:3834} INFO - Setting next_dagrun for example_branch_dop_operator_v3 to 2024-03-08 18:42:00+00:00, run_after=2024-03-08 18:43:00+00:00
[2024-03-08T18:43:25.683+0000] {processor.py:183} INFO - Processing /home/airflow/.local/lib/python3.8/site-packages/airflow/example_dags/example_branch_python_dop_operator_3.py took 0.065 seconds
[2024-03-08T18:43:56.218+0000] {processor.py:161} INFO - Started process (PID=1367) to work on /home/airflow/.local/lib/python3.8/site-packages/airflow/example_dags/example_branch_python_dop_operator_3.py
[2024-03-08T18:43:56.219+0000] {processor.py:830} INFO - Processing file /home/airflow/.local/lib/python3.8/site-packages/airflow/example_dags/example_branch_python_dop_operator_3.py for tasks to queue
[2024-03-08T18:43:56.220+0000] {logging_mixin.py:188} INFO - [2024-03-08T18:43:56.220+0000] {dagbag.py:540} INFO - Filling up the DagBag from /home/airflow/.local/lib/python3.8/site-packages/airflow/example_dags/example_branch_python_dop_operator_3.py
[2024-03-08T18:43:56.227+0000] {processor.py:840} INFO - DAG(s) 'example_branch_dop_operator_v3' retrieved from /home/airflow/.local/lib/python3.8/site-packages/airflow/example_dags/example_branch_python_dop_operator_3.py
[2024-03-08T18:43:56.245+0000] {logging_mixin.py:188} INFO - [2024-03-08T18:43:56.244+0000] {dag.py:3047} INFO - Sync 1 DAGs
[2024-03-08T18:43:56.266+0000] {logging_mixin.py:188} INFO - [2024-03-08T18:43:56.266+0000] {dag.py:3834} INFO - Setting next_dagrun for example_branch_dop_operator_v3 to 2024-03-08 18:42:00+00:00, run_after=2024-03-08 18:43:00+00:00
[2024-03-08T18:43:56.281+0000] {processor.py:183} INFO - Processing /home/airflow/.local/lib/python3.8/site-packages/airflow/example_dags/example_branch_python_dop_operator_3.py took 0.065 seconds
[2024-03-08T18:44:26.421+0000] {processor.py:161} INFO - Started process (PID=1422) to work on /home/airflow/.local/lib/python3.8/site-packages/airflow/example_dags/example_branch_python_dop_operator_3.py
[2024-03-08T18:44:26.422+0000] {processor.py:830} INFO - Processing file /home/airflow/.local/lib/python3.8/site-packages/airflow/example_dags/example_branch_python_dop_operator_3.py for tasks to queue
[2024-03-08T18:44:26.423+0000] {logging_mixin.py:188} INFO - [2024-03-08T18:44:26.423+0000] {dagbag.py:540} INFO - Filling up the DagBag from /home/airflow/.local/lib/python3.8/site-packages/airflow/example_dags/example_branch_python_dop_operator_3.py
[2024-03-08T18:44:26.430+0000] {processor.py:840} INFO - DAG(s) 'example_branch_dop_operator_v3' retrieved from /home/airflow/.local/lib/python3.8/site-packages/airflow/example_dags/example_branch_python_dop_operator_3.py
[2024-03-08T18:44:26.449+0000] {logging_mixin.py:188} INFO - [2024-03-08T18:44:26.448+0000] {dag.py:3047} INFO - Sync 1 DAGs
[2024-03-08T18:44:26.473+0000] {logging_mixin.py:188} INFO - [2024-03-08T18:44:26.472+0000] {dag.py:3834} INFO - Setting next_dagrun for example_branch_dop_operator_v3 to 2024-03-08 18:43:00+00:00, run_after=2024-03-08 18:44:00+00:00
[2024-03-08T18:44:26.487+0000] {processor.py:183} INFO - Processing /home/airflow/.local/lib/python3.8/site-packages/airflow/example_dags/example_branch_python_dop_operator_3.py took 0.068 seconds
[2024-03-08T18:44:56.553+0000] {processor.py:161} INFO - Started process (PID=1477) to work on /home/airflow/.local/lib/python3.8/site-packages/airflow/example_dags/example_branch_python_dop_operator_3.py
[2024-03-08T18:44:56.554+0000] {processor.py:830} INFO - Processing file /home/airflow/.local/lib/python3.8/site-packages/airflow/example_dags/example_branch_python_dop_operator_3.py for tasks to queue
[2024-03-08T18:44:56.556+0000] {logging_mixin.py:188} INFO - [2024-03-08T18:44:56.556+0000] {dagbag.py:540} INFO - Filling up the DagBag from /home/airflow/.local/lib/python3.8/site-packages/airflow/example_dags/example_branch_python_dop_operator_3.py
[2024-03-08T18:44:56.563+0000] {processor.py:840} INFO - DAG(s) 'example_branch_dop_operator_v3' retrieved from /home/airflow/.local/lib/python3.8/site-packages/airflow/example_dags/example_branch_python_dop_operator_3.py
[2024-03-08T18:44:56.581+0000] {logging_mixin.py:188} INFO - [2024-03-08T18:44:56.581+0000] {dag.py:3047} INFO - Sync 1 DAGs
[2024-03-08T18:44:56.605+0000] {logging_mixin.py:188} INFO - [2024-03-08T18:44:56.605+0000] {dag.py:3834} INFO - Setting next_dagrun for example_branch_dop_operator_v3 to 2024-03-08 18:43:00+00:00, run_after=2024-03-08 18:44:00+00:00
[2024-03-08T18:44:56.621+0000] {processor.py:183} INFO - Processing /home/airflow/.local/lib/python3.8/site-packages/airflow/example_dags/example_branch_python_dop_operator_3.py took 0.071 seconds
[2024-03-08T18:45:26.877+0000] {processor.py:161} INFO - Started process (PID=1532) to work on /home/airflow/.local/lib/python3.8/site-packages/airflow/example_dags/example_branch_python_dop_operator_3.py
[2024-03-08T18:45:26.878+0000] {processor.py:830} INFO - Processing file /home/airflow/.local/lib/python3.8/site-packages/airflow/example_dags/example_branch_python_dop_operator_3.py for tasks to queue
[2024-03-08T18:45:26.879+0000] {logging_mixin.py:188} INFO - [2024-03-08T18:45:26.879+0000] {dagbag.py:540} INFO - Filling up the DagBag from /home/airflow/.local/lib/python3.8/site-packages/airflow/example_dags/example_branch_python_dop_operator_3.py
[2024-03-08T18:45:26.886+0000] {processor.py:840} INFO - DAG(s) 'example_branch_dop_operator_v3' retrieved from /home/airflow/.local/lib/python3.8/site-packages/airflow/example_dags/example_branch_python_dop_operator_3.py
[2024-03-08T18:45:26.902+0000] {logging_mixin.py:188} INFO - [2024-03-08T18:45:26.901+0000] {dag.py:3047} INFO - Sync 1 DAGs
[2024-03-08T18:45:26.922+0000] {logging_mixin.py:188} INFO - [2024-03-08T18:45:26.922+0000] {dag.py:3834} INFO - Setting next_dagrun for example_branch_dop_operator_v3 to 2024-03-08 18:44:00+00:00, run_after=2024-03-08 18:45:00+00:00
[2024-03-08T18:45:26.936+0000] {processor.py:183} INFO - Processing /home/airflow/.local/lib/python3.8/site-packages/airflow/example_dags/example_branch_python_dop_operator_3.py took 0.062 seconds
[2024-03-08T18:45:57.221+0000] {processor.py:161} INFO - Started process (PID=1587) to work on /home/airflow/.local/lib/python3.8/site-packages/airflow/example_dags/example_branch_python_dop_operator_3.py
[2024-03-08T18:45:57.223+0000] {processor.py:830} INFO - Processing file /home/airflow/.local/lib/python3.8/site-packages/airflow/example_dags/example_branch_python_dop_operator_3.py for tasks to queue
[2024-03-08T18:45:57.224+0000] {logging_mixin.py:188} INFO - [2024-03-08T18:45:57.224+0000] {dagbag.py:540} INFO - Filling up the DagBag from /home/airflow/.local/lib/python3.8/site-packages/airflow/example_dags/example_branch_python_dop_operator_3.py
[2024-03-08T18:45:57.233+0000] {processor.py:840} INFO - DAG(s) 'example_branch_dop_operator_v3' retrieved from /home/airflow/.local/lib/python3.8/site-packages/airflow/example_dags/example_branch_python_dop_operator_3.py
[2024-03-08T18:45:57.253+0000] {logging_mixin.py:188} INFO - [2024-03-08T18:45:57.253+0000] {dag.py:3047} INFO - Sync 1 DAGs
[2024-03-08T18:45:57.314+0000] {logging_mixin.py:188} INFO - [2024-03-08T18:45:57.314+0000] {dag.py:3834} INFO - Setting next_dagrun for example_branch_dop_operator_v3 to 2024-03-08 18:44:00+00:00, run_after=2024-03-08 18:45:00+00:00
[2024-03-08T18:45:57.335+0000] {processor.py:183} INFO - Processing /home/airflow/.local/lib/python3.8/site-packages/airflow/example_dags/example_branch_python_dop_operator_3.py took 0.117 seconds
[2024-03-08T18:46:27.904+0000] {processor.py:161} INFO - Started process (PID=1642) to work on /home/airflow/.local/lib/python3.8/site-packages/airflow/example_dags/example_branch_python_dop_operator_3.py
[2024-03-08T18:46:27.905+0000] {processor.py:830} INFO - Processing file /home/airflow/.local/lib/python3.8/site-packages/airflow/example_dags/example_branch_python_dop_operator_3.py for tasks to queue
[2024-03-08T18:46:27.906+0000] {logging_mixin.py:188} INFO - [2024-03-08T18:46:27.906+0000] {dagbag.py:540} INFO - Filling up the DagBag from /home/airflow/.local/lib/python3.8/site-packages/airflow/example_dags/example_branch_python_dop_operator_3.py
[2024-03-08T18:46:27.913+0000] {processor.py:840} INFO - DAG(s) 'example_branch_dop_operator_v3' retrieved from /home/airflow/.local/lib/python3.8/site-packages/airflow/example_dags/example_branch_python_dop_operator_3.py
[2024-03-08T18:46:27.931+0000] {logging_mixin.py:188} INFO - [2024-03-08T18:46:27.931+0000] {dag.py:3047} INFO - Sync 1 DAGs
[2024-03-08T18:46:28.005+0000] {logging_mixin.py:188} INFO - [2024-03-08T18:46:28.004+0000] {dag.py:3834} INFO - Setting next_dagrun for example_branch_dop_operator_v3 to 2024-03-08 18:45:00+00:00, run_after=2024-03-08 18:46:00+00:00
[2024-03-08T18:46:28.021+0000] {processor.py:183} INFO - Processing /home/airflow/.local/lib/python3.8/site-packages/airflow/example_dags/example_branch_python_dop_operator_3.py took 0.119 seconds
[2024-03-08T18:46:58.132+0000] {processor.py:161} INFO - Started process (PID=1697) to work on /home/airflow/.local/lib/python3.8/site-packages/airflow/example_dags/example_branch_python_dop_operator_3.py
[2024-03-08T18:46:58.133+0000] {processor.py:830} INFO - Processing file /home/airflow/.local/lib/python3.8/site-packages/airflow/example_dags/example_branch_python_dop_operator_3.py for tasks to queue
[2024-03-08T18:46:58.135+0000] {logging_mixin.py:188} INFO - [2024-03-08T18:46:58.134+0000] {dagbag.py:540} INFO - Filling up the DagBag from /home/airflow/.local/lib/python3.8/site-packages/airflow/example_dags/example_branch_python_dop_operator_3.py
[2024-03-08T18:46:58.142+0000] {processor.py:840} INFO - DAG(s) 'example_branch_dop_operator_v3' retrieved from /home/airflow/.local/lib/python3.8/site-packages/airflow/example_dags/example_branch_python_dop_operator_3.py
[2024-03-08T18:46:58.161+0000] {logging_mixin.py:188} INFO - [2024-03-08T18:46:58.160+0000] {dag.py:3047} INFO - Sync 1 DAGs
[2024-03-08T18:46:58.181+0000] {logging_mixin.py:188} INFO - [2024-03-08T18:46:58.181+0000] {dag.py:3834} INFO - Setting next_dagrun for example_branch_dop_operator_v3 to 2024-03-08 18:45:00+00:00, run_after=2024-03-08 18:46:00+00:00
[2024-03-08T18:46:58.195+0000] {processor.py:183} INFO - Processing /home/airflow/.local/lib/python3.8/site-packages/airflow/example_dags/example_branch_python_dop_operator_3.py took 0.065 seconds
[2024-03-08T18:47:28.344+0000] {processor.py:161} INFO - Started process (PID=1752) to work on /home/airflow/.local/lib/python3.8/site-packages/airflow/example_dags/example_branch_python_dop_operator_3.py
[2024-03-08T18:47:28.345+0000] {processor.py:830} INFO - Processing file /home/airflow/.local/lib/python3.8/site-packages/airflow/example_dags/example_branch_python_dop_operator_3.py for tasks to queue
[2024-03-08T18:47:28.346+0000] {logging_mixin.py:188} INFO - [2024-03-08T18:47:28.346+0000] {dagbag.py:540} INFO - Filling up the DagBag from /home/airflow/.local/lib/python3.8/site-packages/airflow/example_dags/example_branch_python_dop_operator_3.py
[2024-03-08T18:47:28.354+0000] {processor.py:840} INFO - DAG(s) 'example_branch_dop_operator_v3' retrieved from /home/airflow/.local/lib/python3.8/site-packages/airflow/example_dags/example_branch_python_dop_operator_3.py
[2024-03-08T18:47:28.371+0000] {logging_mixin.py:188} INFO - [2024-03-08T18:47:28.371+0000] {dag.py:3047} INFO - Sync 1 DAGs
[2024-03-08T18:47:28.401+0000] {logging_mixin.py:188} INFO - [2024-03-08T18:47:28.400+0000] {dag.py:3834} INFO - Setting next_dagrun for example_branch_dop_operator_v3 to 2024-03-08 18:46:00+00:00, run_after=2024-03-08 18:47:00+00:00
[2024-03-08T18:47:28.419+0000] {processor.py:183} INFO - Processing /home/airflow/.local/lib/python3.8/site-packages/airflow/example_dags/example_branch_python_dop_operator_3.py took 0.078 seconds
[2024-03-08T18:47:58.845+0000] {processor.py:161} INFO - Started process (PID=1807) to work on /home/airflow/.local/lib/python3.8/site-packages/airflow/example_dags/example_branch_python_dop_operator_3.py
[2024-03-08T18:47:58.846+0000] {processor.py:830} INFO - Processing file /home/airflow/.local/lib/python3.8/site-packages/airflow/example_dags/example_branch_python_dop_operator_3.py for tasks to queue
[2024-03-08T18:47:58.848+0000] {logging_mixin.py:188} INFO - [2024-03-08T18:47:58.847+0000] {dagbag.py:540} INFO - Filling up the DagBag from /home/airflow/.local/lib/python3.8/site-packages/airflow/example_dags/example_branch_python_dop_operator_3.py
[2024-03-08T18:47:58.855+0000] {processor.py:840} INFO - DAG(s) 'example_branch_dop_operator_v3' retrieved from /home/airflow/.local/lib/python3.8/site-packages/airflow/example_dags/example_branch_python_dop_operator_3.py
[2024-03-08T18:47:58.871+0000] {logging_mixin.py:188} INFO - [2024-03-08T18:47:58.871+0000] {dag.py:3047} INFO - Sync 1 DAGs
[2024-03-08T18:47:58.893+0000] {logging_mixin.py:188} INFO - [2024-03-08T18:47:58.892+0000] {dag.py:3834} INFO - Setting next_dagrun for example_branch_dop_operator_v3 to 2024-03-08 18:46:00+00:00, run_after=2024-03-08 18:47:00+00:00
[2024-03-08T18:47:58.908+0000] {processor.py:183} INFO - Processing /home/airflow/.local/lib/python3.8/site-packages/airflow/example_dags/example_branch_python_dop_operator_3.py took 0.066 seconds
[2024-03-08T18:48:29.093+0000] {processor.py:161} INFO - Started process (PID=1862) to work on /home/airflow/.local/lib/python3.8/site-packages/airflow/example_dags/example_branch_python_dop_operator_3.py
[2024-03-08T18:48:29.094+0000] {processor.py:830} INFO - Processing file /home/airflow/.local/lib/python3.8/site-packages/airflow/example_dags/example_branch_python_dop_operator_3.py for tasks to queue
[2024-03-08T18:48:29.096+0000] {logging_mixin.py:188} INFO - [2024-03-08T18:48:29.095+0000] {dagbag.py:540} INFO - Filling up the DagBag from /home/airflow/.local/lib/python3.8/site-packages/airflow/example_dags/example_branch_python_dop_operator_3.py
[2024-03-08T18:48:29.102+0000] {processor.py:840} INFO - DAG(s) 'example_branch_dop_operator_v3' retrieved from /home/airflow/.local/lib/python3.8/site-packages/airflow/example_dags/example_branch_python_dop_operator_3.py
[2024-03-08T18:48:29.120+0000] {logging_mixin.py:188} INFO - [2024-03-08T18:48:29.119+0000] {dag.py:3047} INFO - Sync 1 DAGs
[2024-03-08T18:48:29.142+0000] {logging_mixin.py:188} INFO - [2024-03-08T18:48:29.142+0000] {dag.py:3834} INFO - Setting next_dagrun for example_branch_dop_operator_v3 to 2024-03-08 18:47:00+00:00, run_after=2024-03-08 18:48:00+00:00
[2024-03-08T18:48:29.157+0000] {processor.py:183} INFO - Processing /home/airflow/.local/lib/python3.8/site-packages/airflow/example_dags/example_branch_python_dop_operator_3.py took 0.066 seconds
[2024-03-08T18:48:59.538+0000] {processor.py:161} INFO - Started process (PID=1917) to work on /home/airflow/.local/lib/python3.8/site-packages/airflow/example_dags/example_branch_python_dop_operator_3.py
[2024-03-08T18:48:59.539+0000] {processor.py:830} INFO - Processing file /home/airflow/.local/lib/python3.8/site-packages/airflow/example_dags/example_branch_python_dop_operator_3.py for tasks to queue
[2024-03-08T18:48:59.541+0000] {logging_mixin.py:188} INFO - [2024-03-08T18:48:59.541+0000] {dagbag.py:540} INFO - Filling up the DagBag from /home/airflow/.local/lib/python3.8/site-packages/airflow/example_dags/example_branch_python_dop_operator_3.py
[2024-03-08T18:48:59.548+0000] {processor.py:840} INFO - DAG(s) 'example_branch_dop_operator_v3' retrieved from /home/airflow/.local/lib/python3.8/site-packages/airflow/example_dags/example_branch_python_dop_operator_3.py
[2024-03-08T18:48:59.565+0000] {logging_mixin.py:188} INFO - [2024-03-08T18:48:59.565+0000] {dag.py:3047} INFO - Sync 1 DAGs
[2024-03-08T18:48:59.588+0000] {logging_mixin.py:188} INFO - [2024-03-08T18:48:59.587+0000] {dag.py:3834} INFO - Setting next_dagrun for example_branch_dop_operator_v3 to 2024-03-08 18:47:00+00:00, run_after=2024-03-08 18:48:00+00:00
[2024-03-08T18:48:59.603+0000] {processor.py:183} INFO - Processing /home/airflow/.local/lib/python3.8/site-packages/airflow/example_dags/example_branch_python_dop_operator_3.py took 0.068 seconds
[2024-03-08T18:49:29.933+0000] {processor.py:161} INFO - Started process (PID=1972) to work on /home/airflow/.local/lib/python3.8/site-packages/airflow/example_dags/example_branch_python_dop_operator_3.py
[2024-03-08T18:49:29.934+0000] {processor.py:830} INFO - Processing file /home/airflow/.local/lib/python3.8/site-packages/airflow/example_dags/example_branch_python_dop_operator_3.py for tasks to queue
[2024-03-08T18:49:29.935+0000] {logging_mixin.py:188} INFO - [2024-03-08T18:49:29.935+0000] {dagbag.py:540} INFO - Filling up the DagBag from /home/airflow/.local/lib/python3.8/site-packages/airflow/example_dags/example_branch_python_dop_operator_3.py
[2024-03-08T18:49:29.942+0000] {processor.py:840} INFO - DAG(s) 'example_branch_dop_operator_v3' retrieved from /home/airflow/.local/lib/python3.8/site-packages/airflow/example_dags/example_branch_python_dop_operator_3.py
[2024-03-08T18:49:29.958+0000] {logging_mixin.py:188} INFO - [2024-03-08T18:49:29.958+0000] {dag.py:3047} INFO - Sync 1 DAGs
[2024-03-08T18:49:29.979+0000] {logging_mixin.py:188} INFO - [2024-03-08T18:49:29.979+0000] {dag.py:3834} INFO - Setting next_dagrun for example_branch_dop_operator_v3 to 2024-03-08 18:48:00+00:00, run_after=2024-03-08 18:49:00+00:00
[2024-03-08T18:49:29.994+0000] {processor.py:183} INFO - Processing /home/airflow/.local/lib/python3.8/site-packages/airflow/example_dags/example_branch_python_dop_operator_3.py took 0.064 seconds
[2024-03-08T18:50:00.293+0000] {processor.py:161} INFO - Started process (PID=2027) to work on /home/airflow/.local/lib/python3.8/site-packages/airflow/example_dags/example_branch_python_dop_operator_3.py
[2024-03-08T18:50:00.294+0000] {processor.py:830} INFO - Processing file /home/airflow/.local/lib/python3.8/site-packages/airflow/example_dags/example_branch_python_dop_operator_3.py for tasks to queue
[2024-03-08T18:50:00.295+0000] {logging_mixin.py:188} INFO - [2024-03-08T18:50:00.295+0000] {dagbag.py:540} INFO - Filling up the DagBag from /home/airflow/.local/lib/python3.8/site-packages/airflow/example_dags/example_branch_python_dop_operator_3.py
[2024-03-08T18:50:00.304+0000] {processor.py:840} INFO - DAG(s) 'example_branch_dop_operator_v3' retrieved from /home/airflow/.local/lib/python3.8/site-packages/airflow/example_dags/example_branch_python_dop_operator_3.py
[2024-03-08T18:50:00.325+0000] {logging_mixin.py:188} INFO - [2024-03-08T18:50:00.325+0000] {dag.py:3047} INFO - Sync 1 DAGs
[2024-03-08T18:50:00.351+0000] {logging_mixin.py:188} INFO - [2024-03-08T18:50:00.350+0000] {dag.py:3834} INFO - Setting next_dagrun for example_branch_dop_operator_v3 to 2024-03-08 18:49:00+00:00, run_after=2024-03-08 18:50:00+00:00
[2024-03-08T18:50:00.365+0000] {processor.py:183} INFO - Processing /home/airflow/.local/lib/python3.8/site-packages/airflow/example_dags/example_branch_python_dop_operator_3.py took 0.075 seconds
[2024-03-08T18:50:31.117+0000] {processor.py:161} INFO - Started process (PID=2082) to work on /home/airflow/.local/lib/python3.8/site-packages/airflow/example_dags/example_branch_python_dop_operator_3.py
[2024-03-08T18:50:31.118+0000] {processor.py:830} INFO - Processing file /home/airflow/.local/lib/python3.8/site-packages/airflow/example_dags/example_branch_python_dop_operator_3.py for tasks to queue
[2024-03-08T18:50:31.119+0000] {logging_mixin.py:188} INFO - [2024-03-08T18:50:31.119+0000] {dagbag.py:540} INFO - Filling up the DagBag from /home/airflow/.local/lib/python3.8/site-packages/airflow/example_dags/example_branch_python_dop_operator_3.py
[2024-03-08T18:50:31.129+0000] {processor.py:840} INFO - DAG(s) 'example_branch_dop_operator_v3' retrieved from /home/airflow/.local/lib/python3.8/site-packages/airflow/example_dags/example_branch_python_dop_operator_3.py
[2024-03-08T18:50:31.152+0000] {logging_mixin.py:188} INFO - [2024-03-08T18:50:31.152+0000] {dag.py:3047} INFO - Sync 1 DAGs
[2024-03-08T18:50:31.181+0000] {logging_mixin.py:188} INFO - [2024-03-08T18:50:31.181+0000] {dag.py:3834} INFO - Setting next_dagrun for example_branch_dop_operator_v3 to 2024-03-08 18:49:00+00:00, run_after=2024-03-08 18:50:00+00:00
[2024-03-08T18:50:31.198+0000] {processor.py:183} INFO - Processing /home/airflow/.local/lib/python3.8/site-packages/airflow/example_dags/example_branch_python_dop_operator_3.py took 0.084 seconds
[2024-03-08T18:51:01.268+0000] {processor.py:161} INFO - Started process (PID=2137) to work on /home/airflow/.local/lib/python3.8/site-packages/airflow/example_dags/example_branch_python_dop_operator_3.py
[2024-03-08T18:51:01.269+0000] {processor.py:830} INFO - Processing file /home/airflow/.local/lib/python3.8/site-packages/airflow/example_dags/example_branch_python_dop_operator_3.py for tasks to queue
[2024-03-08T18:51:01.270+0000] {logging_mixin.py:188} INFO - [2024-03-08T18:51:01.270+0000] {dagbag.py:540} INFO - Filling up the DagBag from /home/airflow/.local/lib/python3.8/site-packages/airflow/example_dags/example_branch_python_dop_operator_3.py
[2024-03-08T18:51:01.278+0000] {processor.py:840} INFO - DAG(s) 'example_branch_dop_operator_v3' retrieved from /home/airflow/.local/lib/python3.8/site-packages/airflow/example_dags/example_branch_python_dop_operator_3.py
[2024-03-08T18:51:01.295+0000] {logging_mixin.py:188} INFO - [2024-03-08T18:51:01.295+0000] {dag.py:3047} INFO - Sync 1 DAGs
[2024-03-08T18:51:01.319+0000] {logging_mixin.py:188} INFO - [2024-03-08T18:51:01.319+0000] {dag.py:3834} INFO - Setting next_dagrun for example_branch_dop_operator_v3 to 2024-03-08 18:50:00+00:00, run_after=2024-03-08 18:51:00+00:00
[2024-03-08T18:51:01.334+0000] {processor.py:183} INFO - Processing /home/airflow/.local/lib/python3.8/site-packages/airflow/example_dags/example_branch_python_dop_operator_3.py took 0.069 seconds
[2024-03-08T18:51:31.595+0000] {processor.py:161} INFO - Started process (PID=2192) to work on /home/airflow/.local/lib/python3.8/site-packages/airflow/example_dags/example_branch_python_dop_operator_3.py
[2024-03-08T18:51:31.596+0000] {processor.py:830} INFO - Processing file /home/airflow/.local/lib/python3.8/site-packages/airflow/example_dags/example_branch_python_dop_operator_3.py for tasks to queue
[2024-03-08T18:51:31.597+0000] {logging_mixin.py:188} INFO - [2024-03-08T18:51:31.597+0000] {dagbag.py:540} INFO - Filling up the DagBag from /home/airflow/.local/lib/python3.8/site-packages/airflow/example_dags/example_branch_python_dop_operator_3.py
[2024-03-08T18:51:31.604+0000] {processor.py:840} INFO - DAG(s) 'example_branch_dop_operator_v3' retrieved from /home/airflow/.local/lib/python3.8/site-packages/airflow/example_dags/example_branch_python_dop_operator_3.py
[2024-03-08T18:51:31.623+0000] {logging_mixin.py:188} INFO - [2024-03-08T18:51:31.623+0000] {dag.py:3047} INFO - Sync 1 DAGs
[2024-03-08T18:51:31.648+0000] {logging_mixin.py:188} INFO - [2024-03-08T18:51:31.648+0000] {dag.py:3834} INFO - Setting next_dagrun for example_branch_dop_operator_v3 to 2024-03-08 18:50:00+00:00, run_after=2024-03-08 18:51:00+00:00
[2024-03-08T18:51:31.664+0000] {processor.py:183} INFO - Processing /home/airflow/.local/lib/python3.8/site-packages/airflow/example_dags/example_branch_python_dop_operator_3.py took 0.071 seconds
[2024-03-08T18:52:02.253+0000] {processor.py:161} INFO - Started process (PID=2253) to work on /home/airflow/.local/lib/python3.8/site-packages/airflow/example_dags/example_branch_python_dop_operator_3.py
[2024-03-08T18:52:02.254+0000] {processor.py:830} INFO - Processing file /home/airflow/.local/lib/python3.8/site-packages/airflow/example_dags/example_branch_python_dop_operator_3.py for tasks to queue
[2024-03-08T18:52:02.255+0000] {logging_mixin.py:188} INFO - [2024-03-08T18:52:02.255+0000] {dagbag.py:540} INFO - Filling up the DagBag from /home/airflow/.local/lib/python3.8/site-packages/airflow/example_dags/example_branch_python_dop_operator_3.py
[2024-03-08T18:52:02.262+0000] {processor.py:840} INFO - DAG(s) 'example_branch_dop_operator_v3' retrieved from /home/airflow/.local/lib/python3.8/site-packages/airflow/example_dags/example_branch_python_dop_operator_3.py
[2024-03-08T18:52:02.279+0000] {logging_mixin.py:188} INFO - [2024-03-08T18:52:02.279+0000] {dag.py:3047} INFO - Sync 1 DAGs
[2024-03-08T18:52:02.300+0000] {logging_mixin.py:188} INFO - [2024-03-08T18:52:02.300+0000] {dag.py:3834} INFO - Setting next_dagrun for example_branch_dop_operator_v3 to 2024-03-08 18:51:00+00:00, run_after=2024-03-08 18:52:00+00:00
[2024-03-08T18:52:02.317+0000] {processor.py:183} INFO - Processing /home/airflow/.local/lib/python3.8/site-packages/airflow/example_dags/example_branch_python_dop_operator_3.py took 0.067 seconds
[2024-03-08T18:52:32.678+0000] {processor.py:161} INFO - Started process (PID=2308) to work on /home/airflow/.local/lib/python3.8/site-packages/airflow/example_dags/example_branch_python_dop_operator_3.py
[2024-03-08T18:52:32.679+0000] {processor.py:830} INFO - Processing file /home/airflow/.local/lib/python3.8/site-packages/airflow/example_dags/example_branch_python_dop_operator_3.py for tasks to queue
[2024-03-08T18:52:32.680+0000] {logging_mixin.py:188} INFO - [2024-03-08T18:52:32.680+0000] {dagbag.py:540} INFO - Filling up the DagBag from /home/airflow/.local/lib/python3.8/site-packages/airflow/example_dags/example_branch_python_dop_operator_3.py
[2024-03-08T18:52:32.688+0000] {processor.py:840} INFO - DAG(s) 'example_branch_dop_operator_v3' retrieved from /home/airflow/.local/lib/python3.8/site-packages/airflow/example_dags/example_branch_python_dop_operator_3.py
[2024-03-08T18:52:32.706+0000] {logging_mixin.py:188} INFO - [2024-03-08T18:52:32.706+0000] {dag.py:3047} INFO - Sync 1 DAGs
[2024-03-08T18:52:32.729+0000] {logging_mixin.py:188} INFO - [2024-03-08T18:52:32.729+0000] {dag.py:3834} INFO - Setting next_dagrun for example_branch_dop_operator_v3 to 2024-03-08 18:51:00+00:00, run_after=2024-03-08 18:52:00+00:00
[2024-03-08T18:52:32.745+0000] {processor.py:183} INFO - Processing /home/airflow/.local/lib/python3.8/site-packages/airflow/example_dags/example_branch_python_dop_operator_3.py took 0.069 seconds
[2024-03-08T18:53:02.985+0000] {processor.py:161} INFO - Started process (PID=2363) to work on /home/airflow/.local/lib/python3.8/site-packages/airflow/example_dags/example_branch_python_dop_operator_3.py
[2024-03-08T18:53:02.986+0000] {processor.py:830} INFO - Processing file /home/airflow/.local/lib/python3.8/site-packages/airflow/example_dags/example_branch_python_dop_operator_3.py for tasks to queue
[2024-03-08T18:53:02.987+0000] {logging_mixin.py:188} INFO - [2024-03-08T18:53:02.987+0000] {dagbag.py:540} INFO - Filling up the DagBag from /home/airflow/.local/lib/python3.8/site-packages/airflow/example_dags/example_branch_python_dop_operator_3.py
[2024-03-08T18:53:02.997+0000] {processor.py:840} INFO - DAG(s) 'example_branch_dop_operator_v3' retrieved from /home/airflow/.local/lib/python3.8/site-packages/airflow/example_dags/example_branch_python_dop_operator_3.py
[2024-03-08T18:53:03.021+0000] {logging_mixin.py:188} INFO - [2024-03-08T18:53:03.020+0000] {dag.py:3047} INFO - Sync 1 DAGs
[2024-03-08T18:53:03.054+0000] {logging_mixin.py:188} INFO - [2024-03-08T18:53:03.053+0000] {dag.py:3834} INFO - Setting next_dagrun for example_branch_dop_operator_v3 to 2024-03-08 18:52:00+00:00, run_after=2024-03-08 18:53:00+00:00
[2024-03-08T18:53:03.071+0000] {processor.py:183} INFO - Processing /home/airflow/.local/lib/python3.8/site-packages/airflow/example_dags/example_branch_python_dop_operator_3.py took 0.089 seconds
[2024-03-08T18:53:33.479+0000] {processor.py:161} INFO - Started process (PID=2418) to work on /home/airflow/.local/lib/python3.8/site-packages/airflow/example_dags/example_branch_python_dop_operator_3.py
[2024-03-08T18:53:33.480+0000] {processor.py:830} INFO - Processing file /home/airflow/.local/lib/python3.8/site-packages/airflow/example_dags/example_branch_python_dop_operator_3.py for tasks to queue
[2024-03-08T18:53:33.481+0000] {logging_mixin.py:188} INFO - [2024-03-08T18:53:33.481+0000] {dagbag.py:540} INFO - Filling up the DagBag from /home/airflow/.local/lib/python3.8/site-packages/airflow/example_dags/example_branch_python_dop_operator_3.py
[2024-03-08T18:53:33.489+0000] {processor.py:840} INFO - DAG(s) 'example_branch_dop_operator_v3' retrieved from /home/airflow/.local/lib/python3.8/site-packages/airflow/example_dags/example_branch_python_dop_operator_3.py
[2024-03-08T18:53:33.507+0000] {logging_mixin.py:188} INFO - [2024-03-08T18:53:33.507+0000] {dag.py:3047} INFO - Sync 1 DAGs
[2024-03-08T18:53:33.535+0000] {logging_mixin.py:188} INFO - [2024-03-08T18:53:33.535+0000] {dag.py:3834} INFO - Setting next_dagrun for example_branch_dop_operator_v3 to 2024-03-08 18:52:00+00:00, run_after=2024-03-08 18:53:00+00:00
[2024-03-08T18:53:33.554+0000] {processor.py:183} INFO - Processing /home/airflow/.local/lib/python3.8/site-packages/airflow/example_dags/example_branch_python_dop_operator_3.py took 0.078 seconds
[2024-03-08T18:54:04.168+0000] {processor.py:161} INFO - Started process (PID=2473) to work on /home/airflow/.local/lib/python3.8/site-packages/airflow/example_dags/example_branch_python_dop_operator_3.py
[2024-03-08T18:54:04.169+0000] {processor.py:830} INFO - Processing file /home/airflow/.local/lib/python3.8/site-packages/airflow/example_dags/example_branch_python_dop_operator_3.py for tasks to queue
[2024-03-08T18:54:04.171+0000] {logging_mixin.py:188} INFO - [2024-03-08T18:54:04.171+0000] {dagbag.py:540} INFO - Filling up the DagBag from /home/airflow/.local/lib/python3.8/site-packages/airflow/example_dags/example_branch_python_dop_operator_3.py
[2024-03-08T18:54:04.178+0000] {processor.py:840} INFO - DAG(s) 'example_branch_dop_operator_v3' retrieved from /home/airflow/.local/lib/python3.8/site-packages/airflow/example_dags/example_branch_python_dop_operator_3.py
[2024-03-08T18:54:04.197+0000] {logging_mixin.py:188} INFO - [2024-03-08T18:54:04.196+0000] {dag.py:3047} INFO - Sync 1 DAGs
[2024-03-08T18:54:04.220+0000] {logging_mixin.py:188} INFO - [2024-03-08T18:54:04.219+0000] {dag.py:3834} INFO - Setting next_dagrun for example_branch_dop_operator_v3 to 2024-03-08 18:53:00+00:00, run_after=2024-03-08 18:54:00+00:00
[2024-03-08T18:54:04.234+0000] {processor.py:183} INFO - Processing /home/airflow/.local/lib/python3.8/site-packages/airflow/example_dags/example_branch_python_dop_operator_3.py took 0.068 seconds
[2024-03-08T18:54:34.813+0000] {processor.py:161} INFO - Started process (PID=2528) to work on /home/airflow/.local/lib/python3.8/site-packages/airflow/example_dags/example_branch_python_dop_operator_3.py
[2024-03-08T18:54:34.814+0000] {processor.py:830} INFO - Processing file /home/airflow/.local/lib/python3.8/site-packages/airflow/example_dags/example_branch_python_dop_operator_3.py for tasks to queue
[2024-03-08T18:54:34.815+0000] {logging_mixin.py:188} INFO - [2024-03-08T18:54:34.815+0000] {dagbag.py:540} INFO - Filling up the DagBag from /home/airflow/.local/lib/python3.8/site-packages/airflow/example_dags/example_branch_python_dop_operator_3.py
[2024-03-08T18:54:34.822+0000] {processor.py:840} INFO - DAG(s) 'example_branch_dop_operator_v3' retrieved from /home/airflow/.local/lib/python3.8/site-packages/airflow/example_dags/example_branch_python_dop_operator_3.py
[2024-03-08T18:54:34.838+0000] {logging_mixin.py:188} INFO - [2024-03-08T18:54:34.838+0000] {dag.py:3047} INFO - Sync 1 DAGs
[2024-03-08T18:54:34.860+0000] {logging_mixin.py:188} INFO - [2024-03-08T18:54:34.860+0000] {dag.py:3834} INFO - Setting next_dagrun for example_branch_dop_operator_v3 to 2024-03-08 18:53:00+00:00, run_after=2024-03-08 18:54:00+00:00
[2024-03-08T18:54:34.874+0000] {processor.py:183} INFO - Processing /home/airflow/.local/lib/python3.8/site-packages/airflow/example_dags/example_branch_python_dop_operator_3.py took 0.064 seconds
[2024-03-08T18:55:04.979+0000] {processor.py:161} INFO - Started process (PID=2583) to work on /home/airflow/.local/lib/python3.8/site-packages/airflow/example_dags/example_branch_python_dop_operator_3.py
[2024-03-08T18:55:04.980+0000] {processor.py:830} INFO - Processing file /home/airflow/.local/lib/python3.8/site-packages/airflow/example_dags/example_branch_python_dop_operator_3.py for tasks to queue
[2024-03-08T18:55:04.981+0000] {logging_mixin.py:188} INFO - [2024-03-08T18:55:04.981+0000] {dagbag.py:540} INFO - Filling up the DagBag from /home/airflow/.local/lib/python3.8/site-packages/airflow/example_dags/example_branch_python_dop_operator_3.py
[2024-03-08T18:55:04.987+0000] {processor.py:840} INFO - DAG(s) 'example_branch_dop_operator_v3' retrieved from /home/airflow/.local/lib/python3.8/site-packages/airflow/example_dags/example_branch_python_dop_operator_3.py
[2024-03-08T18:55:05.006+0000] {logging_mixin.py:188} INFO - [2024-03-08T18:55:05.006+0000] {dag.py:3047} INFO - Sync 1 DAGs
[2024-03-08T18:55:05.030+0000] {logging_mixin.py:188} INFO - [2024-03-08T18:55:05.030+0000] {dag.py:3834} INFO - Setting next_dagrun for example_branch_dop_operator_v3 to 2024-03-08 18:54:00+00:00, run_after=2024-03-08 18:55:00+00:00
[2024-03-08T18:55:05.045+0000] {processor.py:183} INFO - Processing /home/airflow/.local/lib/python3.8/site-packages/airflow/example_dags/example_branch_python_dop_operator_3.py took 0.069 seconds
[2024-03-08T18:55:35.249+0000] {processor.py:161} INFO - Started process (PID=2638) to work on /home/airflow/.local/lib/python3.8/site-packages/airflow/example_dags/example_branch_python_dop_operator_3.py
[2024-03-08T18:55:35.250+0000] {processor.py:830} INFO - Processing file /home/airflow/.local/lib/python3.8/site-packages/airflow/example_dags/example_branch_python_dop_operator_3.py for tasks to queue
[2024-03-08T18:55:35.252+0000] {logging_mixin.py:188} INFO - [2024-03-08T18:55:35.251+0000] {dagbag.py:540} INFO - Filling up the DagBag from /home/airflow/.local/lib/python3.8/site-packages/airflow/example_dags/example_branch_python_dop_operator_3.py
[2024-03-08T18:55:35.260+0000] {processor.py:840} INFO - DAG(s) 'example_branch_dop_operator_v3' retrieved from /home/airflow/.local/lib/python3.8/site-packages/airflow/example_dags/example_branch_python_dop_operator_3.py
[2024-03-08T18:55:35.278+0000] {logging_mixin.py:188} INFO - [2024-03-08T18:55:35.278+0000] {dag.py:3047} INFO - Sync 1 DAGs
[2024-03-08T18:55:35.305+0000] {logging_mixin.py:188} INFO - [2024-03-08T18:55:35.305+0000] {dag.py:3834} INFO - Setting next_dagrun for example_branch_dop_operator_v3 to 2024-03-08 18:54:00+00:00, run_after=2024-03-08 18:55:00+00:00
[2024-03-08T18:55:35.325+0000] {processor.py:183} INFO - Processing /home/airflow/.local/lib/python3.8/site-packages/airflow/example_dags/example_branch_python_dop_operator_3.py took 0.078 seconds
[2024-03-08T18:56:05.540+0000] {processor.py:161} INFO - Started process (PID=2693) to work on /home/airflow/.local/lib/python3.8/site-packages/airflow/example_dags/example_branch_python_dop_operator_3.py
[2024-03-08T18:56:05.540+0000] {processor.py:830} INFO - Processing file /home/airflow/.local/lib/python3.8/site-packages/airflow/example_dags/example_branch_python_dop_operator_3.py for tasks to queue
[2024-03-08T18:56:05.542+0000] {logging_mixin.py:188} INFO - [2024-03-08T18:56:05.541+0000] {dagbag.py:540} INFO - Filling up the DagBag from /home/airflow/.local/lib/python3.8/site-packages/airflow/example_dags/example_branch_python_dop_operator_3.py
[2024-03-08T18:56:05.549+0000] {processor.py:840} INFO - DAG(s) 'example_branch_dop_operator_v3' retrieved from /home/airflow/.local/lib/python3.8/site-packages/airflow/example_dags/example_branch_python_dop_operator_3.py
[2024-03-08T18:56:05.565+0000] {logging_mixin.py:188} INFO - [2024-03-08T18:56:05.565+0000] {dag.py:3047} INFO - Sync 1 DAGs
[2024-03-08T18:56:05.586+0000] {logging_mixin.py:188} INFO - [2024-03-08T18:56:05.586+0000] {dag.py:3834} INFO - Setting next_dagrun for example_branch_dop_operator_v3 to 2024-03-08 18:55:00+00:00, run_after=2024-03-08 18:56:00+00:00
[2024-03-08T18:56:05.601+0000] {processor.py:183} INFO - Processing /home/airflow/.local/lib/python3.8/site-packages/airflow/example_dags/example_branch_python_dop_operator_3.py took 0.064 seconds
[2024-03-08T18:56:35.992+0000] {processor.py:161} INFO - Started process (PID=2748) to work on /home/airflow/.local/lib/python3.8/site-packages/airflow/example_dags/example_branch_python_dop_operator_3.py
[2024-03-08T18:56:35.994+0000] {processor.py:830} INFO - Processing file /home/airflow/.local/lib/python3.8/site-packages/airflow/example_dags/example_branch_python_dop_operator_3.py for tasks to queue
[2024-03-08T18:56:35.995+0000] {logging_mixin.py:188} INFO - [2024-03-08T18:56:35.995+0000] {dagbag.py:540} INFO - Filling up the DagBag from /home/airflow/.local/lib/python3.8/site-packages/airflow/example_dags/example_branch_python_dop_operator_3.py
[2024-03-08T18:56:36.005+0000] {processor.py:840} INFO - DAG(s) 'example_branch_dop_operator_v3' retrieved from /home/airflow/.local/lib/python3.8/site-packages/airflow/example_dags/example_branch_python_dop_operator_3.py
[2024-03-08T18:56:36.026+0000] {logging_mixin.py:188} INFO - [2024-03-08T18:56:36.026+0000] {dag.py:3047} INFO - Sync 1 DAGs
[2024-03-08T18:56:36.057+0000] {logging_mixin.py:188} INFO - [2024-03-08T18:56:36.057+0000] {dag.py:3834} INFO - Setting next_dagrun for example_branch_dop_operator_v3 to 2024-03-08 18:55:00+00:00, run_after=2024-03-08 18:56:00+00:00
[2024-03-08T18:56:36.078+0000] {processor.py:183} INFO - Processing /home/airflow/.local/lib/python3.8/site-packages/airflow/example_dags/example_branch_python_dop_operator_3.py took 0.089 seconds
[2024-03-08T18:57:06.536+0000] {processor.py:161} INFO - Started process (PID=2803) to work on /home/airflow/.local/lib/python3.8/site-packages/airflow/example_dags/example_branch_python_dop_operator_3.py
[2024-03-08T18:57:06.538+0000] {processor.py:830} INFO - Processing file /home/airflow/.local/lib/python3.8/site-packages/airflow/example_dags/example_branch_python_dop_operator_3.py for tasks to queue
[2024-03-08T18:57:06.539+0000] {logging_mixin.py:188} INFO - [2024-03-08T18:57:06.539+0000] {dagbag.py:540} INFO - Filling up the DagBag from /home/airflow/.local/lib/python3.8/site-packages/airflow/example_dags/example_branch_python_dop_operator_3.py
[2024-03-08T18:57:06.548+0000] {processor.py:840} INFO - DAG(s) 'example_branch_dop_operator_v3' retrieved from /home/airflow/.local/lib/python3.8/site-packages/airflow/example_dags/example_branch_python_dop_operator_3.py
[2024-03-08T18:57:06.571+0000] {logging_mixin.py:188} INFO - [2024-03-08T18:57:06.571+0000] {dag.py:3047} INFO - Sync 1 DAGs
[2024-03-08T18:57:06.602+0000] {logging_mixin.py:188} INFO - [2024-03-08T18:57:06.601+0000] {dag.py:3834} INFO - Setting next_dagrun for example_branch_dop_operator_v3 to 2024-03-08 18:56:00+00:00, run_after=2024-03-08 18:57:00+00:00
[2024-03-08T18:57:06.622+0000] {processor.py:183} INFO - Processing /home/airflow/.local/lib/python3.8/site-packages/airflow/example_dags/example_branch_python_dop_operator_3.py took 0.088 seconds
[2024-03-08T18:57:37.012+0000] {processor.py:161} INFO - Started process (PID=2858) to work on /home/airflow/.local/lib/python3.8/site-packages/airflow/example_dags/example_branch_python_dop_operator_3.py
[2024-03-08T18:57:37.013+0000] {processor.py:830} INFO - Processing file /home/airflow/.local/lib/python3.8/site-packages/airflow/example_dags/example_branch_python_dop_operator_3.py for tasks to queue
[2024-03-08T18:57:37.014+0000] {logging_mixin.py:188} INFO - [2024-03-08T18:57:37.014+0000] {dagbag.py:540} INFO - Filling up the DagBag from /home/airflow/.local/lib/python3.8/site-packages/airflow/example_dags/example_branch_python_dop_operator_3.py
[2024-03-08T18:57:37.021+0000] {processor.py:840} INFO - DAG(s) 'example_branch_dop_operator_v3' retrieved from /home/airflow/.local/lib/python3.8/site-packages/airflow/example_dags/example_branch_python_dop_operator_3.py
[2024-03-08T18:57:37.040+0000] {logging_mixin.py:188} INFO - [2024-03-08T18:57:37.039+0000] {dag.py:3047} INFO - Sync 1 DAGs
[2024-03-08T18:57:37.065+0000] {logging_mixin.py:188} INFO - [2024-03-08T18:57:37.065+0000] {dag.py:3834} INFO - Setting next_dagrun for example_branch_dop_operator_v3 to 2024-03-08 18:56:00+00:00, run_after=2024-03-08 18:57:00+00:00
[2024-03-08T18:57:37.082+0000] {processor.py:183} INFO - Processing /home/airflow/.local/lib/python3.8/site-packages/airflow/example_dags/example_branch_python_dop_operator_3.py took 0.073 seconds
[2024-03-08T18:58:07.306+0000] {processor.py:161} INFO - Started process (PID=2913) to work on /home/airflow/.local/lib/python3.8/site-packages/airflow/example_dags/example_branch_python_dop_operator_3.py
[2024-03-08T18:58:07.307+0000] {processor.py:830} INFO - Processing file /home/airflow/.local/lib/python3.8/site-packages/airflow/example_dags/example_branch_python_dop_operator_3.py for tasks to queue
[2024-03-08T18:58:07.309+0000] {logging_mixin.py:188} INFO - [2024-03-08T18:58:07.309+0000] {dagbag.py:540} INFO - Filling up the DagBag from /home/airflow/.local/lib/python3.8/site-packages/airflow/example_dags/example_branch_python_dop_operator_3.py
[2024-03-08T18:58:07.316+0000] {processor.py:840} INFO - DAG(s) 'example_branch_dop_operator_v3' retrieved from /home/airflow/.local/lib/python3.8/site-packages/airflow/example_dags/example_branch_python_dop_operator_3.py
[2024-03-08T18:58:07.333+0000] {logging_mixin.py:188} INFO - [2024-03-08T18:58:07.333+0000] {dag.py:3047} INFO - Sync 1 DAGs
[2024-03-08T18:58:07.356+0000] {logging_mixin.py:188} INFO - [2024-03-08T18:58:07.355+0000] {dag.py:3834} INFO - Setting next_dagrun for example_branch_dop_operator_v3 to 2024-03-08 18:57:00+00:00, run_after=2024-03-08 18:58:00+00:00
[2024-03-08T18:58:07.370+0000] {processor.py:183} INFO - Processing /home/airflow/.local/lib/python3.8/site-packages/airflow/example_dags/example_branch_python_dop_operator_3.py took 0.066 seconds
[2024-03-08T18:58:37.594+0000] {processor.py:161} INFO - Started process (PID=2968) to work on /home/airflow/.local/lib/python3.8/site-packages/airflow/example_dags/example_branch_python_dop_operator_3.py
[2024-03-08T18:58:37.595+0000] {processor.py:830} INFO - Processing file /home/airflow/.local/lib/python3.8/site-packages/airflow/example_dags/example_branch_python_dop_operator_3.py for tasks to queue
[2024-03-08T18:58:37.596+0000] {logging_mixin.py:188} INFO - [2024-03-08T18:58:37.596+0000] {dagbag.py:540} INFO - Filling up the DagBag from /home/airflow/.local/lib/python3.8/site-packages/airflow/example_dags/example_branch_python_dop_operator_3.py
[2024-03-08T18:58:37.603+0000] {processor.py:840} INFO - DAG(s) 'example_branch_dop_operator_v3' retrieved from /home/airflow/.local/lib/python3.8/site-packages/airflow/example_dags/example_branch_python_dop_operator_3.py
[2024-03-08T18:58:37.620+0000] {logging_mixin.py:188} INFO - [2024-03-08T18:58:37.619+0000] {dag.py:3047} INFO - Sync 1 DAGs
[2024-03-08T18:58:37.642+0000] {logging_mixin.py:188} INFO - [2024-03-08T18:58:37.641+0000] {dag.py:3834} INFO - Setting next_dagrun for example_branch_dop_operator_v3 to 2024-03-08 18:57:00+00:00, run_after=2024-03-08 18:58:00+00:00
[2024-03-08T18:58:37.657+0000] {processor.py:183} INFO - Processing /home/airflow/.local/lib/python3.8/site-packages/airflow/example_dags/example_branch_python_dop_operator_3.py took 0.065 seconds
[2024-03-08T18:59:08.181+0000] {processor.py:161} INFO - Started process (PID=3023) to work on /home/airflow/.local/lib/python3.8/site-packages/airflow/example_dags/example_branch_python_dop_operator_3.py
[2024-03-08T18:59:08.182+0000] {processor.py:830} INFO - Processing file /home/airflow/.local/lib/python3.8/site-packages/airflow/example_dags/example_branch_python_dop_operator_3.py for tasks to queue
[2024-03-08T18:59:08.184+0000] {logging_mixin.py:188} INFO - [2024-03-08T18:59:08.183+0000] {dagbag.py:540} INFO - Filling up the DagBag from /home/airflow/.local/lib/python3.8/site-packages/airflow/example_dags/example_branch_python_dop_operator_3.py
[2024-03-08T18:59:08.197+0000] {processor.py:840} INFO - DAG(s) 'example_branch_dop_operator_v3' retrieved from /home/airflow/.local/lib/python3.8/site-packages/airflow/example_dags/example_branch_python_dop_operator_3.py
[2024-03-08T18:59:08.220+0000] {logging_mixin.py:188} INFO - [2024-03-08T18:59:08.219+0000] {dag.py:3047} INFO - Sync 1 DAGs
[2024-03-08T18:59:08.243+0000] {logging_mixin.py:188} INFO - [2024-03-08T18:59:08.242+0000] {dag.py:3834} INFO - Setting next_dagrun for example_branch_dop_operator_v3 to 2024-03-08 18:58:00+00:00, run_after=2024-03-08 18:59:00+00:00
[2024-03-08T18:59:08.257+0000] {processor.py:183} INFO - Processing /home/airflow/.local/lib/python3.8/site-packages/airflow/example_dags/example_branch_python_dop_operator_3.py took 0.079 seconds
[2024-03-08T18:59:38.862+0000] {processor.py:161} INFO - Started process (PID=3078) to work on /home/airflow/.local/lib/python3.8/site-packages/airflow/example_dags/example_branch_python_dop_operator_3.py
[2024-03-08T18:59:38.863+0000] {processor.py:830} INFO - Processing file /home/airflow/.local/lib/python3.8/site-packages/airflow/example_dags/example_branch_python_dop_operator_3.py for tasks to queue
[2024-03-08T18:59:38.865+0000] {logging_mixin.py:188} INFO - [2024-03-08T18:59:38.864+0000] {dagbag.py:540} INFO - Filling up the DagBag from /home/airflow/.local/lib/python3.8/site-packages/airflow/example_dags/example_branch_python_dop_operator_3.py
[2024-03-08T18:59:38.872+0000] {processor.py:840} INFO - DAG(s) 'example_branch_dop_operator_v3' retrieved from /home/airflow/.local/lib/python3.8/site-packages/airflow/example_dags/example_branch_python_dop_operator_3.py
[2024-03-08T18:59:38.891+0000] {logging_mixin.py:188} INFO - [2024-03-08T18:59:38.891+0000] {dag.py:3047} INFO - Sync 1 DAGs
[2024-03-08T18:59:38.919+0000] {logging_mixin.py:188} INFO - [2024-03-08T18:59:38.919+0000] {dag.py:3834} INFO - Setting next_dagrun for example_branch_dop_operator_v3 to 2024-03-08 18:58:00+00:00, run_after=2024-03-08 18:59:00+00:00
[2024-03-08T18:59:38.939+0000] {processor.py:183} INFO - Processing /home/airflow/.local/lib/python3.8/site-packages/airflow/example_dags/example_branch_python_dop_operator_3.py took 0.080 seconds
[2024-03-08T19:00:09.363+0000] {processor.py:161} INFO - Started process (PID=3133) to work on /home/airflow/.local/lib/python3.8/site-packages/airflow/example_dags/example_branch_python_dop_operator_3.py
[2024-03-08T19:00:09.364+0000] {processor.py:830} INFO - Processing file /home/airflow/.local/lib/python3.8/site-packages/airflow/example_dags/example_branch_python_dop_operator_3.py for tasks to queue
[2024-03-08T19:00:09.366+0000] {logging_mixin.py:188} INFO - [2024-03-08T19:00:09.365+0000] {dagbag.py:540} INFO - Filling up the DagBag from /home/airflow/.local/lib/python3.8/site-packages/airflow/example_dags/example_branch_python_dop_operator_3.py
[2024-03-08T19:00:09.372+0000] {processor.py:840} INFO - DAG(s) 'example_branch_dop_operator_v3' retrieved from /home/airflow/.local/lib/python3.8/site-packages/airflow/example_dags/example_branch_python_dop_operator_3.py
[2024-03-08T19:00:09.390+0000] {logging_mixin.py:188} INFO - [2024-03-08T19:00:09.389+0000] {dag.py:3047} INFO - Sync 1 DAGs
[2024-03-08T19:00:09.418+0000] {logging_mixin.py:188} INFO - [2024-03-08T19:00:09.418+0000] {dag.py:3834} INFO - Setting next_dagrun for example_branch_dop_operator_v3 to 2024-03-08 18:59:00+00:00, run_after=2024-03-08 19:00:00+00:00
[2024-03-08T19:00:09.439+0000] {processor.py:183} INFO - Processing /home/airflow/.local/lib/python3.8/site-packages/airflow/example_dags/example_branch_python_dop_operator_3.py took 0.078 seconds
[2024-03-08T19:00:39.708+0000] {processor.py:161} INFO - Started process (PID=3188) to work on /home/airflow/.local/lib/python3.8/site-packages/airflow/example_dags/example_branch_python_dop_operator_3.py
[2024-03-08T19:00:39.710+0000] {processor.py:830} INFO - Processing file /home/airflow/.local/lib/python3.8/site-packages/airflow/example_dags/example_branch_python_dop_operator_3.py for tasks to queue
[2024-03-08T19:00:39.712+0000] {logging_mixin.py:188} INFO - [2024-03-08T19:00:39.711+0000] {dagbag.py:540} INFO - Filling up the DagBag from /home/airflow/.local/lib/python3.8/site-packages/airflow/example_dags/example_branch_python_dop_operator_3.py
[2024-03-08T19:00:39.721+0000] {processor.py:840} INFO - DAG(s) 'example_branch_dop_operator_v3' retrieved from /home/airflow/.local/lib/python3.8/site-packages/airflow/example_dags/example_branch_python_dop_operator_3.py
[2024-03-08T19:00:39.742+0000] {logging_mixin.py:188} INFO - [2024-03-08T19:00:39.741+0000] {dag.py:3047} INFO - Sync 1 DAGs
[2024-03-08T19:00:39.770+0000] {logging_mixin.py:188} INFO - [2024-03-08T19:00:39.770+0000] {dag.py:3834} INFO - Setting next_dagrun for example_branch_dop_operator_v3 to 2024-03-08 18:59:00+00:00, run_after=2024-03-08 19:00:00+00:00
[2024-03-08T19:00:39.785+0000] {processor.py:183} INFO - Processing /home/airflow/.local/lib/python3.8/site-packages/airflow/example_dags/example_branch_python_dop_operator_3.py took 0.080 seconds
[2024-03-08T19:01:09.882+0000] {processor.py:161} INFO - Started process (PID=3243) to work on /home/airflow/.local/lib/python3.8/site-packages/airflow/example_dags/example_branch_python_dop_operator_3.py
[2024-03-08T19:01:09.883+0000] {processor.py:830} INFO - Processing file /home/airflow/.local/lib/python3.8/site-packages/airflow/example_dags/example_branch_python_dop_operator_3.py for tasks to queue
[2024-03-08T19:01:09.884+0000] {logging_mixin.py:188} INFO - [2024-03-08T19:01:09.884+0000] {dagbag.py:540} INFO - Filling up the DagBag from /home/airflow/.local/lib/python3.8/site-packages/airflow/example_dags/example_branch_python_dop_operator_3.py
[2024-03-08T19:01:09.892+0000] {processor.py:840} INFO - DAG(s) 'example_branch_dop_operator_v3' retrieved from /home/airflow/.local/lib/python3.8/site-packages/airflow/example_dags/example_branch_python_dop_operator_3.py
[2024-03-08T19:01:09.909+0000] {logging_mixin.py:188} INFO - [2024-03-08T19:01:09.908+0000] {dag.py:3047} INFO - Sync 1 DAGs
[2024-03-08T19:01:09.932+0000] {logging_mixin.py:188} INFO - [2024-03-08T19:01:09.931+0000] {dag.py:3834} INFO - Setting next_dagrun for example_branch_dop_operator_v3 to 2024-03-08 19:00:00+00:00, run_after=2024-03-08 19:01:00+00:00
[2024-03-08T19:01:09.946+0000] {processor.py:183} INFO - Processing /home/airflow/.local/lib/python3.8/site-packages/airflow/example_dags/example_branch_python_dop_operator_3.py took 0.067 seconds
[2024-03-08T19:01:40.365+0000] {processor.py:161} INFO - Started process (PID=3298) to work on /home/airflow/.local/lib/python3.8/site-packages/airflow/example_dags/example_branch_python_dop_operator_3.py
[2024-03-08T19:01:40.366+0000] {processor.py:830} INFO - Processing file /home/airflow/.local/lib/python3.8/site-packages/airflow/example_dags/example_branch_python_dop_operator_3.py for tasks to queue
[2024-03-08T19:01:40.368+0000] {logging_mixin.py:188} INFO - [2024-03-08T19:01:40.367+0000] {dagbag.py:540} INFO - Filling up the DagBag from /home/airflow/.local/lib/python3.8/site-packages/airflow/example_dags/example_branch_python_dop_operator_3.py
[2024-03-08T19:01:40.376+0000] {processor.py:840} INFO - DAG(s) 'example_branch_dop_operator_v3' retrieved from /home/airflow/.local/lib/python3.8/site-packages/airflow/example_dags/example_branch_python_dop_operator_3.py
[2024-03-08T19:01:40.395+0000] {logging_mixin.py:188} INFO - [2024-03-08T19:01:40.395+0000] {dag.py:3047} INFO - Sync 1 DAGs
[2024-03-08T19:01:40.419+0000] {logging_mixin.py:188} INFO - [2024-03-08T19:01:40.418+0000] {dag.py:3834} INFO - Setting next_dagrun for example_branch_dop_operator_v3 to 2024-03-08 19:00:00+00:00, run_after=2024-03-08 19:01:00+00:00
[2024-03-08T19:01:40.434+0000] {processor.py:183} INFO - Processing /home/airflow/.local/lib/python3.8/site-packages/airflow/example_dags/example_branch_python_dop_operator_3.py took 0.072 seconds
[2024-03-08T19:02:11.205+0000] {processor.py:161} INFO - Started process (PID=3353) to work on /home/airflow/.local/lib/python3.8/site-packages/airflow/example_dags/example_branch_python_dop_operator_3.py
[2024-03-08T19:02:11.206+0000] {processor.py:830} INFO - Processing file /home/airflow/.local/lib/python3.8/site-packages/airflow/example_dags/example_branch_python_dop_operator_3.py for tasks to queue
[2024-03-08T19:02:11.207+0000] {logging_mixin.py:188} INFO - [2024-03-08T19:02:11.207+0000] {dagbag.py:540} INFO - Filling up the DagBag from /home/airflow/.local/lib/python3.8/site-packages/airflow/example_dags/example_branch_python_dop_operator_3.py
[2024-03-08T19:02:11.218+0000] {processor.py:840} INFO - DAG(s) 'example_branch_dop_operator_v3' retrieved from /home/airflow/.local/lib/python3.8/site-packages/airflow/example_dags/example_branch_python_dop_operator_3.py
[2024-03-08T19:02:11.360+0000] {logging_mixin.py:188} INFO - [2024-03-08T19:02:11.360+0000] {dag.py:3047} INFO - Sync 1 DAGs
[2024-03-08T19:02:11.382+0000] {logging_mixin.py:188} INFO - [2024-03-08T19:02:11.382+0000] {dag.py:3834} INFO - Setting next_dagrun for example_branch_dop_operator_v3 to 2024-03-08 19:01:00+00:00, run_after=2024-03-08 19:02:00+00:00
[2024-03-08T19:02:11.397+0000] {processor.py:183} INFO - Processing /home/airflow/.local/lib/python3.8/site-packages/airflow/example_dags/example_branch_python_dop_operator_3.py took 0.194 seconds
[2024-03-08T19:02:41.713+0000] {processor.py:161} INFO - Started process (PID=3408) to work on /home/airflow/.local/lib/python3.8/site-packages/airflow/example_dags/example_branch_python_dop_operator_3.py
[2024-03-08T19:02:41.714+0000] {processor.py:830} INFO - Processing file /home/airflow/.local/lib/python3.8/site-packages/airflow/example_dags/example_branch_python_dop_operator_3.py for tasks to queue
[2024-03-08T19:02:41.715+0000] {logging_mixin.py:188} INFO - [2024-03-08T19:02:41.715+0000] {dagbag.py:540} INFO - Filling up the DagBag from /home/airflow/.local/lib/python3.8/site-packages/airflow/example_dags/example_branch_python_dop_operator_3.py
[2024-03-08T19:02:41.725+0000] {processor.py:840} INFO - DAG(s) 'example_branch_dop_operator_v3' retrieved from /home/airflow/.local/lib/python3.8/site-packages/airflow/example_dags/example_branch_python_dop_operator_3.py
[2024-03-08T19:02:41.744+0000] {logging_mixin.py:188} INFO - [2024-03-08T19:02:41.744+0000] {dag.py:3047} INFO - Sync 1 DAGs
[2024-03-08T19:02:41.909+0000] {logging_mixin.py:188} INFO - [2024-03-08T19:02:41.909+0000] {dag.py:3834} INFO - Setting next_dagrun for example_branch_dop_operator_v3 to 2024-03-08 19:01:00+00:00, run_after=2024-03-08 19:02:00+00:00
[2024-03-08T19:02:41.927+0000] {processor.py:183} INFO - Processing /home/airflow/.local/lib/python3.8/site-packages/airflow/example_dags/example_branch_python_dop_operator_3.py took 0.219 seconds
[2024-03-08T19:03:12.924+0000] {processor.py:161} INFO - Started process (PID=3463) to work on /home/airflow/.local/lib/python3.8/site-packages/airflow/example_dags/example_branch_python_dop_operator_3.py
[2024-03-08T19:03:12.925+0000] {processor.py:830} INFO - Processing file /home/airflow/.local/lib/python3.8/site-packages/airflow/example_dags/example_branch_python_dop_operator_3.py for tasks to queue
[2024-03-08T19:03:12.927+0000] {logging_mixin.py:188} INFO - [2024-03-08T19:03:12.927+0000] {dagbag.py:540} INFO - Filling up the DagBag from /home/airflow/.local/lib/python3.8/site-packages/airflow/example_dags/example_branch_python_dop_operator_3.py
[2024-03-08T19:03:12.937+0000] {processor.py:840} INFO - DAG(s) 'example_branch_dop_operator_v3' retrieved from /home/airflow/.local/lib/python3.8/site-packages/airflow/example_dags/example_branch_python_dop_operator_3.py
[2024-03-08T19:03:12.995+0000] {logging_mixin.py:188} INFO - [2024-03-08T19:03:12.995+0000] {dag.py:3047} INFO - Sync 1 DAGs
[2024-03-08T19:03:13.040+0000] {logging_mixin.py:188} INFO - [2024-03-08T19:03:13.040+0000] {dag.py:3834} INFO - Setting next_dagrun for example_branch_dop_operator_v3 to 2024-03-08 19:02:00+00:00, run_after=2024-03-08 19:03:00+00:00
[2024-03-08T19:03:13.060+0000] {processor.py:183} INFO - Processing /home/airflow/.local/lib/python3.8/site-packages/airflow/example_dags/example_branch_python_dop_operator_3.py took 0.164 seconds
[2024-03-08T19:03:43.280+0000] {processor.py:161} INFO - Started process (PID=3518) to work on /home/airflow/.local/lib/python3.8/site-packages/airflow/example_dags/example_branch_python_dop_operator_3.py
[2024-03-08T19:03:43.282+0000] {processor.py:830} INFO - Processing file /home/airflow/.local/lib/python3.8/site-packages/airflow/example_dags/example_branch_python_dop_operator_3.py for tasks to queue
[2024-03-08T19:03:43.283+0000] {logging_mixin.py:188} INFO - [2024-03-08T19:03:43.283+0000] {dagbag.py:540} INFO - Filling up the DagBag from /home/airflow/.local/lib/python3.8/site-packages/airflow/example_dags/example_branch_python_dop_operator_3.py
[2024-03-08T19:03:43.294+0000] {processor.py:840} INFO - DAG(s) 'example_branch_dop_operator_v3' retrieved from /home/airflow/.local/lib/python3.8/site-packages/airflow/example_dags/example_branch_python_dop_operator_3.py
[2024-03-08T19:03:43.317+0000] {logging_mixin.py:188} INFO - [2024-03-08T19:03:43.317+0000] {dag.py:3047} INFO - Sync 1 DAGs
[2024-03-08T19:03:43.348+0000] {logging_mixin.py:188} INFO - [2024-03-08T19:03:43.348+0000] {dag.py:3834} INFO - Setting next_dagrun for example_branch_dop_operator_v3 to 2024-03-08 19:02:00+00:00, run_after=2024-03-08 19:03:00+00:00
[2024-03-08T19:03:43.417+0000] {processor.py:183} INFO - Processing /home/airflow/.local/lib/python3.8/site-packages/airflow/example_dags/example_branch_python_dop_operator_3.py took 0.140 seconds
[2024-03-08T19:04:13.698+0000] {processor.py:161} INFO - Started process (PID=3573) to work on /home/airflow/.local/lib/python3.8/site-packages/airflow/example_dags/example_branch_python_dop_operator_3.py
[2024-03-08T19:04:13.720+0000] {processor.py:830} INFO - Processing file /home/airflow/.local/lib/python3.8/site-packages/airflow/example_dags/example_branch_python_dop_operator_3.py for tasks to queue
[2024-03-08T19:04:13.722+0000] {logging_mixin.py:188} INFO - [2024-03-08T19:04:13.722+0000] {dagbag.py:540} INFO - Filling up the DagBag from /home/airflow/.local/lib/python3.8/site-packages/airflow/example_dags/example_branch_python_dop_operator_3.py
[2024-03-08T19:04:13.733+0000] {processor.py:840} INFO - DAG(s) 'example_branch_dop_operator_v3' retrieved from /home/airflow/.local/lib/python3.8/site-packages/airflow/example_dags/example_branch_python_dop_operator_3.py
[2024-03-08T19:04:13.751+0000] {logging_mixin.py:188} INFO - [2024-03-08T19:04:13.751+0000] {dag.py:3047} INFO - Sync 1 DAGs
[2024-03-08T19:04:13.823+0000] {logging_mixin.py:188} INFO - [2024-03-08T19:04:13.823+0000] {dag.py:3834} INFO - Setting next_dagrun for example_branch_dop_operator_v3 to 2024-03-08 19:03:00+00:00, run_after=2024-03-08 19:04:00+00:00
[2024-03-08T19:04:13.839+0000] {processor.py:183} INFO - Processing /home/airflow/.local/lib/python3.8/site-packages/airflow/example_dags/example_branch_python_dop_operator_3.py took 0.149 seconds
[2024-03-08T19:04:44.023+0000] {processor.py:161} INFO - Started process (PID=3628) to work on /home/airflow/.local/lib/python3.8/site-packages/airflow/example_dags/example_branch_python_dop_operator_3.py
[2024-03-08T19:04:44.024+0000] {processor.py:830} INFO - Processing file /home/airflow/.local/lib/python3.8/site-packages/airflow/example_dags/example_branch_python_dop_operator_3.py for tasks to queue
[2024-03-08T19:04:44.025+0000] {logging_mixin.py:188} INFO - [2024-03-08T19:04:44.025+0000] {dagbag.py:540} INFO - Filling up the DagBag from /home/airflow/.local/lib/python3.8/site-packages/airflow/example_dags/example_branch_python_dop_operator_3.py
[2024-03-08T19:04:44.033+0000] {processor.py:840} INFO - DAG(s) 'example_branch_dop_operator_v3' retrieved from /home/airflow/.local/lib/python3.8/site-packages/airflow/example_dags/example_branch_python_dop_operator_3.py
[2024-03-08T19:04:44.054+0000] {logging_mixin.py:188} INFO - [2024-03-08T19:04:44.054+0000] {dag.py:3047} INFO - Sync 1 DAGs
[2024-03-08T19:04:44.090+0000] {logging_mixin.py:188} INFO - [2024-03-08T19:04:44.089+0000] {dag.py:3834} INFO - Setting next_dagrun for example_branch_dop_operator_v3 to 2024-03-08 19:03:00+00:00, run_after=2024-03-08 19:04:00+00:00
[2024-03-08T19:04:44.110+0000] {processor.py:183} INFO - Processing /home/airflow/.local/lib/python3.8/site-packages/airflow/example_dags/example_branch_python_dop_operator_3.py took 0.090 seconds
[2024-03-08T19:05:14.306+0000] {processor.py:161} INFO - Started process (PID=3683) to work on /home/airflow/.local/lib/python3.8/site-packages/airflow/example_dags/example_branch_python_dop_operator_3.py
[2024-03-08T19:05:14.308+0000] {processor.py:830} INFO - Processing file /home/airflow/.local/lib/python3.8/site-packages/airflow/example_dags/example_branch_python_dop_operator_3.py for tasks to queue
[2024-03-08T19:05:14.310+0000] {logging_mixin.py:188} INFO - [2024-03-08T19:05:14.309+0000] {dagbag.py:540} INFO - Filling up the DagBag from /home/airflow/.local/lib/python3.8/site-packages/airflow/example_dags/example_branch_python_dop_operator_3.py
[2024-03-08T19:05:14.320+0000] {processor.py:840} INFO - DAG(s) 'example_branch_dop_operator_v3' retrieved from /home/airflow/.local/lib/python3.8/site-packages/airflow/example_dags/example_branch_python_dop_operator_3.py
[2024-03-08T19:05:14.341+0000] {logging_mixin.py:188} INFO - [2024-03-08T19:05:14.341+0000] {dag.py:3047} INFO - Sync 1 DAGs
[2024-03-08T19:05:14.375+0000] {logging_mixin.py:188} INFO - [2024-03-08T19:05:14.375+0000] {dag.py:3834} INFO - Setting next_dagrun for example_branch_dop_operator_v3 to 2024-03-08 19:04:00+00:00, run_after=2024-03-08 19:05:00+00:00
[2024-03-08T19:05:14.402+0000] {processor.py:183} INFO - Processing /home/airflow/.local/lib/python3.8/site-packages/airflow/example_dags/example_branch_python_dop_operator_3.py took 0.099 seconds
[2024-03-08T19:05:44.839+0000] {processor.py:161} INFO - Started process (PID=3738) to work on /home/airflow/.local/lib/python3.8/site-packages/airflow/example_dags/example_branch_python_dop_operator_3.py
[2024-03-08T19:05:44.840+0000] {processor.py:830} INFO - Processing file /home/airflow/.local/lib/python3.8/site-packages/airflow/example_dags/example_branch_python_dop_operator_3.py for tasks to queue
[2024-03-08T19:05:44.841+0000] {logging_mixin.py:188} INFO - [2024-03-08T19:05:44.841+0000] {dagbag.py:540} INFO - Filling up the DagBag from /home/airflow/.local/lib/python3.8/site-packages/airflow/example_dags/example_branch_python_dop_operator_3.py
[2024-03-08T19:05:44.849+0000] {processor.py:840} INFO - DAG(s) 'example_branch_dop_operator_v3' retrieved from /home/airflow/.local/lib/python3.8/site-packages/airflow/example_dags/example_branch_python_dop_operator_3.py
[2024-03-08T19:05:44.867+0000] {logging_mixin.py:188} INFO - [2024-03-08T19:05:44.867+0000] {dag.py:3047} INFO - Sync 1 DAGs
[2024-03-08T19:05:44.896+0000] {logging_mixin.py:188} INFO - [2024-03-08T19:05:44.895+0000] {dag.py:3834} INFO - Setting next_dagrun for example_branch_dop_operator_v3 to 2024-03-08 19:04:00+00:00, run_after=2024-03-08 19:05:00+00:00
[2024-03-08T19:05:44.921+0000] {processor.py:183} INFO - Processing /home/airflow/.local/lib/python3.8/site-packages/airflow/example_dags/example_branch_python_dop_operator_3.py took 0.085 seconds
[2024-03-08T19:06:15.075+0000] {processor.py:161} INFO - Started process (PID=3793) to work on /home/airflow/.local/lib/python3.8/site-packages/airflow/example_dags/example_branch_python_dop_operator_3.py
[2024-03-08T19:06:15.076+0000] {processor.py:830} INFO - Processing file /home/airflow/.local/lib/python3.8/site-packages/airflow/example_dags/example_branch_python_dop_operator_3.py for tasks to queue
[2024-03-08T19:06:15.078+0000] {logging_mixin.py:188} INFO - [2024-03-08T19:06:15.077+0000] {dagbag.py:540} INFO - Filling up the DagBag from /home/airflow/.local/lib/python3.8/site-packages/airflow/example_dags/example_branch_python_dop_operator_3.py
[2024-03-08T19:06:15.088+0000] {processor.py:840} INFO - DAG(s) 'example_branch_dop_operator_v3' retrieved from /home/airflow/.local/lib/python3.8/site-packages/airflow/example_dags/example_branch_python_dop_operator_3.py
[2024-03-08T19:06:15.109+0000] {logging_mixin.py:188} INFO - [2024-03-08T19:06:15.109+0000] {dag.py:3047} INFO - Sync 1 DAGs
[2024-03-08T19:06:15.139+0000] {logging_mixin.py:188} INFO - [2024-03-08T19:06:15.139+0000] {dag.py:3834} INFO - Setting next_dagrun for example_branch_dop_operator_v3 to 2024-03-08 19:05:00+00:00, run_after=2024-03-08 19:06:00+00:00
[2024-03-08T19:06:15.158+0000] {processor.py:183} INFO - Processing /home/airflow/.local/lib/python3.8/site-packages/airflow/example_dags/example_branch_python_dop_operator_3.py took 0.086 seconds
[2024-03-08T19:06:45.718+0000] {processor.py:161} INFO - Started process (PID=3848) to work on /home/airflow/.local/lib/python3.8/site-packages/airflow/example_dags/example_branch_python_dop_operator_3.py
[2024-03-08T19:06:45.719+0000] {processor.py:830} INFO - Processing file /home/airflow/.local/lib/python3.8/site-packages/airflow/example_dags/example_branch_python_dop_operator_3.py for tasks to queue
[2024-03-08T19:06:45.721+0000] {logging_mixin.py:188} INFO - [2024-03-08T19:06:45.721+0000] {dagbag.py:540} INFO - Filling up the DagBag from /home/airflow/.local/lib/python3.8/site-packages/airflow/example_dags/example_branch_python_dop_operator_3.py
[2024-03-08T19:06:45.729+0000] {processor.py:840} INFO - DAG(s) 'example_branch_dop_operator_v3' retrieved from /home/airflow/.local/lib/python3.8/site-packages/airflow/example_dags/example_branch_python_dop_operator_3.py
[2024-03-08T19:06:45.748+0000] {logging_mixin.py:188} INFO - [2024-03-08T19:06:45.748+0000] {dag.py:3047} INFO - Sync 1 DAGs
[2024-03-08T19:06:45.770+0000] {logging_mixin.py:188} INFO - [2024-03-08T19:06:45.770+0000] {dag.py:3834} INFO - Setting next_dagrun for example_branch_dop_operator_v3 to 2024-03-08 19:05:00+00:00, run_after=2024-03-08 19:06:00+00:00
[2024-03-08T19:06:45.783+0000] {processor.py:183} INFO - Processing /home/airflow/.local/lib/python3.8/site-packages/airflow/example_dags/example_branch_python_dop_operator_3.py took 0.068 seconds
[2024-03-08T19:07:16.109+0000] {processor.py:161} INFO - Started process (PID=3903) to work on /home/airflow/.local/lib/python3.8/site-packages/airflow/example_dags/example_branch_python_dop_operator_3.py
[2024-03-08T19:07:16.110+0000] {processor.py:830} INFO - Processing file /home/airflow/.local/lib/python3.8/site-packages/airflow/example_dags/example_branch_python_dop_operator_3.py for tasks to queue
[2024-03-08T19:07:16.111+0000] {logging_mixin.py:188} INFO - [2024-03-08T19:07:16.111+0000] {dagbag.py:540} INFO - Filling up the DagBag from /home/airflow/.local/lib/python3.8/site-packages/airflow/example_dags/example_branch_python_dop_operator_3.py
[2024-03-08T19:07:16.121+0000] {processor.py:840} INFO - DAG(s) 'example_branch_dop_operator_v3' retrieved from /home/airflow/.local/lib/python3.8/site-packages/airflow/example_dags/example_branch_python_dop_operator_3.py
[2024-03-08T19:07:16.143+0000] {logging_mixin.py:188} INFO - [2024-03-08T19:07:16.143+0000] {dag.py:3047} INFO - Sync 1 DAGs
[2024-03-08T19:07:16.169+0000] {logging_mixin.py:188} INFO - [2024-03-08T19:07:16.169+0000] {dag.py:3834} INFO - Setting next_dagrun for example_branch_dop_operator_v3 to 2024-03-08 19:06:00+00:00, run_after=2024-03-08 19:07:00+00:00
[2024-03-08T19:07:16.184+0000] {processor.py:183} INFO - Processing /home/airflow/.local/lib/python3.8/site-packages/airflow/example_dags/example_branch_python_dop_operator_3.py took 0.077 seconds
