[2024-03-08T18:32:42.560+0000] {processor.py:161} INFO - Started process (PID=155) to work on /home/airflow/.local/lib/python3.8/site-packages/airflow/example_dags/example_branch_operator.py
[2024-03-08T18:32:42.561+0000] {processor.py:830} INFO - Processing file /home/airflow/.local/lib/python3.8/site-packages/airflow/example_dags/example_branch_operator.py for tasks to queue
[2024-03-08T18:32:42.562+0000] {logging_mixin.py:188} INFO - [2024-03-08T18:32:42.562+0000] {dagbag.py:540} INFO - Filling up the DagBag from /home/airflow/.local/lib/python3.8/site-packages/airflow/example_dags/example_branch_operator.py
[2024-03-08T18:32:42.586+0000] {processor.py:840} INFO - DAG(s) 'example_branch_operator' retrieved from /home/airflow/.local/lib/python3.8/site-packages/airflow/example_dags/example_branch_operator.py
[2024-03-08T18:32:42.599+0000] {logging_mixin.py:188} INFO - [2024-03-08T18:32:42.599+0000] {dag.py:3047} INFO - Sync 1 DAGs
[2024-03-08T18:32:42.628+0000] {logging_mixin.py:188} INFO - [2024-03-08T18:32:42.628+0000] {dag.py:3834} INFO - Setting next_dagrun for example_branch_operator to 2024-03-07 00:00:00+00:00, run_after=2024-03-08 00:00:00+00:00
[2024-03-08T18:32:42.646+0000] {processor.py:183} INFO - Processing /home/airflow/.local/lib/python3.8/site-packages/airflow/example_dags/example_branch_operator.py took 0.089 seconds
[2024-03-08T18:33:13.523+0000] {processor.py:161} INFO - Started process (PID=210) to work on /home/airflow/.local/lib/python3.8/site-packages/airflow/example_dags/example_branch_operator.py
[2024-03-08T18:33:13.524+0000] {processor.py:830} INFO - Processing file /home/airflow/.local/lib/python3.8/site-packages/airflow/example_dags/example_branch_operator.py for tasks to queue
[2024-03-08T18:33:13.525+0000] {logging_mixin.py:188} INFO - [2024-03-08T18:33:13.525+0000] {dagbag.py:540} INFO - Filling up the DagBag from /home/airflow/.local/lib/python3.8/site-packages/airflow/example_dags/example_branch_operator.py
[2024-03-08T18:33:13.540+0000] {processor.py:840} INFO - DAG(s) 'example_branch_operator' retrieved from /home/airflow/.local/lib/python3.8/site-packages/airflow/example_dags/example_branch_operator.py
[2024-03-08T18:33:13.624+0000] {logging_mixin.py:188} INFO - [2024-03-08T18:33:13.623+0000] {dag.py:3047} INFO - Sync 1 DAGs
[2024-03-08T18:33:13.643+0000] {logging_mixin.py:188} INFO - [2024-03-08T18:33:13.643+0000] {dag.py:3834} INFO - Setting next_dagrun for example_branch_operator to 2024-03-07 00:00:00+00:00, run_after=2024-03-08 00:00:00+00:00
[2024-03-08T18:33:13.658+0000] {processor.py:183} INFO - Processing /home/airflow/.local/lib/python3.8/site-packages/airflow/example_dags/example_branch_operator.py took 0.137 seconds
[2024-03-08T18:33:44.378+0000] {processor.py:161} INFO - Started process (PID=265) to work on /home/airflow/.local/lib/python3.8/site-packages/airflow/example_dags/example_branch_operator.py
[2024-03-08T18:33:44.378+0000] {processor.py:830} INFO - Processing file /home/airflow/.local/lib/python3.8/site-packages/airflow/example_dags/example_branch_operator.py for tasks to queue
[2024-03-08T18:33:44.380+0000] {logging_mixin.py:188} INFO - [2024-03-08T18:33:44.379+0000] {dagbag.py:540} INFO - Filling up the DagBag from /home/airflow/.local/lib/python3.8/site-packages/airflow/example_dags/example_branch_operator.py
[2024-03-08T18:33:44.394+0000] {processor.py:840} INFO - DAG(s) 'example_branch_operator' retrieved from /home/airflow/.local/lib/python3.8/site-packages/airflow/example_dags/example_branch_operator.py
[2024-03-08T18:33:44.421+0000] {logging_mixin.py:188} INFO - [2024-03-08T18:33:44.420+0000] {dag.py:3047} INFO - Sync 1 DAGs
[2024-03-08T18:33:44.448+0000] {logging_mixin.py:188} INFO - [2024-03-08T18:33:44.448+0000] {dag.py:3834} INFO - Setting next_dagrun for example_branch_operator to 2024-03-07 00:00:00+00:00, run_after=2024-03-08 00:00:00+00:00
[2024-03-08T18:33:44.465+0000] {processor.py:183} INFO - Processing /home/airflow/.local/lib/python3.8/site-packages/airflow/example_dags/example_branch_operator.py took 0.090 seconds
