[2024-03-08T18:32:44.003+0000] {processor.py:161} INFO - Started process (PID=177) to work on /home/airflow/.local/lib/python3.8/site-packages/airflow/example_dags/example_setup_teardown_taskflow.py
[2024-03-08T18:32:44.004+0000] {processor.py:830} INFO - Processing file /home/airflow/.local/lib/python3.8/site-packages/airflow/example_dags/example_setup_teardown_taskflow.py for tasks to queue
[2024-03-08T18:32:44.005+0000] {logging_mixin.py:188} INFO - [2024-03-08T18:32:44.005+0000] {dagbag.py:540} INFO - Filling up the DagBag from /home/airflow/.local/lib/python3.8/site-packages/airflow/example_dags/example_setup_teardown_taskflow.py
[2024-03-08T18:32:44.015+0000] {processor.py:840} INFO - DAG(s) 'example_setup_teardown_taskflow' retrieved from /home/airflow/.local/lib/python3.8/site-packages/airflow/example_dags/example_setup_teardown_taskflow.py
[2024-03-08T18:32:44.026+0000] {logging_mixin.py:188} INFO - [2024-03-08T18:32:44.026+0000] {dag.py:3047} INFO - Sync 1 DAGs
[2024-03-08T18:32:44.047+0000] {logging_mixin.py:188} INFO - [2024-03-08T18:32:44.047+0000] {dag.py:3834} INFO - Setting next_dagrun for example_setup_teardown_taskflow to 2024-03-07 00:00:00+00:00, run_after=2024-03-08 00:00:00+00:00
[2024-03-08T18:32:44.092+0000] {processor.py:183} INFO - Processing /home/airflow/.local/lib/python3.8/site-packages/airflow/example_dags/example_setup_teardown_taskflow.py took 0.092 seconds
[2024-03-08T18:33:15.405+0000] {processor.py:161} INFO - Started process (PID=232) to work on /home/airflow/.local/lib/python3.8/site-packages/airflow/example_dags/example_setup_teardown_taskflow.py
[2024-03-08T18:33:15.406+0000] {processor.py:830} INFO - Processing file /home/airflow/.local/lib/python3.8/site-packages/airflow/example_dags/example_setup_teardown_taskflow.py for tasks to queue
[2024-03-08T18:33:15.407+0000] {logging_mixin.py:188} INFO - [2024-03-08T18:33:15.407+0000] {dagbag.py:540} INFO - Filling up the DagBag from /home/airflow/.local/lib/python3.8/site-packages/airflow/example_dags/example_setup_teardown_taskflow.py
[2024-03-08T18:33:15.415+0000] {processor.py:840} INFO - DAG(s) 'example_setup_teardown_taskflow' retrieved from /home/airflow/.local/lib/python3.8/site-packages/airflow/example_dags/example_setup_teardown_taskflow.py
[2024-03-08T18:33:15.508+0000] {logging_mixin.py:188} INFO - [2024-03-08T18:33:15.508+0000] {dag.py:3047} INFO - Sync 1 DAGs
[2024-03-08T18:33:15.524+0000] {logging_mixin.py:188} INFO - [2024-03-08T18:33:15.524+0000] {dag.py:3834} INFO - Setting next_dagrun for example_setup_teardown_taskflow to 2024-03-07 00:00:00+00:00, run_after=2024-03-08 00:00:00+00:00
[2024-03-08T18:33:15.538+0000] {processor.py:183} INFO - Processing /home/airflow/.local/lib/python3.8/site-packages/airflow/example_dags/example_setup_teardown_taskflow.py took 0.135 seconds
[2024-03-08T18:33:45.700+0000] {processor.py:161} INFO - Started process (PID=287) to work on /home/airflow/.local/lib/python3.8/site-packages/airflow/example_dags/example_setup_teardown_taskflow.py
[2024-03-08T18:33:45.701+0000] {processor.py:830} INFO - Processing file /home/airflow/.local/lib/python3.8/site-packages/airflow/example_dags/example_setup_teardown_taskflow.py for tasks to queue
[2024-03-08T18:33:45.702+0000] {logging_mixin.py:188} INFO - [2024-03-08T18:33:45.702+0000] {dagbag.py:540} INFO - Filling up the DagBag from /home/airflow/.local/lib/python3.8/site-packages/airflow/example_dags/example_setup_teardown_taskflow.py
[2024-03-08T18:33:45.713+0000] {processor.py:840} INFO - DAG(s) 'example_setup_teardown_taskflow' retrieved from /home/airflow/.local/lib/python3.8/site-packages/airflow/example_dags/example_setup_teardown_taskflow.py
[2024-03-08T18:33:45.800+0000] {logging_mixin.py:188} INFO - [2024-03-08T18:33:45.800+0000] {dag.py:3047} INFO - Sync 1 DAGs
[2024-03-08T18:33:45.830+0000] {logging_mixin.py:188} INFO - [2024-03-08T18:33:45.829+0000] {dag.py:3834} INFO - Setting next_dagrun for example_setup_teardown_taskflow to 2024-03-07 00:00:00+00:00, run_after=2024-03-08 00:00:00+00:00
[2024-03-08T18:33:45.848+0000] {processor.py:183} INFO - Processing /home/airflow/.local/lib/python3.8/site-packages/airflow/example_dags/example_setup_teardown_taskflow.py took 0.151 seconds
[2024-03-08T18:34:16.692+0000] {processor.py:161} INFO - Started process (PID=342) to work on /home/airflow/.local/lib/python3.8/site-packages/airflow/example_dags/example_setup_teardown_taskflow.py
[2024-03-08T18:34:16.693+0000] {processor.py:830} INFO - Processing file /home/airflow/.local/lib/python3.8/site-packages/airflow/example_dags/example_setup_teardown_taskflow.py for tasks to queue
[2024-03-08T18:34:16.694+0000] {logging_mixin.py:188} INFO - [2024-03-08T18:34:16.694+0000] {dagbag.py:540} INFO - Filling up the DagBag from /home/airflow/.local/lib/python3.8/site-packages/airflow/example_dags/example_setup_teardown_taskflow.py
[2024-03-08T18:34:16.702+0000] {processor.py:840} INFO - DAG(s) 'example_setup_teardown_taskflow' retrieved from /home/airflow/.local/lib/python3.8/site-packages/airflow/example_dags/example_setup_teardown_taskflow.py
[2024-03-08T18:34:16.721+0000] {logging_mixin.py:188} INFO - [2024-03-08T18:34:16.721+0000] {dag.py:3047} INFO - Sync 1 DAGs
[2024-03-08T18:34:16.742+0000] {logging_mixin.py:188} INFO - [2024-03-08T18:34:16.742+0000] {dag.py:3834} INFO - Setting next_dagrun for example_setup_teardown_taskflow to 2024-03-07 00:00:00+00:00, run_after=2024-03-08 00:00:00+00:00
[2024-03-08T18:34:16.757+0000] {processor.py:183} INFO - Processing /home/airflow/.local/lib/python3.8/site-packages/airflow/example_dags/example_setup_teardown_taskflow.py took 0.068 seconds
[2024-03-08T18:34:47.335+0000] {processor.py:161} INFO - Started process (PID=397) to work on /home/airflow/.local/lib/python3.8/site-packages/airflow/example_dags/example_setup_teardown_taskflow.py
[2024-03-08T18:34:47.336+0000] {processor.py:830} INFO - Processing file /home/airflow/.local/lib/python3.8/site-packages/airflow/example_dags/example_setup_teardown_taskflow.py for tasks to queue
[2024-03-08T18:34:47.337+0000] {logging_mixin.py:188} INFO - [2024-03-08T18:34:47.337+0000] {dagbag.py:540} INFO - Filling up the DagBag from /home/airflow/.local/lib/python3.8/site-packages/airflow/example_dags/example_setup_teardown_taskflow.py
[2024-03-08T18:34:47.347+0000] {processor.py:840} INFO - DAG(s) 'example_setup_teardown_taskflow' retrieved from /home/airflow/.local/lib/python3.8/site-packages/airflow/example_dags/example_setup_teardown_taskflow.py
[2024-03-08T18:34:47.367+0000] {logging_mixin.py:188} INFO - [2024-03-08T18:34:47.367+0000] {dag.py:3047} INFO - Sync 1 DAGs
[2024-03-08T18:34:47.395+0000] {logging_mixin.py:188} INFO - [2024-03-08T18:34:47.395+0000] {dag.py:3834} INFO - Setting next_dagrun for example_setup_teardown_taskflow to 2024-03-07 00:00:00+00:00, run_after=2024-03-08 00:00:00+00:00
[2024-03-08T18:34:47.414+0000] {processor.py:183} INFO - Processing /home/airflow/.local/lib/python3.8/site-packages/airflow/example_dags/example_setup_teardown_taskflow.py took 0.082 seconds
[2024-03-08T18:35:17.717+0000] {processor.py:161} INFO - Started process (PID=452) to work on /home/airflow/.local/lib/python3.8/site-packages/airflow/example_dags/example_setup_teardown_taskflow.py
[2024-03-08T18:35:17.718+0000] {processor.py:830} INFO - Processing file /home/airflow/.local/lib/python3.8/site-packages/airflow/example_dags/example_setup_teardown_taskflow.py for tasks to queue
[2024-03-08T18:35:17.723+0000] {logging_mixin.py:188} INFO - [2024-03-08T18:35:17.722+0000] {dagbag.py:540} INFO - Filling up the DagBag from /home/airflow/.local/lib/python3.8/site-packages/airflow/example_dags/example_setup_teardown_taskflow.py
[2024-03-08T18:35:17.731+0000] {processor.py:840} INFO - DAG(s) 'example_setup_teardown_taskflow' retrieved from /home/airflow/.local/lib/python3.8/site-packages/airflow/example_dags/example_setup_teardown_taskflow.py
[2024-03-08T18:35:17.747+0000] {logging_mixin.py:188} INFO - [2024-03-08T18:35:17.747+0000] {dag.py:3047} INFO - Sync 1 DAGs
[2024-03-08T18:35:17.765+0000] {logging_mixin.py:188} INFO - [2024-03-08T18:35:17.764+0000] {dag.py:3834} INFO - Setting next_dagrun for example_setup_teardown_taskflow to 2024-03-07 00:00:00+00:00, run_after=2024-03-08 00:00:00+00:00
[2024-03-08T18:35:17.778+0000] {processor.py:183} INFO - Processing /home/airflow/.local/lib/python3.8/site-packages/airflow/example_dags/example_setup_teardown_taskflow.py took 0.063 seconds
[2024-03-08T18:35:48.294+0000] {processor.py:161} INFO - Started process (PID=507) to work on /home/airflow/.local/lib/python3.8/site-packages/airflow/example_dags/example_setup_teardown_taskflow.py
[2024-03-08T18:35:48.294+0000] {processor.py:830} INFO - Processing file /home/airflow/.local/lib/python3.8/site-packages/airflow/example_dags/example_setup_teardown_taskflow.py for tasks to queue
[2024-03-08T18:35:48.296+0000] {logging_mixin.py:188} INFO - [2024-03-08T18:35:48.295+0000] {dagbag.py:540} INFO - Filling up the DagBag from /home/airflow/.local/lib/python3.8/site-packages/airflow/example_dags/example_setup_teardown_taskflow.py
[2024-03-08T18:35:48.304+0000] {processor.py:840} INFO - DAG(s) 'example_setup_teardown_taskflow' retrieved from /home/airflow/.local/lib/python3.8/site-packages/airflow/example_dags/example_setup_teardown_taskflow.py
[2024-03-08T18:35:48.322+0000] {logging_mixin.py:188} INFO - [2024-03-08T18:35:48.322+0000] {dag.py:3047} INFO - Sync 1 DAGs
[2024-03-08T18:35:48.340+0000] {logging_mixin.py:188} INFO - [2024-03-08T18:35:48.340+0000] {dag.py:3834} INFO - Setting next_dagrun for example_setup_teardown_taskflow to 2024-03-07 00:00:00+00:00, run_after=2024-03-08 00:00:00+00:00
[2024-03-08T18:35:48.356+0000] {processor.py:183} INFO - Processing /home/airflow/.local/lib/python3.8/site-packages/airflow/example_dags/example_setup_teardown_taskflow.py took 0.065 seconds
[2024-03-08T18:36:19.094+0000] {processor.py:161} INFO - Started process (PID=562) to work on /home/airflow/.local/lib/python3.8/site-packages/airflow/example_dags/example_setup_teardown_taskflow.py
[2024-03-08T18:36:19.095+0000] {processor.py:830} INFO - Processing file /home/airflow/.local/lib/python3.8/site-packages/airflow/example_dags/example_setup_teardown_taskflow.py for tasks to queue
[2024-03-08T18:36:19.096+0000] {logging_mixin.py:188} INFO - [2024-03-08T18:36:19.096+0000] {dagbag.py:540} INFO - Filling up the DagBag from /home/airflow/.local/lib/python3.8/site-packages/airflow/example_dags/example_setup_teardown_taskflow.py
[2024-03-08T18:36:19.104+0000] {processor.py:840} INFO - DAG(s) 'example_setup_teardown_taskflow' retrieved from /home/airflow/.local/lib/python3.8/site-packages/airflow/example_dags/example_setup_teardown_taskflow.py
[2024-03-08T18:36:19.121+0000] {logging_mixin.py:188} INFO - [2024-03-08T18:36:19.121+0000] {dag.py:3047} INFO - Sync 1 DAGs
[2024-03-08T18:36:19.139+0000] {logging_mixin.py:188} INFO - [2024-03-08T18:36:19.139+0000] {dag.py:3834} INFO - Setting next_dagrun for example_setup_teardown_taskflow to 2024-03-07 00:00:00+00:00, run_after=2024-03-08 00:00:00+00:00
[2024-03-08T18:36:19.154+0000] {processor.py:183} INFO - Processing /home/airflow/.local/lib/python3.8/site-packages/airflow/example_dags/example_setup_teardown_taskflow.py took 0.062 seconds
