[2024-03-08T18:32:44.435+0000] {processor.py:161} INFO - Started process (PID=184) to work on /home/airflow/.local/lib/python3.8/site-packages/airflow/example_dags/example_task_group_decorator.py
[2024-03-08T18:32:44.435+0000] {processor.py:830} INFO - Processing file /home/airflow/.local/lib/python3.8/site-packages/airflow/example_dags/example_task_group_decorator.py for tasks to queue
[2024-03-08T18:32:44.437+0000] {logging_mixin.py:188} INFO - [2024-03-08T18:32:44.436+0000] {dagbag.py:540} INFO - Filling up the DagBag from /home/airflow/.local/lib/python3.8/site-packages/airflow/example_dags/example_task_group_decorator.py
[2024-03-08T18:32:44.449+0000] {processor.py:840} INFO - DAG(s) 'example_task_group_decorator' retrieved from /home/airflow/.local/lib/python3.8/site-packages/airflow/example_dags/example_task_group_decorator.py
[2024-03-08T18:32:44.458+0000] {logging_mixin.py:188} INFO - [2024-03-08T18:32:44.458+0000] {dag.py:3047} INFO - Sync 1 DAGs
[2024-03-08T18:32:44.491+0000] {logging_mixin.py:188} INFO - [2024-03-08T18:32:44.490+0000] {dag.py:3834} INFO - Setting next_dagrun for example_task_group_decorator to 2024-03-07 00:00:00+00:00, run_after=2024-03-08 00:00:00+00:00
[2024-03-08T18:32:44.506+0000] {processor.py:183} INFO - Processing /home/airflow/.local/lib/python3.8/site-packages/airflow/example_dags/example_task_group_decorator.py took 0.073 seconds
[2024-03-08T18:33:16.041+0000] {processor.py:161} INFO - Started process (PID=239) to work on /home/airflow/.local/lib/python3.8/site-packages/airflow/example_dags/example_task_group_decorator.py
[2024-03-08T18:33:16.042+0000] {processor.py:830} INFO - Processing file /home/airflow/.local/lib/python3.8/site-packages/airflow/example_dags/example_task_group_decorator.py for tasks to queue
[2024-03-08T18:33:16.043+0000] {logging_mixin.py:188} INFO - [2024-03-08T18:33:16.043+0000] {dagbag.py:540} INFO - Filling up the DagBag from /home/airflow/.local/lib/python3.8/site-packages/airflow/example_dags/example_task_group_decorator.py
[2024-03-08T18:33:16.058+0000] {processor.py:840} INFO - DAG(s) 'example_task_group_decorator' retrieved from /home/airflow/.local/lib/python3.8/site-packages/airflow/example_dags/example_task_group_decorator.py
[2024-03-08T18:33:16.150+0000] {logging_mixin.py:188} INFO - [2024-03-08T18:33:16.150+0000] {dag.py:3047} INFO - Sync 1 DAGs
[2024-03-08T18:33:16.165+0000] {logging_mixin.py:188} INFO - [2024-03-08T18:33:16.165+0000] {dag.py:3834} INFO - Setting next_dagrun for example_task_group_decorator to 2024-03-07 00:00:00+00:00, run_after=2024-03-08 00:00:00+00:00
[2024-03-08T18:33:16.183+0000] {processor.py:183} INFO - Processing /home/airflow/.local/lib/python3.8/site-packages/airflow/example_dags/example_task_group_decorator.py took 0.145 seconds
[2024-03-08T18:33:46.228+0000] {processor.py:161} INFO - Started process (PID=295) to work on /home/airflow/.local/lib/python3.8/site-packages/airflow/example_dags/example_task_group_decorator.py
[2024-03-08T18:33:46.229+0000] {processor.py:830} INFO - Processing file /home/airflow/.local/lib/python3.8/site-packages/airflow/example_dags/example_task_group_decorator.py for tasks to queue
[2024-03-08T18:33:46.230+0000] {logging_mixin.py:188} INFO - [2024-03-08T18:33:46.230+0000] {dagbag.py:540} INFO - Filling up the DagBag from /home/airflow/.local/lib/python3.8/site-packages/airflow/example_dags/example_task_group_decorator.py
[2024-03-08T18:33:46.245+0000] {processor.py:840} INFO - DAG(s) 'example_task_group_decorator' retrieved from /home/airflow/.local/lib/python3.8/site-packages/airflow/example_dags/example_task_group_decorator.py
[2024-03-08T18:33:46.273+0000] {logging_mixin.py:188} INFO - [2024-03-08T18:33:46.273+0000] {dag.py:3047} INFO - Sync 1 DAGs
[2024-03-08T18:33:46.296+0000] {logging_mixin.py:188} INFO - [2024-03-08T18:33:46.296+0000] {dag.py:3834} INFO - Setting next_dagrun for example_task_group_decorator to 2024-03-07 00:00:00+00:00, run_after=2024-03-08 00:00:00+00:00
[2024-03-08T18:33:46.313+0000] {processor.py:183} INFO - Processing /home/airflow/.local/lib/python3.8/site-packages/airflow/example_dags/example_task_group_decorator.py took 0.087 seconds
