[2024-03-08T18:32:42.297+0000] {processor.py:161} INFO - Started process (PID=151) to work on /home/airflow/.local/lib/python3.8/site-packages/airflow/example_dags/example_bash_operator.py
[2024-03-08T18:32:42.297+0000] {processor.py:830} INFO - Processing file /home/airflow/.local/lib/python3.8/site-packages/airflow/example_dags/example_bash_operator.py for tasks to queue
[2024-03-08T18:32:42.299+0000] {logging_mixin.py:188} INFO - [2024-03-08T18:32:42.299+0000] {dagbag.py:540} INFO - Filling up the DagBag from /home/airflow/.local/lib/python3.8/site-packages/airflow/example_dags/example_bash_operator.py
[2024-03-08T18:32:42.321+0000] {processor.py:840} INFO - DAG(s) 'example_bash_operator' retrieved from /home/airflow/.local/lib/python3.8/site-packages/airflow/example_dags/example_bash_operator.py
[2024-03-08T18:32:42.351+0000] {logging_mixin.py:188} INFO - [2024-03-08T18:32:42.350+0000] {dag.py:3047} INFO - Sync 1 DAGs
[2024-03-08T18:32:42.390+0000] {logging_mixin.py:188} INFO - [2024-03-08T18:32:42.390+0000] {dag.py:3834} INFO - Setting next_dagrun for example_bash_operator to 2024-03-07 00:00:00+00:00, run_after=2024-03-08 00:00:00+00:00
[2024-03-08T18:32:42.414+0000] {processor.py:183} INFO - Processing /home/airflow/.local/lib/python3.8/site-packages/airflow/example_dags/example_bash_operator.py took 0.120 seconds
[2024-03-08T18:33:13.103+0000] {processor.py:161} INFO - Started process (PID=206) to work on /home/airflow/.local/lib/python3.8/site-packages/airflow/example_dags/example_bash_operator.py
[2024-03-08T18:33:13.104+0000] {processor.py:830} INFO - Processing file /home/airflow/.local/lib/python3.8/site-packages/airflow/example_dags/example_bash_operator.py for tasks to queue
[2024-03-08T18:33:13.106+0000] {logging_mixin.py:188} INFO - [2024-03-08T18:33:13.106+0000] {dagbag.py:540} INFO - Filling up the DagBag from /home/airflow/.local/lib/python3.8/site-packages/airflow/example_dags/example_bash_operator.py
[2024-03-08T18:33:13.118+0000] {processor.py:840} INFO - DAG(s) 'example_bash_operator' retrieved from /home/airflow/.local/lib/python3.8/site-packages/airflow/example_dags/example_bash_operator.py
[2024-03-08T18:33:13.285+0000] {logging_mixin.py:188} INFO - [2024-03-08T18:33:13.285+0000] {dag.py:3047} INFO - Sync 1 DAGs
[2024-03-08T18:33:13.307+0000] {logging_mixin.py:188} INFO - [2024-03-08T18:33:13.306+0000] {dag.py:3834} INFO - Setting next_dagrun for example_bash_operator to 2024-03-07 00:00:00+00:00, run_after=2024-03-08 00:00:00+00:00
[2024-03-08T18:33:13.320+0000] {processor.py:183} INFO - Processing /home/airflow/.local/lib/python3.8/site-packages/airflow/example_dags/example_bash_operator.py took 0.220 seconds
[2024-03-08T18:33:44.159+0000] {processor.py:161} INFO - Started process (PID=261) to work on /home/airflow/.local/lib/python3.8/site-packages/airflow/example_dags/example_bash_operator.py
[2024-03-08T18:33:44.160+0000] {processor.py:830} INFO - Processing file /home/airflow/.local/lib/python3.8/site-packages/airflow/example_dags/example_bash_operator.py for tasks to queue
[2024-03-08T18:33:44.162+0000] {logging_mixin.py:188} INFO - [2024-03-08T18:33:44.161+0000] {dagbag.py:540} INFO - Filling up the DagBag from /home/airflow/.local/lib/python3.8/site-packages/airflow/example_dags/example_bash_operator.py
[2024-03-08T18:33:44.174+0000] {processor.py:840} INFO - DAG(s) 'example_bash_operator' retrieved from /home/airflow/.local/lib/python3.8/site-packages/airflow/example_dags/example_bash_operator.py
[2024-03-08T18:33:44.205+0000] {logging_mixin.py:188} INFO - [2024-03-08T18:33:44.205+0000] {dag.py:3047} INFO - Sync 1 DAGs
[2024-03-08T18:33:44.236+0000] {logging_mixin.py:188} INFO - [2024-03-08T18:33:44.235+0000] {dag.py:3834} INFO - Setting next_dagrun for example_bash_operator to 2024-03-07 00:00:00+00:00, run_after=2024-03-08 00:00:00+00:00
[2024-03-08T18:33:44.257+0000] {processor.py:183} INFO - Processing /home/airflow/.local/lib/python3.8/site-packages/airflow/example_dags/example_bash_operator.py took 0.101 seconds
[2024-03-08T18:34:14.936+0000] {processor.py:161} INFO - Started process (PID=316) to work on /home/airflow/.local/lib/python3.8/site-packages/airflow/example_dags/example_bash_operator.py
[2024-03-08T18:34:14.937+0000] {processor.py:830} INFO - Processing file /home/airflow/.local/lib/python3.8/site-packages/airflow/example_dags/example_bash_operator.py for tasks to queue
[2024-03-08T18:34:14.938+0000] {logging_mixin.py:188} INFO - [2024-03-08T18:34:14.938+0000] {dagbag.py:540} INFO - Filling up the DagBag from /home/airflow/.local/lib/python3.8/site-packages/airflow/example_dags/example_bash_operator.py
[2024-03-08T18:34:14.948+0000] {processor.py:840} INFO - DAG(s) 'example_bash_operator' retrieved from /home/airflow/.local/lib/python3.8/site-packages/airflow/example_dags/example_bash_operator.py
[2024-03-08T18:34:14.971+0000] {logging_mixin.py:188} INFO - [2024-03-08T18:34:14.971+0000] {dag.py:3047} INFO - Sync 1 DAGs
[2024-03-08T18:34:14.989+0000] {logging_mixin.py:188} INFO - [2024-03-08T18:34:14.989+0000] {dag.py:3834} INFO - Setting next_dagrun for example_bash_operator to 2024-03-07 00:00:00+00:00, run_after=2024-03-08 00:00:00+00:00
[2024-03-08T18:34:15.003+0000] {processor.py:183} INFO - Processing /home/airflow/.local/lib/python3.8/site-packages/airflow/example_dags/example_bash_operator.py took 0.069 seconds
[2024-03-08T18:34:45.929+0000] {processor.py:161} INFO - Started process (PID=371) to work on /home/airflow/.local/lib/python3.8/site-packages/airflow/example_dags/example_bash_operator.py
[2024-03-08T18:34:45.930+0000] {processor.py:830} INFO - Processing file /home/airflow/.local/lib/python3.8/site-packages/airflow/example_dags/example_bash_operator.py for tasks to queue
[2024-03-08T18:34:45.932+0000] {logging_mixin.py:188} INFO - [2024-03-08T18:34:45.931+0000] {dagbag.py:540} INFO - Filling up the DagBag from /home/airflow/.local/lib/python3.8/site-packages/airflow/example_dags/example_bash_operator.py
[2024-03-08T18:34:45.942+0000] {processor.py:840} INFO - DAG(s) 'example_bash_operator' retrieved from /home/airflow/.local/lib/python3.8/site-packages/airflow/example_dags/example_bash_operator.py
[2024-03-08T18:34:45.968+0000] {logging_mixin.py:188} INFO - [2024-03-08T18:34:45.968+0000] {dag.py:3047} INFO - Sync 1 DAGs
[2024-03-08T18:34:45.988+0000] {logging_mixin.py:188} INFO - [2024-03-08T18:34:45.988+0000] {dag.py:3834} INFO - Setting next_dagrun for example_bash_operator to 2024-03-07 00:00:00+00:00, run_after=2024-03-08 00:00:00+00:00
[2024-03-08T18:34:46.005+0000] {processor.py:183} INFO - Processing /home/airflow/.local/lib/python3.8/site-packages/airflow/example_dags/example_bash_operator.py took 0.078 seconds
[2024-03-08T18:35:16.367+0000] {processor.py:161} INFO - Started process (PID=426) to work on /home/airflow/.local/lib/python3.8/site-packages/airflow/example_dags/example_bash_operator.py
[2024-03-08T18:35:16.368+0000] {processor.py:830} INFO - Processing file /home/airflow/.local/lib/python3.8/site-packages/airflow/example_dags/example_bash_operator.py for tasks to queue
[2024-03-08T18:35:16.369+0000] {logging_mixin.py:188} INFO - [2024-03-08T18:35:16.369+0000] {dagbag.py:540} INFO - Filling up the DagBag from /home/airflow/.local/lib/python3.8/site-packages/airflow/example_dags/example_bash_operator.py
[2024-03-08T18:35:16.379+0000] {processor.py:840} INFO - DAG(s) 'example_bash_operator' retrieved from /home/airflow/.local/lib/python3.8/site-packages/airflow/example_dags/example_bash_operator.py
[2024-03-08T18:35:16.403+0000] {logging_mixin.py:188} INFO - [2024-03-08T18:35:16.403+0000] {dag.py:3047} INFO - Sync 1 DAGs
[2024-03-08T18:35:16.422+0000] {logging_mixin.py:188} INFO - [2024-03-08T18:35:16.422+0000] {dag.py:3834} INFO - Setting next_dagrun for example_bash_operator to 2024-03-07 00:00:00+00:00, run_after=2024-03-08 00:00:00+00:00
[2024-03-08T18:35:16.435+0000] {processor.py:183} INFO - Processing /home/airflow/.local/lib/python3.8/site-packages/airflow/example_dags/example_bash_operator.py took 0.071 seconds
[2024-03-08T18:35:46.900+0000] {processor.py:161} INFO - Started process (PID=481) to work on /home/airflow/.local/lib/python3.8/site-packages/airflow/example_dags/example_bash_operator.py
[2024-03-08T18:35:46.901+0000] {processor.py:830} INFO - Processing file /home/airflow/.local/lib/python3.8/site-packages/airflow/example_dags/example_bash_operator.py for tasks to queue
[2024-03-08T18:35:46.902+0000] {logging_mixin.py:188} INFO - [2024-03-08T18:35:46.902+0000] {dagbag.py:540} INFO - Filling up the DagBag from /home/airflow/.local/lib/python3.8/site-packages/airflow/example_dags/example_bash_operator.py
[2024-03-08T18:35:46.911+0000] {processor.py:840} INFO - DAG(s) 'example_bash_operator' retrieved from /home/airflow/.local/lib/python3.8/site-packages/airflow/example_dags/example_bash_operator.py
[2024-03-08T18:35:46.935+0000] {logging_mixin.py:188} INFO - [2024-03-08T18:35:46.934+0000] {dag.py:3047} INFO - Sync 1 DAGs
[2024-03-08T18:35:46.954+0000] {logging_mixin.py:188} INFO - [2024-03-08T18:35:46.953+0000] {dag.py:3834} INFO - Setting next_dagrun for example_bash_operator to 2024-03-07 00:00:00+00:00, run_after=2024-03-08 00:00:00+00:00
[2024-03-08T18:35:46.967+0000] {processor.py:183} INFO - Processing /home/airflow/.local/lib/python3.8/site-packages/airflow/example_dags/example_bash_operator.py took 0.069 seconds
[2024-03-08T18:36:17.611+0000] {processor.py:161} INFO - Started process (PID=536) to work on /home/airflow/.local/lib/python3.8/site-packages/airflow/example_dags/example_bash_operator.py
[2024-03-08T18:36:17.611+0000] {processor.py:830} INFO - Processing file /home/airflow/.local/lib/python3.8/site-packages/airflow/example_dags/example_bash_operator.py for tasks to queue
[2024-03-08T18:36:17.613+0000] {logging_mixin.py:188} INFO - [2024-03-08T18:36:17.613+0000] {dagbag.py:540} INFO - Filling up the DagBag from /home/airflow/.local/lib/python3.8/site-packages/airflow/example_dags/example_bash_operator.py
[2024-03-08T18:36:17.622+0000] {processor.py:840} INFO - DAG(s) 'example_bash_operator' retrieved from /home/airflow/.local/lib/python3.8/site-packages/airflow/example_dags/example_bash_operator.py
[2024-03-08T18:36:17.645+0000] {logging_mixin.py:188} INFO - [2024-03-08T18:36:17.645+0000] {dag.py:3047} INFO - Sync 1 DAGs
[2024-03-08T18:36:17.663+0000] {logging_mixin.py:188} INFO - [2024-03-08T18:36:17.663+0000] {dag.py:3834} INFO - Setting next_dagrun for example_bash_operator to 2024-03-07 00:00:00+00:00, run_after=2024-03-08 00:00:00+00:00
[2024-03-08T18:36:17.679+0000] {processor.py:183} INFO - Processing /home/airflow/.local/lib/python3.8/site-packages/airflow/example_dags/example_bash_operator.py took 0.071 seconds
[2024-03-08T18:36:48.572+0000] {processor.py:161} INFO - Started process (PID=591) to work on /home/airflow/.local/lib/python3.8/site-packages/airflow/example_dags/example_bash_operator.py
[2024-03-08T18:36:48.573+0000] {processor.py:830} INFO - Processing file /home/airflow/.local/lib/python3.8/site-packages/airflow/example_dags/example_bash_operator.py for tasks to queue
[2024-03-08T18:36:48.574+0000] {logging_mixin.py:188} INFO - [2024-03-08T18:36:48.574+0000] {dagbag.py:540} INFO - Filling up the DagBag from /home/airflow/.local/lib/python3.8/site-packages/airflow/example_dags/example_bash_operator.py
[2024-03-08T18:36:48.584+0000] {processor.py:840} INFO - DAG(s) 'example_bash_operator' retrieved from /home/airflow/.local/lib/python3.8/site-packages/airflow/example_dags/example_bash_operator.py
[2024-03-08T18:36:48.608+0000] {logging_mixin.py:188} INFO - [2024-03-08T18:36:48.608+0000] {dag.py:3047} INFO - Sync 1 DAGs
[2024-03-08T18:36:48.626+0000] {logging_mixin.py:188} INFO - [2024-03-08T18:36:48.626+0000] {dag.py:3834} INFO - Setting next_dagrun for example_bash_operator to 2024-03-07 00:00:00+00:00, run_after=2024-03-08 00:00:00+00:00
[2024-03-08T18:36:48.640+0000] {processor.py:183} INFO - Processing /home/airflow/.local/lib/python3.8/site-packages/airflow/example_dags/example_bash_operator.py took 0.070 seconds
[2024-03-08T18:37:19.219+0000] {processor.py:161} INFO - Started process (PID=646) to work on /home/airflow/.local/lib/python3.8/site-packages/airflow/example_dags/example_bash_operator.py
[2024-03-08T18:37:19.220+0000] {processor.py:830} INFO - Processing file /home/airflow/.local/lib/python3.8/site-packages/airflow/example_dags/example_bash_operator.py for tasks to queue
[2024-03-08T18:37:19.221+0000] {logging_mixin.py:188} INFO - [2024-03-08T18:37:19.221+0000] {dagbag.py:540} INFO - Filling up the DagBag from /home/airflow/.local/lib/python3.8/site-packages/airflow/example_dags/example_bash_operator.py
[2024-03-08T18:37:19.232+0000] {processor.py:840} INFO - DAG(s) 'example_bash_operator' retrieved from /home/airflow/.local/lib/python3.8/site-packages/airflow/example_dags/example_bash_operator.py
[2024-03-08T18:37:19.261+0000] {logging_mixin.py:188} INFO - [2024-03-08T18:37:19.261+0000] {dag.py:3047} INFO - Sync 1 DAGs
[2024-03-08T18:37:19.283+0000] {logging_mixin.py:188} INFO - [2024-03-08T18:37:19.282+0000] {dag.py:3834} INFO - Setting next_dagrun for example_bash_operator to 2024-03-07 00:00:00+00:00, run_after=2024-03-08 00:00:00+00:00
[2024-03-08T18:37:19.297+0000] {processor.py:183} INFO - Processing /home/airflow/.local/lib/python3.8/site-packages/airflow/example_dags/example_bash_operator.py took 0.082 seconds
[2024-03-08T18:37:50.210+0000] {processor.py:161} INFO - Started process (PID=701) to work on /home/airflow/.local/lib/python3.8/site-packages/airflow/example_dags/example_bash_operator.py
[2024-03-08T18:37:50.211+0000] {processor.py:830} INFO - Processing file /home/airflow/.local/lib/python3.8/site-packages/airflow/example_dags/example_bash_operator.py for tasks to queue
[2024-03-08T18:37:50.213+0000] {logging_mixin.py:188} INFO - [2024-03-08T18:37:50.212+0000] {dagbag.py:540} INFO - Filling up the DagBag from /home/airflow/.local/lib/python3.8/site-packages/airflow/example_dags/example_bash_operator.py
[2024-03-08T18:37:50.225+0000] {processor.py:840} INFO - DAG(s) 'example_bash_operator' retrieved from /home/airflow/.local/lib/python3.8/site-packages/airflow/example_dags/example_bash_operator.py
[2024-03-08T18:37:50.306+0000] {logging_mixin.py:188} INFO - [2024-03-08T18:37:50.305+0000] {dag.py:3047} INFO - Sync 1 DAGs
[2024-03-08T18:37:50.331+0000] {logging_mixin.py:188} INFO - [2024-03-08T18:37:50.331+0000] {dag.py:3834} INFO - Setting next_dagrun for example_bash_operator to 2024-03-07 00:00:00+00:00, run_after=2024-03-08 00:00:00+00:00
[2024-03-08T18:37:50.403+0000] {processor.py:183} INFO - Processing /home/airflow/.local/lib/python3.8/site-packages/airflow/example_dags/example_bash_operator.py took 0.196 seconds
[2024-03-08T18:38:20.730+0000] {processor.py:161} INFO - Started process (PID=756) to work on /home/airflow/.local/lib/python3.8/site-packages/airflow/example_dags/example_bash_operator.py
[2024-03-08T18:38:20.731+0000] {processor.py:830} INFO - Processing file /home/airflow/.local/lib/python3.8/site-packages/airflow/example_dags/example_bash_operator.py for tasks to queue
[2024-03-08T18:38:20.733+0000] {logging_mixin.py:188} INFO - [2024-03-08T18:38:20.732+0000] {dagbag.py:540} INFO - Filling up the DagBag from /home/airflow/.local/lib/python3.8/site-packages/airflow/example_dags/example_bash_operator.py
[2024-03-08T18:38:20.743+0000] {processor.py:840} INFO - DAG(s) 'example_bash_operator' retrieved from /home/airflow/.local/lib/python3.8/site-packages/airflow/example_dags/example_bash_operator.py
[2024-03-08T18:38:20.767+0000] {logging_mixin.py:188} INFO - [2024-03-08T18:38:20.767+0000] {dag.py:3047} INFO - Sync 1 DAGs
[2024-03-08T18:38:20.785+0000] {logging_mixin.py:188} INFO - [2024-03-08T18:38:20.785+0000] {dag.py:3834} INFO - Setting next_dagrun for example_bash_operator to 2024-03-07 00:00:00+00:00, run_after=2024-03-08 00:00:00+00:00
[2024-03-08T18:38:20.800+0000] {processor.py:183} INFO - Processing /home/airflow/.local/lib/python3.8/site-packages/airflow/example_dags/example_bash_operator.py took 0.072 seconds
[2024-03-08T18:38:51.119+0000] {processor.py:161} INFO - Started process (PID=811) to work on /home/airflow/.local/lib/python3.8/site-packages/airflow/example_dags/example_bash_operator.py
[2024-03-08T18:38:51.120+0000] {processor.py:830} INFO - Processing file /home/airflow/.local/lib/python3.8/site-packages/airflow/example_dags/example_bash_operator.py for tasks to queue
[2024-03-08T18:38:51.121+0000] {logging_mixin.py:188} INFO - [2024-03-08T18:38:51.121+0000] {dagbag.py:540} INFO - Filling up the DagBag from /home/airflow/.local/lib/python3.8/site-packages/airflow/example_dags/example_bash_operator.py
[2024-03-08T18:38:51.131+0000] {processor.py:840} INFO - DAG(s) 'example_bash_operator' retrieved from /home/airflow/.local/lib/python3.8/site-packages/airflow/example_dags/example_bash_operator.py
[2024-03-08T18:38:51.157+0000] {logging_mixin.py:188} INFO - [2024-03-08T18:38:51.157+0000] {dag.py:3047} INFO - Sync 1 DAGs
[2024-03-08T18:38:51.180+0000] {logging_mixin.py:188} INFO - [2024-03-08T18:38:51.180+0000] {dag.py:3834} INFO - Setting next_dagrun for example_bash_operator to 2024-03-07 00:00:00+00:00, run_after=2024-03-08 00:00:00+00:00
[2024-03-08T18:38:51.199+0000] {processor.py:183} INFO - Processing /home/airflow/.local/lib/python3.8/site-packages/airflow/example_dags/example_bash_operator.py took 0.082 seconds
[2024-03-08T18:39:21.354+0000] {processor.py:161} INFO - Started process (PID=866) to work on /home/airflow/.local/lib/python3.8/site-packages/airflow/example_dags/example_bash_operator.py
[2024-03-08T18:39:21.354+0000] {processor.py:830} INFO - Processing file /home/airflow/.local/lib/python3.8/site-packages/airflow/example_dags/example_bash_operator.py for tasks to queue
[2024-03-08T18:39:21.356+0000] {logging_mixin.py:188} INFO - [2024-03-08T18:39:21.355+0000] {dagbag.py:540} INFO - Filling up the DagBag from /home/airflow/.local/lib/python3.8/site-packages/airflow/example_dags/example_bash_operator.py
[2024-03-08T18:39:21.366+0000] {processor.py:840} INFO - DAG(s) 'example_bash_operator' retrieved from /home/airflow/.local/lib/python3.8/site-packages/airflow/example_dags/example_bash_operator.py
[2024-03-08T18:39:21.391+0000] {logging_mixin.py:188} INFO - [2024-03-08T18:39:21.390+0000] {dag.py:3047} INFO - Sync 1 DAGs
[2024-03-08T18:39:21.412+0000] {logging_mixin.py:188} INFO - [2024-03-08T18:39:21.412+0000] {dag.py:3834} INFO - Setting next_dagrun for example_bash_operator to 2024-03-07 00:00:00+00:00, run_after=2024-03-08 00:00:00+00:00
[2024-03-08T18:39:21.428+0000] {processor.py:183} INFO - Processing /home/airflow/.local/lib/python3.8/site-packages/airflow/example_dags/example_bash_operator.py took 0.077 seconds
[2024-03-08T18:39:51.910+0000] {processor.py:161} INFO - Started process (PID=921) to work on /home/airflow/.local/lib/python3.8/site-packages/airflow/example_dags/example_bash_operator.py
[2024-03-08T18:39:51.911+0000] {processor.py:830} INFO - Processing file /home/airflow/.local/lib/python3.8/site-packages/airflow/example_dags/example_bash_operator.py for tasks to queue
[2024-03-08T18:39:51.912+0000] {logging_mixin.py:188} INFO - [2024-03-08T18:39:51.912+0000] {dagbag.py:540} INFO - Filling up the DagBag from /home/airflow/.local/lib/python3.8/site-packages/airflow/example_dags/example_bash_operator.py
[2024-03-08T18:39:51.922+0000] {processor.py:840} INFO - DAG(s) 'example_bash_operator' retrieved from /home/airflow/.local/lib/python3.8/site-packages/airflow/example_dags/example_bash_operator.py
[2024-03-08T18:39:51.947+0000] {logging_mixin.py:188} INFO - [2024-03-08T18:39:51.947+0000] {dag.py:3047} INFO - Sync 1 DAGs
[2024-03-08T18:39:51.967+0000] {logging_mixin.py:188} INFO - [2024-03-08T18:39:51.967+0000] {dag.py:3834} INFO - Setting next_dagrun for example_bash_operator to 2024-03-07 00:00:00+00:00, run_after=2024-03-08 00:00:00+00:00
[2024-03-08T18:39:51.980+0000] {processor.py:183} INFO - Processing /home/airflow/.local/lib/python3.8/site-packages/airflow/example_dags/example_bash_operator.py took 0.073 seconds
[2024-03-08T18:40:22.255+0000] {processor.py:161} INFO - Started process (PID=976) to work on /home/airflow/.local/lib/python3.8/site-packages/airflow/example_dags/example_bash_operator.py
[2024-03-08T18:40:22.256+0000] {processor.py:830} INFO - Processing file /home/airflow/.local/lib/python3.8/site-packages/airflow/example_dags/example_bash_operator.py for tasks to queue
[2024-03-08T18:40:22.257+0000] {logging_mixin.py:188} INFO - [2024-03-08T18:40:22.257+0000] {dagbag.py:540} INFO - Filling up the DagBag from /home/airflow/.local/lib/python3.8/site-packages/airflow/example_dags/example_bash_operator.py
[2024-03-08T18:40:22.267+0000] {processor.py:840} INFO - DAG(s) 'example_bash_operator' retrieved from /home/airflow/.local/lib/python3.8/site-packages/airflow/example_dags/example_bash_operator.py
[2024-03-08T18:40:22.296+0000] {logging_mixin.py:188} INFO - [2024-03-08T18:40:22.296+0000] {dag.py:3047} INFO - Sync 1 DAGs
[2024-03-08T18:40:22.317+0000] {logging_mixin.py:188} INFO - [2024-03-08T18:40:22.317+0000] {dag.py:3834} INFO - Setting next_dagrun for example_bash_operator to 2024-03-07 00:00:00+00:00, run_after=2024-03-08 00:00:00+00:00
[2024-03-08T18:40:22.333+0000] {processor.py:183} INFO - Processing /home/airflow/.local/lib/python3.8/site-packages/airflow/example_dags/example_bash_operator.py took 0.080 seconds
[2024-03-08T18:40:52.676+0000] {processor.py:161} INFO - Started process (PID=1031) to work on /home/airflow/.local/lib/python3.8/site-packages/airflow/example_dags/example_bash_operator.py
[2024-03-08T18:40:52.677+0000] {processor.py:830} INFO - Processing file /home/airflow/.local/lib/python3.8/site-packages/airflow/example_dags/example_bash_operator.py for tasks to queue
[2024-03-08T18:40:52.679+0000] {logging_mixin.py:188} INFO - [2024-03-08T18:40:52.678+0000] {dagbag.py:540} INFO - Filling up the DagBag from /home/airflow/.local/lib/python3.8/site-packages/airflow/example_dags/example_bash_operator.py
[2024-03-08T18:40:52.689+0000] {processor.py:840} INFO - DAG(s) 'example_bash_operator' retrieved from /home/airflow/.local/lib/python3.8/site-packages/airflow/example_dags/example_bash_operator.py
[2024-03-08T18:40:52.716+0000] {logging_mixin.py:188} INFO - [2024-03-08T18:40:52.715+0000] {dag.py:3047} INFO - Sync 1 DAGs
[2024-03-08T18:40:52.736+0000] {logging_mixin.py:188} INFO - [2024-03-08T18:40:52.735+0000] {dag.py:3834} INFO - Setting next_dagrun for example_bash_operator to 2024-03-07 00:00:00+00:00, run_after=2024-03-08 00:00:00+00:00
[2024-03-08T18:40:52.751+0000] {processor.py:183} INFO - Processing /home/airflow/.local/lib/python3.8/site-packages/airflow/example_dags/example_bash_operator.py took 0.077 seconds
[2024-03-08T18:41:23.198+0000] {processor.py:161} INFO - Started process (PID=1086) to work on /home/airflow/.local/lib/python3.8/site-packages/airflow/example_dags/example_bash_operator.py
[2024-03-08T18:41:23.199+0000] {processor.py:830} INFO - Processing file /home/airflow/.local/lib/python3.8/site-packages/airflow/example_dags/example_bash_operator.py for tasks to queue
[2024-03-08T18:41:23.201+0000] {logging_mixin.py:188} INFO - [2024-03-08T18:41:23.201+0000] {dagbag.py:540} INFO - Filling up the DagBag from /home/airflow/.local/lib/python3.8/site-packages/airflow/example_dags/example_bash_operator.py
[2024-03-08T18:41:23.211+0000] {processor.py:840} INFO - DAG(s) 'example_bash_operator' retrieved from /home/airflow/.local/lib/python3.8/site-packages/airflow/example_dags/example_bash_operator.py
[2024-03-08T18:41:23.241+0000] {logging_mixin.py:188} INFO - [2024-03-08T18:41:23.241+0000] {dag.py:3047} INFO - Sync 1 DAGs
[2024-03-08T18:41:23.262+0000] {logging_mixin.py:188} INFO - [2024-03-08T18:41:23.262+0000] {dag.py:3834} INFO - Setting next_dagrun for example_bash_operator to 2024-03-07 00:00:00+00:00, run_after=2024-03-08 00:00:00+00:00
[2024-03-08T18:41:23.277+0000] {processor.py:183} INFO - Processing /home/airflow/.local/lib/python3.8/site-packages/airflow/example_dags/example_bash_operator.py took 0.081 seconds
[2024-03-08T18:41:53.605+0000] {processor.py:161} INFO - Started process (PID=1141) to work on /home/airflow/.local/lib/python3.8/site-packages/airflow/example_dags/example_bash_operator.py
[2024-03-08T18:41:53.606+0000] {processor.py:830} INFO - Processing file /home/airflow/.local/lib/python3.8/site-packages/airflow/example_dags/example_bash_operator.py for tasks to queue
[2024-03-08T18:41:53.608+0000] {logging_mixin.py:188} INFO - [2024-03-08T18:41:53.607+0000] {dagbag.py:540} INFO - Filling up the DagBag from /home/airflow/.local/lib/python3.8/site-packages/airflow/example_dags/example_bash_operator.py
[2024-03-08T18:41:53.617+0000] {processor.py:840} INFO - DAG(s) 'example_bash_operator' retrieved from /home/airflow/.local/lib/python3.8/site-packages/airflow/example_dags/example_bash_operator.py
[2024-03-08T18:41:53.641+0000] {logging_mixin.py:188} INFO - [2024-03-08T18:41:53.641+0000] {dag.py:3047} INFO - Sync 1 DAGs
[2024-03-08T18:41:53.662+0000] {logging_mixin.py:188} INFO - [2024-03-08T18:41:53.661+0000] {dag.py:3834} INFO - Setting next_dagrun for example_bash_operator to 2024-03-07 00:00:00+00:00, run_after=2024-03-08 00:00:00+00:00
[2024-03-08T18:41:53.677+0000] {processor.py:183} INFO - Processing /home/airflow/.local/lib/python3.8/site-packages/airflow/example_dags/example_bash_operator.py took 0.073 seconds
[2024-03-08T18:42:23.882+0000] {processor.py:161} INFO - Started process (PID=1196) to work on /home/airflow/.local/lib/python3.8/site-packages/airflow/example_dags/example_bash_operator.py
[2024-03-08T18:42:23.883+0000] {processor.py:830} INFO - Processing file /home/airflow/.local/lib/python3.8/site-packages/airflow/example_dags/example_bash_operator.py for tasks to queue
[2024-03-08T18:42:23.885+0000] {logging_mixin.py:188} INFO - [2024-03-08T18:42:23.884+0000] {dagbag.py:540} INFO - Filling up the DagBag from /home/airflow/.local/lib/python3.8/site-packages/airflow/example_dags/example_bash_operator.py
[2024-03-08T18:42:23.895+0000] {processor.py:840} INFO - DAG(s) 'example_bash_operator' retrieved from /home/airflow/.local/lib/python3.8/site-packages/airflow/example_dags/example_bash_operator.py
[2024-03-08T18:42:23.918+0000] {logging_mixin.py:188} INFO - [2024-03-08T18:42:23.918+0000] {dag.py:3047} INFO - Sync 1 DAGs
[2024-03-08T18:42:23.937+0000] {logging_mixin.py:188} INFO - [2024-03-08T18:42:23.937+0000] {dag.py:3834} INFO - Setting next_dagrun for example_bash_operator to 2024-03-07 00:00:00+00:00, run_after=2024-03-08 00:00:00+00:00
[2024-03-08T18:42:23.951+0000] {processor.py:183} INFO - Processing /home/airflow/.local/lib/python3.8/site-packages/airflow/example_dags/example_bash_operator.py took 0.071 seconds
[2024-03-08T18:42:54.122+0000] {processor.py:161} INFO - Started process (PID=1251) to work on /home/airflow/.local/lib/python3.8/site-packages/airflow/example_dags/example_bash_operator.py
[2024-03-08T18:42:54.123+0000] {processor.py:830} INFO - Processing file /home/airflow/.local/lib/python3.8/site-packages/airflow/example_dags/example_bash_operator.py for tasks to queue
[2024-03-08T18:42:54.124+0000] {logging_mixin.py:188} INFO - [2024-03-08T18:42:54.124+0000] {dagbag.py:540} INFO - Filling up the DagBag from /home/airflow/.local/lib/python3.8/site-packages/airflow/example_dags/example_bash_operator.py
[2024-03-08T18:42:54.134+0000] {processor.py:840} INFO - DAG(s) 'example_bash_operator' retrieved from /home/airflow/.local/lib/python3.8/site-packages/airflow/example_dags/example_bash_operator.py
[2024-03-08T18:42:54.158+0000] {logging_mixin.py:188} INFO - [2024-03-08T18:42:54.158+0000] {dag.py:3047} INFO - Sync 1 DAGs
[2024-03-08T18:42:54.178+0000] {logging_mixin.py:188} INFO - [2024-03-08T18:42:54.177+0000] {dag.py:3834} INFO - Setting next_dagrun for example_bash_operator to 2024-03-07 00:00:00+00:00, run_after=2024-03-08 00:00:00+00:00
[2024-03-08T18:42:54.192+0000] {processor.py:183} INFO - Processing /home/airflow/.local/lib/python3.8/site-packages/airflow/example_dags/example_bash_operator.py took 0.073 seconds
[2024-03-08T18:43:24.315+0000] {processor.py:161} INFO - Started process (PID=1306) to work on /home/airflow/.local/lib/python3.8/site-packages/airflow/example_dags/example_bash_operator.py
[2024-03-08T18:43:24.317+0000] {processor.py:830} INFO - Processing file /home/airflow/.local/lib/python3.8/site-packages/airflow/example_dags/example_bash_operator.py for tasks to queue
[2024-03-08T18:43:24.319+0000] {logging_mixin.py:188} INFO - [2024-03-08T18:43:24.318+0000] {dagbag.py:540} INFO - Filling up the DagBag from /home/airflow/.local/lib/python3.8/site-packages/airflow/example_dags/example_bash_operator.py
[2024-03-08T18:43:24.329+0000] {processor.py:840} INFO - DAG(s) 'example_bash_operator' retrieved from /home/airflow/.local/lib/python3.8/site-packages/airflow/example_dags/example_bash_operator.py
[2024-03-08T18:43:24.353+0000] {logging_mixin.py:188} INFO - [2024-03-08T18:43:24.353+0000] {dag.py:3047} INFO - Sync 1 DAGs
[2024-03-08T18:43:24.373+0000] {logging_mixin.py:188} INFO - [2024-03-08T18:43:24.373+0000] {dag.py:3834} INFO - Setting next_dagrun for example_bash_operator to 2024-03-07 00:00:00+00:00, run_after=2024-03-08 00:00:00+00:00
[2024-03-08T18:43:24.386+0000] {processor.py:183} INFO - Processing /home/airflow/.local/lib/python3.8/site-packages/airflow/example_dags/example_bash_operator.py took 0.079 seconds
[2024-03-08T18:43:54.976+0000] {processor.py:161} INFO - Started process (PID=1361) to work on /home/airflow/.local/lib/python3.8/site-packages/airflow/example_dags/example_bash_operator.py
[2024-03-08T18:43:54.977+0000] {processor.py:830} INFO - Processing file /home/airflow/.local/lib/python3.8/site-packages/airflow/example_dags/example_bash_operator.py for tasks to queue
[2024-03-08T18:43:54.978+0000] {logging_mixin.py:188} INFO - [2024-03-08T18:43:54.978+0000] {dagbag.py:540} INFO - Filling up the DagBag from /home/airflow/.local/lib/python3.8/site-packages/airflow/example_dags/example_bash_operator.py
[2024-03-08T18:43:54.987+0000] {processor.py:840} INFO - DAG(s) 'example_bash_operator' retrieved from /home/airflow/.local/lib/python3.8/site-packages/airflow/example_dags/example_bash_operator.py
[2024-03-08T18:43:55.012+0000] {logging_mixin.py:188} INFO - [2024-03-08T18:43:55.012+0000] {dag.py:3047} INFO - Sync 1 DAGs
[2024-03-08T18:43:55.031+0000] {logging_mixin.py:188} INFO - [2024-03-08T18:43:55.030+0000] {dag.py:3834} INFO - Setting next_dagrun for example_bash_operator to 2024-03-07 00:00:00+00:00, run_after=2024-03-08 00:00:00+00:00
[2024-03-08T18:43:55.044+0000] {processor.py:183} INFO - Processing /home/airflow/.local/lib/python3.8/site-packages/airflow/example_dags/example_bash_operator.py took 0.070 seconds
[2024-03-08T18:44:25.179+0000] {processor.py:161} INFO - Started process (PID=1416) to work on /home/airflow/.local/lib/python3.8/site-packages/airflow/example_dags/example_bash_operator.py
[2024-03-08T18:44:25.179+0000] {processor.py:830} INFO - Processing file /home/airflow/.local/lib/python3.8/site-packages/airflow/example_dags/example_bash_operator.py for tasks to queue
[2024-03-08T18:44:25.181+0000] {logging_mixin.py:188} INFO - [2024-03-08T18:44:25.181+0000] {dagbag.py:540} INFO - Filling up the DagBag from /home/airflow/.local/lib/python3.8/site-packages/airflow/example_dags/example_bash_operator.py
[2024-03-08T18:44:25.191+0000] {processor.py:840} INFO - DAG(s) 'example_bash_operator' retrieved from /home/airflow/.local/lib/python3.8/site-packages/airflow/example_dags/example_bash_operator.py
[2024-03-08T18:44:25.220+0000] {logging_mixin.py:188} INFO - [2024-03-08T18:44:25.219+0000] {dag.py:3047} INFO - Sync 1 DAGs
[2024-03-08T18:44:25.239+0000] {logging_mixin.py:188} INFO - [2024-03-08T18:44:25.239+0000] {dag.py:3834} INFO - Setting next_dagrun for example_bash_operator to 2024-03-07 00:00:00+00:00, run_after=2024-03-08 00:00:00+00:00
[2024-03-08T18:44:25.253+0000] {processor.py:183} INFO - Processing /home/airflow/.local/lib/python3.8/site-packages/airflow/example_dags/example_bash_operator.py took 0.077 seconds
[2024-03-08T18:44:55.360+0000] {processor.py:161} INFO - Started process (PID=1471) to work on /home/airflow/.local/lib/python3.8/site-packages/airflow/example_dags/example_bash_operator.py
[2024-03-08T18:44:55.361+0000] {processor.py:830} INFO - Processing file /home/airflow/.local/lib/python3.8/site-packages/airflow/example_dags/example_bash_operator.py for tasks to queue
[2024-03-08T18:44:55.362+0000] {logging_mixin.py:188} INFO - [2024-03-08T18:44:55.362+0000] {dagbag.py:540} INFO - Filling up the DagBag from /home/airflow/.local/lib/python3.8/site-packages/airflow/example_dags/example_bash_operator.py
[2024-03-08T18:44:55.371+0000] {processor.py:840} INFO - DAG(s) 'example_bash_operator' retrieved from /home/airflow/.local/lib/python3.8/site-packages/airflow/example_dags/example_bash_operator.py
[2024-03-08T18:44:55.396+0000] {logging_mixin.py:188} INFO - [2024-03-08T18:44:55.396+0000] {dag.py:3047} INFO - Sync 1 DAGs
[2024-03-08T18:44:55.414+0000] {logging_mixin.py:188} INFO - [2024-03-08T18:44:55.414+0000] {dag.py:3834} INFO - Setting next_dagrun for example_bash_operator to 2024-03-07 00:00:00+00:00, run_after=2024-03-08 00:00:00+00:00
[2024-03-08T18:44:55.430+0000] {processor.py:183} INFO - Processing /home/airflow/.local/lib/python3.8/site-packages/airflow/example_dags/example_bash_operator.py took 0.073 seconds
[2024-03-08T18:45:25.620+0000] {processor.py:161} INFO - Started process (PID=1526) to work on /home/airflow/.local/lib/python3.8/site-packages/airflow/example_dags/example_bash_operator.py
[2024-03-08T18:45:25.621+0000] {processor.py:830} INFO - Processing file /home/airflow/.local/lib/python3.8/site-packages/airflow/example_dags/example_bash_operator.py for tasks to queue
[2024-03-08T18:45:25.622+0000] {logging_mixin.py:188} INFO - [2024-03-08T18:45:25.622+0000] {dagbag.py:540} INFO - Filling up the DagBag from /home/airflow/.local/lib/python3.8/site-packages/airflow/example_dags/example_bash_operator.py
[2024-03-08T18:45:25.631+0000] {processor.py:840} INFO - DAG(s) 'example_bash_operator' retrieved from /home/airflow/.local/lib/python3.8/site-packages/airflow/example_dags/example_bash_operator.py
[2024-03-08T18:45:25.657+0000] {logging_mixin.py:188} INFO - [2024-03-08T18:45:25.657+0000] {dag.py:3047} INFO - Sync 1 DAGs
[2024-03-08T18:45:25.677+0000] {logging_mixin.py:188} INFO - [2024-03-08T18:45:25.677+0000] {dag.py:3834} INFO - Setting next_dagrun for example_bash_operator to 2024-03-07 00:00:00+00:00, run_after=2024-03-08 00:00:00+00:00
[2024-03-08T18:45:25.691+0000] {processor.py:183} INFO - Processing /home/airflow/.local/lib/python3.8/site-packages/airflow/example_dags/example_bash_operator.py took 0.073 seconds
[2024-03-08T18:45:55.917+0000] {processor.py:161} INFO - Started process (PID=1581) to work on /home/airflow/.local/lib/python3.8/site-packages/airflow/example_dags/example_bash_operator.py
[2024-03-08T18:45:55.918+0000] {processor.py:830} INFO - Processing file /home/airflow/.local/lib/python3.8/site-packages/airflow/example_dags/example_bash_operator.py for tasks to queue
[2024-03-08T18:45:55.919+0000] {logging_mixin.py:188} INFO - [2024-03-08T18:45:55.919+0000] {dagbag.py:540} INFO - Filling up the DagBag from /home/airflow/.local/lib/python3.8/site-packages/airflow/example_dags/example_bash_operator.py
[2024-03-08T18:45:55.929+0000] {processor.py:840} INFO - DAG(s) 'example_bash_operator' retrieved from /home/airflow/.local/lib/python3.8/site-packages/airflow/example_dags/example_bash_operator.py
[2024-03-08T18:45:55.954+0000] {logging_mixin.py:188} INFO - [2024-03-08T18:45:55.954+0000] {dag.py:3047} INFO - Sync 1 DAGs
[2024-03-08T18:45:55.990+0000] {logging_mixin.py:188} INFO - [2024-03-08T18:45:55.990+0000] {dag.py:3834} INFO - Setting next_dagrun for example_bash_operator to 2024-03-07 00:00:00+00:00, run_after=2024-03-08 00:00:00+00:00
[2024-03-08T18:45:56.006+0000] {processor.py:183} INFO - Processing /home/airflow/.local/lib/python3.8/site-packages/airflow/example_dags/example_bash_operator.py took 0.091 seconds
[2024-03-08T18:46:26.586+0000] {processor.py:161} INFO - Started process (PID=1636) to work on /home/airflow/.local/lib/python3.8/site-packages/airflow/example_dags/example_bash_operator.py
[2024-03-08T18:46:26.587+0000] {processor.py:830} INFO - Processing file /home/airflow/.local/lib/python3.8/site-packages/airflow/example_dags/example_bash_operator.py for tasks to queue
[2024-03-08T18:46:26.588+0000] {logging_mixin.py:188} INFO - [2024-03-08T18:46:26.588+0000] {dagbag.py:540} INFO - Filling up the DagBag from /home/airflow/.local/lib/python3.8/site-packages/airflow/example_dags/example_bash_operator.py
[2024-03-08T18:46:26.598+0000] {processor.py:840} INFO - DAG(s) 'example_bash_operator' retrieved from /home/airflow/.local/lib/python3.8/site-packages/airflow/example_dags/example_bash_operator.py
[2024-03-08T18:46:26.625+0000] {logging_mixin.py:188} INFO - [2024-03-08T18:46:26.625+0000] {dag.py:3047} INFO - Sync 1 DAGs
[2024-03-08T18:46:26.646+0000] {logging_mixin.py:188} INFO - [2024-03-08T18:46:26.645+0000] {dag.py:3834} INFO - Setting next_dagrun for example_bash_operator to 2024-03-07 00:00:00+00:00, run_after=2024-03-08 00:00:00+00:00
[2024-03-08T18:46:26.692+0000] {processor.py:183} INFO - Processing /home/airflow/.local/lib/python3.8/site-packages/airflow/example_dags/example_bash_operator.py took 0.109 seconds
[2024-03-08T18:46:56.795+0000] {processor.py:161} INFO - Started process (PID=1691) to work on /home/airflow/.local/lib/python3.8/site-packages/airflow/example_dags/example_bash_operator.py
[2024-03-08T18:46:56.796+0000] {processor.py:830} INFO - Processing file /home/airflow/.local/lib/python3.8/site-packages/airflow/example_dags/example_bash_operator.py for tasks to queue
[2024-03-08T18:46:56.797+0000] {logging_mixin.py:188} INFO - [2024-03-08T18:46:56.797+0000] {dagbag.py:540} INFO - Filling up the DagBag from /home/airflow/.local/lib/python3.8/site-packages/airflow/example_dags/example_bash_operator.py
[2024-03-08T18:46:56.806+0000] {processor.py:840} INFO - DAG(s) 'example_bash_operator' retrieved from /home/airflow/.local/lib/python3.8/site-packages/airflow/example_dags/example_bash_operator.py
[2024-03-08T18:46:56.830+0000] {logging_mixin.py:188} INFO - [2024-03-08T18:46:56.830+0000] {dag.py:3047} INFO - Sync 1 DAGs
[2024-03-08T18:46:56.848+0000] {logging_mixin.py:188} INFO - [2024-03-08T18:46:56.848+0000] {dag.py:3834} INFO - Setting next_dagrun for example_bash_operator to 2024-03-07 00:00:00+00:00, run_after=2024-03-08 00:00:00+00:00
[2024-03-08T18:46:56.861+0000] {processor.py:183} INFO - Processing /home/airflow/.local/lib/python3.8/site-packages/airflow/example_dags/example_bash_operator.py took 0.068 seconds
[2024-03-08T18:47:27.109+0000] {processor.py:161} INFO - Started process (PID=1746) to work on /home/airflow/.local/lib/python3.8/site-packages/airflow/example_dags/example_bash_operator.py
[2024-03-08T18:47:27.110+0000] {processor.py:830} INFO - Processing file /home/airflow/.local/lib/python3.8/site-packages/airflow/example_dags/example_bash_operator.py for tasks to queue
[2024-03-08T18:47:27.111+0000] {logging_mixin.py:188} INFO - [2024-03-08T18:47:27.111+0000] {dagbag.py:540} INFO - Filling up the DagBag from /home/airflow/.local/lib/python3.8/site-packages/airflow/example_dags/example_bash_operator.py
[2024-03-08T18:47:27.121+0000] {processor.py:840} INFO - DAG(s) 'example_bash_operator' retrieved from /home/airflow/.local/lib/python3.8/site-packages/airflow/example_dags/example_bash_operator.py
[2024-03-08T18:47:27.147+0000] {logging_mixin.py:188} INFO - [2024-03-08T18:47:27.147+0000] {dag.py:3047} INFO - Sync 1 DAGs
[2024-03-08T18:47:27.171+0000] {logging_mixin.py:188} INFO - [2024-03-08T18:47:27.171+0000] {dag.py:3834} INFO - Setting next_dagrun for example_bash_operator to 2024-03-07 00:00:00+00:00, run_after=2024-03-08 00:00:00+00:00
[2024-03-08T18:47:27.186+0000] {processor.py:183} INFO - Processing /home/airflow/.local/lib/python3.8/site-packages/airflow/example_dags/example_bash_operator.py took 0.080 seconds
[2024-03-08T18:47:57.568+0000] {processor.py:161} INFO - Started process (PID=1801) to work on /home/airflow/.local/lib/python3.8/site-packages/airflow/example_dags/example_bash_operator.py
[2024-03-08T18:47:57.569+0000] {processor.py:830} INFO - Processing file /home/airflow/.local/lib/python3.8/site-packages/airflow/example_dags/example_bash_operator.py for tasks to queue
[2024-03-08T18:47:57.570+0000] {logging_mixin.py:188} INFO - [2024-03-08T18:47:57.570+0000] {dagbag.py:540} INFO - Filling up the DagBag from /home/airflow/.local/lib/python3.8/site-packages/airflow/example_dags/example_bash_operator.py
[2024-03-08T18:47:57.580+0000] {processor.py:840} INFO - DAG(s) 'example_bash_operator' retrieved from /home/airflow/.local/lib/python3.8/site-packages/airflow/example_dags/example_bash_operator.py
[2024-03-08T18:47:57.607+0000] {logging_mixin.py:188} INFO - [2024-03-08T18:47:57.606+0000] {dag.py:3047} INFO - Sync 1 DAGs
[2024-03-08T18:47:57.627+0000] {logging_mixin.py:188} INFO - [2024-03-08T18:47:57.626+0000] {dag.py:3834} INFO - Setting next_dagrun for example_bash_operator to 2024-03-07 00:00:00+00:00, run_after=2024-03-08 00:00:00+00:00
[2024-03-08T18:47:57.641+0000] {processor.py:183} INFO - Processing /home/airflow/.local/lib/python3.8/site-packages/airflow/example_dags/example_bash_operator.py took 0.076 seconds
[2024-03-08T18:48:27.837+0000] {processor.py:161} INFO - Started process (PID=1856) to work on /home/airflow/.local/lib/python3.8/site-packages/airflow/example_dags/example_bash_operator.py
[2024-03-08T18:48:27.838+0000] {processor.py:830} INFO - Processing file /home/airflow/.local/lib/python3.8/site-packages/airflow/example_dags/example_bash_operator.py for tasks to queue
[2024-03-08T18:48:27.839+0000] {logging_mixin.py:188} INFO - [2024-03-08T18:48:27.839+0000] {dagbag.py:540} INFO - Filling up the DagBag from /home/airflow/.local/lib/python3.8/site-packages/airflow/example_dags/example_bash_operator.py
[2024-03-08T18:48:27.850+0000] {processor.py:840} INFO - DAG(s) 'example_bash_operator' retrieved from /home/airflow/.local/lib/python3.8/site-packages/airflow/example_dags/example_bash_operator.py
[2024-03-08T18:48:27.892+0000] {logging_mixin.py:188} INFO - [2024-03-08T18:48:27.892+0000] {dag.py:3047} INFO - Sync 1 DAGs
[2024-03-08T18:48:27.915+0000] {logging_mixin.py:188} INFO - [2024-03-08T18:48:27.915+0000] {dag.py:3834} INFO - Setting next_dagrun for example_bash_operator to 2024-03-07 00:00:00+00:00, run_after=2024-03-08 00:00:00+00:00
[2024-03-08T18:48:27.932+0000] {processor.py:183} INFO - Processing /home/airflow/.local/lib/python3.8/site-packages/airflow/example_dags/example_bash_operator.py took 0.098 seconds
[2024-03-08T18:48:58.311+0000] {processor.py:161} INFO - Started process (PID=1911) to work on /home/airflow/.local/lib/python3.8/site-packages/airflow/example_dags/example_bash_operator.py
[2024-03-08T18:48:58.312+0000] {processor.py:830} INFO - Processing file /home/airflow/.local/lib/python3.8/site-packages/airflow/example_dags/example_bash_operator.py for tasks to queue
[2024-03-08T18:48:58.313+0000] {logging_mixin.py:188} INFO - [2024-03-08T18:48:58.313+0000] {dagbag.py:540} INFO - Filling up the DagBag from /home/airflow/.local/lib/python3.8/site-packages/airflow/example_dags/example_bash_operator.py
[2024-03-08T18:48:58.323+0000] {processor.py:840} INFO - DAG(s) 'example_bash_operator' retrieved from /home/airflow/.local/lib/python3.8/site-packages/airflow/example_dags/example_bash_operator.py
[2024-03-08T18:48:58.357+0000] {logging_mixin.py:188} INFO - [2024-03-08T18:48:58.357+0000] {dag.py:3047} INFO - Sync 1 DAGs
[2024-03-08T18:48:58.378+0000] {logging_mixin.py:188} INFO - [2024-03-08T18:48:58.378+0000] {dag.py:3834} INFO - Setting next_dagrun for example_bash_operator to 2024-03-07 00:00:00+00:00, run_after=2024-03-08 00:00:00+00:00
[2024-03-08T18:48:58.391+0000] {processor.py:183} INFO - Processing /home/airflow/.local/lib/python3.8/site-packages/airflow/example_dags/example_bash_operator.py took 0.083 seconds
[2024-03-08T18:49:28.659+0000] {processor.py:161} INFO - Started process (PID=1966) to work on /home/airflow/.local/lib/python3.8/site-packages/airflow/example_dags/example_bash_operator.py
[2024-03-08T18:49:28.660+0000] {processor.py:830} INFO - Processing file /home/airflow/.local/lib/python3.8/site-packages/airflow/example_dags/example_bash_operator.py for tasks to queue
[2024-03-08T18:49:28.661+0000] {logging_mixin.py:188} INFO - [2024-03-08T18:49:28.661+0000] {dagbag.py:540} INFO - Filling up the DagBag from /home/airflow/.local/lib/python3.8/site-packages/airflow/example_dags/example_bash_operator.py
[2024-03-08T18:49:28.674+0000] {processor.py:840} INFO - DAG(s) 'example_bash_operator' retrieved from /home/airflow/.local/lib/python3.8/site-packages/airflow/example_dags/example_bash_operator.py
[2024-03-08T18:49:28.706+0000] {logging_mixin.py:188} INFO - [2024-03-08T18:49:28.705+0000] {dag.py:3047} INFO - Sync 1 DAGs
[2024-03-08T18:49:28.726+0000] {logging_mixin.py:188} INFO - [2024-03-08T18:49:28.726+0000] {dag.py:3834} INFO - Setting next_dagrun for example_bash_operator to 2024-03-07 00:00:00+00:00, run_after=2024-03-08 00:00:00+00:00
[2024-03-08T18:49:28.741+0000] {processor.py:183} INFO - Processing /home/airflow/.local/lib/python3.8/site-packages/airflow/example_dags/example_bash_operator.py took 0.085 seconds
[2024-03-08T18:49:58.990+0000] {processor.py:161} INFO - Started process (PID=2021) to work on /home/airflow/.local/lib/python3.8/site-packages/airflow/example_dags/example_bash_operator.py
[2024-03-08T18:49:58.991+0000] {processor.py:830} INFO - Processing file /home/airflow/.local/lib/python3.8/site-packages/airflow/example_dags/example_bash_operator.py for tasks to queue
[2024-03-08T18:49:58.993+0000] {logging_mixin.py:188} INFO - [2024-03-08T18:49:58.992+0000] {dagbag.py:540} INFO - Filling up the DagBag from /home/airflow/.local/lib/python3.8/site-packages/airflow/example_dags/example_bash_operator.py
[2024-03-08T18:49:59.004+0000] {processor.py:840} INFO - DAG(s) 'example_bash_operator' retrieved from /home/airflow/.local/lib/python3.8/site-packages/airflow/example_dags/example_bash_operator.py
[2024-03-08T18:49:59.036+0000] {logging_mixin.py:188} INFO - [2024-03-08T18:49:59.036+0000] {dag.py:3047} INFO - Sync 1 DAGs
[2024-03-08T18:49:59.059+0000] {logging_mixin.py:188} INFO - [2024-03-08T18:49:59.058+0000] {dag.py:3834} INFO - Setting next_dagrun for example_bash_operator to 2024-03-07 00:00:00+00:00, run_after=2024-03-08 00:00:00+00:00
[2024-03-08T18:49:59.091+0000] {processor.py:183} INFO - Processing /home/airflow/.local/lib/python3.8/site-packages/airflow/example_dags/example_bash_operator.py took 0.104 seconds
[2024-03-08T18:50:29.736+0000] {processor.py:161} INFO - Started process (PID=2076) to work on /home/airflow/.local/lib/python3.8/site-packages/airflow/example_dags/example_bash_operator.py
[2024-03-08T18:50:29.738+0000] {processor.py:830} INFO - Processing file /home/airflow/.local/lib/python3.8/site-packages/airflow/example_dags/example_bash_operator.py for tasks to queue
[2024-03-08T18:50:29.740+0000] {logging_mixin.py:188} INFO - [2024-03-08T18:50:29.739+0000] {dagbag.py:540} INFO - Filling up the DagBag from /home/airflow/.local/lib/python3.8/site-packages/airflow/example_dags/example_bash_operator.py
[2024-03-08T18:50:29.754+0000] {processor.py:840} INFO - DAG(s) 'example_bash_operator' retrieved from /home/airflow/.local/lib/python3.8/site-packages/airflow/example_dags/example_bash_operator.py
[2024-03-08T18:50:29.791+0000] {logging_mixin.py:188} INFO - [2024-03-08T18:50:29.791+0000] {dag.py:3047} INFO - Sync 1 DAGs
[2024-03-08T18:50:29.819+0000] {logging_mixin.py:188} INFO - [2024-03-08T18:50:29.819+0000] {dag.py:3834} INFO - Setting next_dagrun for example_bash_operator to 2024-03-07 00:00:00+00:00, run_after=2024-03-08 00:00:00+00:00
[2024-03-08T18:50:29.842+0000] {processor.py:183} INFO - Processing /home/airflow/.local/lib/python3.8/site-packages/airflow/example_dags/example_bash_operator.py took 0.109 seconds
[2024-03-08T18:51:00.053+0000] {processor.py:161} INFO - Started process (PID=2131) to work on /home/airflow/.local/lib/python3.8/site-packages/airflow/example_dags/example_bash_operator.py
[2024-03-08T18:51:00.054+0000] {processor.py:830} INFO - Processing file /home/airflow/.local/lib/python3.8/site-packages/airflow/example_dags/example_bash_operator.py for tasks to queue
[2024-03-08T18:51:00.056+0000] {logging_mixin.py:188} INFO - [2024-03-08T18:51:00.055+0000] {dagbag.py:540} INFO - Filling up the DagBag from /home/airflow/.local/lib/python3.8/site-packages/airflow/example_dags/example_bash_operator.py
[2024-03-08T18:51:00.065+0000] {processor.py:840} INFO - DAG(s) 'example_bash_operator' retrieved from /home/airflow/.local/lib/python3.8/site-packages/airflow/example_dags/example_bash_operator.py
[2024-03-08T18:51:00.089+0000] {logging_mixin.py:188} INFO - [2024-03-08T18:51:00.089+0000] {dag.py:3047} INFO - Sync 1 DAGs
[2024-03-08T18:51:00.109+0000] {logging_mixin.py:188} INFO - [2024-03-08T18:51:00.109+0000] {dag.py:3834} INFO - Setting next_dagrun for example_bash_operator to 2024-03-07 00:00:00+00:00, run_after=2024-03-08 00:00:00+00:00
[2024-03-08T18:51:00.124+0000] {processor.py:183} INFO - Processing /home/airflow/.local/lib/python3.8/site-packages/airflow/example_dags/example_bash_operator.py took 0.073 seconds
[2024-03-08T18:51:30.405+0000] {processor.py:161} INFO - Started process (PID=2186) to work on /home/airflow/.local/lib/python3.8/site-packages/airflow/example_dags/example_bash_operator.py
[2024-03-08T18:51:30.406+0000] {processor.py:830} INFO - Processing file /home/airflow/.local/lib/python3.8/site-packages/airflow/example_dags/example_bash_operator.py for tasks to queue
[2024-03-08T18:51:30.408+0000] {logging_mixin.py:188} INFO - [2024-03-08T18:51:30.407+0000] {dagbag.py:540} INFO - Filling up the DagBag from /home/airflow/.local/lib/python3.8/site-packages/airflow/example_dags/example_bash_operator.py
[2024-03-08T18:51:30.417+0000] {processor.py:840} INFO - DAG(s) 'example_bash_operator' retrieved from /home/airflow/.local/lib/python3.8/site-packages/airflow/example_dags/example_bash_operator.py
[2024-03-08T18:51:30.443+0000] {logging_mixin.py:188} INFO - [2024-03-08T18:51:30.442+0000] {dag.py:3047} INFO - Sync 1 DAGs
[2024-03-08T18:51:30.462+0000] {logging_mixin.py:188} INFO - [2024-03-08T18:51:30.461+0000] {dag.py:3834} INFO - Setting next_dagrun for example_bash_operator to 2024-03-07 00:00:00+00:00, run_after=2024-03-08 00:00:00+00:00
[2024-03-08T18:51:30.476+0000] {processor.py:183} INFO - Processing /home/airflow/.local/lib/python3.8/site-packages/airflow/example_dags/example_bash_operator.py took 0.073 seconds
[2024-03-08T18:52:00.953+0000] {processor.py:161} INFO - Started process (PID=2241) to work on /home/airflow/.local/lib/python3.8/site-packages/airflow/example_dags/example_bash_operator.py
[2024-03-08T18:52:00.954+0000] {processor.py:830} INFO - Processing file /home/airflow/.local/lib/python3.8/site-packages/airflow/example_dags/example_bash_operator.py for tasks to queue
[2024-03-08T18:52:00.955+0000] {logging_mixin.py:188} INFO - [2024-03-08T18:52:00.955+0000] {dagbag.py:540} INFO - Filling up the DagBag from /home/airflow/.local/lib/python3.8/site-packages/airflow/example_dags/example_bash_operator.py
[2024-03-08T18:52:00.966+0000] {processor.py:840} INFO - DAG(s) 'example_bash_operator' retrieved from /home/airflow/.local/lib/python3.8/site-packages/airflow/example_dags/example_bash_operator.py
[2024-03-08T18:52:00.994+0000] {logging_mixin.py:188} INFO - [2024-03-08T18:52:00.994+0000] {dag.py:3047} INFO - Sync 1 DAGs
[2024-03-08T18:52:01.018+0000] {logging_mixin.py:188} INFO - [2024-03-08T18:52:01.018+0000] {dag.py:3834} INFO - Setting next_dagrun for example_bash_operator to 2024-03-07 00:00:00+00:00, run_after=2024-03-08 00:00:00+00:00
[2024-03-08T18:52:01.036+0000] {processor.py:183} INFO - Processing /home/airflow/.local/lib/python3.8/site-packages/airflow/example_dags/example_bash_operator.py took 0.085 seconds
[2024-03-08T18:52:31.473+0000] {processor.py:161} INFO - Started process (PID=2296) to work on /home/airflow/.local/lib/python3.8/site-packages/airflow/example_dags/example_bash_operator.py
[2024-03-08T18:52:31.474+0000] {processor.py:830} INFO - Processing file /home/airflow/.local/lib/python3.8/site-packages/airflow/example_dags/example_bash_operator.py for tasks to queue
[2024-03-08T18:52:31.475+0000] {logging_mixin.py:188} INFO - [2024-03-08T18:52:31.475+0000] {dagbag.py:540} INFO - Filling up the DagBag from /home/airflow/.local/lib/python3.8/site-packages/airflow/example_dags/example_bash_operator.py
[2024-03-08T18:52:31.484+0000] {processor.py:840} INFO - DAG(s) 'example_bash_operator' retrieved from /home/airflow/.local/lib/python3.8/site-packages/airflow/example_dags/example_bash_operator.py
[2024-03-08T18:52:31.513+0000] {logging_mixin.py:188} INFO - [2024-03-08T18:52:31.513+0000] {dag.py:3047} INFO - Sync 1 DAGs
[2024-03-08T18:52:31.535+0000] {logging_mixin.py:188} INFO - [2024-03-08T18:52:31.535+0000] {dag.py:3834} INFO - Setting next_dagrun for example_bash_operator to 2024-03-07 00:00:00+00:00, run_after=2024-03-08 00:00:00+00:00
[2024-03-08T18:52:31.551+0000] {processor.py:183} INFO - Processing /home/airflow/.local/lib/python3.8/site-packages/airflow/example_dags/example_bash_operator.py took 0.081 seconds
[2024-03-08T18:53:01.752+0000] {processor.py:161} INFO - Started process (PID=2351) to work on /home/airflow/.local/lib/python3.8/site-packages/airflow/example_dags/example_bash_operator.py
[2024-03-08T18:53:01.753+0000] {processor.py:830} INFO - Processing file /home/airflow/.local/lib/python3.8/site-packages/airflow/example_dags/example_bash_operator.py for tasks to queue
[2024-03-08T18:53:01.755+0000] {logging_mixin.py:188} INFO - [2024-03-08T18:53:01.755+0000] {dagbag.py:540} INFO - Filling up the DagBag from /home/airflow/.local/lib/python3.8/site-packages/airflow/example_dags/example_bash_operator.py
[2024-03-08T18:53:01.766+0000] {processor.py:840} INFO - DAG(s) 'example_bash_operator' retrieved from /home/airflow/.local/lib/python3.8/site-packages/airflow/example_dags/example_bash_operator.py
[2024-03-08T18:53:01.790+0000] {logging_mixin.py:188} INFO - [2024-03-08T18:53:01.790+0000] {dag.py:3047} INFO - Sync 1 DAGs
[2024-03-08T18:53:01.816+0000] {logging_mixin.py:188} INFO - [2024-03-08T18:53:01.815+0000] {dag.py:3834} INFO - Setting next_dagrun for example_bash_operator to 2024-03-07 00:00:00+00:00, run_after=2024-03-08 00:00:00+00:00
[2024-03-08T18:53:01.835+0000] {processor.py:183} INFO - Processing /home/airflow/.local/lib/python3.8/site-packages/airflow/example_dags/example_bash_operator.py took 0.087 seconds
[2024-03-08T18:53:32.219+0000] {processor.py:161} INFO - Started process (PID=2406) to work on /home/airflow/.local/lib/python3.8/site-packages/airflow/example_dags/example_bash_operator.py
[2024-03-08T18:53:32.220+0000] {processor.py:830} INFO - Processing file /home/airflow/.local/lib/python3.8/site-packages/airflow/example_dags/example_bash_operator.py for tasks to queue
[2024-03-08T18:53:32.222+0000] {logging_mixin.py:188} INFO - [2024-03-08T18:53:32.221+0000] {dagbag.py:540} INFO - Filling up the DagBag from /home/airflow/.local/lib/python3.8/site-packages/airflow/example_dags/example_bash_operator.py
[2024-03-08T18:53:32.233+0000] {processor.py:840} INFO - DAG(s) 'example_bash_operator' retrieved from /home/airflow/.local/lib/python3.8/site-packages/airflow/example_dags/example_bash_operator.py
[2024-03-08T18:53:32.260+0000] {logging_mixin.py:188} INFO - [2024-03-08T18:53:32.260+0000] {dag.py:3047} INFO - Sync 1 DAGs
[2024-03-08T18:53:32.287+0000] {logging_mixin.py:188} INFO - [2024-03-08T18:53:32.286+0000] {dag.py:3834} INFO - Setting next_dagrun for example_bash_operator to 2024-03-07 00:00:00+00:00, run_after=2024-03-08 00:00:00+00:00
[2024-03-08T18:53:32.315+0000] {processor.py:183} INFO - Processing /home/airflow/.local/lib/python3.8/site-packages/airflow/example_dags/example_bash_operator.py took 0.099 seconds
[2024-03-08T18:54:02.877+0000] {processor.py:161} INFO - Started process (PID=2467) to work on /home/airflow/.local/lib/python3.8/site-packages/airflow/example_dags/example_bash_operator.py
[2024-03-08T18:54:02.878+0000] {processor.py:830} INFO - Processing file /home/airflow/.local/lib/python3.8/site-packages/airflow/example_dags/example_bash_operator.py for tasks to queue
[2024-03-08T18:54:02.879+0000] {logging_mixin.py:188} INFO - [2024-03-08T18:54:02.879+0000] {dagbag.py:540} INFO - Filling up the DagBag from /home/airflow/.local/lib/python3.8/site-packages/airflow/example_dags/example_bash_operator.py
[2024-03-08T18:54:02.891+0000] {processor.py:840} INFO - DAG(s) 'example_bash_operator' retrieved from /home/airflow/.local/lib/python3.8/site-packages/airflow/example_dags/example_bash_operator.py
[2024-03-08T18:54:02.923+0000] {logging_mixin.py:188} INFO - [2024-03-08T18:54:02.923+0000] {dag.py:3047} INFO - Sync 1 DAGs
[2024-03-08T18:54:02.944+0000] {logging_mixin.py:188} INFO - [2024-03-08T18:54:02.943+0000] {dag.py:3834} INFO - Setting next_dagrun for example_bash_operator to 2024-03-07 00:00:00+00:00, run_after=2024-03-08 00:00:00+00:00
[2024-03-08T18:54:02.962+0000] {processor.py:183} INFO - Processing /home/airflow/.local/lib/python3.8/site-packages/airflow/example_dags/example_bash_operator.py took 0.088 seconds
[2024-03-08T18:54:33.591+0000] {processor.py:161} INFO - Started process (PID=2522) to work on /home/airflow/.local/lib/python3.8/site-packages/airflow/example_dags/example_bash_operator.py
[2024-03-08T18:54:33.592+0000] {processor.py:830} INFO - Processing file /home/airflow/.local/lib/python3.8/site-packages/airflow/example_dags/example_bash_operator.py for tasks to queue
[2024-03-08T18:54:33.594+0000] {logging_mixin.py:188} INFO - [2024-03-08T18:54:33.594+0000] {dagbag.py:540} INFO - Filling up the DagBag from /home/airflow/.local/lib/python3.8/site-packages/airflow/example_dags/example_bash_operator.py
[2024-03-08T18:54:33.604+0000] {processor.py:840} INFO - DAG(s) 'example_bash_operator' retrieved from /home/airflow/.local/lib/python3.8/site-packages/airflow/example_dags/example_bash_operator.py
[2024-03-08T18:54:33.632+0000] {logging_mixin.py:188} INFO - [2024-03-08T18:54:33.632+0000] {dag.py:3047} INFO - Sync 1 DAGs
[2024-03-08T18:54:33.654+0000] {logging_mixin.py:188} INFO - [2024-03-08T18:54:33.653+0000] {dag.py:3834} INFO - Setting next_dagrun for example_bash_operator to 2024-03-07 00:00:00+00:00, run_after=2024-03-08 00:00:00+00:00
[2024-03-08T18:54:33.673+0000] {processor.py:183} INFO - Processing /home/airflow/.local/lib/python3.8/site-packages/airflow/example_dags/example_bash_operator.py took 0.085 seconds
[2024-03-08T18:55:03.703+0000] {processor.py:161} INFO - Started process (PID=2577) to work on /home/airflow/.local/lib/python3.8/site-packages/airflow/example_dags/example_bash_operator.py
[2024-03-08T18:55:03.704+0000] {processor.py:830} INFO - Processing file /home/airflow/.local/lib/python3.8/site-packages/airflow/example_dags/example_bash_operator.py for tasks to queue
[2024-03-08T18:55:03.706+0000] {logging_mixin.py:188} INFO - [2024-03-08T18:55:03.706+0000] {dagbag.py:540} INFO - Filling up the DagBag from /home/airflow/.local/lib/python3.8/site-packages/airflow/example_dags/example_bash_operator.py
[2024-03-08T18:55:03.715+0000] {processor.py:840} INFO - DAG(s) 'example_bash_operator' retrieved from /home/airflow/.local/lib/python3.8/site-packages/airflow/example_dags/example_bash_operator.py
[2024-03-08T18:55:03.741+0000] {logging_mixin.py:188} INFO - [2024-03-08T18:55:03.740+0000] {dag.py:3047} INFO - Sync 1 DAGs
[2024-03-08T18:55:03.760+0000] {logging_mixin.py:188} INFO - [2024-03-08T18:55:03.760+0000] {dag.py:3834} INFO - Setting next_dagrun for example_bash_operator to 2024-03-07 00:00:00+00:00, run_after=2024-03-08 00:00:00+00:00
[2024-03-08T18:55:03.775+0000] {processor.py:183} INFO - Processing /home/airflow/.local/lib/python3.8/site-packages/airflow/example_dags/example_bash_operator.py took 0.075 seconds
[2024-03-08T18:55:34.045+0000] {processor.py:161} INFO - Started process (PID=2632) to work on /home/airflow/.local/lib/python3.8/site-packages/airflow/example_dags/example_bash_operator.py
[2024-03-08T18:55:34.046+0000] {processor.py:830} INFO - Processing file /home/airflow/.local/lib/python3.8/site-packages/airflow/example_dags/example_bash_operator.py for tasks to queue
[2024-03-08T18:55:34.048+0000] {logging_mixin.py:188} INFO - [2024-03-08T18:55:34.048+0000] {dagbag.py:540} INFO - Filling up the DagBag from /home/airflow/.local/lib/python3.8/site-packages/airflow/example_dags/example_bash_operator.py
[2024-03-08T18:55:34.058+0000] {processor.py:840} INFO - DAG(s) 'example_bash_operator' retrieved from /home/airflow/.local/lib/python3.8/site-packages/airflow/example_dags/example_bash_operator.py
[2024-03-08T18:55:34.083+0000] {logging_mixin.py:188} INFO - [2024-03-08T18:55:34.082+0000] {dag.py:3047} INFO - Sync 1 DAGs
[2024-03-08T18:55:34.103+0000] {logging_mixin.py:188} INFO - [2024-03-08T18:55:34.102+0000] {dag.py:3834} INFO - Setting next_dagrun for example_bash_operator to 2024-03-07 00:00:00+00:00, run_after=2024-03-08 00:00:00+00:00
[2024-03-08T18:55:34.119+0000] {processor.py:183} INFO - Processing /home/airflow/.local/lib/python3.8/site-packages/airflow/example_dags/example_bash_operator.py took 0.077 seconds
[2024-03-08T18:56:04.356+0000] {processor.py:161} INFO - Started process (PID=2687) to work on /home/airflow/.local/lib/python3.8/site-packages/airflow/example_dags/example_bash_operator.py
[2024-03-08T18:56:04.357+0000] {processor.py:830} INFO - Processing file /home/airflow/.local/lib/python3.8/site-packages/airflow/example_dags/example_bash_operator.py for tasks to queue
[2024-03-08T18:56:04.358+0000] {logging_mixin.py:188} INFO - [2024-03-08T18:56:04.358+0000] {dagbag.py:540} INFO - Filling up the DagBag from /home/airflow/.local/lib/python3.8/site-packages/airflow/example_dags/example_bash_operator.py
[2024-03-08T18:56:04.368+0000] {processor.py:840} INFO - DAG(s) 'example_bash_operator' retrieved from /home/airflow/.local/lib/python3.8/site-packages/airflow/example_dags/example_bash_operator.py
[2024-03-08T18:56:04.392+0000] {logging_mixin.py:188} INFO - [2024-03-08T18:56:04.392+0000] {dag.py:3047} INFO - Sync 1 DAGs
[2024-03-08T18:56:04.411+0000] {logging_mixin.py:188} INFO - [2024-03-08T18:56:04.411+0000] {dag.py:3834} INFO - Setting next_dagrun for example_bash_operator to 2024-03-07 00:00:00+00:00, run_after=2024-03-08 00:00:00+00:00
[2024-03-08T18:56:04.425+0000] {processor.py:183} INFO - Processing /home/airflow/.local/lib/python3.8/site-packages/airflow/example_dags/example_bash_operator.py took 0.071 seconds
[2024-03-08T18:56:34.746+0000] {processor.py:161} INFO - Started process (PID=2742) to work on /home/airflow/.local/lib/python3.8/site-packages/airflow/example_dags/example_bash_operator.py
[2024-03-08T18:56:34.747+0000] {processor.py:830} INFO - Processing file /home/airflow/.local/lib/python3.8/site-packages/airflow/example_dags/example_bash_operator.py for tasks to queue
[2024-03-08T18:56:34.749+0000] {logging_mixin.py:188} INFO - [2024-03-08T18:56:34.748+0000] {dagbag.py:540} INFO - Filling up the DagBag from /home/airflow/.local/lib/python3.8/site-packages/airflow/example_dags/example_bash_operator.py
[2024-03-08T18:56:34.760+0000] {processor.py:840} INFO - DAG(s) 'example_bash_operator' retrieved from /home/airflow/.local/lib/python3.8/site-packages/airflow/example_dags/example_bash_operator.py
[2024-03-08T18:56:34.790+0000] {logging_mixin.py:188} INFO - [2024-03-08T18:56:34.789+0000] {dag.py:3047} INFO - Sync 1 DAGs
[2024-03-08T18:56:34.812+0000] {logging_mixin.py:188} INFO - [2024-03-08T18:56:34.811+0000] {dag.py:3834} INFO - Setting next_dagrun for example_bash_operator to 2024-03-07 00:00:00+00:00, run_after=2024-03-08 00:00:00+00:00
[2024-03-08T18:56:34.828+0000] {processor.py:183} INFO - Processing /home/airflow/.local/lib/python3.8/site-packages/airflow/example_dags/example_bash_operator.py took 0.085 seconds
[2024-03-08T18:57:05.286+0000] {processor.py:161} INFO - Started process (PID=2797) to work on /home/airflow/.local/lib/python3.8/site-packages/airflow/example_dags/example_bash_operator.py
[2024-03-08T18:57:05.287+0000] {processor.py:830} INFO - Processing file /home/airflow/.local/lib/python3.8/site-packages/airflow/example_dags/example_bash_operator.py for tasks to queue
[2024-03-08T18:57:05.289+0000] {logging_mixin.py:188} INFO - [2024-03-08T18:57:05.289+0000] {dagbag.py:540} INFO - Filling up the DagBag from /home/airflow/.local/lib/python3.8/site-packages/airflow/example_dags/example_bash_operator.py
[2024-03-08T18:57:05.302+0000] {processor.py:840} INFO - DAG(s) 'example_bash_operator' retrieved from /home/airflow/.local/lib/python3.8/site-packages/airflow/example_dags/example_bash_operator.py
[2024-03-08T18:57:05.337+0000] {logging_mixin.py:188} INFO - [2024-03-08T18:57:05.337+0000] {dag.py:3047} INFO - Sync 1 DAGs
[2024-03-08T18:57:05.361+0000] {logging_mixin.py:188} INFO - [2024-03-08T18:57:05.361+0000] {dag.py:3834} INFO - Setting next_dagrun for example_bash_operator to 2024-03-07 00:00:00+00:00, run_after=2024-03-08 00:00:00+00:00
[2024-03-08T18:57:05.378+0000] {processor.py:183} INFO - Processing /home/airflow/.local/lib/python3.8/site-packages/airflow/example_dags/example_bash_operator.py took 0.095 seconds
[2024-03-08T18:57:35.788+0000] {processor.py:161} INFO - Started process (PID=2852) to work on /home/airflow/.local/lib/python3.8/site-packages/airflow/example_dags/example_bash_operator.py
[2024-03-08T18:57:35.789+0000] {processor.py:830} INFO - Processing file /home/airflow/.local/lib/python3.8/site-packages/airflow/example_dags/example_bash_operator.py for tasks to queue
[2024-03-08T18:57:35.790+0000] {logging_mixin.py:188} INFO - [2024-03-08T18:57:35.790+0000] {dagbag.py:540} INFO - Filling up the DagBag from /home/airflow/.local/lib/python3.8/site-packages/airflow/example_dags/example_bash_operator.py
[2024-03-08T18:57:35.800+0000] {processor.py:840} INFO - DAG(s) 'example_bash_operator' retrieved from /home/airflow/.local/lib/python3.8/site-packages/airflow/example_dags/example_bash_operator.py
[2024-03-08T18:57:35.831+0000] {logging_mixin.py:188} INFO - [2024-03-08T18:57:35.830+0000] {dag.py:3047} INFO - Sync 1 DAGs
[2024-03-08T18:57:35.854+0000] {logging_mixin.py:188} INFO - [2024-03-08T18:57:35.853+0000] {dag.py:3834} INFO - Setting next_dagrun for example_bash_operator to 2024-03-07 00:00:00+00:00, run_after=2024-03-08 00:00:00+00:00
[2024-03-08T18:57:35.870+0000] {processor.py:183} INFO - Processing /home/airflow/.local/lib/python3.8/site-packages/airflow/example_dags/example_bash_operator.py took 0.085 seconds
[2024-03-08T18:58:06.043+0000] {processor.py:161} INFO - Started process (PID=2907) to work on /home/airflow/.local/lib/python3.8/site-packages/airflow/example_dags/example_bash_operator.py
[2024-03-08T18:58:06.044+0000] {processor.py:830} INFO - Processing file /home/airflow/.local/lib/python3.8/site-packages/airflow/example_dags/example_bash_operator.py for tasks to queue
[2024-03-08T18:58:06.046+0000] {logging_mixin.py:188} INFO - [2024-03-08T18:58:06.045+0000] {dagbag.py:540} INFO - Filling up the DagBag from /home/airflow/.local/lib/python3.8/site-packages/airflow/example_dags/example_bash_operator.py
[2024-03-08T18:58:06.055+0000] {processor.py:840} INFO - DAG(s) 'example_bash_operator' retrieved from /home/airflow/.local/lib/python3.8/site-packages/airflow/example_dags/example_bash_operator.py
[2024-03-08T18:58:06.081+0000] {logging_mixin.py:188} INFO - [2024-03-08T18:58:06.081+0000] {dag.py:3047} INFO - Sync 1 DAGs
[2024-03-08T18:58:06.100+0000] {logging_mixin.py:188} INFO - [2024-03-08T18:58:06.100+0000] {dag.py:3834} INFO - Setting next_dagrun for example_bash_operator to 2024-03-07 00:00:00+00:00, run_after=2024-03-08 00:00:00+00:00
[2024-03-08T18:58:06.115+0000] {processor.py:183} INFO - Processing /home/airflow/.local/lib/python3.8/site-packages/airflow/example_dags/example_bash_operator.py took 0.074 seconds
[2024-03-08T18:58:36.313+0000] {processor.py:161} INFO - Started process (PID=2962) to work on /home/airflow/.local/lib/python3.8/site-packages/airflow/example_dags/example_bash_operator.py
[2024-03-08T18:58:36.314+0000] {processor.py:830} INFO - Processing file /home/airflow/.local/lib/python3.8/site-packages/airflow/example_dags/example_bash_operator.py for tasks to queue
[2024-03-08T18:58:36.315+0000] {logging_mixin.py:188} INFO - [2024-03-08T18:58:36.315+0000] {dagbag.py:540} INFO - Filling up the DagBag from /home/airflow/.local/lib/python3.8/site-packages/airflow/example_dags/example_bash_operator.py
[2024-03-08T18:58:36.325+0000] {processor.py:840} INFO - DAG(s) 'example_bash_operator' retrieved from /home/airflow/.local/lib/python3.8/site-packages/airflow/example_dags/example_bash_operator.py
[2024-03-08T18:58:36.351+0000] {logging_mixin.py:188} INFO - [2024-03-08T18:58:36.351+0000] {dag.py:3047} INFO - Sync 1 DAGs
[2024-03-08T18:58:36.374+0000] {logging_mixin.py:188} INFO - [2024-03-08T18:58:36.373+0000] {dag.py:3834} INFO - Setting next_dagrun for example_bash_operator to 2024-03-07 00:00:00+00:00, run_after=2024-03-08 00:00:00+00:00
[2024-03-08T18:58:36.390+0000] {processor.py:183} INFO - Processing /home/airflow/.local/lib/python3.8/site-packages/airflow/example_dags/example_bash_operator.py took 0.080 seconds
[2024-03-08T18:59:06.857+0000] {processor.py:161} INFO - Started process (PID=3017) to work on /home/airflow/.local/lib/python3.8/site-packages/airflow/example_dags/example_bash_operator.py
[2024-03-08T18:59:06.858+0000] {processor.py:830} INFO - Processing file /home/airflow/.local/lib/python3.8/site-packages/airflow/example_dags/example_bash_operator.py for tasks to queue
[2024-03-08T18:59:06.859+0000] {logging_mixin.py:188} INFO - [2024-03-08T18:59:06.859+0000] {dagbag.py:540} INFO - Filling up the DagBag from /home/airflow/.local/lib/python3.8/site-packages/airflow/example_dags/example_bash_operator.py
[2024-03-08T18:59:06.870+0000] {processor.py:840} INFO - DAG(s) 'example_bash_operator' retrieved from /home/airflow/.local/lib/python3.8/site-packages/airflow/example_dags/example_bash_operator.py
[2024-03-08T18:59:06.905+0000] {logging_mixin.py:188} INFO - [2024-03-08T18:59:06.905+0000] {dag.py:3047} INFO - Sync 1 DAGs
[2024-03-08T18:59:06.927+0000] {logging_mixin.py:188} INFO - [2024-03-08T18:59:06.926+0000] {dag.py:3834} INFO - Setting next_dagrun for example_bash_operator to 2024-03-07 00:00:00+00:00, run_after=2024-03-08 00:00:00+00:00
[2024-03-08T18:59:06.944+0000] {processor.py:183} INFO - Processing /home/airflow/.local/lib/python3.8/site-packages/airflow/example_dags/example_bash_operator.py took 0.090 seconds
[2024-03-08T18:59:37.557+0000] {processor.py:161} INFO - Started process (PID=3072) to work on /home/airflow/.local/lib/python3.8/site-packages/airflow/example_dags/example_bash_operator.py
[2024-03-08T18:59:37.558+0000] {processor.py:830} INFO - Processing file /home/airflow/.local/lib/python3.8/site-packages/airflow/example_dags/example_bash_operator.py for tasks to queue
[2024-03-08T18:59:37.559+0000] {logging_mixin.py:188} INFO - [2024-03-08T18:59:37.559+0000] {dagbag.py:540} INFO - Filling up the DagBag from /home/airflow/.local/lib/python3.8/site-packages/airflow/example_dags/example_bash_operator.py
[2024-03-08T18:59:37.570+0000] {processor.py:840} INFO - DAG(s) 'example_bash_operator' retrieved from /home/airflow/.local/lib/python3.8/site-packages/airflow/example_dags/example_bash_operator.py
[2024-03-08T18:59:37.599+0000] {logging_mixin.py:188} INFO - [2024-03-08T18:59:37.598+0000] {dag.py:3047} INFO - Sync 1 DAGs
[2024-03-08T18:59:37.625+0000] {logging_mixin.py:188} INFO - [2024-03-08T18:59:37.625+0000] {dag.py:3834} INFO - Setting next_dagrun for example_bash_operator to 2024-03-07 00:00:00+00:00, run_after=2024-03-08 00:00:00+00:00
[2024-03-08T18:59:37.642+0000] {processor.py:183} INFO - Processing /home/airflow/.local/lib/python3.8/site-packages/airflow/example_dags/example_bash_operator.py took 0.088 seconds
[2024-03-08T19:00:07.991+0000] {processor.py:161} INFO - Started process (PID=3127) to work on /home/airflow/.local/lib/python3.8/site-packages/airflow/example_dags/example_bash_operator.py
[2024-03-08T19:00:07.992+0000] {processor.py:830} INFO - Processing file /home/airflow/.local/lib/python3.8/site-packages/airflow/example_dags/example_bash_operator.py for tasks to queue
[2024-03-08T19:00:07.994+0000] {logging_mixin.py:188} INFO - [2024-03-08T19:00:07.993+0000] {dagbag.py:540} INFO - Filling up the DagBag from /home/airflow/.local/lib/python3.8/site-packages/airflow/example_dags/example_bash_operator.py
[2024-03-08T19:00:08.010+0000] {processor.py:840} INFO - DAG(s) 'example_bash_operator' retrieved from /home/airflow/.local/lib/python3.8/site-packages/airflow/example_dags/example_bash_operator.py
[2024-03-08T19:00:08.048+0000] {logging_mixin.py:188} INFO - [2024-03-08T19:00:08.048+0000] {dag.py:3047} INFO - Sync 1 DAGs
[2024-03-08T19:00:08.073+0000] {logging_mixin.py:188} INFO - [2024-03-08T19:00:08.073+0000] {dag.py:3834} INFO - Setting next_dagrun for example_bash_operator to 2024-03-07 00:00:00+00:00, run_after=2024-03-08 00:00:00+00:00
[2024-03-08T19:00:08.097+0000] {processor.py:183} INFO - Processing /home/airflow/.local/lib/python3.8/site-packages/airflow/example_dags/example_bash_operator.py took 0.109 seconds
[2024-03-08T19:00:38.467+0000] {processor.py:161} INFO - Started process (PID=3182) to work on /home/airflow/.local/lib/python3.8/site-packages/airflow/example_dags/example_bash_operator.py
[2024-03-08T19:00:38.468+0000] {processor.py:830} INFO - Processing file /home/airflow/.local/lib/python3.8/site-packages/airflow/example_dags/example_bash_operator.py for tasks to queue
[2024-03-08T19:00:38.469+0000] {logging_mixin.py:188} INFO - [2024-03-08T19:00:38.469+0000] {dagbag.py:540} INFO - Filling up the DagBag from /home/airflow/.local/lib/python3.8/site-packages/airflow/example_dags/example_bash_operator.py
[2024-03-08T19:00:38.482+0000] {processor.py:840} INFO - DAG(s) 'example_bash_operator' retrieved from /home/airflow/.local/lib/python3.8/site-packages/airflow/example_dags/example_bash_operator.py
[2024-03-08T19:00:38.510+0000] {logging_mixin.py:188} INFO - [2024-03-08T19:00:38.509+0000] {dag.py:3047} INFO - Sync 1 DAGs
[2024-03-08T19:00:38.535+0000] {logging_mixin.py:188} INFO - [2024-03-08T19:00:38.535+0000] {dag.py:3834} INFO - Setting next_dagrun for example_bash_operator to 2024-03-07 00:00:00+00:00, run_after=2024-03-08 00:00:00+00:00
[2024-03-08T19:00:38.553+0000] {processor.py:183} INFO - Processing /home/airflow/.local/lib/python3.8/site-packages/airflow/example_dags/example_bash_operator.py took 0.090 seconds
[2024-03-08T19:01:08.605+0000] {processor.py:161} INFO - Started process (PID=3237) to work on /home/airflow/.local/lib/python3.8/site-packages/airflow/example_dags/example_bash_operator.py
[2024-03-08T19:01:08.606+0000] {processor.py:830} INFO - Processing file /home/airflow/.local/lib/python3.8/site-packages/airflow/example_dags/example_bash_operator.py for tasks to queue
[2024-03-08T19:01:08.607+0000] {logging_mixin.py:188} INFO - [2024-03-08T19:01:08.607+0000] {dagbag.py:540} INFO - Filling up the DagBag from /home/airflow/.local/lib/python3.8/site-packages/airflow/example_dags/example_bash_operator.py
[2024-03-08T19:01:08.618+0000] {processor.py:840} INFO - DAG(s) 'example_bash_operator' retrieved from /home/airflow/.local/lib/python3.8/site-packages/airflow/example_dags/example_bash_operator.py
[2024-03-08T19:01:08.645+0000] {logging_mixin.py:188} INFO - [2024-03-08T19:01:08.645+0000] {dag.py:3047} INFO - Sync 1 DAGs
[2024-03-08T19:01:08.666+0000] {logging_mixin.py:188} INFO - [2024-03-08T19:01:08.665+0000] {dag.py:3834} INFO - Setting next_dagrun for example_bash_operator to 2024-03-07 00:00:00+00:00, run_after=2024-03-08 00:00:00+00:00
[2024-03-08T19:01:08.682+0000] {processor.py:183} INFO - Processing /home/airflow/.local/lib/python3.8/site-packages/airflow/example_dags/example_bash_operator.py took 0.079 seconds
[2024-03-08T19:01:39.080+0000] {processor.py:161} INFO - Started process (PID=3292) to work on /home/airflow/.local/lib/python3.8/site-packages/airflow/example_dags/example_bash_operator.py
[2024-03-08T19:01:39.081+0000] {processor.py:830} INFO - Processing file /home/airflow/.local/lib/python3.8/site-packages/airflow/example_dags/example_bash_operator.py for tasks to queue
[2024-03-08T19:01:39.082+0000] {logging_mixin.py:188} INFO - [2024-03-08T19:01:39.082+0000] {dagbag.py:540} INFO - Filling up the DagBag from /home/airflow/.local/lib/python3.8/site-packages/airflow/example_dags/example_bash_operator.py
[2024-03-08T19:01:39.093+0000] {processor.py:840} INFO - DAG(s) 'example_bash_operator' retrieved from /home/airflow/.local/lib/python3.8/site-packages/airflow/example_dags/example_bash_operator.py
[2024-03-08T19:01:39.244+0000] {logging_mixin.py:188} INFO - [2024-03-08T19:01:39.244+0000] {dag.py:3047} INFO - Sync 1 DAGs
[2024-03-08T19:01:39.261+0000] {logging_mixin.py:188} INFO - [2024-03-08T19:01:39.261+0000] {dag.py:3834} INFO - Setting next_dagrun for example_bash_operator to 2024-03-07 00:00:00+00:00, run_after=2024-03-08 00:00:00+00:00
[2024-03-08T19:01:39.275+0000] {processor.py:183} INFO - Processing /home/airflow/.local/lib/python3.8/site-packages/airflow/example_dags/example_bash_operator.py took 0.198 seconds
[2024-03-08T19:02:09.568+0000] {processor.py:161} INFO - Started process (PID=3347) to work on /home/airflow/.local/lib/python3.8/site-packages/airflow/example_dags/example_bash_operator.py
[2024-03-08T19:02:09.569+0000] {processor.py:830} INFO - Processing file /home/airflow/.local/lib/python3.8/site-packages/airflow/example_dags/example_bash_operator.py for tasks to queue
[2024-03-08T19:02:09.570+0000] {logging_mixin.py:188} INFO - [2024-03-08T19:02:09.570+0000] {dagbag.py:540} INFO - Filling up the DagBag from /home/airflow/.local/lib/python3.8/site-packages/airflow/example_dags/example_bash_operator.py
[2024-03-08T19:02:09.580+0000] {processor.py:840} INFO - DAG(s) 'example_bash_operator' retrieved from /home/airflow/.local/lib/python3.8/site-packages/airflow/example_dags/example_bash_operator.py
[2024-03-08T19:02:09.605+0000] {logging_mixin.py:188} INFO - [2024-03-08T19:02:09.604+0000] {dag.py:3047} INFO - Sync 1 DAGs
[2024-03-08T19:02:09.738+0000] {logging_mixin.py:188} INFO - [2024-03-08T19:02:09.737+0000] {dag.py:3834} INFO - Setting next_dagrun for example_bash_operator to 2024-03-07 00:00:00+00:00, run_after=2024-03-08 00:00:00+00:00
[2024-03-08T19:02:09.751+0000] {processor.py:183} INFO - Processing /home/airflow/.local/lib/python3.8/site-packages/airflow/example_dags/example_bash_operator.py took 0.186 seconds
[2024-03-08T19:02:40.215+0000] {processor.py:161} INFO - Started process (PID=3402) to work on /home/airflow/.local/lib/python3.8/site-packages/airflow/example_dags/example_bash_operator.py
[2024-03-08T19:02:40.216+0000] {processor.py:830} INFO - Processing file /home/airflow/.local/lib/python3.8/site-packages/airflow/example_dags/example_bash_operator.py for tasks to queue
[2024-03-08T19:02:40.218+0000] {logging_mixin.py:188} INFO - [2024-03-08T19:02:40.218+0000] {dagbag.py:540} INFO - Filling up the DagBag from /home/airflow/.local/lib/python3.8/site-packages/airflow/example_dags/example_bash_operator.py
[2024-03-08T19:02:40.230+0000] {processor.py:840} INFO - DAG(s) 'example_bash_operator' retrieved from /home/airflow/.local/lib/python3.8/site-packages/airflow/example_dags/example_bash_operator.py
[2024-03-08T19:02:40.261+0000] {logging_mixin.py:188} INFO - [2024-03-08T19:02:40.260+0000] {dag.py:3047} INFO - Sync 1 DAGs
[2024-03-08T19:02:40.419+0000] {logging_mixin.py:188} INFO - [2024-03-08T19:02:40.419+0000] {dag.py:3834} INFO - Setting next_dagrun for example_bash_operator to 2024-03-07 00:00:00+00:00, run_after=2024-03-08 00:00:00+00:00
[2024-03-08T19:02:40.438+0000] {processor.py:183} INFO - Processing /home/airflow/.local/lib/python3.8/site-packages/airflow/example_dags/example_bash_operator.py took 0.226 seconds
[2024-03-08T19:03:10.572+0000] {processor.py:161} INFO - Started process (PID=3457) to work on /home/airflow/.local/lib/python3.8/site-packages/airflow/example_dags/example_bash_operator.py
[2024-03-08T19:03:10.573+0000] {processor.py:830} INFO - Processing file /home/airflow/.local/lib/python3.8/site-packages/airflow/example_dags/example_bash_operator.py for tasks to queue
[2024-03-08T19:03:10.575+0000] {logging_mixin.py:188} INFO - [2024-03-08T19:03:10.574+0000] {dagbag.py:540} INFO - Filling up the DagBag from /home/airflow/.local/lib/python3.8/site-packages/airflow/example_dags/example_bash_operator.py
[2024-03-08T19:03:10.602+0000] {processor.py:840} INFO - DAG(s) 'example_bash_operator' retrieved from /home/airflow/.local/lib/python3.8/site-packages/airflow/example_dags/example_bash_operator.py
[2024-03-08T19:03:10.639+0000] {logging_mixin.py:188} INFO - [2024-03-08T19:03:10.639+0000] {dag.py:3047} INFO - Sync 1 DAGs
[2024-03-08T19:03:10.701+0000] {logging_mixin.py:188} INFO - [2024-03-08T19:03:10.701+0000] {dag.py:3834} INFO - Setting next_dagrun for example_bash_operator to 2024-03-07 00:00:00+00:00, run_after=2024-03-08 00:00:00+00:00
[2024-03-08T19:03:10.720+0000] {processor.py:183} INFO - Processing /home/airflow/.local/lib/python3.8/site-packages/airflow/example_dags/example_bash_operator.py took 0.151 seconds
[2024-03-08T19:03:40.921+0000] {processor.py:161} INFO - Started process (PID=3512) to work on /home/airflow/.local/lib/python3.8/site-packages/airflow/example_dags/example_bash_operator.py
[2024-03-08T19:03:40.923+0000] {processor.py:830} INFO - Processing file /home/airflow/.local/lib/python3.8/site-packages/airflow/example_dags/example_bash_operator.py for tasks to queue
[2024-03-08T19:03:40.925+0000] {logging_mixin.py:188} INFO - [2024-03-08T19:03:40.924+0000] {dagbag.py:540} INFO - Filling up the DagBag from /home/airflow/.local/lib/python3.8/site-packages/airflow/example_dags/example_bash_operator.py
[2024-03-08T19:03:40.938+0000] {processor.py:840} INFO - DAG(s) 'example_bash_operator' retrieved from /home/airflow/.local/lib/python3.8/site-packages/airflow/example_dags/example_bash_operator.py
[2024-03-08T19:03:40.993+0000] {logging_mixin.py:188} INFO - [2024-03-08T19:03:40.993+0000] {dag.py:3047} INFO - Sync 1 DAGs
[2024-03-08T19:03:41.022+0000] {logging_mixin.py:188} INFO - [2024-03-08T19:03:41.022+0000] {dag.py:3834} INFO - Setting next_dagrun for example_bash_operator to 2024-03-07 00:00:00+00:00, run_after=2024-03-08 00:00:00+00:00
[2024-03-08T19:03:41.043+0000] {processor.py:183} INFO - Processing /home/airflow/.local/lib/python3.8/site-packages/airflow/example_dags/example_bash_operator.py took 0.125 seconds
[2024-03-08T19:04:11.439+0000] {processor.py:161} INFO - Started process (PID=3567) to work on /home/airflow/.local/lib/python3.8/site-packages/airflow/example_dags/example_bash_operator.py
[2024-03-08T19:04:11.440+0000] {processor.py:830} INFO - Processing file /home/airflow/.local/lib/python3.8/site-packages/airflow/example_dags/example_bash_operator.py for tasks to queue
[2024-03-08T19:04:11.453+0000] {logging_mixin.py:188} INFO - [2024-03-08T19:04:11.452+0000] {dagbag.py:540} INFO - Filling up the DagBag from /home/airflow/.local/lib/python3.8/site-packages/airflow/example_dags/example_bash_operator.py
[2024-03-08T19:04:11.463+0000] {processor.py:840} INFO - DAG(s) 'example_bash_operator' retrieved from /home/airflow/.local/lib/python3.8/site-packages/airflow/example_dags/example_bash_operator.py
[2024-03-08T19:04:11.493+0000] {logging_mixin.py:188} INFO - [2024-03-08T19:04:11.492+0000] {dag.py:3047} INFO - Sync 1 DAGs
[2024-03-08T19:04:11.533+0000] {logging_mixin.py:188} INFO - [2024-03-08T19:04:11.533+0000] {dag.py:3834} INFO - Setting next_dagrun for example_bash_operator to 2024-03-07 00:00:00+00:00, run_after=2024-03-08 00:00:00+00:00
[2024-03-08T19:04:11.548+0000] {processor.py:183} INFO - Processing /home/airflow/.local/lib/python3.8/site-packages/airflow/example_dags/example_bash_operator.py took 0.111 seconds
[2024-03-08T19:04:41.602+0000] {processor.py:161} INFO - Started process (PID=3622) to work on /home/airflow/.local/lib/python3.8/site-packages/airflow/example_dags/example_bash_operator.py
[2024-03-08T19:04:41.603+0000] {processor.py:830} INFO - Processing file /home/airflow/.local/lib/python3.8/site-packages/airflow/example_dags/example_bash_operator.py for tasks to queue
[2024-03-08T19:04:41.605+0000] {logging_mixin.py:188} INFO - [2024-03-08T19:04:41.605+0000] {dagbag.py:540} INFO - Filling up the DagBag from /home/airflow/.local/lib/python3.8/site-packages/airflow/example_dags/example_bash_operator.py
[2024-03-08T19:04:41.620+0000] {processor.py:840} INFO - DAG(s) 'example_bash_operator' retrieved from /home/airflow/.local/lib/python3.8/site-packages/airflow/example_dags/example_bash_operator.py
[2024-03-08T19:04:41.651+0000] {logging_mixin.py:188} INFO - [2024-03-08T19:04:41.650+0000] {dag.py:3047} INFO - Sync 1 DAGs
[2024-03-08T19:04:41.674+0000] {logging_mixin.py:188} INFO - [2024-03-08T19:04:41.673+0000] {dag.py:3834} INFO - Setting next_dagrun for example_bash_operator to 2024-03-07 00:00:00+00:00, run_after=2024-03-08 00:00:00+00:00
[2024-03-08T19:04:41.690+0000] {processor.py:183} INFO - Processing /home/airflow/.local/lib/python3.8/site-packages/airflow/example_dags/example_bash_operator.py took 0.091 seconds
[2024-03-08T19:05:12.016+0000] {processor.py:161} INFO - Started process (PID=3677) to work on /home/airflow/.local/lib/python3.8/site-packages/airflow/example_dags/example_bash_operator.py
[2024-03-08T19:05:12.018+0000] {processor.py:830} INFO - Processing file /home/airflow/.local/lib/python3.8/site-packages/airflow/example_dags/example_bash_operator.py for tasks to queue
[2024-03-08T19:05:12.019+0000] {logging_mixin.py:188} INFO - [2024-03-08T19:05:12.019+0000] {dagbag.py:540} INFO - Filling up the DagBag from /home/airflow/.local/lib/python3.8/site-packages/airflow/example_dags/example_bash_operator.py
[2024-03-08T19:05:12.034+0000] {processor.py:840} INFO - DAG(s) 'example_bash_operator' retrieved from /home/airflow/.local/lib/python3.8/site-packages/airflow/example_dags/example_bash_operator.py
[2024-03-08T19:05:12.065+0000] {logging_mixin.py:188} INFO - [2024-03-08T19:05:12.065+0000] {dag.py:3047} INFO - Sync 1 DAGs
[2024-03-08T19:05:12.092+0000] {logging_mixin.py:188} INFO - [2024-03-08T19:05:12.092+0000] {dag.py:3834} INFO - Setting next_dagrun for example_bash_operator to 2024-03-07 00:00:00+00:00, run_after=2024-03-08 00:00:00+00:00
[2024-03-08T19:05:12.124+0000] {processor.py:183} INFO - Processing /home/airflow/.local/lib/python3.8/site-packages/airflow/example_dags/example_bash_operator.py took 0.110 seconds
[2024-03-08T19:05:42.560+0000] {processor.py:161} INFO - Started process (PID=3732) to work on /home/airflow/.local/lib/python3.8/site-packages/airflow/example_dags/example_bash_operator.py
[2024-03-08T19:05:42.562+0000] {processor.py:830} INFO - Processing file /home/airflow/.local/lib/python3.8/site-packages/airflow/example_dags/example_bash_operator.py for tasks to queue
[2024-03-08T19:05:42.564+0000] {logging_mixin.py:188} INFO - [2024-03-08T19:05:42.563+0000] {dagbag.py:540} INFO - Filling up the DagBag from /home/airflow/.local/lib/python3.8/site-packages/airflow/example_dags/example_bash_operator.py
[2024-03-08T19:05:42.578+0000] {processor.py:840} INFO - DAG(s) 'example_bash_operator' retrieved from /home/airflow/.local/lib/python3.8/site-packages/airflow/example_dags/example_bash_operator.py
[2024-03-08T19:05:42.613+0000] {logging_mixin.py:188} INFO - [2024-03-08T19:05:42.612+0000] {dag.py:3047} INFO - Sync 1 DAGs
[2024-03-08T19:05:42.640+0000] {logging_mixin.py:188} INFO - [2024-03-08T19:05:42.639+0000] {dag.py:3834} INFO - Setting next_dagrun for example_bash_operator to 2024-03-07 00:00:00+00:00, run_after=2024-03-08 00:00:00+00:00
[2024-03-08T19:05:42.661+0000] {processor.py:183} INFO - Processing /home/airflow/.local/lib/python3.8/site-packages/airflow/example_dags/example_bash_operator.py took 0.104 seconds
[2024-03-08T19:06:12.830+0000] {processor.py:161} INFO - Started process (PID=3787) to work on /home/airflow/.local/lib/python3.8/site-packages/airflow/example_dags/example_bash_operator.py
[2024-03-08T19:06:12.831+0000] {processor.py:830} INFO - Processing file /home/airflow/.local/lib/python3.8/site-packages/airflow/example_dags/example_bash_operator.py for tasks to queue
[2024-03-08T19:06:12.832+0000] {logging_mixin.py:188} INFO - [2024-03-08T19:06:12.832+0000] {dagbag.py:540} INFO - Filling up the DagBag from /home/airflow/.local/lib/python3.8/site-packages/airflow/example_dags/example_bash_operator.py
[2024-03-08T19:06:12.843+0000] {processor.py:840} INFO - DAG(s) 'example_bash_operator' retrieved from /home/airflow/.local/lib/python3.8/site-packages/airflow/example_dags/example_bash_operator.py
[2024-03-08T19:06:12.876+0000] {logging_mixin.py:188} INFO - [2024-03-08T19:06:12.876+0000] {dag.py:3047} INFO - Sync 1 DAGs
[2024-03-08T19:06:12.903+0000] {logging_mixin.py:188} INFO - [2024-03-08T19:06:12.902+0000] {dag.py:3834} INFO - Setting next_dagrun for example_bash_operator to 2024-03-07 00:00:00+00:00, run_after=2024-03-08 00:00:00+00:00
[2024-03-08T19:06:12.925+0000] {processor.py:183} INFO - Processing /home/airflow/.local/lib/python3.8/site-packages/airflow/example_dags/example_bash_operator.py took 0.098 seconds
[2024-03-08T19:06:43.423+0000] {processor.py:161} INFO - Started process (PID=3840) to work on /home/airflow/.local/lib/python3.8/site-packages/airflow/example_dags/example_bash_operator.py
[2024-03-08T19:06:43.424+0000] {processor.py:830} INFO - Processing file /home/airflow/.local/lib/python3.8/site-packages/airflow/example_dags/example_bash_operator.py for tasks to queue
[2024-03-08T19:06:43.426+0000] {logging_mixin.py:188} INFO - [2024-03-08T19:06:43.425+0000] {dagbag.py:540} INFO - Filling up the DagBag from /home/airflow/.local/lib/python3.8/site-packages/airflow/example_dags/example_bash_operator.py
[2024-03-08T19:06:43.437+0000] {processor.py:840} INFO - DAG(s) 'example_bash_operator' retrieved from /home/airflow/.local/lib/python3.8/site-packages/airflow/example_dags/example_bash_operator.py
[2024-03-08T19:06:43.464+0000] {logging_mixin.py:188} INFO - [2024-03-08T19:06:43.464+0000] {dag.py:3047} INFO - Sync 1 DAGs
[2024-03-08T19:06:43.484+0000] {logging_mixin.py:188} INFO - [2024-03-08T19:06:43.483+0000] {dag.py:3834} INFO - Setting next_dagrun for example_bash_operator to 2024-03-07 00:00:00+00:00, run_after=2024-03-08 00:00:00+00:00
[2024-03-08T19:06:43.501+0000] {processor.py:183} INFO - Processing /home/airflow/.local/lib/python3.8/site-packages/airflow/example_dags/example_bash_operator.py took 0.080 seconds
[2024-03-08T19:07:13.739+0000] {processor.py:161} INFO - Started process (PID=3895) to work on /home/airflow/.local/lib/python3.8/site-packages/airflow/example_dags/example_bash_operator.py
[2024-03-08T19:07:13.740+0000] {processor.py:830} INFO - Processing file /home/airflow/.local/lib/python3.8/site-packages/airflow/example_dags/example_bash_operator.py for tasks to queue
[2024-03-08T19:07:13.741+0000] {logging_mixin.py:188} INFO - [2024-03-08T19:07:13.741+0000] {dagbag.py:540} INFO - Filling up the DagBag from /home/airflow/.local/lib/python3.8/site-packages/airflow/example_dags/example_bash_operator.py
[2024-03-08T19:07:13.752+0000] {processor.py:840} INFO - DAG(s) 'example_bash_operator' retrieved from /home/airflow/.local/lib/python3.8/site-packages/airflow/example_dags/example_bash_operator.py
[2024-03-08T19:07:13.782+0000] {logging_mixin.py:188} INFO - [2024-03-08T19:07:13.782+0000] {dag.py:3047} INFO - Sync 1 DAGs
[2024-03-08T19:07:13.823+0000] {logging_mixin.py:188} INFO - [2024-03-08T19:07:13.822+0000] {dag.py:3834} INFO - Setting next_dagrun for example_bash_operator to 2024-03-07 00:00:00+00:00, run_after=2024-03-08 00:00:00+00:00
[2024-03-08T19:07:13.840+0000] {processor.py:183} INFO - Processing /home/airflow/.local/lib/python3.8/site-packages/airflow/example_dags/example_bash_operator.py took 0.105 seconds
