[2024-03-08T18:32:43.998+0000] {processor.py:161} INFO - Started process (PID=176) to work on /home/airflow/.local/lib/python3.8/site-packages/airflow/example_dags/example_setup_teardown.py
[2024-03-08T18:32:43.998+0000] {processor.py:830} INFO - Processing file /home/airflow/.local/lib/python3.8/site-packages/airflow/example_dags/example_setup_teardown.py for tasks to queue
[2024-03-08T18:32:44.000+0000] {logging_mixin.py:188} INFO - [2024-03-08T18:32:43.999+0000] {dagbag.py:540} INFO - Filling up the DagBag from /home/airflow/.local/lib/python3.8/site-packages/airflow/example_dags/example_setup_teardown.py
[2024-03-08T18:32:44.008+0000] {processor.py:840} INFO - DAG(s) 'example_setup_teardown' retrieved from /home/airflow/.local/lib/python3.8/site-packages/airflow/example_dags/example_setup_teardown.py
[2024-03-08T18:32:44.019+0000] {logging_mixin.py:188} INFO - [2024-03-08T18:32:44.019+0000] {dag.py:3047} INFO - Sync 1 DAGs
[2024-03-08T18:32:44.040+0000] {logging_mixin.py:188} INFO - [2024-03-08T18:32:44.040+0000] {dag.py:3834} INFO - Setting next_dagrun for example_setup_teardown to 2024-03-07 00:00:00+00:00, run_after=2024-03-08 00:00:00+00:00
[2024-03-08T18:32:44.055+0000] {processor.py:183} INFO - Processing /home/airflow/.local/lib/python3.8/site-packages/airflow/example_dags/example_setup_teardown.py took 0.060 seconds
[2024-03-08T18:33:15.351+0000] {processor.py:161} INFO - Started process (PID=231) to work on /home/airflow/.local/lib/python3.8/site-packages/airflow/example_dags/example_setup_teardown.py
[2024-03-08T18:33:15.351+0000] {processor.py:830} INFO - Processing file /home/airflow/.local/lib/python3.8/site-packages/airflow/example_dags/example_setup_teardown.py for tasks to queue
[2024-03-08T18:33:15.353+0000] {logging_mixin.py:188} INFO - [2024-03-08T18:33:15.353+0000] {dagbag.py:540} INFO - Filling up the DagBag from /home/airflow/.local/lib/python3.8/site-packages/airflow/example_dags/example_setup_teardown.py
[2024-03-08T18:33:15.358+0000] {processor.py:840} INFO - DAG(s) 'example_setup_teardown' retrieved from /home/airflow/.local/lib/python3.8/site-packages/airflow/example_dags/example_setup_teardown.py
[2024-03-08T18:33:15.466+0000] {logging_mixin.py:188} INFO - [2024-03-08T18:33:15.466+0000] {dag.py:3047} INFO - Sync 1 DAGs
[2024-03-08T18:33:15.493+0000] {logging_mixin.py:188} INFO - [2024-03-08T18:33:15.493+0000] {dag.py:3834} INFO - Setting next_dagrun for example_setup_teardown to 2024-03-07 00:00:00+00:00, run_after=2024-03-08 00:00:00+00:00
[2024-03-08T18:33:15.508+0000] {processor.py:183} INFO - Processing /home/airflow/.local/lib/python3.8/site-packages/airflow/example_dags/example_setup_teardown.py took 0.160 seconds
[2024-03-08T18:33:45.638+0000] {processor.py:161} INFO - Started process (PID=286) to work on /home/airflow/.local/lib/python3.8/site-packages/airflow/example_dags/example_setup_teardown.py
[2024-03-08T18:33:45.639+0000] {processor.py:830} INFO - Processing file /home/airflow/.local/lib/python3.8/site-packages/airflow/example_dags/example_setup_teardown.py for tasks to queue
[2024-03-08T18:33:45.640+0000] {logging_mixin.py:188} INFO - [2024-03-08T18:33:45.640+0000] {dagbag.py:540} INFO - Filling up the DagBag from /home/airflow/.local/lib/python3.8/site-packages/airflow/example_dags/example_setup_teardown.py
[2024-03-08T18:33:45.647+0000] {processor.py:840} INFO - DAG(s) 'example_setup_teardown' retrieved from /home/airflow/.local/lib/python3.8/site-packages/airflow/example_dags/example_setup_teardown.py
[2024-03-08T18:33:45.670+0000] {logging_mixin.py:188} INFO - [2024-03-08T18:33:45.670+0000] {dag.py:3047} INFO - Sync 1 DAGs
[2024-03-08T18:33:45.701+0000] {logging_mixin.py:188} INFO - [2024-03-08T18:33:45.701+0000] {dag.py:3834} INFO - Setting next_dagrun for example_setup_teardown to 2024-03-07 00:00:00+00:00, run_after=2024-03-08 00:00:00+00:00
[2024-03-08T18:33:45.724+0000] {processor.py:183} INFO - Processing /home/airflow/.local/lib/python3.8/site-packages/airflow/example_dags/example_setup_teardown.py took 0.089 seconds
[2024-03-08T18:34:16.650+0000] {processor.py:161} INFO - Started process (PID=341) to work on /home/airflow/.local/lib/python3.8/site-packages/airflow/example_dags/example_setup_teardown.py
[2024-03-08T18:34:16.651+0000] {processor.py:830} INFO - Processing file /home/airflow/.local/lib/python3.8/site-packages/airflow/example_dags/example_setup_teardown.py for tasks to queue
[2024-03-08T18:34:16.652+0000] {logging_mixin.py:188} INFO - [2024-03-08T18:34:16.652+0000] {dagbag.py:540} INFO - Filling up the DagBag from /home/airflow/.local/lib/python3.8/site-packages/airflow/example_dags/example_setup_teardown.py
[2024-03-08T18:34:16.657+0000] {processor.py:840} INFO - DAG(s) 'example_setup_teardown' retrieved from /home/airflow/.local/lib/python3.8/site-packages/airflow/example_dags/example_setup_teardown.py
[2024-03-08T18:34:16.674+0000] {logging_mixin.py:188} INFO - [2024-03-08T18:34:16.673+0000] {dag.py:3047} INFO - Sync 1 DAGs
[2024-03-08T18:34:16.700+0000] {logging_mixin.py:188} INFO - [2024-03-08T18:34:16.700+0000] {dag.py:3834} INFO - Setting next_dagrun for example_setup_teardown to 2024-03-07 00:00:00+00:00, run_after=2024-03-08 00:00:00+00:00
[2024-03-08T18:34:16.714+0000] {processor.py:183} INFO - Processing /home/airflow/.local/lib/python3.8/site-packages/airflow/example_dags/example_setup_teardown.py took 0.067 seconds
[2024-03-08T18:34:47.300+0000] {processor.py:161} INFO - Started process (PID=396) to work on /home/airflow/.local/lib/python3.8/site-packages/airflow/example_dags/example_setup_teardown.py
[2024-03-08T18:34:47.301+0000] {processor.py:830} INFO - Processing file /home/airflow/.local/lib/python3.8/site-packages/airflow/example_dags/example_setup_teardown.py for tasks to queue
[2024-03-08T18:34:47.303+0000] {logging_mixin.py:188} INFO - [2024-03-08T18:34:47.303+0000] {dagbag.py:540} INFO - Filling up the DagBag from /home/airflow/.local/lib/python3.8/site-packages/airflow/example_dags/example_setup_teardown.py
[2024-03-08T18:34:47.308+0000] {processor.py:840} INFO - DAG(s) 'example_setup_teardown' retrieved from /home/airflow/.local/lib/python3.8/site-packages/airflow/example_dags/example_setup_teardown.py
[2024-03-08T18:34:47.329+0000] {logging_mixin.py:188} INFO - [2024-03-08T18:34:47.328+0000] {dag.py:3047} INFO - Sync 1 DAGs
[2024-03-08T18:34:47.352+0000] {logging_mixin.py:188} INFO - [2024-03-08T18:34:47.351+0000] {dag.py:3834} INFO - Setting next_dagrun for example_setup_teardown to 2024-03-07 00:00:00+00:00, run_after=2024-03-08 00:00:00+00:00
[2024-03-08T18:34:47.368+0000] {processor.py:183} INFO - Processing /home/airflow/.local/lib/python3.8/site-packages/airflow/example_dags/example_setup_teardown.py took 0.070 seconds
[2024-03-08T18:35:17.705+0000] {processor.py:161} INFO - Started process (PID=451) to work on /home/airflow/.local/lib/python3.8/site-packages/airflow/example_dags/example_setup_teardown.py
[2024-03-08T18:35:17.706+0000] {processor.py:830} INFO - Processing file /home/airflow/.local/lib/python3.8/site-packages/airflow/example_dags/example_setup_teardown.py for tasks to queue
[2024-03-08T18:35:17.707+0000] {logging_mixin.py:188} INFO - [2024-03-08T18:35:17.707+0000] {dagbag.py:540} INFO - Filling up the DagBag from /home/airflow/.local/lib/python3.8/site-packages/airflow/example_dags/example_setup_teardown.py
[2024-03-08T18:35:17.712+0000] {processor.py:840} INFO - DAG(s) 'example_setup_teardown' retrieved from /home/airflow/.local/lib/python3.8/site-packages/airflow/example_dags/example_setup_teardown.py
[2024-03-08T18:35:17.729+0000] {logging_mixin.py:188} INFO - [2024-03-08T18:35:17.729+0000] {dag.py:3047} INFO - Sync 1 DAGs
[2024-03-08T18:35:17.746+0000] {logging_mixin.py:188} INFO - [2024-03-08T18:35:17.746+0000] {dag.py:3834} INFO - Setting next_dagrun for example_setup_teardown to 2024-03-07 00:00:00+00:00, run_after=2024-03-08 00:00:00+00:00
[2024-03-08T18:35:17.759+0000] {processor.py:183} INFO - Processing /home/airflow/.local/lib/python3.8/site-packages/airflow/example_dags/example_setup_teardown.py took 0.056 seconds
[2024-03-08T18:35:48.286+0000] {processor.py:161} INFO - Started process (PID=506) to work on /home/airflow/.local/lib/python3.8/site-packages/airflow/example_dags/example_setup_teardown.py
[2024-03-08T18:35:48.287+0000] {processor.py:830} INFO - Processing file /home/airflow/.local/lib/python3.8/site-packages/airflow/example_dags/example_setup_teardown.py for tasks to queue
[2024-03-08T18:35:48.289+0000] {logging_mixin.py:188} INFO - [2024-03-08T18:35:48.288+0000] {dagbag.py:540} INFO - Filling up the DagBag from /home/airflow/.local/lib/python3.8/site-packages/airflow/example_dags/example_setup_teardown.py
[2024-03-08T18:35:48.294+0000] {processor.py:840} INFO - DAG(s) 'example_setup_teardown' retrieved from /home/airflow/.local/lib/python3.8/site-packages/airflow/example_dags/example_setup_teardown.py
[2024-03-08T18:35:48.315+0000] {logging_mixin.py:188} INFO - [2024-03-08T18:35:48.315+0000] {dag.py:3047} INFO - Sync 1 DAGs
[2024-03-08T18:35:48.335+0000] {logging_mixin.py:188} INFO - [2024-03-08T18:35:48.334+0000] {dag.py:3834} INFO - Setting next_dagrun for example_setup_teardown to 2024-03-07 00:00:00+00:00, run_after=2024-03-08 00:00:00+00:00
[2024-03-08T18:35:48.353+0000] {processor.py:183} INFO - Processing /home/airflow/.local/lib/python3.8/site-packages/airflow/example_dags/example_setup_teardown.py took 0.069 seconds
[2024-03-08T18:36:19.088+0000] {processor.py:161} INFO - Started process (PID=561) to work on /home/airflow/.local/lib/python3.8/site-packages/airflow/example_dags/example_setup_teardown.py
[2024-03-08T18:36:19.089+0000] {processor.py:830} INFO - Processing file /home/airflow/.local/lib/python3.8/site-packages/airflow/example_dags/example_setup_teardown.py for tasks to queue
[2024-03-08T18:36:19.090+0000] {logging_mixin.py:188} INFO - [2024-03-08T18:36:19.090+0000] {dagbag.py:540} INFO - Filling up the DagBag from /home/airflow/.local/lib/python3.8/site-packages/airflow/example_dags/example_setup_teardown.py
[2024-03-08T18:36:19.096+0000] {processor.py:840} INFO - DAG(s) 'example_setup_teardown' retrieved from /home/airflow/.local/lib/python3.8/site-packages/airflow/example_dags/example_setup_teardown.py
[2024-03-08T18:36:19.113+0000] {logging_mixin.py:188} INFO - [2024-03-08T18:36:19.113+0000] {dag.py:3047} INFO - Sync 1 DAGs
[2024-03-08T18:36:19.130+0000] {logging_mixin.py:188} INFO - [2024-03-08T18:36:19.130+0000] {dag.py:3834} INFO - Setting next_dagrun for example_setup_teardown to 2024-03-07 00:00:00+00:00, run_after=2024-03-08 00:00:00+00:00
[2024-03-08T18:36:19.143+0000] {processor.py:183} INFO - Processing /home/airflow/.local/lib/python3.8/site-packages/airflow/example_dags/example_setup_teardown.py took 0.058 seconds
[2024-03-08T18:36:49.763+0000] {processor.py:161} INFO - Started process (PID=616) to work on /home/airflow/.local/lib/python3.8/site-packages/airflow/example_dags/example_setup_teardown.py
[2024-03-08T18:36:49.764+0000] {processor.py:830} INFO - Processing file /home/airflow/.local/lib/python3.8/site-packages/airflow/example_dags/example_setup_teardown.py for tasks to queue
[2024-03-08T18:36:49.766+0000] {logging_mixin.py:188} INFO - [2024-03-08T18:36:49.765+0000] {dagbag.py:540} INFO - Filling up the DagBag from /home/airflow/.local/lib/python3.8/site-packages/airflow/example_dags/example_setup_teardown.py
[2024-03-08T18:36:49.791+0000] {processor.py:840} INFO - DAG(s) 'example_setup_teardown' retrieved from /home/airflow/.local/lib/python3.8/site-packages/airflow/example_dags/example_setup_teardown.py
[2024-03-08T18:36:49.808+0000] {logging_mixin.py:188} INFO - [2024-03-08T18:36:49.808+0000] {dag.py:3047} INFO - Sync 1 DAGs
[2024-03-08T18:36:49.826+0000] {logging_mixin.py:188} INFO - [2024-03-08T18:36:49.825+0000] {dag.py:3834} INFO - Setting next_dagrun for example_setup_teardown to 2024-03-07 00:00:00+00:00, run_after=2024-03-08 00:00:00+00:00
[2024-03-08T18:36:49.840+0000] {processor.py:183} INFO - Processing /home/airflow/.local/lib/python3.8/site-packages/airflow/example_dags/example_setup_teardown.py took 0.079 seconds
[2024-03-08T18:37:20.613+0000] {processor.py:161} INFO - Started process (PID=671) to work on /home/airflow/.local/lib/python3.8/site-packages/airflow/example_dags/example_setup_teardown.py
[2024-03-08T18:37:20.614+0000] {processor.py:830} INFO - Processing file /home/airflow/.local/lib/python3.8/site-packages/airflow/example_dags/example_setup_teardown.py for tasks to queue
[2024-03-08T18:37:20.616+0000] {logging_mixin.py:188} INFO - [2024-03-08T18:37:20.615+0000] {dagbag.py:540} INFO - Filling up the DagBag from /home/airflow/.local/lib/python3.8/site-packages/airflow/example_dags/example_setup_teardown.py
[2024-03-08T18:37:20.623+0000] {processor.py:840} INFO - DAG(s) 'example_setup_teardown' retrieved from /home/airflow/.local/lib/python3.8/site-packages/airflow/example_dags/example_setup_teardown.py
[2024-03-08T18:37:20.644+0000] {logging_mixin.py:188} INFO - [2024-03-08T18:37:20.644+0000] {dag.py:3047} INFO - Sync 1 DAGs
[2024-03-08T18:37:20.665+0000] {logging_mixin.py:188} INFO - [2024-03-08T18:37:20.665+0000] {dag.py:3834} INFO - Setting next_dagrun for example_setup_teardown to 2024-03-07 00:00:00+00:00, run_after=2024-03-08 00:00:00+00:00
[2024-03-08T18:37:20.680+0000] {processor.py:183} INFO - Processing /home/airflow/.local/lib/python3.8/site-packages/airflow/example_dags/example_setup_teardown.py took 0.070 seconds
[2024-03-08T18:37:52.482+0000] {processor.py:161} INFO - Started process (PID=726) to work on /home/airflow/.local/lib/python3.8/site-packages/airflow/example_dags/example_setup_teardown.py
[2024-03-08T18:37:52.483+0000] {processor.py:830} INFO - Processing file /home/airflow/.local/lib/python3.8/site-packages/airflow/example_dags/example_setup_teardown.py for tasks to queue
[2024-03-08T18:37:52.485+0000] {logging_mixin.py:188} INFO - [2024-03-08T18:37:52.485+0000] {dagbag.py:540} INFO - Filling up the DagBag from /home/airflow/.local/lib/python3.8/site-packages/airflow/example_dags/example_setup_teardown.py
[2024-03-08T18:37:52.492+0000] {processor.py:840} INFO - DAG(s) 'example_setup_teardown' retrieved from /home/airflow/.local/lib/python3.8/site-packages/airflow/example_dags/example_setup_teardown.py
[2024-03-08T18:37:52.509+0000] {logging_mixin.py:188} INFO - [2024-03-08T18:37:52.509+0000] {dag.py:3047} INFO - Sync 1 DAGs
[2024-03-08T18:37:52.528+0000] {logging_mixin.py:188} INFO - [2024-03-08T18:37:52.528+0000] {dag.py:3834} INFO - Setting next_dagrun for example_setup_teardown to 2024-03-07 00:00:00+00:00, run_after=2024-03-08 00:00:00+00:00
[2024-03-08T18:37:52.541+0000] {processor.py:183} INFO - Processing /home/airflow/.local/lib/python3.8/site-packages/airflow/example_dags/example_setup_teardown.py took 0.062 seconds
[2024-03-08T18:38:23.878+0000] {processor.py:161} INFO - Started process (PID=781) to work on /home/airflow/.local/lib/python3.8/site-packages/airflow/example_dags/example_setup_teardown.py
[2024-03-08T18:38:23.880+0000] {processor.py:830} INFO - Processing file /home/airflow/.local/lib/python3.8/site-packages/airflow/example_dags/example_setup_teardown.py for tasks to queue
[2024-03-08T18:38:23.881+0000] {logging_mixin.py:188} INFO - [2024-03-08T18:38:23.881+0000] {dagbag.py:540} INFO - Filling up the DagBag from /home/airflow/.local/lib/python3.8/site-packages/airflow/example_dags/example_setup_teardown.py
[2024-03-08T18:38:23.888+0000] {processor.py:840} INFO - DAG(s) 'example_setup_teardown' retrieved from /home/airflow/.local/lib/python3.8/site-packages/airflow/example_dags/example_setup_teardown.py
[2024-03-08T18:38:23.912+0000] {logging_mixin.py:188} INFO - [2024-03-08T18:38:23.912+0000] {dag.py:3047} INFO - Sync 1 DAGs
[2024-03-08T18:38:23.937+0000] {logging_mixin.py:188} INFO - [2024-03-08T18:38:23.937+0000] {dag.py:3834} INFO - Setting next_dagrun for example_setup_teardown to 2024-03-07 00:00:00+00:00, run_after=2024-03-08 00:00:00+00:00
[2024-03-08T18:38:23.959+0000] {processor.py:183} INFO - Processing /home/airflow/.local/lib/python3.8/site-packages/airflow/example_dags/example_setup_teardown.py took 0.084 seconds
[2024-03-08T18:38:54.874+0000] {processor.py:161} INFO - Started process (PID=836) to work on /home/airflow/.local/lib/python3.8/site-packages/airflow/example_dags/example_setup_teardown.py
[2024-03-08T18:38:54.877+0000] {processor.py:830} INFO - Processing file /home/airflow/.local/lib/python3.8/site-packages/airflow/example_dags/example_setup_teardown.py for tasks to queue
[2024-03-08T18:38:54.879+0000] {logging_mixin.py:188} INFO - [2024-03-08T18:38:54.878+0000] {dagbag.py:540} INFO - Filling up the DagBag from /home/airflow/.local/lib/python3.8/site-packages/airflow/example_dags/example_setup_teardown.py
[2024-03-08T18:38:54.892+0000] {processor.py:840} INFO - DAG(s) 'example_setup_teardown' retrieved from /home/airflow/.local/lib/python3.8/site-packages/airflow/example_dags/example_setup_teardown.py
[2024-03-08T18:38:54.912+0000] {logging_mixin.py:188} INFO - [2024-03-08T18:38:54.912+0000] {dag.py:3047} INFO - Sync 1 DAGs
[2024-03-08T18:38:54.933+0000] {logging_mixin.py:188} INFO - [2024-03-08T18:38:54.933+0000] {dag.py:3834} INFO - Setting next_dagrun for example_setup_teardown to 2024-03-07 00:00:00+00:00, run_after=2024-03-08 00:00:00+00:00
[2024-03-08T18:38:54.992+0000] {processor.py:183} INFO - Processing /home/airflow/.local/lib/python3.8/site-packages/airflow/example_dags/example_setup_teardown.py took 0.121 seconds
[2024-03-08T18:39:25.815+0000] {processor.py:161} INFO - Started process (PID=891) to work on /home/airflow/.local/lib/python3.8/site-packages/airflow/example_dags/example_setup_teardown.py
[2024-03-08T18:39:25.816+0000] {processor.py:830} INFO - Processing file /home/airflow/.local/lib/python3.8/site-packages/airflow/example_dags/example_setup_teardown.py for tasks to queue
[2024-03-08T18:39:25.817+0000] {logging_mixin.py:188} INFO - [2024-03-08T18:39:25.817+0000] {dagbag.py:540} INFO - Filling up the DagBag from /home/airflow/.local/lib/python3.8/site-packages/airflow/example_dags/example_setup_teardown.py
[2024-03-08T18:39:25.822+0000] {processor.py:840} INFO - DAG(s) 'example_setup_teardown' retrieved from /home/airflow/.local/lib/python3.8/site-packages/airflow/example_dags/example_setup_teardown.py
[2024-03-08T18:39:25.839+0000] {logging_mixin.py:188} INFO - [2024-03-08T18:39:25.839+0000] {dag.py:3047} INFO - Sync 1 DAGs
[2024-03-08T18:39:25.856+0000] {logging_mixin.py:188} INFO - [2024-03-08T18:39:25.856+0000] {dag.py:3834} INFO - Setting next_dagrun for example_setup_teardown to 2024-03-07 00:00:00+00:00, run_after=2024-03-08 00:00:00+00:00
[2024-03-08T18:39:25.870+0000] {processor.py:183} INFO - Processing /home/airflow/.local/lib/python3.8/site-packages/airflow/example_dags/example_setup_teardown.py took 0.058 seconds
[2024-03-08T18:39:56.211+0000] {processor.py:161} INFO - Started process (PID=946) to work on /home/airflow/.local/lib/python3.8/site-packages/airflow/example_dags/example_setup_teardown.py
[2024-03-08T18:39:56.212+0000] {processor.py:830} INFO - Processing file /home/airflow/.local/lib/python3.8/site-packages/airflow/example_dags/example_setup_teardown.py for tasks to queue
[2024-03-08T18:39:56.214+0000] {logging_mixin.py:188} INFO - [2024-03-08T18:39:56.213+0000] {dagbag.py:540} INFO - Filling up the DagBag from /home/airflow/.local/lib/python3.8/site-packages/airflow/example_dags/example_setup_teardown.py
[2024-03-08T18:39:56.219+0000] {processor.py:840} INFO - DAG(s) 'example_setup_teardown' retrieved from /home/airflow/.local/lib/python3.8/site-packages/airflow/example_dags/example_setup_teardown.py
[2024-03-08T18:39:56.235+0000] {logging_mixin.py:188} INFO - [2024-03-08T18:39:56.235+0000] {dag.py:3047} INFO - Sync 1 DAGs
[2024-03-08T18:39:56.252+0000] {logging_mixin.py:188} INFO - [2024-03-08T18:39:56.252+0000] {dag.py:3834} INFO - Setting next_dagrun for example_setup_teardown to 2024-03-07 00:00:00+00:00, run_after=2024-03-08 00:00:00+00:00
[2024-03-08T18:39:56.266+0000] {processor.py:183} INFO - Processing /home/airflow/.local/lib/python3.8/site-packages/airflow/example_dags/example_setup_teardown.py took 0.057 seconds
[2024-03-08T18:40:26.520+0000] {processor.py:161} INFO - Started process (PID=1001) to work on /home/airflow/.local/lib/python3.8/site-packages/airflow/example_dags/example_setup_teardown.py
[2024-03-08T18:40:26.521+0000] {processor.py:830} INFO - Processing file /home/airflow/.local/lib/python3.8/site-packages/airflow/example_dags/example_setup_teardown.py for tasks to queue
[2024-03-08T18:40:26.523+0000] {logging_mixin.py:188} INFO - [2024-03-08T18:40:26.523+0000] {dagbag.py:540} INFO - Filling up the DagBag from /home/airflow/.local/lib/python3.8/site-packages/airflow/example_dags/example_setup_teardown.py
[2024-03-08T18:40:26.528+0000] {processor.py:840} INFO - DAG(s) 'example_setup_teardown' retrieved from /home/airflow/.local/lib/python3.8/site-packages/airflow/example_dags/example_setup_teardown.py
[2024-03-08T18:40:26.546+0000] {logging_mixin.py:188} INFO - [2024-03-08T18:40:26.545+0000] {dag.py:3047} INFO - Sync 1 DAGs
[2024-03-08T18:40:26.566+0000] {logging_mixin.py:188} INFO - [2024-03-08T18:40:26.566+0000] {dag.py:3834} INFO - Setting next_dagrun for example_setup_teardown to 2024-03-07 00:00:00+00:00, run_after=2024-03-08 00:00:00+00:00
[2024-03-08T18:40:26.585+0000] {processor.py:183} INFO - Processing /home/airflow/.local/lib/python3.8/site-packages/airflow/example_dags/example_setup_teardown.py took 0.067 seconds
[2024-03-08T18:40:56.939+0000] {processor.py:161} INFO - Started process (PID=1056) to work on /home/airflow/.local/lib/python3.8/site-packages/airflow/example_dags/example_setup_teardown.py
[2024-03-08T18:40:56.941+0000] {processor.py:830} INFO - Processing file /home/airflow/.local/lib/python3.8/site-packages/airflow/example_dags/example_setup_teardown.py for tasks to queue
[2024-03-08T18:40:56.942+0000] {logging_mixin.py:188} INFO - [2024-03-08T18:40:56.942+0000] {dagbag.py:540} INFO - Filling up the DagBag from /home/airflow/.local/lib/python3.8/site-packages/airflow/example_dags/example_setup_teardown.py
[2024-03-08T18:40:56.948+0000] {processor.py:840} INFO - DAG(s) 'example_setup_teardown' retrieved from /home/airflow/.local/lib/python3.8/site-packages/airflow/example_dags/example_setup_teardown.py
[2024-03-08T18:40:56.966+0000] {logging_mixin.py:188} INFO - [2024-03-08T18:40:56.966+0000] {dag.py:3047} INFO - Sync 1 DAGs
[2024-03-08T18:40:56.983+0000] {logging_mixin.py:188} INFO - [2024-03-08T18:40:56.983+0000] {dag.py:3834} INFO - Setting next_dagrun for example_setup_teardown to 2024-03-07 00:00:00+00:00, run_after=2024-03-08 00:00:00+00:00
[2024-03-08T18:40:56.998+0000] {processor.py:183} INFO - Processing /home/airflow/.local/lib/python3.8/site-packages/airflow/example_dags/example_setup_teardown.py took 0.061 seconds
[2024-03-08T18:41:27.535+0000] {processor.py:161} INFO - Started process (PID=1111) to work on /home/airflow/.local/lib/python3.8/site-packages/airflow/example_dags/example_setup_teardown.py
[2024-03-08T18:41:27.536+0000] {processor.py:830} INFO - Processing file /home/airflow/.local/lib/python3.8/site-packages/airflow/example_dags/example_setup_teardown.py for tasks to queue
[2024-03-08T18:41:27.538+0000] {logging_mixin.py:188} INFO - [2024-03-08T18:41:27.537+0000] {dagbag.py:540} INFO - Filling up the DagBag from /home/airflow/.local/lib/python3.8/site-packages/airflow/example_dags/example_setup_teardown.py
[2024-03-08T18:41:27.543+0000] {processor.py:840} INFO - DAG(s) 'example_setup_teardown' retrieved from /home/airflow/.local/lib/python3.8/site-packages/airflow/example_dags/example_setup_teardown.py
[2024-03-08T18:41:27.564+0000] {logging_mixin.py:188} INFO - [2024-03-08T18:41:27.563+0000] {dag.py:3047} INFO - Sync 1 DAGs
[2024-03-08T18:41:27.582+0000] {logging_mixin.py:188} INFO - [2024-03-08T18:41:27.582+0000] {dag.py:3834} INFO - Setting next_dagrun for example_setup_teardown to 2024-03-07 00:00:00+00:00, run_after=2024-03-08 00:00:00+00:00
[2024-03-08T18:41:27.599+0000] {processor.py:183} INFO - Processing /home/airflow/.local/lib/python3.8/site-packages/airflow/example_dags/example_setup_teardown.py took 0.066 seconds
[2024-03-08T18:41:57.827+0000] {processor.py:161} INFO - Started process (PID=1166) to work on /home/airflow/.local/lib/python3.8/site-packages/airflow/example_dags/example_setup_teardown.py
[2024-03-08T18:41:57.828+0000] {processor.py:830} INFO - Processing file /home/airflow/.local/lib/python3.8/site-packages/airflow/example_dags/example_setup_teardown.py for tasks to queue
[2024-03-08T18:41:57.829+0000] {logging_mixin.py:188} INFO - [2024-03-08T18:41:57.829+0000] {dagbag.py:540} INFO - Filling up the DagBag from /home/airflow/.local/lib/python3.8/site-packages/airflow/example_dags/example_setup_teardown.py
[2024-03-08T18:41:57.834+0000] {processor.py:840} INFO - DAG(s) 'example_setup_teardown' retrieved from /home/airflow/.local/lib/python3.8/site-packages/airflow/example_dags/example_setup_teardown.py
[2024-03-08T18:41:57.851+0000] {logging_mixin.py:188} INFO - [2024-03-08T18:41:57.851+0000] {dag.py:3047} INFO - Sync 1 DAGs
[2024-03-08T18:41:57.871+0000] {logging_mixin.py:188} INFO - [2024-03-08T18:41:57.871+0000] {dag.py:3834} INFO - Setting next_dagrun for example_setup_teardown to 2024-03-07 00:00:00+00:00, run_after=2024-03-08 00:00:00+00:00
[2024-03-08T18:41:57.886+0000] {processor.py:183} INFO - Processing /home/airflow/.local/lib/python3.8/site-packages/airflow/example_dags/example_setup_teardown.py took 0.062 seconds
[2024-03-08T18:42:28.115+0000] {processor.py:161} INFO - Started process (PID=1221) to work on /home/airflow/.local/lib/python3.8/site-packages/airflow/example_dags/example_setup_teardown.py
[2024-03-08T18:42:28.116+0000] {processor.py:830} INFO - Processing file /home/airflow/.local/lib/python3.8/site-packages/airflow/example_dags/example_setup_teardown.py for tasks to queue
[2024-03-08T18:42:28.117+0000] {logging_mixin.py:188} INFO - [2024-03-08T18:42:28.117+0000] {dagbag.py:540} INFO - Filling up the DagBag from /home/airflow/.local/lib/python3.8/site-packages/airflow/example_dags/example_setup_teardown.py
[2024-03-08T18:42:28.122+0000] {processor.py:840} INFO - DAG(s) 'example_setup_teardown' retrieved from /home/airflow/.local/lib/python3.8/site-packages/airflow/example_dags/example_setup_teardown.py
[2024-03-08T18:42:28.138+0000] {logging_mixin.py:188} INFO - [2024-03-08T18:42:28.138+0000] {dag.py:3047} INFO - Sync 1 DAGs
[2024-03-08T18:42:28.155+0000] {logging_mixin.py:188} INFO - [2024-03-08T18:42:28.155+0000] {dag.py:3834} INFO - Setting next_dagrun for example_setup_teardown to 2024-03-07 00:00:00+00:00, run_after=2024-03-08 00:00:00+00:00
[2024-03-08T18:42:28.171+0000] {processor.py:183} INFO - Processing /home/airflow/.local/lib/python3.8/site-packages/airflow/example_dags/example_setup_teardown.py took 0.059 seconds
[2024-03-08T18:42:58.269+0000] {processor.py:161} INFO - Started process (PID=1276) to work on /home/airflow/.local/lib/python3.8/site-packages/airflow/example_dags/example_setup_teardown.py
[2024-03-08T18:42:58.270+0000] {processor.py:830} INFO - Processing file /home/airflow/.local/lib/python3.8/site-packages/airflow/example_dags/example_setup_teardown.py for tasks to queue
[2024-03-08T18:42:58.271+0000] {logging_mixin.py:188} INFO - [2024-03-08T18:42:58.271+0000] {dagbag.py:540} INFO - Filling up the DagBag from /home/airflow/.local/lib/python3.8/site-packages/airflow/example_dags/example_setup_teardown.py
[2024-03-08T18:42:58.276+0000] {processor.py:840} INFO - DAG(s) 'example_setup_teardown' retrieved from /home/airflow/.local/lib/python3.8/site-packages/airflow/example_dags/example_setup_teardown.py
[2024-03-08T18:42:58.291+0000] {logging_mixin.py:188} INFO - [2024-03-08T18:42:58.291+0000] {dag.py:3047} INFO - Sync 1 DAGs
[2024-03-08T18:42:58.309+0000] {logging_mixin.py:188} INFO - [2024-03-08T18:42:58.309+0000] {dag.py:3834} INFO - Setting next_dagrun for example_setup_teardown to 2024-03-07 00:00:00+00:00, run_after=2024-03-08 00:00:00+00:00
[2024-03-08T18:42:58.322+0000] {processor.py:183} INFO - Processing /home/airflow/.local/lib/python3.8/site-packages/airflow/example_dags/example_setup_teardown.py took 0.056 seconds
[2024-03-08T18:43:28.828+0000] {processor.py:161} INFO - Started process (PID=1331) to work on /home/airflow/.local/lib/python3.8/site-packages/airflow/example_dags/example_setup_teardown.py
[2024-03-08T18:43:28.828+0000] {processor.py:830} INFO - Processing file /home/airflow/.local/lib/python3.8/site-packages/airflow/example_dags/example_setup_teardown.py for tasks to queue
[2024-03-08T18:43:28.830+0000] {logging_mixin.py:188} INFO - [2024-03-08T18:43:28.829+0000] {dagbag.py:540} INFO - Filling up the DagBag from /home/airflow/.local/lib/python3.8/site-packages/airflow/example_dags/example_setup_teardown.py
[2024-03-08T18:43:28.834+0000] {processor.py:840} INFO - DAG(s) 'example_setup_teardown' retrieved from /home/airflow/.local/lib/python3.8/site-packages/airflow/example_dags/example_setup_teardown.py
[2024-03-08T18:43:28.850+0000] {logging_mixin.py:188} INFO - [2024-03-08T18:43:28.850+0000] {dag.py:3047} INFO - Sync 1 DAGs
[2024-03-08T18:43:28.867+0000] {logging_mixin.py:188} INFO - [2024-03-08T18:43:28.867+0000] {dag.py:3834} INFO - Setting next_dagrun for example_setup_teardown to 2024-03-07 00:00:00+00:00, run_after=2024-03-08 00:00:00+00:00
[2024-03-08T18:43:28.881+0000] {processor.py:183} INFO - Processing /home/airflow/.local/lib/python3.8/site-packages/airflow/example_dags/example_setup_teardown.py took 0.056 seconds
[2024-03-08T18:43:59.211+0000] {processor.py:161} INFO - Started process (PID=1386) to work on /home/airflow/.local/lib/python3.8/site-packages/airflow/example_dags/example_setup_teardown.py
[2024-03-08T18:43:59.212+0000] {processor.py:830} INFO - Processing file /home/airflow/.local/lib/python3.8/site-packages/airflow/example_dags/example_setup_teardown.py for tasks to queue
[2024-03-08T18:43:59.214+0000] {logging_mixin.py:188} INFO - [2024-03-08T18:43:59.213+0000] {dagbag.py:540} INFO - Filling up the DagBag from /home/airflow/.local/lib/python3.8/site-packages/airflow/example_dags/example_setup_teardown.py
[2024-03-08T18:43:59.219+0000] {processor.py:840} INFO - DAG(s) 'example_setup_teardown' retrieved from /home/airflow/.local/lib/python3.8/site-packages/airflow/example_dags/example_setup_teardown.py
[2024-03-08T18:43:59.235+0000] {logging_mixin.py:188} INFO - [2024-03-08T18:43:59.235+0000] {dag.py:3047} INFO - Sync 1 DAGs
[2024-03-08T18:43:59.252+0000] {logging_mixin.py:188} INFO - [2024-03-08T18:43:59.252+0000] {dag.py:3834} INFO - Setting next_dagrun for example_setup_teardown to 2024-03-07 00:00:00+00:00, run_after=2024-03-08 00:00:00+00:00
[2024-03-08T18:43:59.265+0000] {processor.py:183} INFO - Processing /home/airflow/.local/lib/python3.8/site-packages/airflow/example_dags/example_setup_teardown.py took 0.057 seconds
[2024-03-08T18:44:29.424+0000] {processor.py:161} INFO - Started process (PID=1441) to work on /home/airflow/.local/lib/python3.8/site-packages/airflow/example_dags/example_setup_teardown.py
[2024-03-08T18:44:29.425+0000] {processor.py:830} INFO - Processing file /home/airflow/.local/lib/python3.8/site-packages/airflow/example_dags/example_setup_teardown.py for tasks to queue
[2024-03-08T18:44:29.427+0000] {logging_mixin.py:188} INFO - [2024-03-08T18:44:29.426+0000] {dagbag.py:540} INFO - Filling up the DagBag from /home/airflow/.local/lib/python3.8/site-packages/airflow/example_dags/example_setup_teardown.py
[2024-03-08T18:44:29.432+0000] {processor.py:840} INFO - DAG(s) 'example_setup_teardown' retrieved from /home/airflow/.local/lib/python3.8/site-packages/airflow/example_dags/example_setup_teardown.py
[2024-03-08T18:44:29.448+0000] {logging_mixin.py:188} INFO - [2024-03-08T18:44:29.448+0000] {dag.py:3047} INFO - Sync 1 DAGs
[2024-03-08T18:44:29.467+0000] {logging_mixin.py:188} INFO - [2024-03-08T18:44:29.467+0000] {dag.py:3834} INFO - Setting next_dagrun for example_setup_teardown to 2024-03-07 00:00:00+00:00, run_after=2024-03-08 00:00:00+00:00
[2024-03-08T18:44:29.480+0000] {processor.py:183} INFO - Processing /home/airflow/.local/lib/python3.8/site-packages/airflow/example_dags/example_setup_teardown.py took 0.058 seconds
[2024-03-08T18:44:59.575+0000] {processor.py:161} INFO - Started process (PID=1496) to work on /home/airflow/.local/lib/python3.8/site-packages/airflow/example_dags/example_setup_teardown.py
[2024-03-08T18:44:59.575+0000] {processor.py:830} INFO - Processing file /home/airflow/.local/lib/python3.8/site-packages/airflow/example_dags/example_setup_teardown.py for tasks to queue
[2024-03-08T18:44:59.577+0000] {logging_mixin.py:188} INFO - [2024-03-08T18:44:59.576+0000] {dagbag.py:540} INFO - Filling up the DagBag from /home/airflow/.local/lib/python3.8/site-packages/airflow/example_dags/example_setup_teardown.py
[2024-03-08T18:44:59.582+0000] {processor.py:840} INFO - DAG(s) 'example_setup_teardown' retrieved from /home/airflow/.local/lib/python3.8/site-packages/airflow/example_dags/example_setup_teardown.py
[2024-03-08T18:44:59.599+0000] {logging_mixin.py:188} INFO - [2024-03-08T18:44:59.598+0000] {dag.py:3047} INFO - Sync 1 DAGs
[2024-03-08T18:44:59.617+0000] {logging_mixin.py:188} INFO - [2024-03-08T18:44:59.616+0000] {dag.py:3834} INFO - Setting next_dagrun for example_setup_teardown to 2024-03-07 00:00:00+00:00, run_after=2024-03-08 00:00:00+00:00
[2024-03-08T18:44:59.631+0000] {processor.py:183} INFO - Processing /home/airflow/.local/lib/python3.8/site-packages/airflow/example_dags/example_setup_teardown.py took 0.059 seconds
[2024-03-08T18:45:29.804+0000] {processor.py:161} INFO - Started process (PID=1551) to work on /home/airflow/.local/lib/python3.8/site-packages/airflow/example_dags/example_setup_teardown.py
[2024-03-08T18:45:29.804+0000] {processor.py:830} INFO - Processing file /home/airflow/.local/lib/python3.8/site-packages/airflow/example_dags/example_setup_teardown.py for tasks to queue
[2024-03-08T18:45:29.806+0000] {logging_mixin.py:188} INFO - [2024-03-08T18:45:29.805+0000] {dagbag.py:540} INFO - Filling up the DagBag from /home/airflow/.local/lib/python3.8/site-packages/airflow/example_dags/example_setup_teardown.py
[2024-03-08T18:45:29.811+0000] {processor.py:840} INFO - DAG(s) 'example_setup_teardown' retrieved from /home/airflow/.local/lib/python3.8/site-packages/airflow/example_dags/example_setup_teardown.py
[2024-03-08T18:45:29.829+0000] {logging_mixin.py:188} INFO - [2024-03-08T18:45:29.828+0000] {dag.py:3047} INFO - Sync 1 DAGs
[2024-03-08T18:45:29.849+0000] {logging_mixin.py:188} INFO - [2024-03-08T18:45:29.849+0000] {dag.py:3834} INFO - Setting next_dagrun for example_setup_teardown to 2024-03-07 00:00:00+00:00, run_after=2024-03-08 00:00:00+00:00
[2024-03-08T18:45:29.865+0000] {processor.py:183} INFO - Processing /home/airflow/.local/lib/python3.8/site-packages/airflow/example_dags/example_setup_teardown.py took 0.063 seconds
[2024-03-08T18:46:00.390+0000] {processor.py:161} INFO - Started process (PID=1606) to work on /home/airflow/.local/lib/python3.8/site-packages/airflow/example_dags/example_setup_teardown.py
[2024-03-08T18:46:00.391+0000] {processor.py:830} INFO - Processing file /home/airflow/.local/lib/python3.8/site-packages/airflow/example_dags/example_setup_teardown.py for tasks to queue
[2024-03-08T18:46:00.392+0000] {logging_mixin.py:188} INFO - [2024-03-08T18:46:00.392+0000] {dagbag.py:540} INFO - Filling up the DagBag from /home/airflow/.local/lib/python3.8/site-packages/airflow/example_dags/example_setup_teardown.py
[2024-03-08T18:46:00.397+0000] {processor.py:840} INFO - DAG(s) 'example_setup_teardown' retrieved from /home/airflow/.local/lib/python3.8/site-packages/airflow/example_dags/example_setup_teardown.py
[2024-03-08T18:46:00.413+0000] {logging_mixin.py:188} INFO - [2024-03-08T18:46:00.413+0000] {dag.py:3047} INFO - Sync 1 DAGs
[2024-03-08T18:46:00.432+0000] {logging_mixin.py:188} INFO - [2024-03-08T18:46:00.432+0000] {dag.py:3834} INFO - Setting next_dagrun for example_setup_teardown to 2024-03-07 00:00:00+00:00, run_after=2024-03-08 00:00:00+00:00
[2024-03-08T18:46:00.446+0000] {processor.py:183} INFO - Processing /home/airflow/.local/lib/python3.8/site-packages/airflow/example_dags/example_setup_teardown.py took 0.059 seconds
[2024-03-08T18:46:31.364+0000] {processor.py:161} INFO - Started process (PID=1667) to work on /home/airflow/.local/lib/python3.8/site-packages/airflow/example_dags/example_setup_teardown.py
[2024-03-08T18:46:31.365+0000] {processor.py:830} INFO - Processing file /home/airflow/.local/lib/python3.8/site-packages/airflow/example_dags/example_setup_teardown.py for tasks to queue
[2024-03-08T18:46:31.366+0000] {logging_mixin.py:188} INFO - [2024-03-08T18:46:31.366+0000] {dagbag.py:540} INFO - Filling up the DagBag from /home/airflow/.local/lib/python3.8/site-packages/airflow/example_dags/example_setup_teardown.py
[2024-03-08T18:46:31.371+0000] {processor.py:840} INFO - DAG(s) 'example_setup_teardown' retrieved from /home/airflow/.local/lib/python3.8/site-packages/airflow/example_dags/example_setup_teardown.py
[2024-03-08T18:46:31.386+0000] {logging_mixin.py:188} INFO - [2024-03-08T18:46:31.386+0000] {dag.py:3047} INFO - Sync 1 DAGs
[2024-03-08T18:46:31.404+0000] {logging_mixin.py:188} INFO - [2024-03-08T18:46:31.404+0000] {dag.py:3834} INFO - Setting next_dagrun for example_setup_teardown to 2024-03-07 00:00:00+00:00, run_after=2024-03-08 00:00:00+00:00
[2024-03-08T18:46:31.417+0000] {processor.py:183} INFO - Processing /home/airflow/.local/lib/python3.8/site-packages/airflow/example_dags/example_setup_teardown.py took 0.056 seconds
[2024-03-08T18:47:02.094+0000] {processor.py:161} INFO - Started process (PID=1722) to work on /home/airflow/.local/lib/python3.8/site-packages/airflow/example_dags/example_setup_teardown.py
[2024-03-08T18:47:02.095+0000] {processor.py:830} INFO - Processing file /home/airflow/.local/lib/python3.8/site-packages/airflow/example_dags/example_setup_teardown.py for tasks to queue
[2024-03-08T18:47:02.096+0000] {logging_mixin.py:188} INFO - [2024-03-08T18:47:02.096+0000] {dagbag.py:540} INFO - Filling up the DagBag from /home/airflow/.local/lib/python3.8/site-packages/airflow/example_dags/example_setup_teardown.py
[2024-03-08T18:47:02.102+0000] {processor.py:840} INFO - DAG(s) 'example_setup_teardown' retrieved from /home/airflow/.local/lib/python3.8/site-packages/airflow/example_dags/example_setup_teardown.py
[2024-03-08T18:47:02.118+0000] {logging_mixin.py:188} INFO - [2024-03-08T18:47:02.118+0000] {dag.py:3047} INFO - Sync 1 DAGs
[2024-03-08T18:47:02.137+0000] {logging_mixin.py:188} INFO - [2024-03-08T18:47:02.136+0000] {dag.py:3834} INFO - Setting next_dagrun for example_setup_teardown to 2024-03-07 00:00:00+00:00, run_after=2024-03-08 00:00:00+00:00
[2024-03-08T18:47:02.151+0000] {processor.py:183} INFO - Processing /home/airflow/.local/lib/python3.8/site-packages/airflow/example_dags/example_setup_teardown.py took 0.059 seconds
[2024-03-08T18:47:32.561+0000] {processor.py:161} INFO - Started process (PID=1777) to work on /home/airflow/.local/lib/python3.8/site-packages/airflow/example_dags/example_setup_teardown.py
[2024-03-08T18:47:32.562+0000] {processor.py:830} INFO - Processing file /home/airflow/.local/lib/python3.8/site-packages/airflow/example_dags/example_setup_teardown.py for tasks to queue
[2024-03-08T18:47:32.563+0000] {logging_mixin.py:188} INFO - [2024-03-08T18:47:32.563+0000] {dagbag.py:540} INFO - Filling up the DagBag from /home/airflow/.local/lib/python3.8/site-packages/airflow/example_dags/example_setup_teardown.py
[2024-03-08T18:47:32.569+0000] {processor.py:840} INFO - DAG(s) 'example_setup_teardown' retrieved from /home/airflow/.local/lib/python3.8/site-packages/airflow/example_dags/example_setup_teardown.py
[2024-03-08T18:47:32.590+0000] {logging_mixin.py:188} INFO - [2024-03-08T18:47:32.590+0000] {dag.py:3047} INFO - Sync 1 DAGs
[2024-03-08T18:47:32.614+0000] {logging_mixin.py:188} INFO - [2024-03-08T18:47:32.613+0000] {dag.py:3834} INFO - Setting next_dagrun for example_setup_teardown to 2024-03-07 00:00:00+00:00, run_after=2024-03-08 00:00:00+00:00
[2024-03-08T18:47:32.630+0000] {processor.py:183} INFO - Processing /home/airflow/.local/lib/python3.8/site-packages/airflow/example_dags/example_setup_teardown.py took 0.072 seconds
[2024-03-08T18:48:02.971+0000] {processor.py:161} INFO - Started process (PID=1832) to work on /home/airflow/.local/lib/python3.8/site-packages/airflow/example_dags/example_setup_teardown.py
[2024-03-08T18:48:02.972+0000] {processor.py:830} INFO - Processing file /home/airflow/.local/lib/python3.8/site-packages/airflow/example_dags/example_setup_teardown.py for tasks to queue
[2024-03-08T18:48:02.974+0000] {logging_mixin.py:188} INFO - [2024-03-08T18:48:02.973+0000] {dagbag.py:540} INFO - Filling up the DagBag from /home/airflow/.local/lib/python3.8/site-packages/airflow/example_dags/example_setup_teardown.py
[2024-03-08T18:48:02.979+0000] {processor.py:840} INFO - DAG(s) 'example_setup_teardown' retrieved from /home/airflow/.local/lib/python3.8/site-packages/airflow/example_dags/example_setup_teardown.py
[2024-03-08T18:48:02.998+0000] {logging_mixin.py:188} INFO - [2024-03-08T18:48:02.997+0000] {dag.py:3047} INFO - Sync 1 DAGs
[2024-03-08T18:48:03.020+0000] {logging_mixin.py:188} INFO - [2024-03-08T18:48:03.019+0000] {dag.py:3834} INFO - Setting next_dagrun for example_setup_teardown to 2024-03-07 00:00:00+00:00, run_after=2024-03-08 00:00:00+00:00
[2024-03-08T18:48:03.039+0000] {processor.py:183} INFO - Processing /home/airflow/.local/lib/python3.8/site-packages/airflow/example_dags/example_setup_teardown.py took 0.070 seconds
[2024-03-08T18:48:33.157+0000] {processor.py:161} INFO - Started process (PID=1887) to work on /home/airflow/.local/lib/python3.8/site-packages/airflow/example_dags/example_setup_teardown.py
[2024-03-08T18:48:33.158+0000] {processor.py:830} INFO - Processing file /home/airflow/.local/lib/python3.8/site-packages/airflow/example_dags/example_setup_teardown.py for tasks to queue
[2024-03-08T18:48:33.159+0000] {logging_mixin.py:188} INFO - [2024-03-08T18:48:33.159+0000] {dagbag.py:540} INFO - Filling up the DagBag from /home/airflow/.local/lib/python3.8/site-packages/airflow/example_dags/example_setup_teardown.py
[2024-03-08T18:48:33.166+0000] {processor.py:840} INFO - DAG(s) 'example_setup_teardown' retrieved from /home/airflow/.local/lib/python3.8/site-packages/airflow/example_dags/example_setup_teardown.py
[2024-03-08T18:48:33.183+0000] {logging_mixin.py:188} INFO - [2024-03-08T18:48:33.183+0000] {dag.py:3047} INFO - Sync 1 DAGs
[2024-03-08T18:48:33.201+0000] {logging_mixin.py:188} INFO - [2024-03-08T18:48:33.201+0000] {dag.py:3834} INFO - Setting next_dagrun for example_setup_teardown to 2024-03-07 00:00:00+00:00, run_after=2024-03-08 00:00:00+00:00
[2024-03-08T18:48:33.216+0000] {processor.py:183} INFO - Processing /home/airflow/.local/lib/python3.8/site-packages/airflow/example_dags/example_setup_teardown.py took 0.062 seconds
[2024-03-08T18:49:03.492+0000] {processor.py:161} INFO - Started process (PID=1942) to work on /home/airflow/.local/lib/python3.8/site-packages/airflow/example_dags/example_setup_teardown.py
[2024-03-08T18:49:03.493+0000] {processor.py:830} INFO - Processing file /home/airflow/.local/lib/python3.8/site-packages/airflow/example_dags/example_setup_teardown.py for tasks to queue
[2024-03-08T18:49:03.494+0000] {logging_mixin.py:188} INFO - [2024-03-08T18:49:03.494+0000] {dagbag.py:540} INFO - Filling up the DagBag from /home/airflow/.local/lib/python3.8/site-packages/airflow/example_dags/example_setup_teardown.py
[2024-03-08T18:49:03.500+0000] {processor.py:840} INFO - DAG(s) 'example_setup_teardown' retrieved from /home/airflow/.local/lib/python3.8/site-packages/airflow/example_dags/example_setup_teardown.py
[2024-03-08T18:49:03.517+0000] {logging_mixin.py:188} INFO - [2024-03-08T18:49:03.517+0000] {dag.py:3047} INFO - Sync 1 DAGs
[2024-03-08T18:49:03.538+0000] {logging_mixin.py:188} INFO - [2024-03-08T18:49:03.537+0000] {dag.py:3834} INFO - Setting next_dagrun for example_setup_teardown to 2024-03-07 00:00:00+00:00, run_after=2024-03-08 00:00:00+00:00
[2024-03-08T18:49:03.553+0000] {processor.py:183} INFO - Processing /home/airflow/.local/lib/python3.8/site-packages/airflow/example_dags/example_setup_teardown.py took 0.064 seconds
[2024-03-08T18:49:33.912+0000] {processor.py:161} INFO - Started process (PID=1997) to work on /home/airflow/.local/lib/python3.8/site-packages/airflow/example_dags/example_setup_teardown.py
[2024-03-08T18:49:33.913+0000] {processor.py:830} INFO - Processing file /home/airflow/.local/lib/python3.8/site-packages/airflow/example_dags/example_setup_teardown.py for tasks to queue
[2024-03-08T18:49:33.914+0000] {logging_mixin.py:188} INFO - [2024-03-08T18:49:33.914+0000] {dagbag.py:540} INFO - Filling up the DagBag from /home/airflow/.local/lib/python3.8/site-packages/airflow/example_dags/example_setup_teardown.py
[2024-03-08T18:49:33.919+0000] {processor.py:840} INFO - DAG(s) 'example_setup_teardown' retrieved from /home/airflow/.local/lib/python3.8/site-packages/airflow/example_dags/example_setup_teardown.py
[2024-03-08T18:49:33.936+0000] {logging_mixin.py:188} INFO - [2024-03-08T18:49:33.935+0000] {dag.py:3047} INFO - Sync 1 DAGs
[2024-03-08T18:49:33.954+0000] {logging_mixin.py:188} INFO - [2024-03-08T18:49:33.954+0000] {dag.py:3834} INFO - Setting next_dagrun for example_setup_teardown to 2024-03-07 00:00:00+00:00, run_after=2024-03-08 00:00:00+00:00
[2024-03-08T18:49:33.968+0000] {processor.py:183} INFO - Processing /home/airflow/.local/lib/python3.8/site-packages/airflow/example_dags/example_setup_teardown.py took 0.059 seconds
[2024-03-08T18:50:04.583+0000] {processor.py:161} INFO - Started process (PID=2052) to work on /home/airflow/.local/lib/python3.8/site-packages/airflow/example_dags/example_setup_teardown.py
[2024-03-08T18:50:04.584+0000] {processor.py:830} INFO - Processing file /home/airflow/.local/lib/python3.8/site-packages/airflow/example_dags/example_setup_teardown.py for tasks to queue
[2024-03-08T18:50:04.585+0000] {logging_mixin.py:188} INFO - [2024-03-08T18:50:04.585+0000] {dagbag.py:540} INFO - Filling up the DagBag from /home/airflow/.local/lib/python3.8/site-packages/airflow/example_dags/example_setup_teardown.py
[2024-03-08T18:50:04.592+0000] {processor.py:840} INFO - DAG(s) 'example_setup_teardown' retrieved from /home/airflow/.local/lib/python3.8/site-packages/airflow/example_dags/example_setup_teardown.py
[2024-03-08T18:50:04.610+0000] {logging_mixin.py:188} INFO - [2024-03-08T18:50:04.610+0000] {dag.py:3047} INFO - Sync 1 DAGs
[2024-03-08T18:50:04.634+0000] {logging_mixin.py:188} INFO - [2024-03-08T18:50:04.633+0000] {dag.py:3834} INFO - Setting next_dagrun for example_setup_teardown to 2024-03-07 00:00:00+00:00, run_after=2024-03-08 00:00:00+00:00
[2024-03-08T18:50:04.651+0000] {processor.py:183} INFO - Processing /home/airflow/.local/lib/python3.8/site-packages/airflow/example_dags/example_setup_teardown.py took 0.070 seconds
[2024-03-08T18:50:35.088+0000] {processor.py:161} INFO - Started process (PID=2107) to work on /home/airflow/.local/lib/python3.8/site-packages/airflow/example_dags/example_setup_teardown.py
[2024-03-08T18:50:35.089+0000] {processor.py:830} INFO - Processing file /home/airflow/.local/lib/python3.8/site-packages/airflow/example_dags/example_setup_teardown.py for tasks to queue
[2024-03-08T18:50:35.090+0000] {logging_mixin.py:188} INFO - [2024-03-08T18:50:35.090+0000] {dagbag.py:540} INFO - Filling up the DagBag from /home/airflow/.local/lib/python3.8/site-packages/airflow/example_dags/example_setup_teardown.py
[2024-03-08T18:50:35.096+0000] {processor.py:840} INFO - DAG(s) 'example_setup_teardown' retrieved from /home/airflow/.local/lib/python3.8/site-packages/airflow/example_dags/example_setup_teardown.py
[2024-03-08T18:50:35.111+0000] {logging_mixin.py:188} INFO - [2024-03-08T18:50:35.111+0000] {dag.py:3047} INFO - Sync 1 DAGs
[2024-03-08T18:50:35.129+0000] {logging_mixin.py:188} INFO - [2024-03-08T18:50:35.129+0000] {dag.py:3834} INFO - Setting next_dagrun for example_setup_teardown to 2024-03-07 00:00:00+00:00, run_after=2024-03-08 00:00:00+00:00
[2024-03-08T18:50:35.146+0000] {processor.py:183} INFO - Processing /home/airflow/.local/lib/python3.8/site-packages/airflow/example_dags/example_setup_teardown.py took 0.060 seconds
[2024-03-08T18:51:05.442+0000] {processor.py:161} INFO - Started process (PID=2162) to work on /home/airflow/.local/lib/python3.8/site-packages/airflow/example_dags/example_setup_teardown.py
[2024-03-08T18:51:05.443+0000] {processor.py:830} INFO - Processing file /home/airflow/.local/lib/python3.8/site-packages/airflow/example_dags/example_setup_teardown.py for tasks to queue
[2024-03-08T18:51:05.444+0000] {logging_mixin.py:188} INFO - [2024-03-08T18:51:05.444+0000] {dagbag.py:540} INFO - Filling up the DagBag from /home/airflow/.local/lib/python3.8/site-packages/airflow/example_dags/example_setup_teardown.py
[2024-03-08T18:51:05.449+0000] {processor.py:840} INFO - DAG(s) 'example_setup_teardown' retrieved from /home/airflow/.local/lib/python3.8/site-packages/airflow/example_dags/example_setup_teardown.py
[2024-03-08T18:51:05.467+0000] {logging_mixin.py:188} INFO - [2024-03-08T18:51:05.467+0000] {dag.py:3047} INFO - Sync 1 DAGs
[2024-03-08T18:51:05.487+0000] {logging_mixin.py:188} INFO - [2024-03-08T18:51:05.487+0000] {dag.py:3834} INFO - Setting next_dagrun for example_setup_teardown to 2024-03-07 00:00:00+00:00, run_after=2024-03-08 00:00:00+00:00
[2024-03-08T18:51:05.501+0000] {processor.py:183} INFO - Processing /home/airflow/.local/lib/python3.8/site-packages/airflow/example_dags/example_setup_teardown.py took 0.062 seconds
[2024-03-08T18:51:35.800+0000] {processor.py:161} INFO - Started process (PID=2217) to work on /home/airflow/.local/lib/python3.8/site-packages/airflow/example_dags/example_setup_teardown.py
[2024-03-08T18:51:35.801+0000] {processor.py:830} INFO - Processing file /home/airflow/.local/lib/python3.8/site-packages/airflow/example_dags/example_setup_teardown.py for tasks to queue
[2024-03-08T18:51:35.803+0000] {logging_mixin.py:188} INFO - [2024-03-08T18:51:35.802+0000] {dagbag.py:540} INFO - Filling up the DagBag from /home/airflow/.local/lib/python3.8/site-packages/airflow/example_dags/example_setup_teardown.py
[2024-03-08T18:51:35.809+0000] {processor.py:840} INFO - DAG(s) 'example_setup_teardown' retrieved from /home/airflow/.local/lib/python3.8/site-packages/airflow/example_dags/example_setup_teardown.py
[2024-03-08T18:51:35.827+0000] {logging_mixin.py:188} INFO - [2024-03-08T18:51:35.827+0000] {dag.py:3047} INFO - Sync 1 DAGs
[2024-03-08T18:51:35.846+0000] {logging_mixin.py:188} INFO - [2024-03-08T18:51:35.846+0000] {dag.py:3834} INFO - Setting next_dagrun for example_setup_teardown to 2024-03-07 00:00:00+00:00, run_after=2024-03-08 00:00:00+00:00
[2024-03-08T18:51:35.861+0000] {processor.py:183} INFO - Processing /home/airflow/.local/lib/python3.8/site-packages/airflow/example_dags/example_setup_teardown.py took 0.064 seconds
[2024-03-08T18:52:06.219+0000] {processor.py:161} INFO - Started process (PID=2272) to work on /home/airflow/.local/lib/python3.8/site-packages/airflow/example_dags/example_setup_teardown.py
[2024-03-08T18:52:06.220+0000] {processor.py:830} INFO - Processing file /home/airflow/.local/lib/python3.8/site-packages/airflow/example_dags/example_setup_teardown.py for tasks to queue
[2024-03-08T18:52:06.221+0000] {logging_mixin.py:188} INFO - [2024-03-08T18:52:06.221+0000] {dagbag.py:540} INFO - Filling up the DagBag from /home/airflow/.local/lib/python3.8/site-packages/airflow/example_dags/example_setup_teardown.py
[2024-03-08T18:52:06.227+0000] {processor.py:840} INFO - DAG(s) 'example_setup_teardown' retrieved from /home/airflow/.local/lib/python3.8/site-packages/airflow/example_dags/example_setup_teardown.py
[2024-03-08T18:52:06.245+0000] {logging_mixin.py:188} INFO - [2024-03-08T18:52:06.245+0000] {dag.py:3047} INFO - Sync 1 DAGs
[2024-03-08T18:52:06.266+0000] {logging_mixin.py:188} INFO - [2024-03-08T18:52:06.266+0000] {dag.py:3834} INFO - Setting next_dagrun for example_setup_teardown to 2024-03-07 00:00:00+00:00, run_after=2024-03-08 00:00:00+00:00
[2024-03-08T18:52:06.283+0000] {processor.py:183} INFO - Processing /home/airflow/.local/lib/python3.8/site-packages/airflow/example_dags/example_setup_teardown.py took 0.067 seconds
[2024-03-08T18:52:36.607+0000] {processor.py:161} INFO - Started process (PID=2327) to work on /home/airflow/.local/lib/python3.8/site-packages/airflow/example_dags/example_setup_teardown.py
[2024-03-08T18:52:36.608+0000] {processor.py:830} INFO - Processing file /home/airflow/.local/lib/python3.8/site-packages/airflow/example_dags/example_setup_teardown.py for tasks to queue
[2024-03-08T18:52:36.610+0000] {logging_mixin.py:188} INFO - [2024-03-08T18:52:36.610+0000] {dagbag.py:540} INFO - Filling up the DagBag from /home/airflow/.local/lib/python3.8/site-packages/airflow/example_dags/example_setup_teardown.py
[2024-03-08T18:52:36.617+0000] {processor.py:840} INFO - DAG(s) 'example_setup_teardown' retrieved from /home/airflow/.local/lib/python3.8/site-packages/airflow/example_dags/example_setup_teardown.py
[2024-03-08T18:52:36.635+0000] {logging_mixin.py:188} INFO - [2024-03-08T18:52:36.635+0000] {dag.py:3047} INFO - Sync 1 DAGs
[2024-03-08T18:52:36.654+0000] {logging_mixin.py:188} INFO - [2024-03-08T18:52:36.653+0000] {dag.py:3834} INFO - Setting next_dagrun for example_setup_teardown to 2024-03-07 00:00:00+00:00, run_after=2024-03-08 00:00:00+00:00
[2024-03-08T18:52:36.669+0000] {processor.py:183} INFO - Processing /home/airflow/.local/lib/python3.8/site-packages/airflow/example_dags/example_setup_teardown.py took 0.066 seconds
[2024-03-08T18:53:07.047+0000] {processor.py:161} INFO - Started process (PID=2382) to work on /home/airflow/.local/lib/python3.8/site-packages/airflow/example_dags/example_setup_teardown.py
[2024-03-08T18:53:07.048+0000] {processor.py:830} INFO - Processing file /home/airflow/.local/lib/python3.8/site-packages/airflow/example_dags/example_setup_teardown.py for tasks to queue
[2024-03-08T18:53:07.050+0000] {logging_mixin.py:188} INFO - [2024-03-08T18:53:07.050+0000] {dagbag.py:540} INFO - Filling up the DagBag from /home/airflow/.local/lib/python3.8/site-packages/airflow/example_dags/example_setup_teardown.py
[2024-03-08T18:53:07.056+0000] {processor.py:840} INFO - DAG(s) 'example_setup_teardown' retrieved from /home/airflow/.local/lib/python3.8/site-packages/airflow/example_dags/example_setup_teardown.py
[2024-03-08T18:53:07.076+0000] {logging_mixin.py:188} INFO - [2024-03-08T18:53:07.075+0000] {dag.py:3047} INFO - Sync 1 DAGs
[2024-03-08T18:53:07.096+0000] {logging_mixin.py:188} INFO - [2024-03-08T18:53:07.096+0000] {dag.py:3834} INFO - Setting next_dagrun for example_setup_teardown to 2024-03-07 00:00:00+00:00, run_after=2024-03-08 00:00:00+00:00
[2024-03-08T18:53:07.114+0000] {processor.py:183} INFO - Processing /home/airflow/.local/lib/python3.8/site-packages/airflow/example_dags/example_setup_teardown.py took 0.070 seconds
[2024-03-08T18:53:37.534+0000] {processor.py:161} INFO - Started process (PID=2437) to work on /home/airflow/.local/lib/python3.8/site-packages/airflow/example_dags/example_setup_teardown.py
[2024-03-08T18:53:37.535+0000] {processor.py:830} INFO - Processing file /home/airflow/.local/lib/python3.8/site-packages/airflow/example_dags/example_setup_teardown.py for tasks to queue
[2024-03-08T18:53:37.536+0000] {logging_mixin.py:188} INFO - [2024-03-08T18:53:37.536+0000] {dagbag.py:540} INFO - Filling up the DagBag from /home/airflow/.local/lib/python3.8/site-packages/airflow/example_dags/example_setup_teardown.py
[2024-03-08T18:53:37.543+0000] {processor.py:840} INFO - DAG(s) 'example_setup_teardown' retrieved from /home/airflow/.local/lib/python3.8/site-packages/airflow/example_dags/example_setup_teardown.py
[2024-03-08T18:53:37.563+0000] {logging_mixin.py:188} INFO - [2024-03-08T18:53:37.563+0000] {dag.py:3047} INFO - Sync 1 DAGs
[2024-03-08T18:53:37.588+0000] {logging_mixin.py:188} INFO - [2024-03-08T18:53:37.588+0000] {dag.py:3834} INFO - Setting next_dagrun for example_setup_teardown to 2024-03-07 00:00:00+00:00, run_after=2024-03-08 00:00:00+00:00
[2024-03-08T18:53:37.607+0000] {processor.py:183} INFO - Processing /home/airflow/.local/lib/python3.8/site-packages/airflow/example_dags/example_setup_teardown.py took 0.076 seconds
[2024-03-08T18:54:08.351+0000] {processor.py:161} INFO - Started process (PID=2492) to work on /home/airflow/.local/lib/python3.8/site-packages/airflow/example_dags/example_setup_teardown.py
[2024-03-08T18:54:08.351+0000] {processor.py:830} INFO - Processing file /home/airflow/.local/lib/python3.8/site-packages/airflow/example_dags/example_setup_teardown.py for tasks to queue
[2024-03-08T18:54:08.353+0000] {logging_mixin.py:188} INFO - [2024-03-08T18:54:08.352+0000] {dagbag.py:540} INFO - Filling up the DagBag from /home/airflow/.local/lib/python3.8/site-packages/airflow/example_dags/example_setup_teardown.py
[2024-03-08T18:54:08.358+0000] {processor.py:840} INFO - DAG(s) 'example_setup_teardown' retrieved from /home/airflow/.local/lib/python3.8/site-packages/airflow/example_dags/example_setup_teardown.py
[2024-03-08T18:54:08.377+0000] {logging_mixin.py:188} INFO - [2024-03-08T18:54:08.377+0000] {dag.py:3047} INFO - Sync 1 DAGs
[2024-03-08T18:54:08.399+0000] {logging_mixin.py:188} INFO - [2024-03-08T18:54:08.399+0000] {dag.py:3834} INFO - Setting next_dagrun for example_setup_teardown to 2024-03-07 00:00:00+00:00, run_after=2024-03-08 00:00:00+00:00
[2024-03-08T18:54:08.417+0000] {processor.py:183} INFO - Processing /home/airflow/.local/lib/python3.8/site-packages/airflow/example_dags/example_setup_teardown.py took 0.069 seconds
[2024-03-08T18:54:38.726+0000] {processor.py:161} INFO - Started process (PID=2547) to work on /home/airflow/.local/lib/python3.8/site-packages/airflow/example_dags/example_setup_teardown.py
[2024-03-08T18:54:38.727+0000] {processor.py:830} INFO - Processing file /home/airflow/.local/lib/python3.8/site-packages/airflow/example_dags/example_setup_teardown.py for tasks to queue
[2024-03-08T18:54:38.728+0000] {logging_mixin.py:188} INFO - [2024-03-08T18:54:38.728+0000] {dagbag.py:540} INFO - Filling up the DagBag from /home/airflow/.local/lib/python3.8/site-packages/airflow/example_dags/example_setup_teardown.py
[2024-03-08T18:54:38.733+0000] {processor.py:840} INFO - DAG(s) 'example_setup_teardown' retrieved from /home/airflow/.local/lib/python3.8/site-packages/airflow/example_dags/example_setup_teardown.py
[2024-03-08T18:54:38.752+0000] {logging_mixin.py:188} INFO - [2024-03-08T18:54:38.752+0000] {dag.py:3047} INFO - Sync 1 DAGs
[2024-03-08T18:54:38.771+0000] {logging_mixin.py:188} INFO - [2024-03-08T18:54:38.770+0000] {dag.py:3834} INFO - Setting next_dagrun for example_setup_teardown to 2024-03-07 00:00:00+00:00, run_after=2024-03-08 00:00:00+00:00
[2024-03-08T18:54:38.787+0000] {processor.py:183} INFO - Processing /home/airflow/.local/lib/python3.8/site-packages/airflow/example_dags/example_setup_teardown.py took 0.064 seconds
[2024-03-08T18:55:08.952+0000] {processor.py:161} INFO - Started process (PID=2602) to work on /home/airflow/.local/lib/python3.8/site-packages/airflow/example_dags/example_setup_teardown.py
[2024-03-08T18:55:08.953+0000] {processor.py:830} INFO - Processing file /home/airflow/.local/lib/python3.8/site-packages/airflow/example_dags/example_setup_teardown.py for tasks to queue
[2024-03-08T18:55:08.955+0000] {logging_mixin.py:188} INFO - [2024-03-08T18:55:08.954+0000] {dagbag.py:540} INFO - Filling up the DagBag from /home/airflow/.local/lib/python3.8/site-packages/airflow/example_dags/example_setup_teardown.py
[2024-03-08T18:55:08.960+0000] {processor.py:840} INFO - DAG(s) 'example_setup_teardown' retrieved from /home/airflow/.local/lib/python3.8/site-packages/airflow/example_dags/example_setup_teardown.py
[2024-03-08T18:55:08.984+0000] {logging_mixin.py:188} INFO - [2024-03-08T18:55:08.984+0000] {dag.py:3047} INFO - Sync 1 DAGs
[2024-03-08T18:55:09.010+0000] {logging_mixin.py:188} INFO - [2024-03-08T18:55:09.010+0000] {dag.py:3834} INFO - Setting next_dagrun for example_setup_teardown to 2024-03-07 00:00:00+00:00, run_after=2024-03-08 00:00:00+00:00
[2024-03-08T18:55:09.030+0000] {processor.py:183} INFO - Processing /home/airflow/.local/lib/python3.8/site-packages/airflow/example_dags/example_setup_teardown.py took 0.080 seconds
[2024-03-08T18:55:39.278+0000] {processor.py:161} INFO - Started process (PID=2657) to work on /home/airflow/.local/lib/python3.8/site-packages/airflow/example_dags/example_setup_teardown.py
[2024-03-08T18:55:39.279+0000] {processor.py:830} INFO - Processing file /home/airflow/.local/lib/python3.8/site-packages/airflow/example_dags/example_setup_teardown.py for tasks to queue
[2024-03-08T18:55:39.281+0000] {logging_mixin.py:188} INFO - [2024-03-08T18:55:39.280+0000] {dagbag.py:540} INFO - Filling up the DagBag from /home/airflow/.local/lib/python3.8/site-packages/airflow/example_dags/example_setup_teardown.py
[2024-03-08T18:55:39.286+0000] {processor.py:840} INFO - DAG(s) 'example_setup_teardown' retrieved from /home/airflow/.local/lib/python3.8/site-packages/airflow/example_dags/example_setup_teardown.py
[2024-03-08T18:55:39.302+0000] {logging_mixin.py:188} INFO - [2024-03-08T18:55:39.302+0000] {dag.py:3047} INFO - Sync 1 DAGs
[2024-03-08T18:55:39.321+0000] {logging_mixin.py:188} INFO - [2024-03-08T18:55:39.321+0000] {dag.py:3834} INFO - Setting next_dagrun for example_setup_teardown to 2024-03-07 00:00:00+00:00, run_after=2024-03-08 00:00:00+00:00
[2024-03-08T18:55:39.338+0000] {processor.py:183} INFO - Processing /home/airflow/.local/lib/python3.8/site-packages/airflow/example_dags/example_setup_teardown.py took 0.062 seconds
[2024-03-08T18:56:09.634+0000] {processor.py:161} INFO - Started process (PID=2712) to work on /home/airflow/.local/lib/python3.8/site-packages/airflow/example_dags/example_setup_teardown.py
[2024-03-08T18:56:09.634+0000] {processor.py:830} INFO - Processing file /home/airflow/.local/lib/python3.8/site-packages/airflow/example_dags/example_setup_teardown.py for tasks to queue
[2024-03-08T18:56:09.636+0000] {logging_mixin.py:188} INFO - [2024-03-08T18:56:09.635+0000] {dagbag.py:540} INFO - Filling up the DagBag from /home/airflow/.local/lib/python3.8/site-packages/airflow/example_dags/example_setup_teardown.py
[2024-03-08T18:56:09.641+0000] {processor.py:840} INFO - DAG(s) 'example_setup_teardown' retrieved from /home/airflow/.local/lib/python3.8/site-packages/airflow/example_dags/example_setup_teardown.py
[2024-03-08T18:56:09.658+0000] {logging_mixin.py:188} INFO - [2024-03-08T18:56:09.658+0000] {dag.py:3047} INFO - Sync 1 DAGs
[2024-03-08T18:56:09.681+0000] {logging_mixin.py:188} INFO - [2024-03-08T18:56:09.681+0000] {dag.py:3834} INFO - Setting next_dagrun for example_setup_teardown to 2024-03-07 00:00:00+00:00, run_after=2024-03-08 00:00:00+00:00
[2024-03-08T18:56:09.695+0000] {processor.py:183} INFO - Processing /home/airflow/.local/lib/python3.8/site-packages/airflow/example_dags/example_setup_teardown.py took 0.064 seconds
[2024-03-08T18:56:39.961+0000] {processor.py:161} INFO - Started process (PID=2767) to work on /home/airflow/.local/lib/python3.8/site-packages/airflow/example_dags/example_setup_teardown.py
[2024-03-08T18:56:39.962+0000] {processor.py:830} INFO - Processing file /home/airflow/.local/lib/python3.8/site-packages/airflow/example_dags/example_setup_teardown.py for tasks to queue
[2024-03-08T18:56:39.963+0000] {logging_mixin.py:188} INFO - [2024-03-08T18:56:39.963+0000] {dagbag.py:540} INFO - Filling up the DagBag from /home/airflow/.local/lib/python3.8/site-packages/airflow/example_dags/example_setup_teardown.py
[2024-03-08T18:56:39.969+0000] {processor.py:840} INFO - DAG(s) 'example_setup_teardown' retrieved from /home/airflow/.local/lib/python3.8/site-packages/airflow/example_dags/example_setup_teardown.py
[2024-03-08T18:56:39.985+0000] {logging_mixin.py:188} INFO - [2024-03-08T18:56:39.985+0000] {dag.py:3047} INFO - Sync 1 DAGs
[2024-03-08T18:56:40.008+0000] {logging_mixin.py:188} INFO - [2024-03-08T18:56:40.008+0000] {dag.py:3834} INFO - Setting next_dagrun for example_setup_teardown to 2024-03-07 00:00:00+00:00, run_after=2024-03-08 00:00:00+00:00
[2024-03-08T18:56:40.028+0000] {processor.py:183} INFO - Processing /home/airflow/.local/lib/python3.8/site-packages/airflow/example_dags/example_setup_teardown.py took 0.070 seconds
[2024-03-08T18:57:10.498+0000] {processor.py:161} INFO - Started process (PID=2822) to work on /home/airflow/.local/lib/python3.8/site-packages/airflow/example_dags/example_setup_teardown.py
[2024-03-08T18:57:10.499+0000] {processor.py:830} INFO - Processing file /home/airflow/.local/lib/python3.8/site-packages/airflow/example_dags/example_setup_teardown.py for tasks to queue
[2024-03-08T18:57:10.501+0000] {logging_mixin.py:188} INFO - [2024-03-08T18:57:10.501+0000] {dagbag.py:540} INFO - Filling up the DagBag from /home/airflow/.local/lib/python3.8/site-packages/airflow/example_dags/example_setup_teardown.py
[2024-03-08T18:57:10.507+0000] {processor.py:840} INFO - DAG(s) 'example_setup_teardown' retrieved from /home/airflow/.local/lib/python3.8/site-packages/airflow/example_dags/example_setup_teardown.py
[2024-03-08T18:57:10.525+0000] {logging_mixin.py:188} INFO - [2024-03-08T18:57:10.525+0000] {dag.py:3047} INFO - Sync 1 DAGs
[2024-03-08T18:57:10.548+0000] {logging_mixin.py:188} INFO - [2024-03-08T18:57:10.548+0000] {dag.py:3834} INFO - Setting next_dagrun for example_setup_teardown to 2024-03-07 00:00:00+00:00, run_after=2024-03-08 00:00:00+00:00
[2024-03-08T18:57:10.565+0000] {processor.py:183} INFO - Processing /home/airflow/.local/lib/python3.8/site-packages/airflow/example_dags/example_setup_teardown.py took 0.070 seconds
[2024-03-08T18:57:40.843+0000] {processor.py:161} INFO - Started process (PID=2877) to work on /home/airflow/.local/lib/python3.8/site-packages/airflow/example_dags/example_setup_teardown.py
[2024-03-08T18:57:40.844+0000] {processor.py:830} INFO - Processing file /home/airflow/.local/lib/python3.8/site-packages/airflow/example_dags/example_setup_teardown.py for tasks to queue
[2024-03-08T18:57:40.845+0000] {logging_mixin.py:188} INFO - [2024-03-08T18:57:40.845+0000] {dagbag.py:540} INFO - Filling up the DagBag from /home/airflow/.local/lib/python3.8/site-packages/airflow/example_dags/example_setup_teardown.py
[2024-03-08T18:57:40.851+0000] {processor.py:840} INFO - DAG(s) 'example_setup_teardown' retrieved from /home/airflow/.local/lib/python3.8/site-packages/airflow/example_dags/example_setup_teardown.py
[2024-03-08T18:57:40.867+0000] {logging_mixin.py:188} INFO - [2024-03-08T18:57:40.867+0000] {dag.py:3047} INFO - Sync 1 DAGs
[2024-03-08T18:57:40.886+0000] {logging_mixin.py:188} INFO - [2024-03-08T18:57:40.886+0000] {dag.py:3834} INFO - Setting next_dagrun for example_setup_teardown to 2024-03-07 00:00:00+00:00, run_after=2024-03-08 00:00:00+00:00
[2024-03-08T18:57:40.902+0000] {processor.py:183} INFO - Processing /home/airflow/.local/lib/python3.8/site-packages/airflow/example_dags/example_setup_teardown.py took 0.061 seconds
[2024-03-08T18:58:11.221+0000] {processor.py:161} INFO - Started process (PID=2932) to work on /home/airflow/.local/lib/python3.8/site-packages/airflow/example_dags/example_setup_teardown.py
[2024-03-08T18:58:11.222+0000] {processor.py:830} INFO - Processing file /home/airflow/.local/lib/python3.8/site-packages/airflow/example_dags/example_setup_teardown.py for tasks to queue
[2024-03-08T18:58:11.223+0000] {logging_mixin.py:188} INFO - [2024-03-08T18:58:11.223+0000] {dagbag.py:540} INFO - Filling up the DagBag from /home/airflow/.local/lib/python3.8/site-packages/airflow/example_dags/example_setup_teardown.py
[2024-03-08T18:58:11.229+0000] {processor.py:840} INFO - DAG(s) 'example_setup_teardown' retrieved from /home/airflow/.local/lib/python3.8/site-packages/airflow/example_dags/example_setup_teardown.py
[2024-03-08T18:58:11.254+0000] {logging_mixin.py:188} INFO - [2024-03-08T18:58:11.253+0000] {dag.py:3047} INFO - Sync 1 DAGs
[2024-03-08T18:58:11.277+0000] {logging_mixin.py:188} INFO - [2024-03-08T18:58:11.277+0000] {dag.py:3834} INFO - Setting next_dagrun for example_setup_teardown to 2024-03-07 00:00:00+00:00, run_after=2024-03-08 00:00:00+00:00
[2024-03-08T18:58:11.293+0000] {processor.py:183} INFO - Processing /home/airflow/.local/lib/python3.8/site-packages/airflow/example_dags/example_setup_teardown.py took 0.075 seconds
[2024-03-08T18:58:41.648+0000] {processor.py:161} INFO - Started process (PID=2987) to work on /home/airflow/.local/lib/python3.8/site-packages/airflow/example_dags/example_setup_teardown.py
[2024-03-08T18:58:41.649+0000] {processor.py:830} INFO - Processing file /home/airflow/.local/lib/python3.8/site-packages/airflow/example_dags/example_setup_teardown.py for tasks to queue
[2024-03-08T18:58:41.650+0000] {logging_mixin.py:188} INFO - [2024-03-08T18:58:41.650+0000] {dagbag.py:540} INFO - Filling up the DagBag from /home/airflow/.local/lib/python3.8/site-packages/airflow/example_dags/example_setup_teardown.py
[2024-03-08T18:58:41.657+0000] {processor.py:840} INFO - DAG(s) 'example_setup_teardown' retrieved from /home/airflow/.local/lib/python3.8/site-packages/airflow/example_dags/example_setup_teardown.py
[2024-03-08T18:58:41.676+0000] {logging_mixin.py:188} INFO - [2024-03-08T18:58:41.675+0000] {dag.py:3047} INFO - Sync 1 DAGs
[2024-03-08T18:58:41.702+0000] {logging_mixin.py:188} INFO - [2024-03-08T18:58:41.702+0000] {dag.py:3834} INFO - Setting next_dagrun for example_setup_teardown to 2024-03-07 00:00:00+00:00, run_after=2024-03-08 00:00:00+00:00
[2024-03-08T18:58:41.719+0000] {processor.py:183} INFO - Processing /home/airflow/.local/lib/python3.8/site-packages/airflow/example_dags/example_setup_teardown.py took 0.073 seconds
[2024-03-08T18:59:12.485+0000] {processor.py:161} INFO - Started process (PID=3042) to work on /home/airflow/.local/lib/python3.8/site-packages/airflow/example_dags/example_setup_teardown.py
[2024-03-08T18:59:12.485+0000] {processor.py:830} INFO - Processing file /home/airflow/.local/lib/python3.8/site-packages/airflow/example_dags/example_setup_teardown.py for tasks to queue
[2024-03-08T18:59:12.487+0000] {logging_mixin.py:188} INFO - [2024-03-08T18:59:12.486+0000] {dagbag.py:540} INFO - Filling up the DagBag from /home/airflow/.local/lib/python3.8/site-packages/airflow/example_dags/example_setup_teardown.py
[2024-03-08T18:59:12.496+0000] {processor.py:840} INFO - DAG(s) 'example_setup_teardown' retrieved from /home/airflow/.local/lib/python3.8/site-packages/airflow/example_dags/example_setup_teardown.py
[2024-03-08T18:59:12.523+0000] {logging_mixin.py:188} INFO - [2024-03-08T18:59:12.523+0000] {dag.py:3047} INFO - Sync 1 DAGs
[2024-03-08T18:59:12.546+0000] {logging_mixin.py:188} INFO - [2024-03-08T18:59:12.546+0000] {dag.py:3834} INFO - Setting next_dagrun for example_setup_teardown to 2024-03-07 00:00:00+00:00, run_after=2024-03-08 00:00:00+00:00
[2024-03-08T18:59:12.565+0000] {processor.py:183} INFO - Processing /home/airflow/.local/lib/python3.8/site-packages/airflow/example_dags/example_setup_teardown.py took 0.083 seconds
[2024-03-08T18:59:43.318+0000] {processor.py:161} INFO - Started process (PID=3097) to work on /home/airflow/.local/lib/python3.8/site-packages/airflow/example_dags/example_setup_teardown.py
[2024-03-08T18:59:43.319+0000] {processor.py:830} INFO - Processing file /home/airflow/.local/lib/python3.8/site-packages/airflow/example_dags/example_setup_teardown.py for tasks to queue
[2024-03-08T18:59:43.320+0000] {logging_mixin.py:188} INFO - [2024-03-08T18:59:43.320+0000] {dagbag.py:540} INFO - Filling up the DagBag from /home/airflow/.local/lib/python3.8/site-packages/airflow/example_dags/example_setup_teardown.py
[2024-03-08T18:59:43.326+0000] {processor.py:840} INFO - DAG(s) 'example_setup_teardown' retrieved from /home/airflow/.local/lib/python3.8/site-packages/airflow/example_dags/example_setup_teardown.py
[2024-03-08T18:59:43.345+0000] {logging_mixin.py:188} INFO - [2024-03-08T18:59:43.344+0000] {dag.py:3047} INFO - Sync 1 DAGs
[2024-03-08T18:59:43.366+0000] {logging_mixin.py:188} INFO - [2024-03-08T18:59:43.365+0000] {dag.py:3834} INFO - Setting next_dagrun for example_setup_teardown to 2024-03-07 00:00:00+00:00, run_after=2024-03-08 00:00:00+00:00
[2024-03-08T18:59:43.381+0000] {processor.py:183} INFO - Processing /home/airflow/.local/lib/python3.8/site-packages/airflow/example_dags/example_setup_teardown.py took 0.066 seconds
[2024-03-08T19:00:13.794+0000] {processor.py:161} INFO - Started process (PID=3152) to work on /home/airflow/.local/lib/python3.8/site-packages/airflow/example_dags/example_setup_teardown.py
[2024-03-08T19:00:13.795+0000] {processor.py:830} INFO - Processing file /home/airflow/.local/lib/python3.8/site-packages/airflow/example_dags/example_setup_teardown.py for tasks to queue
[2024-03-08T19:00:13.797+0000] {logging_mixin.py:188} INFO - [2024-03-08T19:00:13.796+0000] {dagbag.py:540} INFO - Filling up the DagBag from /home/airflow/.local/lib/python3.8/site-packages/airflow/example_dags/example_setup_teardown.py
[2024-03-08T19:00:13.803+0000] {processor.py:840} INFO - DAG(s) 'example_setup_teardown' retrieved from /home/airflow/.local/lib/python3.8/site-packages/airflow/example_dags/example_setup_teardown.py
[2024-03-08T19:00:13.826+0000] {logging_mixin.py:188} INFO - [2024-03-08T19:00:13.826+0000] {dag.py:3047} INFO - Sync 1 DAGs
[2024-03-08T19:00:13.851+0000] {logging_mixin.py:188} INFO - [2024-03-08T19:00:13.850+0000] {dag.py:3834} INFO - Setting next_dagrun for example_setup_teardown to 2024-03-07 00:00:00+00:00, run_after=2024-03-08 00:00:00+00:00
[2024-03-08T19:00:13.865+0000] {processor.py:183} INFO - Processing /home/airflow/.local/lib/python3.8/site-packages/airflow/example_dags/example_setup_teardown.py took 0.074 seconds
[2024-03-08T19:00:44.195+0000] {processor.py:161} INFO - Started process (PID=3207) to work on /home/airflow/.local/lib/python3.8/site-packages/airflow/example_dags/example_setup_teardown.py
[2024-03-08T19:00:44.196+0000] {processor.py:830} INFO - Processing file /home/airflow/.local/lib/python3.8/site-packages/airflow/example_dags/example_setup_teardown.py for tasks to queue
[2024-03-08T19:00:44.198+0000] {logging_mixin.py:188} INFO - [2024-03-08T19:00:44.197+0000] {dagbag.py:540} INFO - Filling up the DagBag from /home/airflow/.local/lib/python3.8/site-packages/airflow/example_dags/example_setup_teardown.py
[2024-03-08T19:00:44.203+0000] {processor.py:840} INFO - DAG(s) 'example_setup_teardown' retrieved from /home/airflow/.local/lib/python3.8/site-packages/airflow/example_dags/example_setup_teardown.py
[2024-03-08T19:00:44.221+0000] {logging_mixin.py:188} INFO - [2024-03-08T19:00:44.221+0000] {dag.py:3047} INFO - Sync 1 DAGs
[2024-03-08T19:00:44.241+0000] {logging_mixin.py:188} INFO - [2024-03-08T19:00:44.241+0000] {dag.py:3834} INFO - Setting next_dagrun for example_setup_teardown to 2024-03-07 00:00:00+00:00, run_after=2024-03-08 00:00:00+00:00
[2024-03-08T19:00:44.382+0000] {processor.py:183} INFO - Processing /home/airflow/.local/lib/python3.8/site-packages/airflow/example_dags/example_setup_teardown.py took 0.189 seconds
[2024-03-08T19:01:14.966+0000] {processor.py:161} INFO - Started process (PID=3262) to work on /home/airflow/.local/lib/python3.8/site-packages/airflow/example_dags/example_setup_teardown.py
[2024-03-08T19:01:14.967+0000] {processor.py:830} INFO - Processing file /home/airflow/.local/lib/python3.8/site-packages/airflow/example_dags/example_setup_teardown.py for tasks to queue
[2024-03-08T19:01:14.969+0000] {logging_mixin.py:188} INFO - [2024-03-08T19:01:14.968+0000] {dagbag.py:540} INFO - Filling up the DagBag from /home/airflow/.local/lib/python3.8/site-packages/airflow/example_dags/example_setup_teardown.py
[2024-03-08T19:01:14.974+0000] {processor.py:840} INFO - DAG(s) 'example_setup_teardown' retrieved from /home/airflow/.local/lib/python3.8/site-packages/airflow/example_dags/example_setup_teardown.py
[2024-03-08T19:01:14.992+0000] {logging_mixin.py:188} INFO - [2024-03-08T19:01:14.992+0000] {dag.py:3047} INFO - Sync 1 DAGs
[2024-03-08T19:01:15.011+0000] {logging_mixin.py:188} INFO - [2024-03-08T19:01:15.010+0000] {dag.py:3834} INFO - Setting next_dagrun for example_setup_teardown to 2024-03-07 00:00:00+00:00, run_after=2024-03-08 00:00:00+00:00
[2024-03-08T19:01:15.155+0000] {processor.py:183} INFO - Processing /home/airflow/.local/lib/python3.8/site-packages/airflow/example_dags/example_setup_teardown.py took 0.192 seconds
[2024-03-08T19:01:45.343+0000] {processor.py:161} INFO - Started process (PID=3317) to work on /home/airflow/.local/lib/python3.8/site-packages/airflow/example_dags/example_setup_teardown.py
[2024-03-08T19:01:45.344+0000] {processor.py:830} INFO - Processing file /home/airflow/.local/lib/python3.8/site-packages/airflow/example_dags/example_setup_teardown.py for tasks to queue
[2024-03-08T19:01:45.346+0000] {logging_mixin.py:188} INFO - [2024-03-08T19:01:45.345+0000] {dagbag.py:540} INFO - Filling up the DagBag from /home/airflow/.local/lib/python3.8/site-packages/airflow/example_dags/example_setup_teardown.py
[2024-03-08T19:01:45.351+0000] {processor.py:840} INFO - DAG(s) 'example_setup_teardown' retrieved from /home/airflow/.local/lib/python3.8/site-packages/airflow/example_dags/example_setup_teardown.py
[2024-03-08T19:01:45.371+0000] {logging_mixin.py:188} INFO - [2024-03-08T19:01:45.371+0000] {dag.py:3047} INFO - Sync 1 DAGs
[2024-03-08T19:01:45.389+0000] {logging_mixin.py:188} INFO - [2024-03-08T19:01:45.389+0000] {dag.py:3834} INFO - Setting next_dagrun for example_setup_teardown to 2024-03-07 00:00:00+00:00, run_after=2024-03-08 00:00:00+00:00
[2024-03-08T19:01:45.405+0000] {processor.py:183} INFO - Processing /home/airflow/.local/lib/python3.8/site-packages/airflow/example_dags/example_setup_teardown.py took 0.064 seconds
[2024-03-08T19:02:16.132+0000] {processor.py:161} INFO - Started process (PID=3372) to work on /home/airflow/.local/lib/python3.8/site-packages/airflow/example_dags/example_setup_teardown.py
[2024-03-08T19:02:16.133+0000] {processor.py:830} INFO - Processing file /home/airflow/.local/lib/python3.8/site-packages/airflow/example_dags/example_setup_teardown.py for tasks to queue
[2024-03-08T19:02:16.135+0000] {logging_mixin.py:188} INFO - [2024-03-08T19:02:16.135+0000] {dagbag.py:540} INFO - Filling up the DagBag from /home/airflow/.local/lib/python3.8/site-packages/airflow/example_dags/example_setup_teardown.py
[2024-03-08T19:02:16.141+0000] {processor.py:840} INFO - DAG(s) 'example_setup_teardown' retrieved from /home/airflow/.local/lib/python3.8/site-packages/airflow/example_dags/example_setup_teardown.py
[2024-03-08T19:02:16.160+0000] {logging_mixin.py:188} INFO - [2024-03-08T19:02:16.160+0000] {dag.py:3047} INFO - Sync 1 DAGs
[2024-03-08T19:02:16.180+0000] {logging_mixin.py:188} INFO - [2024-03-08T19:02:16.180+0000] {dag.py:3834} INFO - Setting next_dagrun for example_setup_teardown to 2024-03-07 00:00:00+00:00, run_after=2024-03-08 00:00:00+00:00
[2024-03-08T19:02:16.197+0000] {processor.py:183} INFO - Processing /home/airflow/.local/lib/python3.8/site-packages/airflow/example_dags/example_setup_teardown.py took 0.068 seconds
[2024-03-08T19:02:47.010+0000] {processor.py:161} INFO - Started process (PID=3427) to work on /home/airflow/.local/lib/python3.8/site-packages/airflow/example_dags/example_setup_teardown.py
[2024-03-08T19:02:47.011+0000] {processor.py:830} INFO - Processing file /home/airflow/.local/lib/python3.8/site-packages/airflow/example_dags/example_setup_teardown.py for tasks to queue
[2024-03-08T19:02:47.013+0000] {logging_mixin.py:188} INFO - [2024-03-08T19:02:47.012+0000] {dagbag.py:540} INFO - Filling up the DagBag from /home/airflow/.local/lib/python3.8/site-packages/airflow/example_dags/example_setup_teardown.py
[2024-03-08T19:02:47.019+0000] {processor.py:840} INFO - DAG(s) 'example_setup_teardown' retrieved from /home/airflow/.local/lib/python3.8/site-packages/airflow/example_dags/example_setup_teardown.py
[2024-03-08T19:02:47.040+0000] {logging_mixin.py:188} INFO - [2024-03-08T19:02:47.040+0000] {dag.py:3047} INFO - Sync 1 DAGs
[2024-03-08T19:02:47.061+0000] {logging_mixin.py:188} INFO - [2024-03-08T19:02:47.061+0000] {dag.py:3834} INFO - Setting next_dagrun for example_setup_teardown to 2024-03-07 00:00:00+00:00, run_after=2024-03-08 00:00:00+00:00
[2024-03-08T19:02:47.079+0000] {processor.py:183} INFO - Processing /home/airflow/.local/lib/python3.8/site-packages/airflow/example_dags/example_setup_teardown.py took 0.073 seconds
[2024-03-08T19:03:17.348+0000] {processor.py:161} INFO - Started process (PID=3482) to work on /home/airflow/.local/lib/python3.8/site-packages/airflow/example_dags/example_setup_teardown.py
[2024-03-08T19:03:17.349+0000] {processor.py:830} INFO - Processing file /home/airflow/.local/lib/python3.8/site-packages/airflow/example_dags/example_setup_teardown.py for tasks to queue
[2024-03-08T19:03:17.351+0000] {logging_mixin.py:188} INFO - [2024-03-08T19:03:17.351+0000] {dagbag.py:540} INFO - Filling up the DagBag from /home/airflow/.local/lib/python3.8/site-packages/airflow/example_dags/example_setup_teardown.py
[2024-03-08T19:03:17.358+0000] {processor.py:840} INFO - DAG(s) 'example_setup_teardown' retrieved from /home/airflow/.local/lib/python3.8/site-packages/airflow/example_dags/example_setup_teardown.py
[2024-03-08T19:03:17.377+0000] {logging_mixin.py:188} INFO - [2024-03-08T19:03:17.376+0000] {dag.py:3047} INFO - Sync 1 DAGs
[2024-03-08T19:03:17.404+0000] {logging_mixin.py:188} INFO - [2024-03-08T19:03:17.403+0000] {dag.py:3834} INFO - Setting next_dagrun for example_setup_teardown to 2024-03-07 00:00:00+00:00, run_after=2024-03-08 00:00:00+00:00
[2024-03-08T19:03:17.429+0000] {processor.py:183} INFO - Processing /home/airflow/.local/lib/python3.8/site-packages/airflow/example_dags/example_setup_teardown.py took 0.084 seconds
[2024-03-08T19:03:48.134+0000] {processor.py:161} INFO - Started process (PID=3537) to work on /home/airflow/.local/lib/python3.8/site-packages/airflow/example_dags/example_setup_teardown.py
[2024-03-08T19:03:48.135+0000] {processor.py:830} INFO - Processing file /home/airflow/.local/lib/python3.8/site-packages/airflow/example_dags/example_setup_teardown.py for tasks to queue
[2024-03-08T19:03:48.136+0000] {logging_mixin.py:188} INFO - [2024-03-08T19:03:48.136+0000] {dagbag.py:540} INFO - Filling up the DagBag from /home/airflow/.local/lib/python3.8/site-packages/airflow/example_dags/example_setup_teardown.py
[2024-03-08T19:03:48.141+0000] {processor.py:840} INFO - DAG(s) 'example_setup_teardown' retrieved from /home/airflow/.local/lib/python3.8/site-packages/airflow/example_dags/example_setup_teardown.py
[2024-03-08T19:03:48.159+0000] {logging_mixin.py:188} INFO - [2024-03-08T19:03:48.159+0000] {dag.py:3047} INFO - Sync 1 DAGs
[2024-03-08T19:03:48.179+0000] {logging_mixin.py:188} INFO - [2024-03-08T19:03:48.179+0000] {dag.py:3834} INFO - Setting next_dagrun for example_setup_teardown to 2024-03-07 00:00:00+00:00, run_after=2024-03-08 00:00:00+00:00
[2024-03-08T19:03:48.210+0000] {processor.py:183} INFO - Processing /home/airflow/.local/lib/python3.8/site-packages/airflow/example_dags/example_setup_teardown.py took 0.079 seconds
[2024-03-08T19:04:18.357+0000] {processor.py:161} INFO - Started process (PID=3592) to work on /home/airflow/.local/lib/python3.8/site-packages/airflow/example_dags/example_setup_teardown.py
[2024-03-08T19:04:18.358+0000] {processor.py:830} INFO - Processing file /home/airflow/.local/lib/python3.8/site-packages/airflow/example_dags/example_setup_teardown.py for tasks to queue
[2024-03-08T19:04:18.359+0000] {logging_mixin.py:188} INFO - [2024-03-08T19:04:18.359+0000] {dagbag.py:540} INFO - Filling up the DagBag from /home/airflow/.local/lib/python3.8/site-packages/airflow/example_dags/example_setup_teardown.py
[2024-03-08T19:04:18.365+0000] {processor.py:840} INFO - DAG(s) 'example_setup_teardown' retrieved from /home/airflow/.local/lib/python3.8/site-packages/airflow/example_dags/example_setup_teardown.py
[2024-03-08T19:04:18.382+0000] {logging_mixin.py:188} INFO - [2024-03-08T19:04:18.382+0000] {dag.py:3047} INFO - Sync 1 DAGs
[2024-03-08T19:04:18.425+0000] {logging_mixin.py:188} INFO - [2024-03-08T19:04:18.425+0000] {dag.py:3834} INFO - Setting next_dagrun for example_setup_teardown to 2024-03-07 00:00:00+00:00, run_after=2024-03-08 00:00:00+00:00
[2024-03-08T19:04:18.442+0000] {processor.py:183} INFO - Processing /home/airflow/.local/lib/python3.8/site-packages/airflow/example_dags/example_setup_teardown.py took 0.087 seconds
[2024-03-08T19:04:48.606+0000] {processor.py:161} INFO - Started process (PID=3647) to work on /home/airflow/.local/lib/python3.8/site-packages/airflow/example_dags/example_setup_teardown.py
[2024-03-08T19:04:48.607+0000] {processor.py:830} INFO - Processing file /home/airflow/.local/lib/python3.8/site-packages/airflow/example_dags/example_setup_teardown.py for tasks to queue
[2024-03-08T19:04:48.609+0000] {logging_mixin.py:188} INFO - [2024-03-08T19:04:48.609+0000] {dagbag.py:540} INFO - Filling up the DagBag from /home/airflow/.local/lib/python3.8/site-packages/airflow/example_dags/example_setup_teardown.py
[2024-03-08T19:04:48.615+0000] {processor.py:840} INFO - DAG(s) 'example_setup_teardown' retrieved from /home/airflow/.local/lib/python3.8/site-packages/airflow/example_dags/example_setup_teardown.py
[2024-03-08T19:04:48.633+0000] {logging_mixin.py:188} INFO - [2024-03-08T19:04:48.633+0000] {dag.py:3047} INFO - Sync 1 DAGs
[2024-03-08T19:04:48.690+0000] {logging_mixin.py:188} INFO - [2024-03-08T19:04:48.690+0000] {dag.py:3834} INFO - Setting next_dagrun for example_setup_teardown to 2024-03-07 00:00:00+00:00, run_after=2024-03-08 00:00:00+00:00
[2024-03-08T19:04:48.707+0000] {processor.py:183} INFO - Processing /home/airflow/.local/lib/python3.8/site-packages/airflow/example_dags/example_setup_teardown.py took 0.105 seconds
[2024-03-08T19:05:19.505+0000] {processor.py:161} INFO - Started process (PID=3702) to work on /home/airflow/.local/lib/python3.8/site-packages/airflow/example_dags/example_setup_teardown.py
[2024-03-08T19:05:19.507+0000] {processor.py:830} INFO - Processing file /home/airflow/.local/lib/python3.8/site-packages/airflow/example_dags/example_setup_teardown.py for tasks to queue
[2024-03-08T19:05:19.509+0000] {logging_mixin.py:188} INFO - [2024-03-08T19:05:19.509+0000] {dagbag.py:540} INFO - Filling up the DagBag from /home/airflow/.local/lib/python3.8/site-packages/airflow/example_dags/example_setup_teardown.py
[2024-03-08T19:05:19.517+0000] {processor.py:840} INFO - DAG(s) 'example_setup_teardown' retrieved from /home/airflow/.local/lib/python3.8/site-packages/airflow/example_dags/example_setup_teardown.py
[2024-03-08T19:05:19.537+0000] {logging_mixin.py:188} INFO - [2024-03-08T19:05:19.537+0000] {dag.py:3047} INFO - Sync 1 DAGs
[2024-03-08T19:05:19.562+0000] {logging_mixin.py:188} INFO - [2024-03-08T19:05:19.561+0000] {dag.py:3834} INFO - Setting next_dagrun for example_setup_teardown to 2024-03-07 00:00:00+00:00, run_after=2024-03-08 00:00:00+00:00
[2024-03-08T19:05:19.612+0000] {processor.py:183} INFO - Processing /home/airflow/.local/lib/python3.8/site-packages/airflow/example_dags/example_setup_teardown.py took 0.114 seconds
[2024-03-08T19:05:50.144+0000] {processor.py:161} INFO - Started process (PID=3757) to work on /home/airflow/.local/lib/python3.8/site-packages/airflow/example_dags/example_setup_teardown.py
[2024-03-08T19:05:50.145+0000] {processor.py:830} INFO - Processing file /home/airflow/.local/lib/python3.8/site-packages/airflow/example_dags/example_setup_teardown.py for tasks to queue
[2024-03-08T19:05:50.147+0000] {logging_mixin.py:188} INFO - [2024-03-08T19:05:50.147+0000] {dagbag.py:540} INFO - Filling up the DagBag from /home/airflow/.local/lib/python3.8/site-packages/airflow/example_dags/example_setup_teardown.py
[2024-03-08T19:05:50.154+0000] {processor.py:840} INFO - DAG(s) 'example_setup_teardown' retrieved from /home/airflow/.local/lib/python3.8/site-packages/airflow/example_dags/example_setup_teardown.py
[2024-03-08T19:05:50.173+0000] {logging_mixin.py:188} INFO - [2024-03-08T19:05:50.173+0000] {dag.py:3047} INFO - Sync 1 DAGs
[2024-03-08T19:05:50.199+0000] {logging_mixin.py:188} INFO - [2024-03-08T19:05:50.198+0000] {dag.py:3834} INFO - Setting next_dagrun for example_setup_teardown to 2024-03-07 00:00:00+00:00, run_after=2024-03-08 00:00:00+00:00
[2024-03-08T19:05:50.219+0000] {processor.py:183} INFO - Processing /home/airflow/.local/lib/python3.8/site-packages/airflow/example_dags/example_setup_teardown.py took 0.079 seconds
[2024-03-08T19:06:21.158+0000] {processor.py:161} INFO - Started process (PID=3812) to work on /home/airflow/.local/lib/python3.8/site-packages/airflow/example_dags/example_setup_teardown.py
[2024-03-08T19:06:21.159+0000] {processor.py:830} INFO - Processing file /home/airflow/.local/lib/python3.8/site-packages/airflow/example_dags/example_setup_teardown.py for tasks to queue
[2024-03-08T19:06:21.161+0000] {logging_mixin.py:188} INFO - [2024-03-08T19:06:21.161+0000] {dagbag.py:540} INFO - Filling up the DagBag from /home/airflow/.local/lib/python3.8/site-packages/airflow/example_dags/example_setup_teardown.py
[2024-03-08T19:06:21.167+0000] {processor.py:840} INFO - DAG(s) 'example_setup_teardown' retrieved from /home/airflow/.local/lib/python3.8/site-packages/airflow/example_dags/example_setup_teardown.py
[2024-03-08T19:06:21.189+0000] {logging_mixin.py:188} INFO - [2024-03-08T19:06:21.188+0000] {dag.py:3047} INFO - Sync 1 DAGs
[2024-03-08T19:06:21.212+0000] {logging_mixin.py:188} INFO - [2024-03-08T19:06:21.212+0000] {dag.py:3834} INFO - Setting next_dagrun for example_setup_teardown to 2024-03-07 00:00:00+00:00, run_after=2024-03-08 00:00:00+00:00
[2024-03-08T19:06:21.234+0000] {processor.py:183} INFO - Processing /home/airflow/.local/lib/python3.8/site-packages/airflow/example_dags/example_setup_teardown.py took 0.078 seconds
[2024-03-08T19:06:51.683+0000] {processor.py:161} INFO - Started process (PID=3867) to work on /home/airflow/.local/lib/python3.8/site-packages/airflow/example_dags/example_setup_teardown.py
[2024-03-08T19:06:51.684+0000] {processor.py:830} INFO - Processing file /home/airflow/.local/lib/python3.8/site-packages/airflow/example_dags/example_setup_teardown.py for tasks to queue
[2024-03-08T19:06:51.686+0000] {logging_mixin.py:188} INFO - [2024-03-08T19:06:51.685+0000] {dagbag.py:540} INFO - Filling up the DagBag from /home/airflow/.local/lib/python3.8/site-packages/airflow/example_dags/example_setup_teardown.py
[2024-03-08T19:06:51.692+0000] {processor.py:840} INFO - DAG(s) 'example_setup_teardown' retrieved from /home/airflow/.local/lib/python3.8/site-packages/airflow/example_dags/example_setup_teardown.py
[2024-03-08T19:06:51.712+0000] {logging_mixin.py:188} INFO - [2024-03-08T19:06:51.712+0000] {dag.py:3047} INFO - Sync 1 DAGs
[2024-03-08T19:06:51.732+0000] {logging_mixin.py:188} INFO - [2024-03-08T19:06:51.732+0000] {dag.py:3834} INFO - Setting next_dagrun for example_setup_teardown to 2024-03-07 00:00:00+00:00, run_after=2024-03-08 00:00:00+00:00
[2024-03-08T19:06:51.749+0000] {processor.py:183} INFO - Processing /home/airflow/.local/lib/python3.8/site-packages/airflow/example_dags/example_setup_teardown.py took 0.068 seconds
[2024-03-08T19:07:22.134+0000] {processor.py:161} INFO - Started process (PID=3922) to work on /home/airflow/.local/lib/python3.8/site-packages/airflow/example_dags/example_setup_teardown.py
[2024-03-08T19:07:22.135+0000] {processor.py:830} INFO - Processing file /home/airflow/.local/lib/python3.8/site-packages/airflow/example_dags/example_setup_teardown.py for tasks to queue
[2024-03-08T19:07:22.136+0000] {logging_mixin.py:188} INFO - [2024-03-08T19:07:22.136+0000] {dagbag.py:540} INFO - Filling up the DagBag from /home/airflow/.local/lib/python3.8/site-packages/airflow/example_dags/example_setup_teardown.py
[2024-03-08T19:07:22.142+0000] {processor.py:840} INFO - DAG(s) 'example_setup_teardown' retrieved from /home/airflow/.local/lib/python3.8/site-packages/airflow/example_dags/example_setup_teardown.py
[2024-03-08T19:07:22.161+0000] {logging_mixin.py:188} INFO - [2024-03-08T19:07:22.161+0000] {dag.py:3047} INFO - Sync 1 DAGs
[2024-03-08T19:07:22.183+0000] {logging_mixin.py:188} INFO - [2024-03-08T19:07:22.182+0000] {dag.py:3834} INFO - Setting next_dagrun for example_setup_teardown to 2024-03-07 00:00:00+00:00, run_after=2024-03-08 00:00:00+00:00
[2024-03-08T19:07:22.204+0000] {processor.py:183} INFO - Processing /home/airflow/.local/lib/python3.8/site-packages/airflow/example_dags/example_setup_teardown.py took 0.073 seconds
