[2024-03-08T18:32:43.501+0000] {processor.py:161} INFO - Started process (PID=166) to work on /home/airflow/.local/lib/python3.8/site-packages/airflow/example_dags/example_latest_only_with_trigger.py
[2024-03-08T18:32:43.501+0000] {processor.py:830} INFO - Processing file /home/airflow/.local/lib/python3.8/site-packages/airflow/example_dags/example_latest_only_with_trigger.py for tasks to queue
[2024-03-08T18:32:43.503+0000] {logging_mixin.py:188} INFO - [2024-03-08T18:32:43.502+0000] {dagbag.py:540} INFO - Filling up the DagBag from /home/airflow/.local/lib/python3.8/site-packages/airflow/example_dags/example_latest_only_with_trigger.py
[2024-03-08T18:32:43.510+0000] {processor.py:840} INFO - DAG(s) 'latest_only_with_trigger' retrieved from /home/airflow/.local/lib/python3.8/site-packages/airflow/example_dags/example_latest_only_with_trigger.py
[2024-03-08T18:32:43.521+0000] {logging_mixin.py:188} INFO - [2024-03-08T18:32:43.521+0000] {dag.py:3047} INFO - Sync 1 DAGs
[2024-03-08T18:32:43.542+0000] {logging_mixin.py:188} INFO - [2024-03-08T18:32:43.542+0000] {dag.py:3834} INFO - Setting next_dagrun for latest_only_with_trigger to 2024-03-08 12:00:00+00:00, run_after=2024-03-08 16:00:00+00:00
[2024-03-08T18:32:43.557+0000] {processor.py:183} INFO - Processing /home/airflow/.local/lib/python3.8/site-packages/airflow/example_dags/example_latest_only_with_trigger.py took 0.059 seconds
[2024-03-08T18:33:14.430+0000] {processor.py:161} INFO - Started process (PID=221) to work on /home/airflow/.local/lib/python3.8/site-packages/airflow/example_dags/example_latest_only_with_trigger.py
[2024-03-08T18:33:14.431+0000] {processor.py:830} INFO - Processing file /home/airflow/.local/lib/python3.8/site-packages/airflow/example_dags/example_latest_only_with_trigger.py for tasks to queue
[2024-03-08T18:33:14.433+0000] {logging_mixin.py:188} INFO - [2024-03-08T18:33:14.432+0000] {dagbag.py:540} INFO - Filling up the DagBag from /home/airflow/.local/lib/python3.8/site-packages/airflow/example_dags/example_latest_only_with_trigger.py
[2024-03-08T18:33:14.437+0000] {processor.py:840} INFO - DAG(s) 'latest_only_with_trigger' retrieved from /home/airflow/.local/lib/python3.8/site-packages/airflow/example_dags/example_latest_only_with_trigger.py
[2024-03-08T18:33:14.532+0000] {logging_mixin.py:188} INFO - [2024-03-08T18:33:14.531+0000] {dag.py:3047} INFO - Sync 1 DAGs
[2024-03-08T18:33:14.548+0000] {logging_mixin.py:188} INFO - [2024-03-08T18:33:14.548+0000] {dag.py:3834} INFO - Setting next_dagrun for latest_only_with_trigger to 2024-03-08 12:00:00+00:00, run_after=2024-03-08 16:00:00+00:00
[2024-03-08T18:33:14.562+0000] {processor.py:183} INFO - Processing /home/airflow/.local/lib/python3.8/site-packages/airflow/example_dags/example_latest_only_with_trigger.py took 0.135 seconds
[2024-03-08T18:33:45.104+0000] {processor.py:161} INFO - Started process (PID=276) to work on /home/airflow/.local/lib/python3.8/site-packages/airflow/example_dags/example_latest_only_with_trigger.py
[2024-03-08T18:33:45.105+0000] {processor.py:830} INFO - Processing file /home/airflow/.local/lib/python3.8/site-packages/airflow/example_dags/example_latest_only_with_trigger.py for tasks to queue
[2024-03-08T18:33:45.107+0000] {logging_mixin.py:188} INFO - [2024-03-08T18:33:45.106+0000] {dagbag.py:540} INFO - Filling up the DagBag from /home/airflow/.local/lib/python3.8/site-packages/airflow/example_dags/example_latest_only_with_trigger.py
[2024-03-08T18:33:45.113+0000] {processor.py:840} INFO - DAG(s) 'latest_only_with_trigger' retrieved from /home/airflow/.local/lib/python3.8/site-packages/airflow/example_dags/example_latest_only_with_trigger.py
[2024-03-08T18:33:45.132+0000] {logging_mixin.py:188} INFO - [2024-03-08T18:33:45.132+0000] {dag.py:3047} INFO - Sync 1 DAGs
[2024-03-08T18:33:45.151+0000] {logging_mixin.py:188} INFO - [2024-03-08T18:33:45.151+0000] {dag.py:3834} INFO - Setting next_dagrun for latest_only_with_trigger to 2024-03-08 12:00:00+00:00, run_after=2024-03-08 16:00:00+00:00
[2024-03-08T18:33:45.170+0000] {processor.py:183} INFO - Processing /home/airflow/.local/lib/python3.8/site-packages/airflow/example_dags/example_latest_only_with_trigger.py took 0.068 seconds
[2024-03-08T18:34:16.173+0000] {processor.py:161} INFO - Started process (PID=331) to work on /home/airflow/.local/lib/python3.8/site-packages/airflow/example_dags/example_latest_only_with_trigger.py
[2024-03-08T18:34:16.174+0000] {processor.py:830} INFO - Processing file /home/airflow/.local/lib/python3.8/site-packages/airflow/example_dags/example_latest_only_with_trigger.py for tasks to queue
[2024-03-08T18:34:16.176+0000] {logging_mixin.py:188} INFO - [2024-03-08T18:34:16.175+0000] {dagbag.py:540} INFO - Filling up the DagBag from /home/airflow/.local/lib/python3.8/site-packages/airflow/example_dags/example_latest_only_with_trigger.py
[2024-03-08T18:34:16.194+0000] {processor.py:840} INFO - DAG(s) 'latest_only_with_trigger' retrieved from /home/airflow/.local/lib/python3.8/site-packages/airflow/example_dags/example_latest_only_with_trigger.py
[2024-03-08T18:34:16.214+0000] {logging_mixin.py:188} INFO - [2024-03-08T18:34:16.214+0000] {dag.py:3047} INFO - Sync 1 DAGs
[2024-03-08T18:34:16.232+0000] {logging_mixin.py:188} INFO - [2024-03-08T18:34:16.231+0000] {dag.py:3834} INFO - Setting next_dagrun for latest_only_with_trigger to 2024-03-08 12:00:00+00:00, run_after=2024-03-08 16:00:00+00:00
[2024-03-08T18:34:16.246+0000] {processor.py:183} INFO - Processing /home/airflow/.local/lib/python3.8/site-packages/airflow/example_dags/example_latest_only_with_trigger.py took 0.076 seconds
[2024-03-08T18:34:46.710+0000] {processor.py:161} INFO - Started process (PID=386) to work on /home/airflow/.local/lib/python3.8/site-packages/airflow/example_dags/example_latest_only_with_trigger.py
[2024-03-08T18:34:46.710+0000] {processor.py:830} INFO - Processing file /home/airflow/.local/lib/python3.8/site-packages/airflow/example_dags/example_latest_only_with_trigger.py for tasks to queue
[2024-03-08T18:34:46.712+0000] {logging_mixin.py:188} INFO - [2024-03-08T18:34:46.711+0000] {dagbag.py:540} INFO - Filling up the DagBag from /home/airflow/.local/lib/python3.8/site-packages/airflow/example_dags/example_latest_only_with_trigger.py
[2024-03-08T18:34:46.716+0000] {processor.py:840} INFO - DAG(s) 'latest_only_with_trigger' retrieved from /home/airflow/.local/lib/python3.8/site-packages/airflow/example_dags/example_latest_only_with_trigger.py
[2024-03-08T18:34:46.733+0000] {logging_mixin.py:188} INFO - [2024-03-08T18:34:46.733+0000] {dag.py:3047} INFO - Sync 1 DAGs
[2024-03-08T18:34:46.751+0000] {logging_mixin.py:188} INFO - [2024-03-08T18:34:46.751+0000] {dag.py:3834} INFO - Setting next_dagrun for latest_only_with_trigger to 2024-03-08 12:00:00+00:00, run_after=2024-03-08 16:00:00+00:00
[2024-03-08T18:34:46.765+0000] {processor.py:183} INFO - Processing /home/airflow/.local/lib/python3.8/site-packages/airflow/example_dags/example_latest_only_with_trigger.py took 0.058 seconds
