[2024-03-08T18:32:44.110+0000] {processor.py:161} INFO - Started process (PID=178) to work on /home/airflow/.local/lib/python3.8/site-packages/airflow/example_dags/example_short_circuit_decorator.py
[2024-03-08T18:32:44.110+0000] {processor.py:830} INFO - Processing file /home/airflow/.local/lib/python3.8/site-packages/airflow/example_dags/example_short_circuit_decorator.py for tasks to queue
[2024-03-08T18:32:44.111+0000] {logging_mixin.py:188} INFO - [2024-03-08T18:32:44.111+0000] {dagbag.py:540} INFO - Filling up the DagBag from /home/airflow/.local/lib/python3.8/site-packages/airflow/example_dags/example_short_circuit_decorator.py
[2024-03-08T18:32:44.121+0000] {processor.py:840} INFO - DAG(s) 'example_short_circuit_decorator' retrieved from /home/airflow/.local/lib/python3.8/site-packages/airflow/example_dags/example_short_circuit_decorator.py
[2024-03-08T18:32:44.130+0000] {logging_mixin.py:188} INFO - [2024-03-08T18:32:44.130+0000] {dag.py:3047} INFO - Sync 1 DAGs
[2024-03-08T18:32:44.151+0000] {logging_mixin.py:188} INFO - [2024-03-08T18:32:44.151+0000] {dag.py:3834} INFO - Setting next_dagrun for example_short_circuit_decorator to 2024-03-07 00:00:00+00:00, run_after=2024-03-08 00:00:00+00:00
[2024-03-08T18:32:44.168+0000] {processor.py:183} INFO - Processing /home/airflow/.local/lib/python3.8/site-packages/airflow/example_dags/example_short_circuit_decorator.py took 0.060 seconds
[2024-03-08T18:33:15.527+0000] {processor.py:161} INFO - Started process (PID=233) to work on /home/airflow/.local/lib/python3.8/site-packages/airflow/example_dags/example_short_circuit_decorator.py
[2024-03-08T18:33:15.528+0000] {processor.py:830} INFO - Processing file /home/airflow/.local/lib/python3.8/site-packages/airflow/example_dags/example_short_circuit_decorator.py for tasks to queue
[2024-03-08T18:33:15.529+0000] {logging_mixin.py:188} INFO - [2024-03-08T18:33:15.529+0000] {dagbag.py:540} INFO - Filling up the DagBag from /home/airflow/.local/lib/python3.8/site-packages/airflow/example_dags/example_short_circuit_decorator.py
[2024-03-08T18:33:15.536+0000] {processor.py:840} INFO - DAG(s) 'example_short_circuit_decorator' retrieved from /home/airflow/.local/lib/python3.8/site-packages/airflow/example_dags/example_short_circuit_decorator.py
[2024-03-08T18:33:15.645+0000] {logging_mixin.py:188} INFO - [2024-03-08T18:33:15.644+0000] {dag.py:3047} INFO - Sync 1 DAGs
[2024-03-08T18:33:15.661+0000] {logging_mixin.py:188} INFO - [2024-03-08T18:33:15.661+0000] {dag.py:3834} INFO - Setting next_dagrun for example_short_circuit_decorator to 2024-03-07 00:00:00+00:00, run_after=2024-03-08 00:00:00+00:00
[2024-03-08T18:33:15.677+0000] {processor.py:183} INFO - Processing /home/airflow/.local/lib/python3.8/site-packages/airflow/example_dags/example_short_circuit_decorator.py took 0.152 seconds
[2024-03-08T18:33:45.810+0000] {processor.py:161} INFO - Started process (PID=288) to work on /home/airflow/.local/lib/python3.8/site-packages/airflow/example_dags/example_short_circuit_decorator.py
[2024-03-08T18:33:45.811+0000] {processor.py:830} INFO - Processing file /home/airflow/.local/lib/python3.8/site-packages/airflow/example_dags/example_short_circuit_decorator.py for tasks to queue
[2024-03-08T18:33:45.812+0000] {logging_mixin.py:188} INFO - [2024-03-08T18:33:45.812+0000] {dagbag.py:540} INFO - Filling up the DagBag from /home/airflow/.local/lib/python3.8/site-packages/airflow/example_dags/example_short_circuit_decorator.py
[2024-03-08T18:33:45.820+0000] {processor.py:840} INFO - DAG(s) 'example_short_circuit_decorator' retrieved from /home/airflow/.local/lib/python3.8/site-packages/airflow/example_dags/example_short_circuit_decorator.py
[2024-03-08T18:33:45.847+0000] {logging_mixin.py:188} INFO - [2024-03-08T18:33:45.847+0000] {dag.py:3047} INFO - Sync 1 DAGs
[2024-03-08T18:33:45.890+0000] {logging_mixin.py:188} INFO - [2024-03-08T18:33:45.890+0000] {dag.py:3834} INFO - Setting next_dagrun for example_short_circuit_decorator to 2024-03-07 00:00:00+00:00, run_after=2024-03-08 00:00:00+00:00
[2024-03-08T18:33:45.911+0000] {processor.py:183} INFO - Processing /home/airflow/.local/lib/python3.8/site-packages/airflow/example_dags/example_short_circuit_decorator.py took 0.104 seconds
