[2024-03-08T18:32:44.190+0000] {processor.py:161} INFO - Started process (PID=179) to work on /home/airflow/.local/lib/python3.8/site-packages/airflow/example_dags/example_short_circuit_operator.py
[2024-03-08T18:32:44.190+0000] {processor.py:830} INFO - Processing file /home/airflow/.local/lib/python3.8/site-packages/airflow/example_dags/example_short_circuit_operator.py for tasks to queue
[2024-03-08T18:32:44.192+0000] {logging_mixin.py:188} INFO - [2024-03-08T18:32:44.191+0000] {dagbag.py:540} INFO - Filling up the DagBag from /home/airflow/.local/lib/python3.8/site-packages/airflow/example_dags/example_short_circuit_operator.py
[2024-03-08T18:32:44.200+0000] {processor.py:840} INFO - DAG(s) 'example_short_circuit_operator' retrieved from /home/airflow/.local/lib/python3.8/site-packages/airflow/example_dags/example_short_circuit_operator.py
[2024-03-08T18:32:44.211+0000] {logging_mixin.py:188} INFO - [2024-03-08T18:32:44.211+0000] {dag.py:3047} INFO - Sync 1 DAGs
[2024-03-08T18:32:44.231+0000] {logging_mixin.py:188} INFO - [2024-03-08T18:32:44.231+0000] {dag.py:3834} INFO - Setting next_dagrun for example_short_circuit_operator to 2024-03-07 00:00:00+00:00, run_after=2024-03-08 00:00:00+00:00
[2024-03-08T18:32:44.248+0000] {processor.py:183} INFO - Processing /home/airflow/.local/lib/python3.8/site-packages/airflow/example_dags/example_short_circuit_operator.py took 0.061 seconds
[2024-03-08T18:33:15.558+0000] {processor.py:161} INFO - Started process (PID=234) to work on /home/airflow/.local/lib/python3.8/site-packages/airflow/example_dags/example_short_circuit_operator.py
[2024-03-08T18:33:15.559+0000] {processor.py:830} INFO - Processing file /home/airflow/.local/lib/python3.8/site-packages/airflow/example_dags/example_short_circuit_operator.py for tasks to queue
[2024-03-08T18:33:15.560+0000] {logging_mixin.py:188} INFO - [2024-03-08T18:33:15.560+0000] {dagbag.py:540} INFO - Filling up the DagBag from /home/airflow/.local/lib/python3.8/site-packages/airflow/example_dags/example_short_circuit_operator.py
[2024-03-08T18:33:15.566+0000] {processor.py:840} INFO - DAG(s) 'example_short_circuit_operator' retrieved from /home/airflow/.local/lib/python3.8/site-packages/airflow/example_dags/example_short_circuit_operator.py
[2024-03-08T18:33:15.657+0000] {logging_mixin.py:188} INFO - [2024-03-08T18:33:15.657+0000] {dag.py:3047} INFO - Sync 1 DAGs
[2024-03-08T18:33:15.674+0000] {logging_mixin.py:188} INFO - [2024-03-08T18:33:15.673+0000] {dag.py:3834} INFO - Setting next_dagrun for example_short_circuit_operator to 2024-03-07 00:00:00+00:00, run_after=2024-03-08 00:00:00+00:00
[2024-03-08T18:33:15.696+0000] {processor.py:183} INFO - Processing /home/airflow/.local/lib/python3.8/site-packages/airflow/example_dags/example_short_circuit_operator.py took 0.141 seconds
[2024-03-08T18:33:45.888+0000] {processor.py:161} INFO - Started process (PID=289) to work on /home/airflow/.local/lib/python3.8/site-packages/airflow/example_dags/example_short_circuit_operator.py
[2024-03-08T18:33:45.889+0000] {processor.py:830} INFO - Processing file /home/airflow/.local/lib/python3.8/site-packages/airflow/example_dags/example_short_circuit_operator.py for tasks to queue
[2024-03-08T18:33:45.891+0000] {logging_mixin.py:188} INFO - [2024-03-08T18:33:45.890+0000] {dagbag.py:540} INFO - Filling up the DagBag from /home/airflow/.local/lib/python3.8/site-packages/airflow/example_dags/example_short_circuit_operator.py
[2024-03-08T18:33:45.897+0000] {processor.py:840} INFO - DAG(s) 'example_short_circuit_operator' retrieved from /home/airflow/.local/lib/python3.8/site-packages/airflow/example_dags/example_short_circuit_operator.py
[2024-03-08T18:33:45.920+0000] {logging_mixin.py:188} INFO - [2024-03-08T18:33:45.920+0000] {dag.py:3047} INFO - Sync 1 DAGs
[2024-03-08T18:33:45.940+0000] {logging_mixin.py:188} INFO - [2024-03-08T18:33:45.939+0000] {dag.py:3834} INFO - Setting next_dagrun for example_short_circuit_operator to 2024-03-07 00:00:00+00:00, run_after=2024-03-08 00:00:00+00:00
[2024-03-08T18:33:45.958+0000] {processor.py:183} INFO - Processing /home/airflow/.local/lib/python3.8/site-packages/airflow/example_dags/example_short_circuit_operator.py took 0.088 seconds
[2024-03-08T18:34:16.777+0000] {processor.py:161} INFO - Started process (PID=344) to work on /home/airflow/.local/lib/python3.8/site-packages/airflow/example_dags/example_short_circuit_operator.py
[2024-03-08T18:34:16.778+0000] {processor.py:830} INFO - Processing file /home/airflow/.local/lib/python3.8/site-packages/airflow/example_dags/example_short_circuit_operator.py for tasks to queue
[2024-03-08T18:34:16.779+0000] {logging_mixin.py:188} INFO - [2024-03-08T18:34:16.779+0000] {dagbag.py:540} INFO - Filling up the DagBag from /home/airflow/.local/lib/python3.8/site-packages/airflow/example_dags/example_short_circuit_operator.py
[2024-03-08T18:34:16.785+0000] {processor.py:840} INFO - DAG(s) 'example_short_circuit_operator' retrieved from /home/airflow/.local/lib/python3.8/site-packages/airflow/example_dags/example_short_circuit_operator.py
[2024-03-08T18:34:16.805+0000] {logging_mixin.py:188} INFO - [2024-03-08T18:34:16.805+0000] {dag.py:3047} INFO - Sync 1 DAGs
[2024-03-08T18:34:16.828+0000] {logging_mixin.py:188} INFO - [2024-03-08T18:34:16.828+0000] {dag.py:3834} INFO - Setting next_dagrun for example_short_circuit_operator to 2024-03-07 00:00:00+00:00, run_after=2024-03-08 00:00:00+00:00
[2024-03-08T18:34:16.845+0000] {processor.py:183} INFO - Processing /home/airflow/.local/lib/python3.8/site-packages/airflow/example_dags/example_short_circuit_operator.py took 0.071 seconds
[2024-03-08T18:34:47.439+0000] {processor.py:161} INFO - Started process (PID=399) to work on /home/airflow/.local/lib/python3.8/site-packages/airflow/example_dags/example_short_circuit_operator.py
[2024-03-08T18:34:47.440+0000] {processor.py:830} INFO - Processing file /home/airflow/.local/lib/python3.8/site-packages/airflow/example_dags/example_short_circuit_operator.py for tasks to queue
[2024-03-08T18:34:47.442+0000] {logging_mixin.py:188} INFO - [2024-03-08T18:34:47.441+0000] {dagbag.py:540} INFO - Filling up the DagBag from /home/airflow/.local/lib/python3.8/site-packages/airflow/example_dags/example_short_circuit_operator.py
[2024-03-08T18:34:47.447+0000] {processor.py:840} INFO - DAG(s) 'example_short_circuit_operator' retrieved from /home/airflow/.local/lib/python3.8/site-packages/airflow/example_dags/example_short_circuit_operator.py
[2024-03-08T18:34:47.471+0000] {logging_mixin.py:188} INFO - [2024-03-08T18:34:47.471+0000] {dag.py:3047} INFO - Sync 1 DAGs
[2024-03-08T18:34:47.494+0000] {logging_mixin.py:188} INFO - [2024-03-08T18:34:47.494+0000] {dag.py:3834} INFO - Setting next_dagrun for example_short_circuit_operator to 2024-03-07 00:00:00+00:00, run_after=2024-03-08 00:00:00+00:00
[2024-03-08T18:34:47.513+0000] {processor.py:183} INFO - Processing /home/airflow/.local/lib/python3.8/site-packages/airflow/example_dags/example_short_circuit_operator.py took 0.076 seconds
[2024-03-08T18:35:17.799+0000] {processor.py:161} INFO - Started process (PID=454) to work on /home/airflow/.local/lib/python3.8/site-packages/airflow/example_dags/example_short_circuit_operator.py
[2024-03-08T18:35:17.800+0000] {processor.py:830} INFO - Processing file /home/airflow/.local/lib/python3.8/site-packages/airflow/example_dags/example_short_circuit_operator.py for tasks to queue
[2024-03-08T18:35:17.802+0000] {logging_mixin.py:188} INFO - [2024-03-08T18:35:17.801+0000] {dagbag.py:540} INFO - Filling up the DagBag from /home/airflow/.local/lib/python3.8/site-packages/airflow/example_dags/example_short_circuit_operator.py
[2024-03-08T18:35:17.811+0000] {processor.py:840} INFO - DAG(s) 'example_short_circuit_operator' retrieved from /home/airflow/.local/lib/python3.8/site-packages/airflow/example_dags/example_short_circuit_operator.py
[2024-03-08T18:35:17.835+0000] {logging_mixin.py:188} INFO - [2024-03-08T18:35:17.835+0000] {dag.py:3047} INFO - Sync 1 DAGs
[2024-03-08T18:35:17.899+0000] {logging_mixin.py:188} INFO - [2024-03-08T18:35:17.899+0000] {dag.py:3834} INFO - Setting next_dagrun for example_short_circuit_operator to 2024-03-07 00:00:00+00:00, run_after=2024-03-08 00:00:00+00:00
[2024-03-08T18:35:17.917+0000] {processor.py:183} INFO - Processing /home/airflow/.local/lib/python3.8/site-packages/airflow/example_dags/example_short_circuit_operator.py took 0.121 seconds
[2024-03-08T18:35:48.452+0000] {processor.py:161} INFO - Started process (PID=509) to work on /home/airflow/.local/lib/python3.8/site-packages/airflow/example_dags/example_short_circuit_operator.py
[2024-03-08T18:35:48.453+0000] {processor.py:830} INFO - Processing file /home/airflow/.local/lib/python3.8/site-packages/airflow/example_dags/example_short_circuit_operator.py for tasks to queue
[2024-03-08T18:35:48.454+0000] {logging_mixin.py:188} INFO - [2024-03-08T18:35:48.454+0000] {dagbag.py:540} INFO - Filling up the DagBag from /home/airflow/.local/lib/python3.8/site-packages/airflow/example_dags/example_short_circuit_operator.py
[2024-03-08T18:35:48.460+0000] {processor.py:840} INFO - DAG(s) 'example_short_circuit_operator' retrieved from /home/airflow/.local/lib/python3.8/site-packages/airflow/example_dags/example_short_circuit_operator.py
[2024-03-08T18:35:48.480+0000] {logging_mixin.py:188} INFO - [2024-03-08T18:35:48.480+0000] {dag.py:3047} INFO - Sync 1 DAGs
[2024-03-08T18:35:48.498+0000] {logging_mixin.py:188} INFO - [2024-03-08T18:35:48.497+0000] {dag.py:3834} INFO - Setting next_dagrun for example_short_circuit_operator to 2024-03-07 00:00:00+00:00, run_after=2024-03-08 00:00:00+00:00
[2024-03-08T18:35:48.511+0000] {processor.py:183} INFO - Processing /home/airflow/.local/lib/python3.8/site-packages/airflow/example_dags/example_short_circuit_operator.py took 0.061 seconds
[2024-03-08T18:36:19.176+0000] {processor.py:161} INFO - Started process (PID=564) to work on /home/airflow/.local/lib/python3.8/site-packages/airflow/example_dags/example_short_circuit_operator.py
[2024-03-08T18:36:19.177+0000] {processor.py:830} INFO - Processing file /home/airflow/.local/lib/python3.8/site-packages/airflow/example_dags/example_short_circuit_operator.py for tasks to queue
[2024-03-08T18:36:19.179+0000] {logging_mixin.py:188} INFO - [2024-03-08T18:36:19.178+0000] {dagbag.py:540} INFO - Filling up the DagBag from /home/airflow/.local/lib/python3.8/site-packages/airflow/example_dags/example_short_circuit_operator.py
[2024-03-08T18:36:19.189+0000] {processor.py:840} INFO - DAG(s) 'example_short_circuit_operator' retrieved from /home/airflow/.local/lib/python3.8/site-packages/airflow/example_dags/example_short_circuit_operator.py
[2024-03-08T18:36:19.217+0000] {logging_mixin.py:188} INFO - [2024-03-08T18:36:19.216+0000] {dag.py:3047} INFO - Sync 1 DAGs
[2024-03-08T18:36:19.241+0000] {logging_mixin.py:188} INFO - [2024-03-08T18:36:19.241+0000] {dag.py:3834} INFO - Setting next_dagrun for example_short_circuit_operator to 2024-03-07 00:00:00+00:00, run_after=2024-03-08 00:00:00+00:00
[2024-03-08T18:36:19.260+0000] {processor.py:183} INFO - Processing /home/airflow/.local/lib/python3.8/site-packages/airflow/example_dags/example_short_circuit_operator.py took 0.086 seconds
