[2024-03-08T18:32:44.198+0000] {processor.py:161} INFO - Started process (PID=180) to work on /home/airflow/.local/lib/python3.8/site-packages/airflow/example_dags/example_skip_dag.py
[2024-03-08T18:32:44.199+0000] {processor.py:830} INFO - Processing file /home/airflow/.local/lib/python3.8/site-packages/airflow/example_dags/example_skip_dag.py for tasks to queue
[2024-03-08T18:32:44.200+0000] {logging_mixin.py:188} INFO - [2024-03-08T18:32:44.200+0000] {dagbag.py:540} INFO - Filling up the DagBag from /home/airflow/.local/lib/python3.8/site-packages/airflow/example_dags/example_skip_dag.py
[2024-03-08T18:32:44.208+0000] {processor.py:840} INFO - DAG(s) 'example_skip_dag' retrieved from /home/airflow/.local/lib/python3.8/site-packages/airflow/example_dags/example_skip_dag.py
[2024-03-08T18:32:44.219+0000] {logging_mixin.py:188} INFO - [2024-03-08T18:32:44.218+0000] {dag.py:3047} INFO - Sync 1 DAGs
[2024-03-08T18:32:44.237+0000] {logging_mixin.py:188} INFO - [2024-03-08T18:32:44.237+0000] {dag.py:3834} INFO - Setting next_dagrun for example_skip_dag to 2024-03-07 00:00:00+00:00, run_after=2024-03-08 00:00:00+00:00
[2024-03-08T18:32:44.252+0000] {processor.py:183} INFO - Processing /home/airflow/.local/lib/python3.8/site-packages/airflow/example_dags/example_skip_dag.py took 0.056 seconds
[2024-03-08T18:33:15.699+0000] {processor.py:161} INFO - Started process (PID=235) to work on /home/airflow/.local/lib/python3.8/site-packages/airflow/example_dags/example_skip_dag.py
[2024-03-08T18:33:15.701+0000] {processor.py:830} INFO - Processing file /home/airflow/.local/lib/python3.8/site-packages/airflow/example_dags/example_skip_dag.py for tasks to queue
[2024-03-08T18:33:15.702+0000] {logging_mixin.py:188} INFO - [2024-03-08T18:33:15.702+0000] {dagbag.py:540} INFO - Filling up the DagBag from /home/airflow/.local/lib/python3.8/site-packages/airflow/example_dags/example_skip_dag.py
[2024-03-08T18:33:15.707+0000] {processor.py:840} INFO - DAG(s) 'example_skip_dag' retrieved from /home/airflow/.local/lib/python3.8/site-packages/airflow/example_dags/example_skip_dag.py
[2024-03-08T18:33:15.810+0000] {logging_mixin.py:188} INFO - [2024-03-08T18:33:15.810+0000] {dag.py:3047} INFO - Sync 1 DAGs
[2024-03-08T18:33:15.829+0000] {logging_mixin.py:188} INFO - [2024-03-08T18:33:15.829+0000] {dag.py:3834} INFO - Setting next_dagrun for example_skip_dag to 2024-03-07 00:00:00+00:00, run_after=2024-03-08 00:00:00+00:00
[2024-03-08T18:33:15.846+0000] {processor.py:183} INFO - Processing /home/airflow/.local/lib/python3.8/site-packages/airflow/example_dags/example_skip_dag.py took 0.149 seconds
[2024-03-08T18:33:45.934+0000] {processor.py:161} INFO - Started process (PID=290) to work on /home/airflow/.local/lib/python3.8/site-packages/airflow/example_dags/example_skip_dag.py
[2024-03-08T18:33:45.935+0000] {processor.py:830} INFO - Processing file /home/airflow/.local/lib/python3.8/site-packages/airflow/example_dags/example_skip_dag.py for tasks to queue
[2024-03-08T18:33:45.936+0000] {logging_mixin.py:188} INFO - [2024-03-08T18:33:45.936+0000] {dagbag.py:540} INFO - Filling up the DagBag from /home/airflow/.local/lib/python3.8/site-packages/airflow/example_dags/example_skip_dag.py
[2024-03-08T18:33:45.941+0000] {processor.py:840} INFO - DAG(s) 'example_skip_dag' retrieved from /home/airflow/.local/lib/python3.8/site-packages/airflow/example_dags/example_skip_dag.py
[2024-03-08T18:33:45.963+0000] {logging_mixin.py:188} INFO - [2024-03-08T18:33:45.963+0000] {dag.py:3047} INFO - Sync 1 DAGs
[2024-03-08T18:33:45.995+0000] {logging_mixin.py:188} INFO - [2024-03-08T18:33:45.995+0000] {dag.py:3834} INFO - Setting next_dagrun for example_skip_dag to 2024-03-07 00:00:00+00:00, run_after=2024-03-08 00:00:00+00:00
[2024-03-08T18:33:46.013+0000] {processor.py:183} INFO - Processing /home/airflow/.local/lib/python3.8/site-packages/airflow/example_dags/example_skip_dag.py took 0.082 seconds
[2024-03-08T18:34:16.836+0000] {processor.py:161} INFO - Started process (PID=345) to work on /home/airflow/.local/lib/python3.8/site-packages/airflow/example_dags/example_skip_dag.py
[2024-03-08T18:34:16.837+0000] {processor.py:830} INFO - Processing file /home/airflow/.local/lib/python3.8/site-packages/airflow/example_dags/example_skip_dag.py for tasks to queue
[2024-03-08T18:34:16.838+0000] {logging_mixin.py:188} INFO - [2024-03-08T18:34:16.838+0000] {dagbag.py:540} INFO - Filling up the DagBag from /home/airflow/.local/lib/python3.8/site-packages/airflow/example_dags/example_skip_dag.py
[2024-03-08T18:34:16.844+0000] {processor.py:840} INFO - DAG(s) 'example_skip_dag' retrieved from /home/airflow/.local/lib/python3.8/site-packages/airflow/example_dags/example_skip_dag.py
[2024-03-08T18:34:16.867+0000] {logging_mixin.py:188} INFO - [2024-03-08T18:34:16.866+0000] {dag.py:3047} INFO - Sync 1 DAGs
[2024-03-08T18:34:16.892+0000] {logging_mixin.py:188} INFO - [2024-03-08T18:34:16.891+0000] {dag.py:3834} INFO - Setting next_dagrun for example_skip_dag to 2024-03-07 00:00:00+00:00, run_after=2024-03-08 00:00:00+00:00
[2024-03-08T18:34:16.909+0000] {processor.py:183} INFO - Processing /home/airflow/.local/lib/python3.8/site-packages/airflow/example_dags/example_skip_dag.py took 0.076 seconds
[2024-03-08T18:34:47.512+0000] {processor.py:161} INFO - Started process (PID=400) to work on /home/airflow/.local/lib/python3.8/site-packages/airflow/example_dags/example_skip_dag.py
[2024-03-08T18:34:47.513+0000] {processor.py:830} INFO - Processing file /home/airflow/.local/lib/python3.8/site-packages/airflow/example_dags/example_skip_dag.py for tasks to queue
[2024-03-08T18:34:47.515+0000] {logging_mixin.py:188} INFO - [2024-03-08T18:34:47.514+0000] {dagbag.py:540} INFO - Filling up the DagBag from /home/airflow/.local/lib/python3.8/site-packages/airflow/example_dags/example_skip_dag.py
[2024-03-08T18:34:47.521+0000] {processor.py:840} INFO - DAG(s) 'example_skip_dag' retrieved from /home/airflow/.local/lib/python3.8/site-packages/airflow/example_dags/example_skip_dag.py
[2024-03-08T18:34:47.539+0000] {logging_mixin.py:188} INFO - [2024-03-08T18:34:47.539+0000] {dag.py:3047} INFO - Sync 1 DAGs
[2024-03-08T18:34:47.558+0000] {logging_mixin.py:188} INFO - [2024-03-08T18:34:47.557+0000] {dag.py:3834} INFO - Setting next_dagrun for example_skip_dag to 2024-03-07 00:00:00+00:00, run_after=2024-03-08 00:00:00+00:00
[2024-03-08T18:34:47.573+0000] {processor.py:183} INFO - Processing /home/airflow/.local/lib/python3.8/site-packages/airflow/example_dags/example_skip_dag.py took 0.063 seconds
[2024-03-08T18:35:17.924+0000] {processor.py:161} INFO - Started process (PID=455) to work on /home/airflow/.local/lib/python3.8/site-packages/airflow/example_dags/example_skip_dag.py
[2024-03-08T18:35:17.925+0000] {processor.py:830} INFO - Processing file /home/airflow/.local/lib/python3.8/site-packages/airflow/example_dags/example_skip_dag.py for tasks to queue
[2024-03-08T18:35:17.926+0000] {logging_mixin.py:188} INFO - [2024-03-08T18:35:17.926+0000] {dagbag.py:540} INFO - Filling up the DagBag from /home/airflow/.local/lib/python3.8/site-packages/airflow/example_dags/example_skip_dag.py
[2024-03-08T18:35:17.931+0000] {processor.py:840} INFO - DAG(s) 'example_skip_dag' retrieved from /home/airflow/.local/lib/python3.8/site-packages/airflow/example_dags/example_skip_dag.py
[2024-03-08T18:35:17.949+0000] {logging_mixin.py:188} INFO - [2024-03-08T18:35:17.949+0000] {dag.py:3047} INFO - Sync 1 DAGs
[2024-03-08T18:35:18.007+0000] {logging_mixin.py:188} INFO - [2024-03-08T18:35:18.007+0000] {dag.py:3834} INFO - Setting next_dagrun for example_skip_dag to 2024-03-07 00:00:00+00:00, run_after=2024-03-08 00:00:00+00:00
[2024-03-08T18:35:18.023+0000] {processor.py:183} INFO - Processing /home/airflow/.local/lib/python3.8/site-packages/airflow/example_dags/example_skip_dag.py took 0.102 seconds
[2024-03-08T18:35:48.457+0000] {processor.py:161} INFO - Started process (PID=510) to work on /home/airflow/.local/lib/python3.8/site-packages/airflow/example_dags/example_skip_dag.py
[2024-03-08T18:35:48.458+0000] {processor.py:830} INFO - Processing file /home/airflow/.local/lib/python3.8/site-packages/airflow/example_dags/example_skip_dag.py for tasks to queue
[2024-03-08T18:35:48.459+0000] {logging_mixin.py:188} INFO - [2024-03-08T18:35:48.459+0000] {dagbag.py:540} INFO - Filling up the DagBag from /home/airflow/.local/lib/python3.8/site-packages/airflow/example_dags/example_skip_dag.py
[2024-03-08T18:35:48.465+0000] {processor.py:840} INFO - DAG(s) 'example_skip_dag' retrieved from /home/airflow/.local/lib/python3.8/site-packages/airflow/example_dags/example_skip_dag.py
[2024-03-08T18:35:48.482+0000] {logging_mixin.py:188} INFO - [2024-03-08T18:35:48.482+0000] {dag.py:3047} INFO - Sync 1 DAGs
[2024-03-08T18:35:48.498+0000] {logging_mixin.py:188} INFO - [2024-03-08T18:35:48.498+0000] {dag.py:3834} INFO - Setting next_dagrun for example_skip_dag to 2024-03-07 00:00:00+00:00, run_after=2024-03-08 00:00:00+00:00
[2024-03-08T18:35:48.512+0000] {processor.py:183} INFO - Processing /home/airflow/.local/lib/python3.8/site-packages/airflow/example_dags/example_skip_dag.py took 0.057 seconds
[2024-03-08T18:36:19.274+0000] {processor.py:161} INFO - Started process (PID=565) to work on /home/airflow/.local/lib/python3.8/site-packages/airflow/example_dags/example_skip_dag.py
[2024-03-08T18:36:19.275+0000] {processor.py:830} INFO - Processing file /home/airflow/.local/lib/python3.8/site-packages/airflow/example_dags/example_skip_dag.py for tasks to queue
[2024-03-08T18:36:19.277+0000] {logging_mixin.py:188} INFO - [2024-03-08T18:36:19.276+0000] {dagbag.py:540} INFO - Filling up the DagBag from /home/airflow/.local/lib/python3.8/site-packages/airflow/example_dags/example_skip_dag.py
[2024-03-08T18:36:19.284+0000] {processor.py:840} INFO - DAG(s) 'example_skip_dag' retrieved from /home/airflow/.local/lib/python3.8/site-packages/airflow/example_dags/example_skip_dag.py
[2024-03-08T18:36:19.313+0000] {logging_mixin.py:188} INFO - [2024-03-08T18:36:19.313+0000] {dag.py:3047} INFO - Sync 1 DAGs
[2024-03-08T18:36:19.335+0000] {logging_mixin.py:188} INFO - [2024-03-08T18:36:19.335+0000] {dag.py:3834} INFO - Setting next_dagrun for example_skip_dag to 2024-03-07 00:00:00+00:00, run_after=2024-03-08 00:00:00+00:00
[2024-03-08T18:36:19.352+0000] {processor.py:183} INFO - Processing /home/airflow/.local/lib/python3.8/site-packages/airflow/example_dags/example_skip_dag.py took 0.081 seconds
[2024-03-08T18:36:49.959+0000] {processor.py:161} INFO - Started process (PID=620) to work on /home/airflow/.local/lib/python3.8/site-packages/airflow/example_dags/example_skip_dag.py
[2024-03-08T18:36:49.960+0000] {processor.py:830} INFO - Processing file /home/airflow/.local/lib/python3.8/site-packages/airflow/example_dags/example_skip_dag.py for tasks to queue
[2024-03-08T18:36:49.961+0000] {logging_mixin.py:188} INFO - [2024-03-08T18:36:49.961+0000] {dagbag.py:540} INFO - Filling up the DagBag from /home/airflow/.local/lib/python3.8/site-packages/airflow/example_dags/example_skip_dag.py
[2024-03-08T18:36:49.966+0000] {processor.py:840} INFO - DAG(s) 'example_skip_dag' retrieved from /home/airflow/.local/lib/python3.8/site-packages/airflow/example_dags/example_skip_dag.py
[2024-03-08T18:36:50.001+0000] {logging_mixin.py:188} INFO - [2024-03-08T18:36:50.001+0000] {dag.py:3047} INFO - Sync 1 DAGs
[2024-03-08T18:36:50.023+0000] {logging_mixin.py:188} INFO - [2024-03-08T18:36:50.023+0000] {dag.py:3834} INFO - Setting next_dagrun for example_skip_dag to 2024-03-07 00:00:00+00:00, run_after=2024-03-08 00:00:00+00:00
[2024-03-08T18:36:50.040+0000] {processor.py:183} INFO - Processing /home/airflow/.local/lib/python3.8/site-packages/airflow/example_dags/example_skip_dag.py took 0.084 seconds
[2024-03-08T18:37:20.801+0000] {processor.py:161} INFO - Started process (PID=675) to work on /home/airflow/.local/lib/python3.8/site-packages/airflow/example_dags/example_skip_dag.py
[2024-03-08T18:37:20.802+0000] {processor.py:830} INFO - Processing file /home/airflow/.local/lib/python3.8/site-packages/airflow/example_dags/example_skip_dag.py for tasks to queue
[2024-03-08T18:37:20.803+0000] {logging_mixin.py:188} INFO - [2024-03-08T18:37:20.803+0000] {dagbag.py:540} INFO - Filling up the DagBag from /home/airflow/.local/lib/python3.8/site-packages/airflow/example_dags/example_skip_dag.py
[2024-03-08T18:37:20.808+0000] {processor.py:840} INFO - DAG(s) 'example_skip_dag' retrieved from /home/airflow/.local/lib/python3.8/site-packages/airflow/example_dags/example_skip_dag.py
[2024-03-08T18:37:20.827+0000] {logging_mixin.py:188} INFO - [2024-03-08T18:37:20.827+0000] {dag.py:3047} INFO - Sync 1 DAGs
[2024-03-08T18:37:20.849+0000] {logging_mixin.py:188} INFO - [2024-03-08T18:37:20.849+0000] {dag.py:3834} INFO - Setting next_dagrun for example_skip_dag to 2024-03-07 00:00:00+00:00, run_after=2024-03-08 00:00:00+00:00
[2024-03-08T18:37:20.866+0000] {processor.py:183} INFO - Processing /home/airflow/.local/lib/python3.8/site-packages/airflow/example_dags/example_skip_dag.py took 0.068 seconds
[2024-03-08T18:37:52.720+0000] {processor.py:161} INFO - Started process (PID=730) to work on /home/airflow/.local/lib/python3.8/site-packages/airflow/example_dags/example_skip_dag.py
[2024-03-08T18:37:52.721+0000] {processor.py:830} INFO - Processing file /home/airflow/.local/lib/python3.8/site-packages/airflow/example_dags/example_skip_dag.py for tasks to queue
[2024-03-08T18:37:52.722+0000] {logging_mixin.py:188} INFO - [2024-03-08T18:37:52.722+0000] {dagbag.py:540} INFO - Filling up the DagBag from /home/airflow/.local/lib/python3.8/site-packages/airflow/example_dags/example_skip_dag.py
[2024-03-08T18:37:52.727+0000] {processor.py:840} INFO - DAG(s) 'example_skip_dag' retrieved from /home/airflow/.local/lib/python3.8/site-packages/airflow/example_dags/example_skip_dag.py
[2024-03-08T18:37:52.745+0000] {logging_mixin.py:188} INFO - [2024-03-08T18:37:52.744+0000] {dag.py:3047} INFO - Sync 1 DAGs
[2024-03-08T18:37:52.764+0000] {logging_mixin.py:188} INFO - [2024-03-08T18:37:52.764+0000] {dag.py:3834} INFO - Setting next_dagrun for example_skip_dag to 2024-03-07 00:00:00+00:00, run_after=2024-03-08 00:00:00+00:00
[2024-03-08T18:37:52.777+0000] {processor.py:183} INFO - Processing /home/airflow/.local/lib/python3.8/site-packages/airflow/example_dags/example_skip_dag.py took 0.060 seconds
[2024-03-08T18:38:24.113+0000] {processor.py:161} INFO - Started process (PID=785) to work on /home/airflow/.local/lib/python3.8/site-packages/airflow/example_dags/example_skip_dag.py
[2024-03-08T18:38:24.114+0000] {processor.py:830} INFO - Processing file /home/airflow/.local/lib/python3.8/site-packages/airflow/example_dags/example_skip_dag.py for tasks to queue
[2024-03-08T18:38:24.115+0000] {logging_mixin.py:188} INFO - [2024-03-08T18:38:24.115+0000] {dagbag.py:540} INFO - Filling up the DagBag from /home/airflow/.local/lib/python3.8/site-packages/airflow/example_dags/example_skip_dag.py
[2024-03-08T18:38:24.122+0000] {processor.py:840} INFO - DAG(s) 'example_skip_dag' retrieved from /home/airflow/.local/lib/python3.8/site-packages/airflow/example_dags/example_skip_dag.py
[2024-03-08T18:38:24.144+0000] {logging_mixin.py:188} INFO - [2024-03-08T18:38:24.144+0000] {dag.py:3047} INFO - Sync 1 DAGs
[2024-03-08T18:38:24.168+0000] {logging_mixin.py:188} INFO - [2024-03-08T18:38:24.168+0000] {dag.py:3834} INFO - Setting next_dagrun for example_skip_dag to 2024-03-07 00:00:00+00:00, run_after=2024-03-08 00:00:00+00:00
[2024-03-08T18:38:24.186+0000] {processor.py:183} INFO - Processing /home/airflow/.local/lib/python3.8/site-packages/airflow/example_dags/example_skip_dag.py took 0.076 seconds
[2024-03-08T18:38:55.120+0000] {processor.py:161} INFO - Started process (PID=840) to work on /home/airflow/.local/lib/python3.8/site-packages/airflow/example_dags/example_skip_dag.py
[2024-03-08T18:38:55.121+0000] {processor.py:830} INFO - Processing file /home/airflow/.local/lib/python3.8/site-packages/airflow/example_dags/example_skip_dag.py for tasks to queue
[2024-03-08T18:38:55.122+0000] {logging_mixin.py:188} INFO - [2024-03-08T18:38:55.122+0000] {dagbag.py:540} INFO - Filling up the DagBag from /home/airflow/.local/lib/python3.8/site-packages/airflow/example_dags/example_skip_dag.py
[2024-03-08T18:38:55.128+0000] {processor.py:840} INFO - DAG(s) 'example_skip_dag' retrieved from /home/airflow/.local/lib/python3.8/site-packages/airflow/example_dags/example_skip_dag.py
[2024-03-08T18:38:55.146+0000] {logging_mixin.py:188} INFO - [2024-03-08T18:38:55.145+0000] {dag.py:3047} INFO - Sync 1 DAGs
[2024-03-08T18:38:55.200+0000] {logging_mixin.py:188} INFO - [2024-03-08T18:38:55.200+0000] {dag.py:3834} INFO - Setting next_dagrun for example_skip_dag to 2024-03-07 00:00:00+00:00, run_after=2024-03-08 00:00:00+00:00
[2024-03-08T18:38:55.224+0000] {processor.py:183} INFO - Processing /home/airflow/.local/lib/python3.8/site-packages/airflow/example_dags/example_skip_dag.py took 0.107 seconds
[2024-03-08T18:39:26.057+0000] {processor.py:161} INFO - Started process (PID=895) to work on /home/airflow/.local/lib/python3.8/site-packages/airflow/example_dags/example_skip_dag.py
[2024-03-08T18:39:26.058+0000] {processor.py:830} INFO - Processing file /home/airflow/.local/lib/python3.8/site-packages/airflow/example_dags/example_skip_dag.py for tasks to queue
[2024-03-08T18:39:26.060+0000] {logging_mixin.py:188} INFO - [2024-03-08T18:39:26.059+0000] {dagbag.py:540} INFO - Filling up the DagBag from /home/airflow/.local/lib/python3.8/site-packages/airflow/example_dags/example_skip_dag.py
[2024-03-08T18:39:26.065+0000] {processor.py:840} INFO - DAG(s) 'example_skip_dag' retrieved from /home/airflow/.local/lib/python3.8/site-packages/airflow/example_dags/example_skip_dag.py
[2024-03-08T18:39:26.085+0000] {logging_mixin.py:188} INFO - [2024-03-08T18:39:26.084+0000] {dag.py:3047} INFO - Sync 1 DAGs
[2024-03-08T18:39:26.102+0000] {logging_mixin.py:188} INFO - [2024-03-08T18:39:26.102+0000] {dag.py:3834} INFO - Setting next_dagrun for example_skip_dag to 2024-03-07 00:00:00+00:00, run_after=2024-03-08 00:00:00+00:00
[2024-03-08T18:39:26.115+0000] {processor.py:183} INFO - Processing /home/airflow/.local/lib/python3.8/site-packages/airflow/example_dags/example_skip_dag.py took 0.060 seconds
[2024-03-08T18:39:56.433+0000] {processor.py:161} INFO - Started process (PID=950) to work on /home/airflow/.local/lib/python3.8/site-packages/airflow/example_dags/example_skip_dag.py
[2024-03-08T18:39:56.434+0000] {processor.py:830} INFO - Processing file /home/airflow/.local/lib/python3.8/site-packages/airflow/example_dags/example_skip_dag.py for tasks to queue
[2024-03-08T18:39:56.435+0000] {logging_mixin.py:188} INFO - [2024-03-08T18:39:56.435+0000] {dagbag.py:540} INFO - Filling up the DagBag from /home/airflow/.local/lib/python3.8/site-packages/airflow/example_dags/example_skip_dag.py
[2024-03-08T18:39:56.440+0000] {processor.py:840} INFO - DAG(s) 'example_skip_dag' retrieved from /home/airflow/.local/lib/python3.8/site-packages/airflow/example_dags/example_skip_dag.py
[2024-03-08T18:39:56.456+0000] {logging_mixin.py:188} INFO - [2024-03-08T18:39:56.455+0000] {dag.py:3047} INFO - Sync 1 DAGs
[2024-03-08T18:39:56.472+0000] {logging_mixin.py:188} INFO - [2024-03-08T18:39:56.472+0000] {dag.py:3834} INFO - Setting next_dagrun for example_skip_dag to 2024-03-07 00:00:00+00:00, run_after=2024-03-08 00:00:00+00:00
[2024-03-08T18:39:56.486+0000] {processor.py:183} INFO - Processing /home/airflow/.local/lib/python3.8/site-packages/airflow/example_dags/example_skip_dag.py took 0.055 seconds
[2024-03-08T18:40:26.800+0000] {processor.py:161} INFO - Started process (PID=1005) to work on /home/airflow/.local/lib/python3.8/site-packages/airflow/example_dags/example_skip_dag.py
[2024-03-08T18:40:26.801+0000] {processor.py:830} INFO - Processing file /home/airflow/.local/lib/python3.8/site-packages/airflow/example_dags/example_skip_dag.py for tasks to queue
[2024-03-08T18:40:26.803+0000] {logging_mixin.py:188} INFO - [2024-03-08T18:40:26.802+0000] {dagbag.py:540} INFO - Filling up the DagBag from /home/airflow/.local/lib/python3.8/site-packages/airflow/example_dags/example_skip_dag.py
[2024-03-08T18:40:26.808+0000] {processor.py:840} INFO - DAG(s) 'example_skip_dag' retrieved from /home/airflow/.local/lib/python3.8/site-packages/airflow/example_dags/example_skip_dag.py
[2024-03-08T18:40:26.826+0000] {logging_mixin.py:188} INFO - [2024-03-08T18:40:26.826+0000] {dag.py:3047} INFO - Sync 1 DAGs
[2024-03-08T18:40:26.845+0000] {logging_mixin.py:188} INFO - [2024-03-08T18:40:26.844+0000] {dag.py:3834} INFO - Setting next_dagrun for example_skip_dag to 2024-03-07 00:00:00+00:00, run_after=2024-03-08 00:00:00+00:00
[2024-03-08T18:40:26.859+0000] {processor.py:183} INFO - Processing /home/airflow/.local/lib/python3.8/site-packages/airflow/example_dags/example_skip_dag.py took 0.062 seconds
[2024-03-08T18:40:57.195+0000] {processor.py:161} INFO - Started process (PID=1060) to work on /home/airflow/.local/lib/python3.8/site-packages/airflow/example_dags/example_skip_dag.py
[2024-03-08T18:40:57.196+0000] {processor.py:830} INFO - Processing file /home/airflow/.local/lib/python3.8/site-packages/airflow/example_dags/example_skip_dag.py for tasks to queue
[2024-03-08T18:40:57.197+0000] {logging_mixin.py:188} INFO - [2024-03-08T18:40:57.197+0000] {dagbag.py:540} INFO - Filling up the DagBag from /home/airflow/.local/lib/python3.8/site-packages/airflow/example_dags/example_skip_dag.py
[2024-03-08T18:40:57.203+0000] {processor.py:840} INFO - DAG(s) 'example_skip_dag' retrieved from /home/airflow/.local/lib/python3.8/site-packages/airflow/example_dags/example_skip_dag.py
[2024-03-08T18:40:57.228+0000] {logging_mixin.py:188} INFO - [2024-03-08T18:40:57.227+0000] {dag.py:3047} INFO - Sync 1 DAGs
[2024-03-08T18:40:57.254+0000] {logging_mixin.py:188} INFO - [2024-03-08T18:40:57.254+0000] {dag.py:3834} INFO - Setting next_dagrun for example_skip_dag to 2024-03-07 00:00:00+00:00, run_after=2024-03-08 00:00:00+00:00
[2024-03-08T18:40:57.269+0000] {processor.py:183} INFO - Processing /home/airflow/.local/lib/python3.8/site-packages/airflow/example_dags/example_skip_dag.py took 0.076 seconds
[2024-03-08T18:41:27.727+0000] {processor.py:161} INFO - Started process (PID=1115) to work on /home/airflow/.local/lib/python3.8/site-packages/airflow/example_dags/example_skip_dag.py
[2024-03-08T18:41:27.728+0000] {processor.py:830} INFO - Processing file /home/airflow/.local/lib/python3.8/site-packages/airflow/example_dags/example_skip_dag.py for tasks to queue
[2024-03-08T18:41:27.730+0000] {logging_mixin.py:188} INFO - [2024-03-08T18:41:27.729+0000] {dagbag.py:540} INFO - Filling up the DagBag from /home/airflow/.local/lib/python3.8/site-packages/airflow/example_dags/example_skip_dag.py
[2024-03-08T18:41:27.736+0000] {processor.py:840} INFO - DAG(s) 'example_skip_dag' retrieved from /home/airflow/.local/lib/python3.8/site-packages/airflow/example_dags/example_skip_dag.py
[2024-03-08T18:41:27.754+0000] {logging_mixin.py:188} INFO - [2024-03-08T18:41:27.754+0000] {dag.py:3047} INFO - Sync 1 DAGs
[2024-03-08T18:41:27.771+0000] {logging_mixin.py:188} INFO - [2024-03-08T18:41:27.771+0000] {dag.py:3834} INFO - Setting next_dagrun for example_skip_dag to 2024-03-07 00:00:00+00:00, run_after=2024-03-08 00:00:00+00:00
[2024-03-08T18:41:27.786+0000] {processor.py:183} INFO - Processing /home/airflow/.local/lib/python3.8/site-packages/airflow/example_dags/example_skip_dag.py took 0.061 seconds
[2024-03-08T18:41:58.061+0000] {processor.py:161} INFO - Started process (PID=1170) to work on /home/airflow/.local/lib/python3.8/site-packages/airflow/example_dags/example_skip_dag.py
[2024-03-08T18:41:58.062+0000] {processor.py:830} INFO - Processing file /home/airflow/.local/lib/python3.8/site-packages/airflow/example_dags/example_skip_dag.py for tasks to queue
[2024-03-08T18:41:58.063+0000] {logging_mixin.py:188} INFO - [2024-03-08T18:41:58.062+0000] {dagbag.py:540} INFO - Filling up the DagBag from /home/airflow/.local/lib/python3.8/site-packages/airflow/example_dags/example_skip_dag.py
[2024-03-08T18:41:58.068+0000] {processor.py:840} INFO - DAG(s) 'example_skip_dag' retrieved from /home/airflow/.local/lib/python3.8/site-packages/airflow/example_dags/example_skip_dag.py
[2024-03-08T18:41:58.084+0000] {logging_mixin.py:188} INFO - [2024-03-08T18:41:58.084+0000] {dag.py:3047} INFO - Sync 1 DAGs
[2024-03-08T18:41:58.103+0000] {logging_mixin.py:188} INFO - [2024-03-08T18:41:58.103+0000] {dag.py:3834} INFO - Setting next_dagrun for example_skip_dag to 2024-03-07 00:00:00+00:00, run_after=2024-03-08 00:00:00+00:00
[2024-03-08T18:41:58.117+0000] {processor.py:183} INFO - Processing /home/airflow/.local/lib/python3.8/site-packages/airflow/example_dags/example_skip_dag.py took 0.058 seconds
[2024-03-08T18:42:28.335+0000] {processor.py:161} INFO - Started process (PID=1225) to work on /home/airflow/.local/lib/python3.8/site-packages/airflow/example_dags/example_skip_dag.py
[2024-03-08T18:42:28.336+0000] {processor.py:830} INFO - Processing file /home/airflow/.local/lib/python3.8/site-packages/airflow/example_dags/example_skip_dag.py for tasks to queue
[2024-03-08T18:42:28.337+0000] {logging_mixin.py:188} INFO - [2024-03-08T18:42:28.337+0000] {dagbag.py:540} INFO - Filling up the DagBag from /home/airflow/.local/lib/python3.8/site-packages/airflow/example_dags/example_skip_dag.py
[2024-03-08T18:42:28.342+0000] {processor.py:840} INFO - DAG(s) 'example_skip_dag' retrieved from /home/airflow/.local/lib/python3.8/site-packages/airflow/example_dags/example_skip_dag.py
[2024-03-08T18:42:28.358+0000] {logging_mixin.py:188} INFO - [2024-03-08T18:42:28.358+0000] {dag.py:3047} INFO - Sync 1 DAGs
[2024-03-08T18:42:28.380+0000] {logging_mixin.py:188} INFO - [2024-03-08T18:42:28.380+0000] {dag.py:3834} INFO - Setting next_dagrun for example_skip_dag to 2024-03-07 00:00:00+00:00, run_after=2024-03-08 00:00:00+00:00
[2024-03-08T18:42:28.395+0000] {processor.py:183} INFO - Processing /home/airflow/.local/lib/python3.8/site-packages/airflow/example_dags/example_skip_dag.py took 0.062 seconds
[2024-03-08T18:42:58.492+0000] {processor.py:161} INFO - Started process (PID=1280) to work on /home/airflow/.local/lib/python3.8/site-packages/airflow/example_dags/example_skip_dag.py
[2024-03-08T18:42:58.493+0000] {processor.py:830} INFO - Processing file /home/airflow/.local/lib/python3.8/site-packages/airflow/example_dags/example_skip_dag.py for tasks to queue
[2024-03-08T18:42:58.494+0000] {logging_mixin.py:188} INFO - [2024-03-08T18:42:58.494+0000] {dagbag.py:540} INFO - Filling up the DagBag from /home/airflow/.local/lib/python3.8/site-packages/airflow/example_dags/example_skip_dag.py
[2024-03-08T18:42:58.500+0000] {processor.py:840} INFO - DAG(s) 'example_skip_dag' retrieved from /home/airflow/.local/lib/python3.8/site-packages/airflow/example_dags/example_skip_dag.py
[2024-03-08T18:42:58.516+0000] {logging_mixin.py:188} INFO - [2024-03-08T18:42:58.516+0000] {dag.py:3047} INFO - Sync 1 DAGs
[2024-03-08T18:42:58.534+0000] {logging_mixin.py:188} INFO - [2024-03-08T18:42:58.533+0000] {dag.py:3834} INFO - Setting next_dagrun for example_skip_dag to 2024-03-07 00:00:00+00:00, run_after=2024-03-08 00:00:00+00:00
[2024-03-08T18:42:58.547+0000] {processor.py:183} INFO - Processing /home/airflow/.local/lib/python3.8/site-packages/airflow/example_dags/example_skip_dag.py took 0.057 seconds
[2024-03-08T18:43:29.077+0000] {processor.py:161} INFO - Started process (PID=1335) to work on /home/airflow/.local/lib/python3.8/site-packages/airflow/example_dags/example_skip_dag.py
[2024-03-08T18:43:29.078+0000] {processor.py:830} INFO - Processing file /home/airflow/.local/lib/python3.8/site-packages/airflow/example_dags/example_skip_dag.py for tasks to queue
[2024-03-08T18:43:29.079+0000] {logging_mixin.py:188} INFO - [2024-03-08T18:43:29.079+0000] {dagbag.py:540} INFO - Filling up the DagBag from /home/airflow/.local/lib/python3.8/site-packages/airflow/example_dags/example_skip_dag.py
[2024-03-08T18:43:29.084+0000] {processor.py:840} INFO - DAG(s) 'example_skip_dag' retrieved from /home/airflow/.local/lib/python3.8/site-packages/airflow/example_dags/example_skip_dag.py
[2024-03-08T18:43:29.120+0000] {logging_mixin.py:188} INFO - [2024-03-08T18:43:29.119+0000] {dag.py:3047} INFO - Sync 1 DAGs
[2024-03-08T18:43:29.136+0000] {logging_mixin.py:188} INFO - [2024-03-08T18:43:29.136+0000] {dag.py:3834} INFO - Setting next_dagrun for example_skip_dag to 2024-03-07 00:00:00+00:00, run_after=2024-03-08 00:00:00+00:00
[2024-03-08T18:43:29.151+0000] {processor.py:183} INFO - Processing /home/airflow/.local/lib/python3.8/site-packages/airflow/example_dags/example_skip_dag.py took 0.076 seconds
[2024-03-08T18:43:59.430+0000] {processor.py:161} INFO - Started process (PID=1390) to work on /home/airflow/.local/lib/python3.8/site-packages/airflow/example_dags/example_skip_dag.py
[2024-03-08T18:43:59.431+0000] {processor.py:830} INFO - Processing file /home/airflow/.local/lib/python3.8/site-packages/airflow/example_dags/example_skip_dag.py for tasks to queue
[2024-03-08T18:43:59.432+0000] {logging_mixin.py:188} INFO - [2024-03-08T18:43:59.432+0000] {dagbag.py:540} INFO - Filling up the DagBag from /home/airflow/.local/lib/python3.8/site-packages/airflow/example_dags/example_skip_dag.py
[2024-03-08T18:43:59.437+0000] {processor.py:840} INFO - DAG(s) 'example_skip_dag' retrieved from /home/airflow/.local/lib/python3.8/site-packages/airflow/example_dags/example_skip_dag.py
[2024-03-08T18:43:59.455+0000] {logging_mixin.py:188} INFO - [2024-03-08T18:43:59.455+0000] {dag.py:3047} INFO - Sync 1 DAGs
[2024-03-08T18:43:59.473+0000] {logging_mixin.py:188} INFO - [2024-03-08T18:43:59.473+0000] {dag.py:3834} INFO - Setting next_dagrun for example_skip_dag to 2024-03-07 00:00:00+00:00, run_after=2024-03-08 00:00:00+00:00
[2024-03-08T18:43:59.486+0000] {processor.py:183} INFO - Processing /home/airflow/.local/lib/python3.8/site-packages/airflow/example_dags/example_skip_dag.py took 0.059 seconds
[2024-03-08T18:44:29.579+0000] {processor.py:161} INFO - Started process (PID=1445) to work on /home/airflow/.local/lib/python3.8/site-packages/airflow/example_dags/example_skip_dag.py
[2024-03-08T18:44:29.580+0000] {processor.py:830} INFO - Processing file /home/airflow/.local/lib/python3.8/site-packages/airflow/example_dags/example_skip_dag.py for tasks to queue
[2024-03-08T18:44:29.582+0000] {logging_mixin.py:188} INFO - [2024-03-08T18:44:29.581+0000] {dagbag.py:540} INFO - Filling up the DagBag from /home/airflow/.local/lib/python3.8/site-packages/airflow/example_dags/example_skip_dag.py
[2024-03-08T18:44:29.587+0000] {processor.py:840} INFO - DAG(s) 'example_skip_dag' retrieved from /home/airflow/.local/lib/python3.8/site-packages/airflow/example_dags/example_skip_dag.py
[2024-03-08T18:44:29.604+0000] {logging_mixin.py:188} INFO - [2024-03-08T18:44:29.604+0000] {dag.py:3047} INFO - Sync 1 DAGs
[2024-03-08T18:44:29.622+0000] {logging_mixin.py:188} INFO - [2024-03-08T18:44:29.621+0000] {dag.py:3834} INFO - Setting next_dagrun for example_skip_dag to 2024-03-07 00:00:00+00:00, run_after=2024-03-08 00:00:00+00:00
[2024-03-08T18:44:29.636+0000] {processor.py:183} INFO - Processing /home/airflow/.local/lib/python3.8/site-packages/airflow/example_dags/example_skip_dag.py took 0.059 seconds
[2024-03-08T18:44:59.800+0000] {processor.py:161} INFO - Started process (PID=1500) to work on /home/airflow/.local/lib/python3.8/site-packages/airflow/example_dags/example_skip_dag.py
[2024-03-08T18:44:59.801+0000] {processor.py:830} INFO - Processing file /home/airflow/.local/lib/python3.8/site-packages/airflow/example_dags/example_skip_dag.py for tasks to queue
[2024-03-08T18:44:59.802+0000] {logging_mixin.py:188} INFO - [2024-03-08T18:44:59.801+0000] {dagbag.py:540} INFO - Filling up the DagBag from /home/airflow/.local/lib/python3.8/site-packages/airflow/example_dags/example_skip_dag.py
[2024-03-08T18:44:59.806+0000] {processor.py:840} INFO - DAG(s) 'example_skip_dag' retrieved from /home/airflow/.local/lib/python3.8/site-packages/airflow/example_dags/example_skip_dag.py
[2024-03-08T18:44:59.823+0000] {logging_mixin.py:188} INFO - [2024-03-08T18:44:59.823+0000] {dag.py:3047} INFO - Sync 1 DAGs
[2024-03-08T18:44:59.842+0000] {logging_mixin.py:188} INFO - [2024-03-08T18:44:59.842+0000] {dag.py:3834} INFO - Setting next_dagrun for example_skip_dag to 2024-03-07 00:00:00+00:00, run_after=2024-03-08 00:00:00+00:00
[2024-03-08T18:44:59.856+0000] {processor.py:183} INFO - Processing /home/airflow/.local/lib/python3.8/site-packages/airflow/example_dags/example_skip_dag.py took 0.059 seconds
[2024-03-08T18:45:30.040+0000] {processor.py:161} INFO - Started process (PID=1555) to work on /home/airflow/.local/lib/python3.8/site-packages/airflow/example_dags/example_skip_dag.py
[2024-03-08T18:45:30.041+0000] {processor.py:830} INFO - Processing file /home/airflow/.local/lib/python3.8/site-packages/airflow/example_dags/example_skip_dag.py for tasks to queue
[2024-03-08T18:45:30.042+0000] {logging_mixin.py:188} INFO - [2024-03-08T18:45:30.041+0000] {dagbag.py:540} INFO - Filling up the DagBag from /home/airflow/.local/lib/python3.8/site-packages/airflow/example_dags/example_skip_dag.py
[2024-03-08T18:45:30.046+0000] {processor.py:840} INFO - DAG(s) 'example_skip_dag' retrieved from /home/airflow/.local/lib/python3.8/site-packages/airflow/example_dags/example_skip_dag.py
[2024-03-08T18:45:30.063+0000] {logging_mixin.py:188} INFO - [2024-03-08T18:45:30.063+0000] {dag.py:3047} INFO - Sync 1 DAGs
[2024-03-08T18:45:30.080+0000] {logging_mixin.py:188} INFO - [2024-03-08T18:45:30.079+0000] {dag.py:3834} INFO - Setting next_dagrun for example_skip_dag to 2024-03-07 00:00:00+00:00, run_after=2024-03-08 00:00:00+00:00
[2024-03-08T18:45:30.094+0000] {processor.py:183} INFO - Processing /home/airflow/.local/lib/python3.8/site-packages/airflow/example_dags/example_skip_dag.py took 0.057 seconds
[2024-03-08T18:46:00.547+0000] {processor.py:161} INFO - Started process (PID=1610) to work on /home/airflow/.local/lib/python3.8/site-packages/airflow/example_dags/example_skip_dag.py
[2024-03-08T18:46:00.548+0000] {processor.py:830} INFO - Processing file /home/airflow/.local/lib/python3.8/site-packages/airflow/example_dags/example_skip_dag.py for tasks to queue
[2024-03-08T18:46:00.549+0000] {logging_mixin.py:188} INFO - [2024-03-08T18:46:00.549+0000] {dagbag.py:540} INFO - Filling up the DagBag from /home/airflow/.local/lib/python3.8/site-packages/airflow/example_dags/example_skip_dag.py
[2024-03-08T18:46:00.554+0000] {processor.py:840} INFO - DAG(s) 'example_skip_dag' retrieved from /home/airflow/.local/lib/python3.8/site-packages/airflow/example_dags/example_skip_dag.py
[2024-03-08T18:46:00.572+0000] {logging_mixin.py:188} INFO - [2024-03-08T18:46:00.572+0000] {dag.py:3047} INFO - Sync 1 DAGs
[2024-03-08T18:46:00.597+0000] {logging_mixin.py:188} INFO - [2024-03-08T18:46:00.597+0000] {dag.py:3834} INFO - Setting next_dagrun for example_skip_dag to 2024-03-07 00:00:00+00:00, run_after=2024-03-08 00:00:00+00:00
[2024-03-08T18:46:00.611+0000] {processor.py:183} INFO - Processing /home/airflow/.local/lib/python3.8/site-packages/airflow/example_dags/example_skip_dag.py took 0.066 seconds
[2024-03-08T18:46:31.580+0000] {processor.py:161} INFO - Started process (PID=1671) to work on /home/airflow/.local/lib/python3.8/site-packages/airflow/example_dags/example_skip_dag.py
[2024-03-08T18:46:31.581+0000] {processor.py:830} INFO - Processing file /home/airflow/.local/lib/python3.8/site-packages/airflow/example_dags/example_skip_dag.py for tasks to queue
[2024-03-08T18:46:31.582+0000] {logging_mixin.py:188} INFO - [2024-03-08T18:46:31.582+0000] {dagbag.py:540} INFO - Filling up the DagBag from /home/airflow/.local/lib/python3.8/site-packages/airflow/example_dags/example_skip_dag.py
[2024-03-08T18:46:31.587+0000] {processor.py:840} INFO - DAG(s) 'example_skip_dag' retrieved from /home/airflow/.local/lib/python3.8/site-packages/airflow/example_dags/example_skip_dag.py
[2024-03-08T18:46:31.604+0000] {logging_mixin.py:188} INFO - [2024-03-08T18:46:31.604+0000] {dag.py:3047} INFO - Sync 1 DAGs
[2024-03-08T18:46:31.622+0000] {logging_mixin.py:188} INFO - [2024-03-08T18:46:31.622+0000] {dag.py:3834} INFO - Setting next_dagrun for example_skip_dag to 2024-03-07 00:00:00+00:00, run_after=2024-03-08 00:00:00+00:00
[2024-03-08T18:46:31.636+0000] {processor.py:183} INFO - Processing /home/airflow/.local/lib/python3.8/site-packages/airflow/example_dags/example_skip_dag.py took 0.058 seconds
[2024-03-08T18:47:02.322+0000] {processor.py:161} INFO - Started process (PID=1726) to work on /home/airflow/.local/lib/python3.8/site-packages/airflow/example_dags/example_skip_dag.py
[2024-03-08T18:47:02.323+0000] {processor.py:830} INFO - Processing file /home/airflow/.local/lib/python3.8/site-packages/airflow/example_dags/example_skip_dag.py for tasks to queue
[2024-03-08T18:47:02.324+0000] {logging_mixin.py:188} INFO - [2024-03-08T18:47:02.324+0000] {dagbag.py:540} INFO - Filling up the DagBag from /home/airflow/.local/lib/python3.8/site-packages/airflow/example_dags/example_skip_dag.py
[2024-03-08T18:47:02.329+0000] {processor.py:840} INFO - DAG(s) 'example_skip_dag' retrieved from /home/airflow/.local/lib/python3.8/site-packages/airflow/example_dags/example_skip_dag.py
[2024-03-08T18:47:02.347+0000] {logging_mixin.py:188} INFO - [2024-03-08T18:47:02.347+0000] {dag.py:3047} INFO - Sync 1 DAGs
[2024-03-08T18:47:02.364+0000] {logging_mixin.py:188} INFO - [2024-03-08T18:47:02.364+0000] {dag.py:3834} INFO - Setting next_dagrun for example_skip_dag to 2024-03-07 00:00:00+00:00, run_after=2024-03-08 00:00:00+00:00
[2024-03-08T18:47:02.377+0000] {processor.py:183} INFO - Processing /home/airflow/.local/lib/python3.8/site-packages/airflow/example_dags/example_skip_dag.py took 0.058 seconds
[2024-03-08T18:47:32.935+0000] {processor.py:161} INFO - Started process (PID=1781) to work on /home/airflow/.local/lib/python3.8/site-packages/airflow/example_dags/example_skip_dag.py
[2024-03-08T18:47:32.936+0000] {processor.py:830} INFO - Processing file /home/airflow/.local/lib/python3.8/site-packages/airflow/example_dags/example_skip_dag.py for tasks to queue
[2024-03-08T18:47:32.938+0000] {logging_mixin.py:188} INFO - [2024-03-08T18:47:32.937+0000] {dagbag.py:540} INFO - Filling up the DagBag from /home/airflow/.local/lib/python3.8/site-packages/airflow/example_dags/example_skip_dag.py
[2024-03-08T18:47:32.991+0000] {processor.py:840} INFO - DAG(s) 'example_skip_dag' retrieved from /home/airflow/.local/lib/python3.8/site-packages/airflow/example_dags/example_skip_dag.py
[2024-03-08T18:47:33.012+0000] {logging_mixin.py:188} INFO - [2024-03-08T18:47:33.012+0000] {dag.py:3047} INFO - Sync 1 DAGs
[2024-03-08T18:47:33.032+0000] {logging_mixin.py:188} INFO - [2024-03-08T18:47:33.032+0000] {dag.py:3834} INFO - Setting next_dagrun for example_skip_dag to 2024-03-07 00:00:00+00:00, run_after=2024-03-08 00:00:00+00:00
[2024-03-08T18:47:33.051+0000] {processor.py:183} INFO - Processing /home/airflow/.local/lib/python3.8/site-packages/airflow/example_dags/example_skip_dag.py took 0.118 seconds
[2024-03-08T18:48:03.228+0000] {processor.py:161} INFO - Started process (PID=1836) to work on /home/airflow/.local/lib/python3.8/site-packages/airflow/example_dags/example_skip_dag.py
[2024-03-08T18:48:03.229+0000] {processor.py:830} INFO - Processing file /home/airflow/.local/lib/python3.8/site-packages/airflow/example_dags/example_skip_dag.py for tasks to queue
[2024-03-08T18:48:03.230+0000] {logging_mixin.py:188} INFO - [2024-03-08T18:48:03.230+0000] {dagbag.py:540} INFO - Filling up the DagBag from /home/airflow/.local/lib/python3.8/site-packages/airflow/example_dags/example_skip_dag.py
[2024-03-08T18:48:03.237+0000] {processor.py:840} INFO - DAG(s) 'example_skip_dag' retrieved from /home/airflow/.local/lib/python3.8/site-packages/airflow/example_dags/example_skip_dag.py
[2024-03-08T18:48:03.256+0000] {logging_mixin.py:188} INFO - [2024-03-08T18:48:03.255+0000] {dag.py:3047} INFO - Sync 1 DAGs
[2024-03-08T18:48:03.278+0000] {logging_mixin.py:188} INFO - [2024-03-08T18:48:03.278+0000] {dag.py:3834} INFO - Setting next_dagrun for example_skip_dag to 2024-03-07 00:00:00+00:00, run_after=2024-03-08 00:00:00+00:00
[2024-03-08T18:48:03.295+0000] {processor.py:183} INFO - Processing /home/airflow/.local/lib/python3.8/site-packages/airflow/example_dags/example_skip_dag.py took 0.069 seconds
[2024-03-08T18:48:33.326+0000] {processor.py:161} INFO - Started process (PID=1891) to work on /home/airflow/.local/lib/python3.8/site-packages/airflow/example_dags/example_skip_dag.py
[2024-03-08T18:48:33.327+0000] {processor.py:830} INFO - Processing file /home/airflow/.local/lib/python3.8/site-packages/airflow/example_dags/example_skip_dag.py for tasks to queue
[2024-03-08T18:48:33.328+0000] {logging_mixin.py:188} INFO - [2024-03-08T18:48:33.328+0000] {dagbag.py:540} INFO - Filling up the DagBag from /home/airflow/.local/lib/python3.8/site-packages/airflow/example_dags/example_skip_dag.py
[2024-03-08T18:48:33.333+0000] {processor.py:840} INFO - DAG(s) 'example_skip_dag' retrieved from /home/airflow/.local/lib/python3.8/site-packages/airflow/example_dags/example_skip_dag.py
[2024-03-08T18:48:33.352+0000] {logging_mixin.py:188} INFO - [2024-03-08T18:48:33.352+0000] {dag.py:3047} INFO - Sync 1 DAGs
[2024-03-08T18:48:33.371+0000] {logging_mixin.py:188} INFO - [2024-03-08T18:48:33.371+0000] {dag.py:3834} INFO - Setting next_dagrun for example_skip_dag to 2024-03-07 00:00:00+00:00, run_after=2024-03-08 00:00:00+00:00
[2024-03-08T18:48:33.393+0000] {processor.py:183} INFO - Processing /home/airflow/.local/lib/python3.8/site-packages/airflow/example_dags/example_skip_dag.py took 0.070 seconds
[2024-03-08T18:49:03.747+0000] {processor.py:161} INFO - Started process (PID=1946) to work on /home/airflow/.local/lib/python3.8/site-packages/airflow/example_dags/example_skip_dag.py
[2024-03-08T18:49:03.748+0000] {processor.py:830} INFO - Processing file /home/airflow/.local/lib/python3.8/site-packages/airflow/example_dags/example_skip_dag.py for tasks to queue
[2024-03-08T18:49:03.750+0000] {logging_mixin.py:188} INFO - [2024-03-08T18:49:03.749+0000] {dagbag.py:540} INFO - Filling up the DagBag from /home/airflow/.local/lib/python3.8/site-packages/airflow/example_dags/example_skip_dag.py
[2024-03-08T18:49:03.756+0000] {processor.py:840} INFO - DAG(s) 'example_skip_dag' retrieved from /home/airflow/.local/lib/python3.8/site-packages/airflow/example_dags/example_skip_dag.py
[2024-03-08T18:49:03.774+0000] {logging_mixin.py:188} INFO - [2024-03-08T18:49:03.774+0000] {dag.py:3047} INFO - Sync 1 DAGs
[2024-03-08T18:49:03.796+0000] {logging_mixin.py:188} INFO - [2024-03-08T18:49:03.796+0000] {dag.py:3834} INFO - Setting next_dagrun for example_skip_dag to 2024-03-07 00:00:00+00:00, run_after=2024-03-08 00:00:00+00:00
[2024-03-08T18:49:03.812+0000] {processor.py:183} INFO - Processing /home/airflow/.local/lib/python3.8/site-packages/airflow/example_dags/example_skip_dag.py took 0.068 seconds
[2024-03-08T18:49:34.131+0000] {processor.py:161} INFO - Started process (PID=2001) to work on /home/airflow/.local/lib/python3.8/site-packages/airflow/example_dags/example_skip_dag.py
[2024-03-08T18:49:34.131+0000] {processor.py:830} INFO - Processing file /home/airflow/.local/lib/python3.8/site-packages/airflow/example_dags/example_skip_dag.py for tasks to queue
[2024-03-08T18:49:34.133+0000] {logging_mixin.py:188} INFO - [2024-03-08T18:49:34.133+0000] {dagbag.py:540} INFO - Filling up the DagBag from /home/airflow/.local/lib/python3.8/site-packages/airflow/example_dags/example_skip_dag.py
[2024-03-08T18:49:34.138+0000] {processor.py:840} INFO - DAG(s) 'example_skip_dag' retrieved from /home/airflow/.local/lib/python3.8/site-packages/airflow/example_dags/example_skip_dag.py
[2024-03-08T18:49:34.156+0000] {logging_mixin.py:188} INFO - [2024-03-08T18:49:34.155+0000] {dag.py:3047} INFO - Sync 1 DAGs
[2024-03-08T18:49:34.173+0000] {logging_mixin.py:188} INFO - [2024-03-08T18:49:34.173+0000] {dag.py:3834} INFO - Setting next_dagrun for example_skip_dag to 2024-03-07 00:00:00+00:00, run_after=2024-03-08 00:00:00+00:00
[2024-03-08T18:49:34.187+0000] {processor.py:183} INFO - Processing /home/airflow/.local/lib/python3.8/site-packages/airflow/example_dags/example_skip_dag.py took 0.059 seconds
[2024-03-08T18:50:04.837+0000] {processor.py:161} INFO - Started process (PID=2056) to work on /home/airflow/.local/lib/python3.8/site-packages/airflow/example_dags/example_skip_dag.py
[2024-03-08T18:50:04.838+0000] {processor.py:830} INFO - Processing file /home/airflow/.local/lib/python3.8/site-packages/airflow/example_dags/example_skip_dag.py for tasks to queue
[2024-03-08T18:50:04.839+0000] {logging_mixin.py:188} INFO - [2024-03-08T18:50:04.839+0000] {dagbag.py:540} INFO - Filling up the DagBag from /home/airflow/.local/lib/python3.8/site-packages/airflow/example_dags/example_skip_dag.py
[2024-03-08T18:50:04.845+0000] {processor.py:840} INFO - DAG(s) 'example_skip_dag' retrieved from /home/airflow/.local/lib/python3.8/site-packages/airflow/example_dags/example_skip_dag.py
[2024-03-08T18:50:04.866+0000] {logging_mixin.py:188} INFO - [2024-03-08T18:50:04.865+0000] {dag.py:3047} INFO - Sync 1 DAGs
[2024-03-08T18:50:04.884+0000] {logging_mixin.py:188} INFO - [2024-03-08T18:50:04.884+0000] {dag.py:3834} INFO - Setting next_dagrun for example_skip_dag to 2024-03-07 00:00:00+00:00, run_after=2024-03-08 00:00:00+00:00
[2024-03-08T18:50:04.900+0000] {processor.py:183} INFO - Processing /home/airflow/.local/lib/python3.8/site-packages/airflow/example_dags/example_skip_dag.py took 0.066 seconds
[2024-03-08T18:50:35.242+0000] {processor.py:161} INFO - Started process (PID=2111) to work on /home/airflow/.local/lib/python3.8/site-packages/airflow/example_dags/example_skip_dag.py
[2024-03-08T18:50:35.243+0000] {processor.py:830} INFO - Processing file /home/airflow/.local/lib/python3.8/site-packages/airflow/example_dags/example_skip_dag.py for tasks to queue
[2024-03-08T18:50:35.245+0000] {logging_mixin.py:188} INFO - [2024-03-08T18:50:35.244+0000] {dagbag.py:540} INFO - Filling up the DagBag from /home/airflow/.local/lib/python3.8/site-packages/airflow/example_dags/example_skip_dag.py
[2024-03-08T18:50:35.250+0000] {processor.py:840} INFO - DAG(s) 'example_skip_dag' retrieved from /home/airflow/.local/lib/python3.8/site-packages/airflow/example_dags/example_skip_dag.py
[2024-03-08T18:50:35.267+0000] {logging_mixin.py:188} INFO - [2024-03-08T18:50:35.267+0000] {dag.py:3047} INFO - Sync 1 DAGs
[2024-03-08T18:50:35.285+0000] {logging_mixin.py:188} INFO - [2024-03-08T18:50:35.285+0000] {dag.py:3834} INFO - Setting next_dagrun for example_skip_dag to 2024-03-07 00:00:00+00:00, run_after=2024-03-08 00:00:00+00:00
[2024-03-08T18:50:35.300+0000] {processor.py:183} INFO - Processing /home/airflow/.local/lib/python3.8/site-packages/airflow/example_dags/example_skip_dag.py took 0.060 seconds
[2024-03-08T18:51:05.608+0000] {processor.py:161} INFO - Started process (PID=2166) to work on /home/airflow/.local/lib/python3.8/site-packages/airflow/example_dags/example_skip_dag.py
[2024-03-08T18:51:05.609+0000] {processor.py:830} INFO - Processing file /home/airflow/.local/lib/python3.8/site-packages/airflow/example_dags/example_skip_dag.py for tasks to queue
[2024-03-08T18:51:05.611+0000] {logging_mixin.py:188} INFO - [2024-03-08T18:51:05.610+0000] {dagbag.py:540} INFO - Filling up the DagBag from /home/airflow/.local/lib/python3.8/site-packages/airflow/example_dags/example_skip_dag.py
[2024-03-08T18:51:05.616+0000] {processor.py:840} INFO - DAG(s) 'example_skip_dag' retrieved from /home/airflow/.local/lib/python3.8/site-packages/airflow/example_dags/example_skip_dag.py
[2024-03-08T18:51:05.637+0000] {logging_mixin.py:188} INFO - [2024-03-08T18:51:05.637+0000] {dag.py:3047} INFO - Sync 1 DAGs
[2024-03-08T18:51:05.655+0000] {logging_mixin.py:188} INFO - [2024-03-08T18:51:05.654+0000] {dag.py:3834} INFO - Setting next_dagrun for example_skip_dag to 2024-03-07 00:00:00+00:00, run_after=2024-03-08 00:00:00+00:00
[2024-03-08T18:51:05.668+0000] {processor.py:183} INFO - Processing /home/airflow/.local/lib/python3.8/site-packages/airflow/example_dags/example_skip_dag.py took 0.063 seconds
[2024-03-08T18:51:36.055+0000] {processor.py:161} INFO - Started process (PID=2221) to work on /home/airflow/.local/lib/python3.8/site-packages/airflow/example_dags/example_skip_dag.py
[2024-03-08T18:51:36.055+0000] {processor.py:830} INFO - Processing file /home/airflow/.local/lib/python3.8/site-packages/airflow/example_dags/example_skip_dag.py for tasks to queue
[2024-03-08T18:51:36.057+0000] {logging_mixin.py:188} INFO - [2024-03-08T18:51:36.057+0000] {dagbag.py:540} INFO - Filling up the DagBag from /home/airflow/.local/lib/python3.8/site-packages/airflow/example_dags/example_skip_dag.py
[2024-03-08T18:51:36.064+0000] {processor.py:840} INFO - DAG(s) 'example_skip_dag' retrieved from /home/airflow/.local/lib/python3.8/site-packages/airflow/example_dags/example_skip_dag.py
[2024-03-08T18:51:36.082+0000] {logging_mixin.py:188} INFO - [2024-03-08T18:51:36.081+0000] {dag.py:3047} INFO - Sync 1 DAGs
[2024-03-08T18:51:36.103+0000] {logging_mixin.py:188} INFO - [2024-03-08T18:51:36.102+0000] {dag.py:3834} INFO - Setting next_dagrun for example_skip_dag to 2024-03-07 00:00:00+00:00, run_after=2024-03-08 00:00:00+00:00
[2024-03-08T18:51:36.118+0000] {processor.py:183} INFO - Processing /home/airflow/.local/lib/python3.8/site-packages/airflow/example_dags/example_skip_dag.py took 0.067 seconds
[2024-03-08T18:52:06.486+0000] {processor.py:161} INFO - Started process (PID=2276) to work on /home/airflow/.local/lib/python3.8/site-packages/airflow/example_dags/example_skip_dag.py
[2024-03-08T18:52:06.487+0000] {processor.py:830} INFO - Processing file /home/airflow/.local/lib/python3.8/site-packages/airflow/example_dags/example_skip_dag.py for tasks to queue
[2024-03-08T18:52:06.488+0000] {logging_mixin.py:188} INFO - [2024-03-08T18:52:06.488+0000] {dagbag.py:540} INFO - Filling up the DagBag from /home/airflow/.local/lib/python3.8/site-packages/airflow/example_dags/example_skip_dag.py
[2024-03-08T18:52:06.495+0000] {processor.py:840} INFO - DAG(s) 'example_skip_dag' retrieved from /home/airflow/.local/lib/python3.8/site-packages/airflow/example_dags/example_skip_dag.py
[2024-03-08T18:52:06.516+0000] {logging_mixin.py:188} INFO - [2024-03-08T18:52:06.515+0000] {dag.py:3047} INFO - Sync 1 DAGs
[2024-03-08T18:52:06.538+0000] {logging_mixin.py:188} INFO - [2024-03-08T18:52:06.538+0000] {dag.py:3834} INFO - Setting next_dagrun for example_skip_dag to 2024-03-07 00:00:00+00:00, run_after=2024-03-08 00:00:00+00:00
[2024-03-08T18:52:06.553+0000] {processor.py:183} INFO - Processing /home/airflow/.local/lib/python3.8/site-packages/airflow/example_dags/example_skip_dag.py took 0.069 seconds
[2024-03-08T18:52:36.779+0000] {processor.py:161} INFO - Started process (PID=2331) to work on /home/airflow/.local/lib/python3.8/site-packages/airflow/example_dags/example_skip_dag.py
[2024-03-08T18:52:36.779+0000] {processor.py:830} INFO - Processing file /home/airflow/.local/lib/python3.8/site-packages/airflow/example_dags/example_skip_dag.py for tasks to queue
[2024-03-08T18:52:36.781+0000] {logging_mixin.py:188} INFO - [2024-03-08T18:52:36.781+0000] {dagbag.py:540} INFO - Filling up the DagBag from /home/airflow/.local/lib/python3.8/site-packages/airflow/example_dags/example_skip_dag.py
[2024-03-08T18:52:36.786+0000] {processor.py:840} INFO - DAG(s) 'example_skip_dag' retrieved from /home/airflow/.local/lib/python3.8/site-packages/airflow/example_dags/example_skip_dag.py
[2024-03-08T18:52:36.810+0000] {logging_mixin.py:188} INFO - [2024-03-08T18:52:36.809+0000] {dag.py:3047} INFO - Sync 1 DAGs
[2024-03-08T18:52:36.832+0000] {logging_mixin.py:188} INFO - [2024-03-08T18:52:36.832+0000] {dag.py:3834} INFO - Setting next_dagrun for example_skip_dag to 2024-03-07 00:00:00+00:00, run_after=2024-03-08 00:00:00+00:00
[2024-03-08T18:52:36.851+0000] {processor.py:183} INFO - Processing /home/airflow/.local/lib/python3.8/site-packages/airflow/example_dags/example_skip_dag.py took 0.075 seconds
[2024-03-08T18:53:07.305+0000] {processor.py:161} INFO - Started process (PID=2386) to work on /home/airflow/.local/lib/python3.8/site-packages/airflow/example_dags/example_skip_dag.py
[2024-03-08T18:53:07.306+0000] {processor.py:830} INFO - Processing file /home/airflow/.local/lib/python3.8/site-packages/airflow/example_dags/example_skip_dag.py for tasks to queue
[2024-03-08T18:53:07.308+0000] {logging_mixin.py:188} INFO - [2024-03-08T18:53:07.307+0000] {dagbag.py:540} INFO - Filling up the DagBag from /home/airflow/.local/lib/python3.8/site-packages/airflow/example_dags/example_skip_dag.py
[2024-03-08T18:53:07.314+0000] {processor.py:840} INFO - DAG(s) 'example_skip_dag' retrieved from /home/airflow/.local/lib/python3.8/site-packages/airflow/example_dags/example_skip_dag.py
[2024-03-08T18:53:07.337+0000] {logging_mixin.py:188} INFO - [2024-03-08T18:53:07.336+0000] {dag.py:3047} INFO - Sync 1 DAGs
[2024-03-08T18:53:07.360+0000] {logging_mixin.py:188} INFO - [2024-03-08T18:53:07.359+0000] {dag.py:3834} INFO - Setting next_dagrun for example_skip_dag to 2024-03-07 00:00:00+00:00, run_after=2024-03-08 00:00:00+00:00
[2024-03-08T18:53:07.379+0000] {processor.py:183} INFO - Processing /home/airflow/.local/lib/python3.8/site-packages/airflow/example_dags/example_skip_dag.py took 0.077 seconds
[2024-03-08T18:53:37.830+0000] {processor.py:161} INFO - Started process (PID=2441) to work on /home/airflow/.local/lib/python3.8/site-packages/airflow/example_dags/example_skip_dag.py
[2024-03-08T18:53:37.831+0000] {processor.py:830} INFO - Processing file /home/airflow/.local/lib/python3.8/site-packages/airflow/example_dags/example_skip_dag.py for tasks to queue
[2024-03-08T18:53:37.832+0000] {logging_mixin.py:188} INFO - [2024-03-08T18:53:37.832+0000] {dagbag.py:540} INFO - Filling up the DagBag from /home/airflow/.local/lib/python3.8/site-packages/airflow/example_dags/example_skip_dag.py
[2024-03-08T18:53:37.839+0000] {processor.py:840} INFO - DAG(s) 'example_skip_dag' retrieved from /home/airflow/.local/lib/python3.8/site-packages/airflow/example_dags/example_skip_dag.py
[2024-03-08T18:53:37.863+0000] {logging_mixin.py:188} INFO - [2024-03-08T18:53:37.862+0000] {dag.py:3047} INFO - Sync 1 DAGs
[2024-03-08T18:53:37.889+0000] {logging_mixin.py:188} INFO - [2024-03-08T18:53:37.889+0000] {dag.py:3834} INFO - Setting next_dagrun for example_skip_dag to 2024-03-07 00:00:00+00:00, run_after=2024-03-08 00:00:00+00:00
[2024-03-08T18:53:37.911+0000] {processor.py:183} INFO - Processing /home/airflow/.local/lib/python3.8/site-packages/airflow/example_dags/example_skip_dag.py took 0.084 seconds
[2024-03-08T18:54:08.645+0000] {processor.py:161} INFO - Started process (PID=2496) to work on /home/airflow/.local/lib/python3.8/site-packages/airflow/example_dags/example_skip_dag.py
[2024-03-08T18:54:08.646+0000] {processor.py:830} INFO - Processing file /home/airflow/.local/lib/python3.8/site-packages/airflow/example_dags/example_skip_dag.py for tasks to queue
[2024-03-08T18:54:08.648+0000] {logging_mixin.py:188} INFO - [2024-03-08T18:54:08.647+0000] {dagbag.py:540} INFO - Filling up the DagBag from /home/airflow/.local/lib/python3.8/site-packages/airflow/example_dags/example_skip_dag.py
[2024-03-08T18:54:08.654+0000] {processor.py:840} INFO - DAG(s) 'example_skip_dag' retrieved from /home/airflow/.local/lib/python3.8/site-packages/airflow/example_dags/example_skip_dag.py
[2024-03-08T18:54:08.679+0000] {logging_mixin.py:188} INFO - [2024-03-08T18:54:08.678+0000] {dag.py:3047} INFO - Sync 1 DAGs
[2024-03-08T18:54:08.703+0000] {logging_mixin.py:188} INFO - [2024-03-08T18:54:08.703+0000] {dag.py:3834} INFO - Setting next_dagrun for example_skip_dag to 2024-03-07 00:00:00+00:00, run_after=2024-03-08 00:00:00+00:00
[2024-03-08T18:54:08.721+0000] {processor.py:183} INFO - Processing /home/airflow/.local/lib/python3.8/site-packages/airflow/example_dags/example_skip_dag.py took 0.079 seconds
[2024-03-08T18:54:38.897+0000] {processor.py:161} INFO - Started process (PID=2551) to work on /home/airflow/.local/lib/python3.8/site-packages/airflow/example_dags/example_skip_dag.py
[2024-03-08T18:54:38.897+0000] {processor.py:830} INFO - Processing file /home/airflow/.local/lib/python3.8/site-packages/airflow/example_dags/example_skip_dag.py for tasks to queue
[2024-03-08T18:54:38.899+0000] {logging_mixin.py:188} INFO - [2024-03-08T18:54:38.899+0000] {dagbag.py:540} INFO - Filling up the DagBag from /home/airflow/.local/lib/python3.8/site-packages/airflow/example_dags/example_skip_dag.py
[2024-03-08T18:54:38.904+0000] {processor.py:840} INFO - DAG(s) 'example_skip_dag' retrieved from /home/airflow/.local/lib/python3.8/site-packages/airflow/example_dags/example_skip_dag.py
[2024-03-08T18:54:38.921+0000] {logging_mixin.py:188} INFO - [2024-03-08T18:54:38.920+0000] {dag.py:3047} INFO - Sync 1 DAGs
[2024-03-08T18:54:38.937+0000] {logging_mixin.py:188} INFO - [2024-03-08T18:54:38.937+0000] {dag.py:3834} INFO - Setting next_dagrun for example_skip_dag to 2024-03-07 00:00:00+00:00, run_after=2024-03-08 00:00:00+00:00
[2024-03-08T18:54:38.952+0000] {processor.py:183} INFO - Processing /home/airflow/.local/lib/python3.8/site-packages/airflow/example_dags/example_skip_dag.py took 0.058 seconds
[2024-03-08T18:55:09.147+0000] {processor.py:161} INFO - Started process (PID=2606) to work on /home/airflow/.local/lib/python3.8/site-packages/airflow/example_dags/example_skip_dag.py
[2024-03-08T18:55:09.148+0000] {processor.py:830} INFO - Processing file /home/airflow/.local/lib/python3.8/site-packages/airflow/example_dags/example_skip_dag.py for tasks to queue
[2024-03-08T18:55:09.150+0000] {logging_mixin.py:188} INFO - [2024-03-08T18:55:09.149+0000] {dagbag.py:540} INFO - Filling up the DagBag from /home/airflow/.local/lib/python3.8/site-packages/airflow/example_dags/example_skip_dag.py
[2024-03-08T18:55:09.155+0000] {processor.py:840} INFO - DAG(s) 'example_skip_dag' retrieved from /home/airflow/.local/lib/python3.8/site-packages/airflow/example_dags/example_skip_dag.py
[2024-03-08T18:55:09.176+0000] {logging_mixin.py:188} INFO - [2024-03-08T18:55:09.176+0000] {dag.py:3047} INFO - Sync 1 DAGs
[2024-03-08T18:55:09.199+0000] {logging_mixin.py:188} INFO - [2024-03-08T18:55:09.198+0000] {dag.py:3834} INFO - Setting next_dagrun for example_skip_dag to 2024-03-07 00:00:00+00:00, run_after=2024-03-08 00:00:00+00:00
[2024-03-08T18:55:09.215+0000] {processor.py:183} INFO - Processing /home/airflow/.local/lib/python3.8/site-packages/airflow/example_dags/example_skip_dag.py took 0.070 seconds
[2024-03-08T18:55:39.518+0000] {processor.py:161} INFO - Started process (PID=2661) to work on /home/airflow/.local/lib/python3.8/site-packages/airflow/example_dags/example_skip_dag.py
[2024-03-08T18:55:39.519+0000] {processor.py:830} INFO - Processing file /home/airflow/.local/lib/python3.8/site-packages/airflow/example_dags/example_skip_dag.py for tasks to queue
[2024-03-08T18:55:39.521+0000] {logging_mixin.py:188} INFO - [2024-03-08T18:55:39.520+0000] {dagbag.py:540} INFO - Filling up the DagBag from /home/airflow/.local/lib/python3.8/site-packages/airflow/example_dags/example_skip_dag.py
[2024-03-08T18:55:39.526+0000] {processor.py:840} INFO - DAG(s) 'example_skip_dag' retrieved from /home/airflow/.local/lib/python3.8/site-packages/airflow/example_dags/example_skip_dag.py
[2024-03-08T18:55:39.543+0000] {logging_mixin.py:188} INFO - [2024-03-08T18:55:39.543+0000] {dag.py:3047} INFO - Sync 1 DAGs
[2024-03-08T18:55:39.562+0000] {logging_mixin.py:188} INFO - [2024-03-08T18:55:39.562+0000] {dag.py:3834} INFO - Setting next_dagrun for example_skip_dag to 2024-03-07 00:00:00+00:00, run_after=2024-03-08 00:00:00+00:00
[2024-03-08T18:55:39.576+0000] {processor.py:183} INFO - Processing /home/airflow/.local/lib/python3.8/site-packages/airflow/example_dags/example_skip_dag.py took 0.060 seconds
[2024-03-08T18:56:09.800+0000] {processor.py:161} INFO - Started process (PID=2716) to work on /home/airflow/.local/lib/python3.8/site-packages/airflow/example_dags/example_skip_dag.py
[2024-03-08T18:56:09.801+0000] {processor.py:830} INFO - Processing file /home/airflow/.local/lib/python3.8/site-packages/airflow/example_dags/example_skip_dag.py for tasks to queue
[2024-03-08T18:56:09.803+0000] {logging_mixin.py:188} INFO - [2024-03-08T18:56:09.802+0000] {dagbag.py:540} INFO - Filling up the DagBag from /home/airflow/.local/lib/python3.8/site-packages/airflow/example_dags/example_skip_dag.py
[2024-03-08T18:56:09.809+0000] {processor.py:840} INFO - DAG(s) 'example_skip_dag' retrieved from /home/airflow/.local/lib/python3.8/site-packages/airflow/example_dags/example_skip_dag.py
[2024-03-08T18:56:09.827+0000] {logging_mixin.py:188} INFO - [2024-03-08T18:56:09.826+0000] {dag.py:3047} INFO - Sync 1 DAGs
[2024-03-08T18:56:09.844+0000] {logging_mixin.py:188} INFO - [2024-03-08T18:56:09.844+0000] {dag.py:3834} INFO - Setting next_dagrun for example_skip_dag to 2024-03-07 00:00:00+00:00, run_after=2024-03-08 00:00:00+00:00
[2024-03-08T18:56:09.857+0000] {processor.py:183} INFO - Processing /home/airflow/.local/lib/python3.8/site-packages/airflow/example_dags/example_skip_dag.py took 0.060 seconds
[2024-03-08T18:56:40.228+0000] {processor.py:161} INFO - Started process (PID=2771) to work on /home/airflow/.local/lib/python3.8/site-packages/airflow/example_dags/example_skip_dag.py
[2024-03-08T18:56:40.229+0000] {processor.py:830} INFO - Processing file /home/airflow/.local/lib/python3.8/site-packages/airflow/example_dags/example_skip_dag.py for tasks to queue
[2024-03-08T18:56:40.230+0000] {logging_mixin.py:188} INFO - [2024-03-08T18:56:40.230+0000] {dagbag.py:540} INFO - Filling up the DagBag from /home/airflow/.local/lib/python3.8/site-packages/airflow/example_dags/example_skip_dag.py
[2024-03-08T18:56:40.236+0000] {processor.py:840} INFO - DAG(s) 'example_skip_dag' retrieved from /home/airflow/.local/lib/python3.8/site-packages/airflow/example_dags/example_skip_dag.py
[2024-03-08T18:56:40.254+0000] {logging_mixin.py:188} INFO - [2024-03-08T18:56:40.254+0000] {dag.py:3047} INFO - Sync 1 DAGs
[2024-03-08T18:56:40.273+0000] {logging_mixin.py:188} INFO - [2024-03-08T18:56:40.273+0000] {dag.py:3834} INFO - Setting next_dagrun for example_skip_dag to 2024-03-07 00:00:00+00:00, run_after=2024-03-08 00:00:00+00:00
[2024-03-08T18:56:40.288+0000] {processor.py:183} INFO - Processing /home/airflow/.local/lib/python3.8/site-packages/airflow/example_dags/example_skip_dag.py took 0.062 seconds
[2024-03-08T18:57:10.762+0000] {processor.py:161} INFO - Started process (PID=2826) to work on /home/airflow/.local/lib/python3.8/site-packages/airflow/example_dags/example_skip_dag.py
[2024-03-08T18:57:10.763+0000] {processor.py:830} INFO - Processing file /home/airflow/.local/lib/python3.8/site-packages/airflow/example_dags/example_skip_dag.py for tasks to queue
[2024-03-08T18:57:10.764+0000] {logging_mixin.py:188} INFO - [2024-03-08T18:57:10.764+0000] {dagbag.py:540} INFO - Filling up the DagBag from /home/airflow/.local/lib/python3.8/site-packages/airflow/example_dags/example_skip_dag.py
[2024-03-08T18:57:10.769+0000] {processor.py:840} INFO - DAG(s) 'example_skip_dag' retrieved from /home/airflow/.local/lib/python3.8/site-packages/airflow/example_dags/example_skip_dag.py
[2024-03-08T18:57:10.787+0000] {logging_mixin.py:188} INFO - [2024-03-08T18:57:10.786+0000] {dag.py:3047} INFO - Sync 1 DAGs
[2024-03-08T18:57:10.808+0000] {logging_mixin.py:188} INFO - [2024-03-08T18:57:10.808+0000] {dag.py:3834} INFO - Setting next_dagrun for example_skip_dag to 2024-03-07 00:00:00+00:00, run_after=2024-03-08 00:00:00+00:00
[2024-03-08T18:57:10.827+0000] {processor.py:183} INFO - Processing /home/airflow/.local/lib/python3.8/site-packages/airflow/example_dags/example_skip_dag.py took 0.067 seconds
[2024-03-08T18:57:41.097+0000] {processor.py:161} INFO - Started process (PID=2881) to work on /home/airflow/.local/lib/python3.8/site-packages/airflow/example_dags/example_skip_dag.py
[2024-03-08T18:57:41.099+0000] {processor.py:830} INFO - Processing file /home/airflow/.local/lib/python3.8/site-packages/airflow/example_dags/example_skip_dag.py for tasks to queue
[2024-03-08T18:57:41.100+0000] {logging_mixin.py:188} INFO - [2024-03-08T18:57:41.100+0000] {dagbag.py:540} INFO - Filling up the DagBag from /home/airflow/.local/lib/python3.8/site-packages/airflow/example_dags/example_skip_dag.py
[2024-03-08T18:57:41.107+0000] {processor.py:840} INFO - DAG(s) 'example_skip_dag' retrieved from /home/airflow/.local/lib/python3.8/site-packages/airflow/example_dags/example_skip_dag.py
[2024-03-08T18:57:41.126+0000] {logging_mixin.py:188} INFO - [2024-03-08T18:57:41.126+0000] {dag.py:3047} INFO - Sync 1 DAGs
[2024-03-08T18:57:41.146+0000] {logging_mixin.py:188} INFO - [2024-03-08T18:57:41.145+0000] {dag.py:3834} INFO - Setting next_dagrun for example_skip_dag to 2024-03-07 00:00:00+00:00, run_after=2024-03-08 00:00:00+00:00
[2024-03-08T18:57:41.164+0000] {processor.py:183} INFO - Processing /home/airflow/.local/lib/python3.8/site-packages/airflow/example_dags/example_skip_dag.py took 0.069 seconds
[2024-03-08T18:58:11.420+0000] {processor.py:161} INFO - Started process (PID=2936) to work on /home/airflow/.local/lib/python3.8/site-packages/airflow/example_dags/example_skip_dag.py
[2024-03-08T18:58:11.421+0000] {processor.py:830} INFO - Processing file /home/airflow/.local/lib/python3.8/site-packages/airflow/example_dags/example_skip_dag.py for tasks to queue
[2024-03-08T18:58:11.422+0000] {logging_mixin.py:188} INFO - [2024-03-08T18:58:11.422+0000] {dagbag.py:540} INFO - Filling up the DagBag from /home/airflow/.local/lib/python3.8/site-packages/airflow/example_dags/example_skip_dag.py
[2024-03-08T18:58:11.428+0000] {processor.py:840} INFO - DAG(s) 'example_skip_dag' retrieved from /home/airflow/.local/lib/python3.8/site-packages/airflow/example_dags/example_skip_dag.py
[2024-03-08T18:58:11.448+0000] {logging_mixin.py:188} INFO - [2024-03-08T18:58:11.448+0000] {dag.py:3047} INFO - Sync 1 DAGs
[2024-03-08T18:58:11.468+0000] {logging_mixin.py:188} INFO - [2024-03-08T18:58:11.468+0000] {dag.py:3834} INFO - Setting next_dagrun for example_skip_dag to 2024-03-07 00:00:00+00:00, run_after=2024-03-08 00:00:00+00:00
[2024-03-08T18:58:11.483+0000] {processor.py:183} INFO - Processing /home/airflow/.local/lib/python3.8/site-packages/airflow/example_dags/example_skip_dag.py took 0.066 seconds
[2024-03-08T18:58:41.926+0000] {processor.py:161} INFO - Started process (PID=2991) to work on /home/airflow/.local/lib/python3.8/site-packages/airflow/example_dags/example_skip_dag.py
[2024-03-08T18:58:41.927+0000] {processor.py:830} INFO - Processing file /home/airflow/.local/lib/python3.8/site-packages/airflow/example_dags/example_skip_dag.py for tasks to queue
[2024-03-08T18:58:41.928+0000] {logging_mixin.py:188} INFO - [2024-03-08T18:58:41.928+0000] {dagbag.py:540} INFO - Filling up the DagBag from /home/airflow/.local/lib/python3.8/site-packages/airflow/example_dags/example_skip_dag.py
[2024-03-08T18:58:41.933+0000] {processor.py:840} INFO - DAG(s) 'example_skip_dag' retrieved from /home/airflow/.local/lib/python3.8/site-packages/airflow/example_dags/example_skip_dag.py
[2024-03-08T18:58:41.950+0000] {logging_mixin.py:188} INFO - [2024-03-08T18:58:41.950+0000] {dag.py:3047} INFO - Sync 1 DAGs
[2024-03-08T18:58:41.970+0000] {logging_mixin.py:188} INFO - [2024-03-08T18:58:41.970+0000] {dag.py:3834} INFO - Setting next_dagrun for example_skip_dag to 2024-03-07 00:00:00+00:00, run_after=2024-03-08 00:00:00+00:00
[2024-03-08T18:58:41.987+0000] {processor.py:183} INFO - Processing /home/airflow/.local/lib/python3.8/site-packages/airflow/example_dags/example_skip_dag.py took 0.063 seconds
[2024-03-08T18:59:12.682+0000] {processor.py:161} INFO - Started process (PID=3046) to work on /home/airflow/.local/lib/python3.8/site-packages/airflow/example_dags/example_skip_dag.py
[2024-03-08T18:59:12.683+0000] {processor.py:830} INFO - Processing file /home/airflow/.local/lib/python3.8/site-packages/airflow/example_dags/example_skip_dag.py for tasks to queue
[2024-03-08T18:59:12.684+0000] {logging_mixin.py:188} INFO - [2024-03-08T18:59:12.684+0000] {dagbag.py:540} INFO - Filling up the DagBag from /home/airflow/.local/lib/python3.8/site-packages/airflow/example_dags/example_skip_dag.py
[2024-03-08T18:59:12.690+0000] {processor.py:840} INFO - DAG(s) 'example_skip_dag' retrieved from /home/airflow/.local/lib/python3.8/site-packages/airflow/example_dags/example_skip_dag.py
[2024-03-08T18:59:12.716+0000] {logging_mixin.py:188} INFO - [2024-03-08T18:59:12.715+0000] {dag.py:3047} INFO - Sync 1 DAGs
[2024-03-08T18:59:12.738+0000] {logging_mixin.py:188} INFO - [2024-03-08T18:59:12.738+0000] {dag.py:3834} INFO - Setting next_dagrun for example_skip_dag to 2024-03-07 00:00:00+00:00, run_after=2024-03-08 00:00:00+00:00
[2024-03-08T18:59:12.757+0000] {processor.py:183} INFO - Processing /home/airflow/.local/lib/python3.8/site-packages/airflow/example_dags/example_skip_dag.py took 0.077 seconds
[2024-03-08T18:59:43.581+0000] {processor.py:161} INFO - Started process (PID=3101) to work on /home/airflow/.local/lib/python3.8/site-packages/airflow/example_dags/example_skip_dag.py
[2024-03-08T18:59:43.582+0000] {processor.py:830} INFO - Processing file /home/airflow/.local/lib/python3.8/site-packages/airflow/example_dags/example_skip_dag.py for tasks to queue
[2024-03-08T18:59:43.583+0000] {logging_mixin.py:188} INFO - [2024-03-08T18:59:43.583+0000] {dagbag.py:540} INFO - Filling up the DagBag from /home/airflow/.local/lib/python3.8/site-packages/airflow/example_dags/example_skip_dag.py
[2024-03-08T18:59:43.590+0000] {processor.py:840} INFO - DAG(s) 'example_skip_dag' retrieved from /home/airflow/.local/lib/python3.8/site-packages/airflow/example_dags/example_skip_dag.py
[2024-03-08T18:59:43.615+0000] {logging_mixin.py:188} INFO - [2024-03-08T18:59:43.615+0000] {dag.py:3047} INFO - Sync 1 DAGs
[2024-03-08T18:59:43.641+0000] {logging_mixin.py:188} INFO - [2024-03-08T18:59:43.641+0000] {dag.py:3834} INFO - Setting next_dagrun for example_skip_dag to 2024-03-07 00:00:00+00:00, run_after=2024-03-08 00:00:00+00:00
[2024-03-08T18:59:43.660+0000] {processor.py:183} INFO - Processing /home/airflow/.local/lib/python3.8/site-packages/airflow/example_dags/example_skip_dag.py took 0.082 seconds
[2024-03-08T19:00:14.070+0000] {processor.py:161} INFO - Started process (PID=3156) to work on /home/airflow/.local/lib/python3.8/site-packages/airflow/example_dags/example_skip_dag.py
[2024-03-08T19:00:14.071+0000] {processor.py:830} INFO - Processing file /home/airflow/.local/lib/python3.8/site-packages/airflow/example_dags/example_skip_dag.py for tasks to queue
[2024-03-08T19:00:14.073+0000] {logging_mixin.py:188} INFO - [2024-03-08T19:00:14.072+0000] {dagbag.py:540} INFO - Filling up the DagBag from /home/airflow/.local/lib/python3.8/site-packages/airflow/example_dags/example_skip_dag.py
[2024-03-08T19:00:14.079+0000] {processor.py:840} INFO - DAG(s) 'example_skip_dag' retrieved from /home/airflow/.local/lib/python3.8/site-packages/airflow/example_dags/example_skip_dag.py
[2024-03-08T19:00:14.099+0000] {logging_mixin.py:188} INFO - [2024-03-08T19:00:14.099+0000] {dag.py:3047} INFO - Sync 1 DAGs
[2024-03-08T19:00:14.125+0000] {logging_mixin.py:188} INFO - [2024-03-08T19:00:14.125+0000] {dag.py:3834} INFO - Setting next_dagrun for example_skip_dag to 2024-03-07 00:00:00+00:00, run_after=2024-03-08 00:00:00+00:00
[2024-03-08T19:00:14.147+0000] {processor.py:183} INFO - Processing /home/airflow/.local/lib/python3.8/site-packages/airflow/example_dags/example_skip_dag.py took 0.079 seconds
[2024-03-08T19:00:44.796+0000] {processor.py:161} INFO - Started process (PID=3211) to work on /home/airflow/.local/lib/python3.8/site-packages/airflow/example_dags/example_skip_dag.py
[2024-03-08T19:00:44.797+0000] {processor.py:830} INFO - Processing file /home/airflow/.local/lib/python3.8/site-packages/airflow/example_dags/example_skip_dag.py for tasks to queue
[2024-03-08T19:00:44.798+0000] {logging_mixin.py:188} INFO - [2024-03-08T19:00:44.798+0000] {dagbag.py:540} INFO - Filling up the DagBag from /home/airflow/.local/lib/python3.8/site-packages/airflow/example_dags/example_skip_dag.py
[2024-03-08T19:00:44.804+0000] {processor.py:840} INFO - DAG(s) 'example_skip_dag' retrieved from /home/airflow/.local/lib/python3.8/site-packages/airflow/example_dags/example_skip_dag.py
[2024-03-08T19:00:44.822+0000] {logging_mixin.py:188} INFO - [2024-03-08T19:00:44.822+0000] {dag.py:3047} INFO - Sync 1 DAGs
[2024-03-08T19:00:44.843+0000] {logging_mixin.py:188} INFO - [2024-03-08T19:00:44.843+0000] {dag.py:3834} INFO - Setting next_dagrun for example_skip_dag to 2024-03-07 00:00:00+00:00, run_after=2024-03-08 00:00:00+00:00
[2024-03-08T19:00:44.987+0000] {processor.py:183} INFO - Processing /home/airflow/.local/lib/python3.8/site-packages/airflow/example_dags/example_skip_dag.py took 0.194 seconds
[2024-03-08T19:01:15.406+0000] {processor.py:161} INFO - Started process (PID=3266) to work on /home/airflow/.local/lib/python3.8/site-packages/airflow/example_dags/example_skip_dag.py
[2024-03-08T19:01:15.407+0000] {processor.py:830} INFO - Processing file /home/airflow/.local/lib/python3.8/site-packages/airflow/example_dags/example_skip_dag.py for tasks to queue
[2024-03-08T19:01:15.408+0000] {logging_mixin.py:188} INFO - [2024-03-08T19:01:15.408+0000] {dagbag.py:540} INFO - Filling up the DagBag from /home/airflow/.local/lib/python3.8/site-packages/airflow/example_dags/example_skip_dag.py
[2024-03-08T19:01:15.414+0000] {processor.py:840} INFO - DAG(s) 'example_skip_dag' retrieved from /home/airflow/.local/lib/python3.8/site-packages/airflow/example_dags/example_skip_dag.py
[2024-03-08T19:01:15.437+0000] {logging_mixin.py:188} INFO - [2024-03-08T19:01:15.437+0000] {dag.py:3047} INFO - Sync 1 DAGs
[2024-03-08T19:01:15.461+0000] {logging_mixin.py:188} INFO - [2024-03-08T19:01:15.460+0000] {dag.py:3834} INFO - Setting next_dagrun for example_skip_dag to 2024-03-07 00:00:00+00:00, run_after=2024-03-08 00:00:00+00:00
[2024-03-08T19:01:15.610+0000] {processor.py:183} INFO - Processing /home/airflow/.local/lib/python3.8/site-packages/airflow/example_dags/example_skip_dag.py took 0.207 seconds
[2024-03-08T19:01:46.521+0000] {processor.py:161} INFO - Started process (PID=3321) to work on /home/airflow/.local/lib/python3.8/site-packages/airflow/example_dags/example_skip_dag.py
[2024-03-08T19:01:46.522+0000] {processor.py:830} INFO - Processing file /home/airflow/.local/lib/python3.8/site-packages/airflow/example_dags/example_skip_dag.py for tasks to queue
[2024-03-08T19:01:46.523+0000] {logging_mixin.py:188} INFO - [2024-03-08T19:01:46.523+0000] {dagbag.py:540} INFO - Filling up the DagBag from /home/airflow/.local/lib/python3.8/site-packages/airflow/example_dags/example_skip_dag.py
[2024-03-08T19:01:46.528+0000] {processor.py:840} INFO - DAG(s) 'example_skip_dag' retrieved from /home/airflow/.local/lib/python3.8/site-packages/airflow/example_dags/example_skip_dag.py
[2024-03-08T19:01:46.546+0000] {logging_mixin.py:188} INFO - [2024-03-08T19:01:46.546+0000] {dag.py:3047} INFO - Sync 1 DAGs
[2024-03-08T19:01:46.566+0000] {logging_mixin.py:188} INFO - [2024-03-08T19:01:46.566+0000] {dag.py:3834} INFO - Setting next_dagrun for example_skip_dag to 2024-03-07 00:00:00+00:00, run_after=2024-03-08 00:00:00+00:00
[2024-03-08T19:01:46.584+0000] {processor.py:183} INFO - Processing /home/airflow/.local/lib/python3.8/site-packages/airflow/example_dags/example_skip_dag.py took 0.066 seconds
[2024-03-08T19:02:17.324+0000] {processor.py:161} INFO - Started process (PID=3376) to work on /home/airflow/.local/lib/python3.8/site-packages/airflow/example_dags/example_skip_dag.py
[2024-03-08T19:02:17.325+0000] {processor.py:830} INFO - Processing file /home/airflow/.local/lib/python3.8/site-packages/airflow/example_dags/example_skip_dag.py for tasks to queue
[2024-03-08T19:02:17.327+0000] {logging_mixin.py:188} INFO - [2024-03-08T19:02:17.326+0000] {dagbag.py:540} INFO - Filling up the DagBag from /home/airflow/.local/lib/python3.8/site-packages/airflow/example_dags/example_skip_dag.py
[2024-03-08T19:02:17.334+0000] {processor.py:840} INFO - DAG(s) 'example_skip_dag' retrieved from /home/airflow/.local/lib/python3.8/site-packages/airflow/example_dags/example_skip_dag.py
[2024-03-08T19:02:17.357+0000] {logging_mixin.py:188} INFO - [2024-03-08T19:02:17.356+0000] {dag.py:3047} INFO - Sync 1 DAGs
[2024-03-08T19:02:17.378+0000] {logging_mixin.py:188} INFO - [2024-03-08T19:02:17.378+0000] {dag.py:3834} INFO - Setting next_dagrun for example_skip_dag to 2024-03-07 00:00:00+00:00, run_after=2024-03-08 00:00:00+00:00
[2024-03-08T19:02:17.394+0000] {processor.py:183} INFO - Processing /home/airflow/.local/lib/python3.8/site-packages/airflow/example_dags/example_skip_dag.py took 0.073 seconds
[2024-03-08T19:02:48.332+0000] {processor.py:161} INFO - Started process (PID=3431) to work on /home/airflow/.local/lib/python3.8/site-packages/airflow/example_dags/example_skip_dag.py
[2024-03-08T19:02:48.333+0000] {processor.py:830} INFO - Processing file /home/airflow/.local/lib/python3.8/site-packages/airflow/example_dags/example_skip_dag.py for tasks to queue
[2024-03-08T19:02:48.335+0000] {logging_mixin.py:188} INFO - [2024-03-08T19:02:48.335+0000] {dagbag.py:540} INFO - Filling up the DagBag from /home/airflow/.local/lib/python3.8/site-packages/airflow/example_dags/example_skip_dag.py
[2024-03-08T19:02:48.341+0000] {processor.py:840} INFO - DAG(s) 'example_skip_dag' retrieved from /home/airflow/.local/lib/python3.8/site-packages/airflow/example_dags/example_skip_dag.py
[2024-03-08T19:02:48.366+0000] {logging_mixin.py:188} INFO - [2024-03-08T19:02:48.366+0000] {dag.py:3047} INFO - Sync 1 DAGs
[2024-03-08T19:02:48.391+0000] {logging_mixin.py:188} INFO - [2024-03-08T19:02:48.391+0000] {dag.py:3834} INFO - Setting next_dagrun for example_skip_dag to 2024-03-07 00:00:00+00:00, run_after=2024-03-08 00:00:00+00:00
[2024-03-08T19:02:48.413+0000] {processor.py:183} INFO - Processing /home/airflow/.local/lib/python3.8/site-packages/airflow/example_dags/example_skip_dag.py took 0.083 seconds
[2024-03-08T19:03:18.582+0000] {processor.py:161} INFO - Started process (PID=3486) to work on /home/airflow/.local/lib/python3.8/site-packages/airflow/example_dags/example_skip_dag.py
[2024-03-08T19:03:18.582+0000] {processor.py:830} INFO - Processing file /home/airflow/.local/lib/python3.8/site-packages/airflow/example_dags/example_skip_dag.py for tasks to queue
[2024-03-08T19:03:18.584+0000] {logging_mixin.py:188} INFO - [2024-03-08T19:03:18.584+0000] {dagbag.py:540} INFO - Filling up the DagBag from /home/airflow/.local/lib/python3.8/site-packages/airflow/example_dags/example_skip_dag.py
[2024-03-08T19:03:18.590+0000] {processor.py:840} INFO - DAG(s) 'example_skip_dag' retrieved from /home/airflow/.local/lib/python3.8/site-packages/airflow/example_dags/example_skip_dag.py
[2024-03-08T19:03:18.619+0000] {logging_mixin.py:188} INFO - [2024-03-08T19:03:18.619+0000] {dag.py:3047} INFO - Sync 1 DAGs
[2024-03-08T19:03:18.643+0000] {logging_mixin.py:188} INFO - [2024-03-08T19:03:18.643+0000] {dag.py:3834} INFO - Setting next_dagrun for example_skip_dag to 2024-03-07 00:00:00+00:00, run_after=2024-03-08 00:00:00+00:00
[2024-03-08T19:03:18.662+0000] {processor.py:183} INFO - Processing /home/airflow/.local/lib/python3.8/site-packages/airflow/example_dags/example_skip_dag.py took 0.083 seconds
[2024-03-08T19:03:49.460+0000] {processor.py:161} INFO - Started process (PID=3541) to work on /home/airflow/.local/lib/python3.8/site-packages/airflow/example_dags/example_skip_dag.py
[2024-03-08T19:03:49.461+0000] {processor.py:830} INFO - Processing file /home/airflow/.local/lib/python3.8/site-packages/airflow/example_dags/example_skip_dag.py for tasks to queue
[2024-03-08T19:03:49.463+0000] {logging_mixin.py:188} INFO - [2024-03-08T19:03:49.462+0000] {dagbag.py:540} INFO - Filling up the DagBag from /home/airflow/.local/lib/python3.8/site-packages/airflow/example_dags/example_skip_dag.py
[2024-03-08T19:03:49.471+0000] {processor.py:840} INFO - DAG(s) 'example_skip_dag' retrieved from /home/airflow/.local/lib/python3.8/site-packages/airflow/example_dags/example_skip_dag.py
[2024-03-08T19:03:49.496+0000] {logging_mixin.py:188} INFO - [2024-03-08T19:03:49.496+0000] {dag.py:3047} INFO - Sync 1 DAGs
[2024-03-08T19:03:49.523+0000] {logging_mixin.py:188} INFO - [2024-03-08T19:03:49.523+0000] {dag.py:3834} INFO - Setting next_dagrun for example_skip_dag to 2024-03-07 00:00:00+00:00, run_after=2024-03-08 00:00:00+00:00
[2024-03-08T19:03:49.543+0000] {processor.py:183} INFO - Processing /home/airflow/.local/lib/python3.8/site-packages/airflow/example_dags/example_skip_dag.py took 0.086 seconds
[2024-03-08T19:04:19.590+0000] {processor.py:161} INFO - Started process (PID=3596) to work on /home/airflow/.local/lib/python3.8/site-packages/airflow/example_dags/example_skip_dag.py
[2024-03-08T19:04:19.592+0000] {processor.py:830} INFO - Processing file /home/airflow/.local/lib/python3.8/site-packages/airflow/example_dags/example_skip_dag.py for tasks to queue
[2024-03-08T19:04:19.595+0000] {logging_mixin.py:188} INFO - [2024-03-08T19:04:19.595+0000] {dagbag.py:540} INFO - Filling up the DagBag from /home/airflow/.local/lib/python3.8/site-packages/airflow/example_dags/example_skip_dag.py
[2024-03-08T19:04:19.603+0000] {processor.py:840} INFO - DAG(s) 'example_skip_dag' retrieved from /home/airflow/.local/lib/python3.8/site-packages/airflow/example_dags/example_skip_dag.py
[2024-03-08T19:04:19.630+0000] {logging_mixin.py:188} INFO - [2024-03-08T19:04:19.630+0000] {dag.py:3047} INFO - Sync 1 DAGs
[2024-03-08T19:04:19.649+0000] {logging_mixin.py:188} INFO - [2024-03-08T19:04:19.649+0000] {dag.py:3834} INFO - Setting next_dagrun for example_skip_dag to 2024-03-07 00:00:00+00:00, run_after=2024-03-08 00:00:00+00:00
[2024-03-08T19:04:19.664+0000] {processor.py:183} INFO - Processing /home/airflow/.local/lib/python3.8/site-packages/airflow/example_dags/example_skip_dag.py took 0.077 seconds
[2024-03-08T19:04:49.830+0000] {processor.py:161} INFO - Started process (PID=3651) to work on /home/airflow/.local/lib/python3.8/site-packages/airflow/example_dags/example_skip_dag.py
[2024-03-08T19:04:49.831+0000] {processor.py:830} INFO - Processing file /home/airflow/.local/lib/python3.8/site-packages/airflow/example_dags/example_skip_dag.py for tasks to queue
[2024-03-08T19:04:49.832+0000] {logging_mixin.py:188} INFO - [2024-03-08T19:04:49.832+0000] {dagbag.py:540} INFO - Filling up the DagBag from /home/airflow/.local/lib/python3.8/site-packages/airflow/example_dags/example_skip_dag.py
[2024-03-08T19:04:49.838+0000] {processor.py:840} INFO - DAG(s) 'example_skip_dag' retrieved from /home/airflow/.local/lib/python3.8/site-packages/airflow/example_dags/example_skip_dag.py
[2024-03-08T19:04:49.857+0000] {logging_mixin.py:188} INFO - [2024-03-08T19:04:49.857+0000] {dag.py:3047} INFO - Sync 1 DAGs
[2024-03-08T19:04:49.876+0000] {logging_mixin.py:188} INFO - [2024-03-08T19:04:49.876+0000] {dag.py:3834} INFO - Setting next_dagrun for example_skip_dag to 2024-03-07 00:00:00+00:00, run_after=2024-03-08 00:00:00+00:00
[2024-03-08T19:04:49.913+0000] {processor.py:183} INFO - Processing /home/airflow/.local/lib/python3.8/site-packages/airflow/example_dags/example_skip_dag.py took 0.086 seconds
[2024-03-08T19:05:20.836+0000] {processor.py:161} INFO - Started process (PID=3706) to work on /home/airflow/.local/lib/python3.8/site-packages/airflow/example_dags/example_skip_dag.py
[2024-03-08T19:05:20.837+0000] {processor.py:830} INFO - Processing file /home/airflow/.local/lib/python3.8/site-packages/airflow/example_dags/example_skip_dag.py for tasks to queue
[2024-03-08T19:05:20.839+0000] {logging_mixin.py:188} INFO - [2024-03-08T19:05:20.839+0000] {dagbag.py:540} INFO - Filling up the DagBag from /home/airflow/.local/lib/python3.8/site-packages/airflow/example_dags/example_skip_dag.py
[2024-03-08T19:05:20.895+0000] {processor.py:840} INFO - DAG(s) 'example_skip_dag' retrieved from /home/airflow/.local/lib/python3.8/site-packages/airflow/example_dags/example_skip_dag.py
[2024-03-08T19:05:20.924+0000] {logging_mixin.py:188} INFO - [2024-03-08T19:05:20.923+0000] {dag.py:3047} INFO - Sync 1 DAGs
[2024-03-08T19:05:20.946+0000] {logging_mixin.py:188} INFO - [2024-03-08T19:05:20.946+0000] {dag.py:3834} INFO - Setting next_dagrun for example_skip_dag to 2024-03-07 00:00:00+00:00, run_after=2024-03-08 00:00:00+00:00
[2024-03-08T19:05:21.017+0000] {processor.py:183} INFO - Processing /home/airflow/.local/lib/python3.8/site-packages/airflow/example_dags/example_skip_dag.py took 0.184 seconds
[2024-03-08T19:05:51.350+0000] {processor.py:161} INFO - Started process (PID=3761) to work on /home/airflow/.local/lib/python3.8/site-packages/airflow/example_dags/example_skip_dag.py
[2024-03-08T19:05:51.351+0000] {processor.py:830} INFO - Processing file /home/airflow/.local/lib/python3.8/site-packages/airflow/example_dags/example_skip_dag.py for tasks to queue
[2024-03-08T19:05:51.352+0000] {logging_mixin.py:188} INFO - [2024-03-08T19:05:51.352+0000] {dagbag.py:540} INFO - Filling up the DagBag from /home/airflow/.local/lib/python3.8/site-packages/airflow/example_dags/example_skip_dag.py
[2024-03-08T19:05:51.357+0000] {processor.py:840} INFO - DAG(s) 'example_skip_dag' retrieved from /home/airflow/.local/lib/python3.8/site-packages/airflow/example_dags/example_skip_dag.py
[2024-03-08T19:05:51.376+0000] {logging_mixin.py:188} INFO - [2024-03-08T19:05:51.375+0000] {dag.py:3047} INFO - Sync 1 DAGs
[2024-03-08T19:05:51.396+0000] {logging_mixin.py:188} INFO - [2024-03-08T19:05:51.396+0000] {dag.py:3834} INFO - Setting next_dagrun for example_skip_dag to 2024-03-07 00:00:00+00:00, run_after=2024-03-08 00:00:00+00:00
[2024-03-08T19:05:51.417+0000] {processor.py:183} INFO - Processing /home/airflow/.local/lib/python3.8/site-packages/airflow/example_dags/example_skip_dag.py took 0.071 seconds
[2024-03-08T19:06:22.369+0000] {processor.py:161} INFO - Started process (PID=3816) to work on /home/airflow/.local/lib/python3.8/site-packages/airflow/example_dags/example_skip_dag.py
[2024-03-08T19:06:22.370+0000] {processor.py:830} INFO - Processing file /home/airflow/.local/lib/python3.8/site-packages/airflow/example_dags/example_skip_dag.py for tasks to queue
[2024-03-08T19:06:22.372+0000] {logging_mixin.py:188} INFO - [2024-03-08T19:06:22.371+0000] {dagbag.py:540} INFO - Filling up the DagBag from /home/airflow/.local/lib/python3.8/site-packages/airflow/example_dags/example_skip_dag.py
[2024-03-08T19:06:22.377+0000] {processor.py:840} INFO - DAG(s) 'example_skip_dag' retrieved from /home/airflow/.local/lib/python3.8/site-packages/airflow/example_dags/example_skip_dag.py
[2024-03-08T19:06:22.402+0000] {logging_mixin.py:188} INFO - [2024-03-08T19:06:22.402+0000] {dag.py:3047} INFO - Sync 1 DAGs
[2024-03-08T19:06:22.428+0000] {logging_mixin.py:188} INFO - [2024-03-08T19:06:22.427+0000] {dag.py:3834} INFO - Setting next_dagrun for example_skip_dag to 2024-03-07 00:00:00+00:00, run_after=2024-03-08 00:00:00+00:00
[2024-03-08T19:06:22.443+0000] {processor.py:183} INFO - Processing /home/airflow/.local/lib/python3.8/site-packages/airflow/example_dags/example_skip_dag.py took 0.076 seconds
[2024-03-08T19:06:52.866+0000] {processor.py:161} INFO - Started process (PID=3871) to work on /home/airflow/.local/lib/python3.8/site-packages/airflow/example_dags/example_skip_dag.py
[2024-03-08T19:06:52.867+0000] {processor.py:830} INFO - Processing file /home/airflow/.local/lib/python3.8/site-packages/airflow/example_dags/example_skip_dag.py for tasks to queue
[2024-03-08T19:06:52.869+0000] {logging_mixin.py:188} INFO - [2024-03-08T19:06:52.869+0000] {dagbag.py:540} INFO - Filling up the DagBag from /home/airflow/.local/lib/python3.8/site-packages/airflow/example_dags/example_skip_dag.py
[2024-03-08T19:06:52.875+0000] {processor.py:840} INFO - DAG(s) 'example_skip_dag' retrieved from /home/airflow/.local/lib/python3.8/site-packages/airflow/example_dags/example_skip_dag.py
[2024-03-08T19:06:52.898+0000] {logging_mixin.py:188} INFO - [2024-03-08T19:06:52.898+0000] {dag.py:3047} INFO - Sync 1 DAGs
[2024-03-08T19:06:52.923+0000] {logging_mixin.py:188} INFO - [2024-03-08T19:06:52.923+0000] {dag.py:3834} INFO - Setting next_dagrun for example_skip_dag to 2024-03-07 00:00:00+00:00, run_after=2024-03-08 00:00:00+00:00
[2024-03-08T19:06:52.940+0000] {processor.py:183} INFO - Processing /home/airflow/.local/lib/python3.8/site-packages/airflow/example_dags/example_skip_dag.py took 0.077 seconds
[2024-03-08T19:07:23.337+0000] {processor.py:161} INFO - Started process (PID=3926) to work on /home/airflow/.local/lib/python3.8/site-packages/airflow/example_dags/example_skip_dag.py
[2024-03-08T19:07:23.338+0000] {processor.py:830} INFO - Processing file /home/airflow/.local/lib/python3.8/site-packages/airflow/example_dags/example_skip_dag.py for tasks to queue
[2024-03-08T19:07:23.340+0000] {logging_mixin.py:188} INFO - [2024-03-08T19:07:23.339+0000] {dagbag.py:540} INFO - Filling up the DagBag from /home/airflow/.local/lib/python3.8/site-packages/airflow/example_dags/example_skip_dag.py
[2024-03-08T19:07:23.346+0000] {processor.py:840} INFO - DAG(s) 'example_skip_dag' retrieved from /home/airflow/.local/lib/python3.8/site-packages/airflow/example_dags/example_skip_dag.py
[2024-03-08T19:07:23.369+0000] {logging_mixin.py:188} INFO - [2024-03-08T19:07:23.369+0000] {dag.py:3047} INFO - Sync 1 DAGs
[2024-03-08T19:07:23.395+0000] {logging_mixin.py:188} INFO - [2024-03-08T19:07:23.394+0000] {dag.py:3834} INFO - Setting next_dagrun for example_skip_dag to 2024-03-07 00:00:00+00:00, run_after=2024-03-08 00:00:00+00:00
[2024-03-08T19:07:23.412+0000] {processor.py:183} INFO - Processing /home/airflow/.local/lib/python3.8/site-packages/airflow/example_dags/example_skip_dag.py took 0.078 seconds
