[2024-03-08T18:32:44.665+0000] {processor.py:161} INFO - Started process (PID=189) to work on /home/airflow/.local/lib/python3.8/site-packages/airflow/example_dags/example_xcomargs.py
[2024-03-08T18:32:44.666+0000] {processor.py:830} INFO - Processing file /home/airflow/.local/lib/python3.8/site-packages/airflow/example_dags/example_xcomargs.py for tasks to queue
[2024-03-08T18:32:44.667+0000] {logging_mixin.py:188} INFO - [2024-03-08T18:32:44.667+0000] {dagbag.py:540} INFO - Filling up the DagBag from /home/airflow/.local/lib/python3.8/site-packages/airflow/example_dags/example_xcomargs.py
[2024-03-08T18:32:44.674+0000] {processor.py:840} INFO - DAG(s) 'example_xcom_args', 'example_xcom_args_with_operators' retrieved from /home/airflow/.local/lib/python3.8/site-packages/airflow/example_dags/example_xcomargs.py
[2024-03-08T18:32:44.684+0000] {logging_mixin.py:188} INFO - [2024-03-08T18:32:44.684+0000] {dag.py:3047} INFO - Sync 2 DAGs
[2024-03-08T18:32:44.695+0000] {logging_mixin.py:188} INFO - [2024-03-08T18:32:44.695+0000] {dag.py:3834} INFO - Setting next_dagrun for example_xcom_args to None, run_after=None
[2024-03-08T18:32:44.698+0000] {logging_mixin.py:188} INFO - [2024-03-08T18:32:44.698+0000] {dag.py:3834} INFO - Setting next_dagrun for example_xcom_args_with_operators to None, run_after=None
[2024-03-08T18:32:44.711+0000] {processor.py:183} INFO - Processing /home/airflow/.local/lib/python3.8/site-packages/airflow/example_dags/example_xcomargs.py took 0.048 seconds
[2024-03-08T18:33:16.473+0000] {processor.py:161} INFO - Started process (PID=244) to work on /home/airflow/.local/lib/python3.8/site-packages/airflow/example_dags/example_xcomargs.py
[2024-03-08T18:33:16.474+0000] {processor.py:830} INFO - Processing file /home/airflow/.local/lib/python3.8/site-packages/airflow/example_dags/example_xcomargs.py for tasks to queue
[2024-03-08T18:33:16.475+0000] {logging_mixin.py:188} INFO - [2024-03-08T18:33:16.475+0000] {dagbag.py:540} INFO - Filling up the DagBag from /home/airflow/.local/lib/python3.8/site-packages/airflow/example_dags/example_xcomargs.py
[2024-03-08T18:33:16.495+0000] {processor.py:840} INFO - DAG(s) 'example_xcom_args_with_operators', 'example_xcom_args' retrieved from /home/airflow/.local/lib/python3.8/site-packages/airflow/example_dags/example_xcomargs.py
[2024-03-08T18:33:16.608+0000] {logging_mixin.py:188} INFO - [2024-03-08T18:33:16.608+0000] {dag.py:3047} INFO - Sync 2 DAGs
[2024-03-08T18:33:16.618+0000] {logging_mixin.py:188} INFO - [2024-03-08T18:33:16.618+0000] {dag.py:3834} INFO - Setting next_dagrun for example_xcom_args to None, run_after=None
[2024-03-08T18:33:16.620+0000] {logging_mixin.py:188} INFO - [2024-03-08T18:33:16.620+0000] {dag.py:3834} INFO - Setting next_dagrun for example_xcom_args_with_operators to None, run_after=None
[2024-03-08T18:33:16.635+0000] {processor.py:183} INFO - Processing /home/airflow/.local/lib/python3.8/site-packages/airflow/example_dags/example_xcomargs.py took 0.166 seconds
[2024-03-08T18:33:47.452+0000] {processor.py:161} INFO - Started process (PID=299) to work on /home/airflow/.local/lib/python3.8/site-packages/airflow/example_dags/example_xcomargs.py
[2024-03-08T18:33:47.453+0000] {processor.py:830} INFO - Processing file /home/airflow/.local/lib/python3.8/site-packages/airflow/example_dags/example_xcomargs.py for tasks to queue
[2024-03-08T18:33:47.455+0000] {logging_mixin.py:188} INFO - [2024-03-08T18:33:47.454+0000] {dagbag.py:540} INFO - Filling up the DagBag from /home/airflow/.local/lib/python3.8/site-packages/airflow/example_dags/example_xcomargs.py
[2024-03-08T18:33:47.461+0000] {processor.py:840} INFO - DAG(s) 'example_xcom_args_with_operators', 'example_xcom_args' retrieved from /home/airflow/.local/lib/python3.8/site-packages/airflow/example_dags/example_xcomargs.py
[2024-03-08T18:33:47.482+0000] {logging_mixin.py:188} INFO - [2024-03-08T18:33:47.482+0000] {dag.py:3047} INFO - Sync 2 DAGs
[2024-03-08T18:33:47.493+0000] {logging_mixin.py:188} INFO - [2024-03-08T18:33:47.492+0000] {dag.py:3834} INFO - Setting next_dagrun for example_xcom_args to None, run_after=None
[2024-03-08T18:33:47.496+0000] {logging_mixin.py:188} INFO - [2024-03-08T18:33:47.496+0000] {dag.py:3834} INFO - Setting next_dagrun for example_xcom_args_with_operators to None, run_after=None
[2024-03-08T18:33:47.510+0000] {processor.py:183} INFO - Processing /home/airflow/.local/lib/python3.8/site-packages/airflow/example_dags/example_xcomargs.py took 0.060 seconds
