[2024-03-08T18:32:44.671+0000] {processor.py:161} INFO - Started process (PID=190) to work on /home/airflow/.local/lib/python3.8/site-packages/airflow/example_dags/tutorial.py
[2024-03-08T18:32:44.672+0000] {processor.py:830} INFO - Processing file /home/airflow/.local/lib/python3.8/site-packages/airflow/example_dags/tutorial.py for tasks to queue
[2024-03-08T18:32:44.673+0000] {logging_mixin.py:188} INFO - [2024-03-08T18:32:44.673+0000] {dagbag.py:540} INFO - Filling up the DagBag from /home/airflow/.local/lib/python3.8/site-packages/airflow/example_dags/tutorial.py
[2024-03-08T18:32:44.678+0000] {processor.py:840} INFO - DAG(s) 'tutorial' retrieved from /home/airflow/.local/lib/python3.8/site-packages/airflow/example_dags/tutorial.py
[2024-03-08T18:32:44.688+0000] {logging_mixin.py:188} INFO - [2024-03-08T18:32:44.688+0000] {dag.py:3047} INFO - Sync 1 DAGs
[2024-03-08T18:32:44.706+0000] {logging_mixin.py:188} INFO - [2024-03-08T18:32:44.706+0000] {dag.py:3834} INFO - Setting next_dagrun for tutorial to 2024-03-07 00:00:00+00:00, run_after=2024-03-08 00:00:00+00:00
[2024-03-08T18:32:44.720+0000] {processor.py:183} INFO - Processing /home/airflow/.local/lib/python3.8/site-packages/airflow/example_dags/tutorial.py took 0.051 seconds
[2024-03-08T18:33:16.499+0000] {processor.py:161} INFO - Started process (PID=245) to work on /home/airflow/.local/lib/python3.8/site-packages/airflow/example_dags/tutorial.py
[2024-03-08T18:33:16.500+0000] {processor.py:830} INFO - Processing file /home/airflow/.local/lib/python3.8/site-packages/airflow/example_dags/tutorial.py for tasks to queue
[2024-03-08T18:33:16.502+0000] {logging_mixin.py:188} INFO - [2024-03-08T18:33:16.501+0000] {dagbag.py:540} INFO - Filling up the DagBag from /home/airflow/.local/lib/python3.8/site-packages/airflow/example_dags/tutorial.py
[2024-03-08T18:33:16.506+0000] {processor.py:840} INFO - DAG(s) 'tutorial' retrieved from /home/airflow/.local/lib/python3.8/site-packages/airflow/example_dags/tutorial.py
[2024-03-08T18:33:16.616+0000] {logging_mixin.py:188} INFO - [2024-03-08T18:33:16.615+0000] {dag.py:3047} INFO - Sync 1 DAGs
[2024-03-08T18:33:16.636+0000] {logging_mixin.py:188} INFO - [2024-03-08T18:33:16.636+0000] {dag.py:3834} INFO - Setting next_dagrun for tutorial to 2024-03-07 00:00:00+00:00, run_after=2024-03-08 00:00:00+00:00
[2024-03-08T18:33:16.654+0000] {processor.py:183} INFO - Processing /home/airflow/.local/lib/python3.8/site-packages/airflow/example_dags/tutorial.py took 0.157 seconds
[2024-03-08T18:33:47.459+0000] {processor.py:161} INFO - Started process (PID=300) to work on /home/airflow/.local/lib/python3.8/site-packages/airflow/example_dags/tutorial.py
[2024-03-08T18:33:47.460+0000] {processor.py:830} INFO - Processing file /home/airflow/.local/lib/python3.8/site-packages/airflow/example_dags/tutorial.py for tasks to queue
[2024-03-08T18:33:47.461+0000] {logging_mixin.py:188} INFO - [2024-03-08T18:33:47.461+0000] {dagbag.py:540} INFO - Filling up the DagBag from /home/airflow/.local/lib/python3.8/site-packages/airflow/example_dags/tutorial.py
[2024-03-08T18:33:47.466+0000] {processor.py:840} INFO - DAG(s) 'tutorial' retrieved from /home/airflow/.local/lib/python3.8/site-packages/airflow/example_dags/tutorial.py
[2024-03-08T18:33:47.482+0000] {logging_mixin.py:188} INFO - [2024-03-08T18:33:47.482+0000] {dag.py:3047} INFO - Sync 1 DAGs
[2024-03-08T18:33:47.500+0000] {logging_mixin.py:188} INFO - [2024-03-08T18:33:47.499+0000] {dag.py:3834} INFO - Setting next_dagrun for tutorial to 2024-03-07 00:00:00+00:00, run_after=2024-03-08 00:00:00+00:00
[2024-03-08T18:33:47.515+0000] {processor.py:183} INFO - Processing /home/airflow/.local/lib/python3.8/site-packages/airflow/example_dags/tutorial.py took 0.059 seconds
[2024-03-08T18:34:18.275+0000] {processor.py:161} INFO - Started process (PID=355) to work on /home/airflow/.local/lib/python3.8/site-packages/airflow/example_dags/tutorial.py
[2024-03-08T18:34:18.276+0000] {processor.py:830} INFO - Processing file /home/airflow/.local/lib/python3.8/site-packages/airflow/example_dags/tutorial.py for tasks to queue
[2024-03-08T18:34:18.277+0000] {logging_mixin.py:188} INFO - [2024-03-08T18:34:18.277+0000] {dagbag.py:540} INFO - Filling up the DagBag from /home/airflow/.local/lib/python3.8/site-packages/airflow/example_dags/tutorial.py
[2024-03-08T18:34:18.281+0000] {processor.py:840} INFO - DAG(s) 'tutorial' retrieved from /home/airflow/.local/lib/python3.8/site-packages/airflow/example_dags/tutorial.py
[2024-03-08T18:34:18.298+0000] {logging_mixin.py:188} INFO - [2024-03-08T18:34:18.297+0000] {dag.py:3047} INFO - Sync 1 DAGs
[2024-03-08T18:34:18.316+0000] {logging_mixin.py:188} INFO - [2024-03-08T18:34:18.316+0000] {dag.py:3834} INFO - Setting next_dagrun for tutorial to 2024-03-07 00:00:00+00:00, run_after=2024-03-08 00:00:00+00:00
[2024-03-08T18:34:18.330+0000] {processor.py:183} INFO - Processing /home/airflow/.local/lib/python3.8/site-packages/airflow/example_dags/tutorial.py took 0.058 seconds
[2024-03-08T18:34:48.935+0000] {processor.py:161} INFO - Started process (PID=410) to work on /home/airflow/.local/lib/python3.8/site-packages/airflow/example_dags/tutorial.py
[2024-03-08T18:34:48.936+0000] {processor.py:830} INFO - Processing file /home/airflow/.local/lib/python3.8/site-packages/airflow/example_dags/tutorial.py for tasks to queue
[2024-03-08T18:34:48.938+0000] {logging_mixin.py:188} INFO - [2024-03-08T18:34:48.937+0000] {dagbag.py:540} INFO - Filling up the DagBag from /home/airflow/.local/lib/python3.8/site-packages/airflow/example_dags/tutorial.py
[2024-03-08T18:34:48.942+0000] {processor.py:840} INFO - DAG(s) 'tutorial' retrieved from /home/airflow/.local/lib/python3.8/site-packages/airflow/example_dags/tutorial.py
[2024-03-08T18:34:48.959+0000] {logging_mixin.py:188} INFO - [2024-03-08T18:34:48.959+0000] {dag.py:3047} INFO - Sync 1 DAGs
[2024-03-08T18:34:48.979+0000] {logging_mixin.py:188} INFO - [2024-03-08T18:34:48.979+0000] {dag.py:3834} INFO - Setting next_dagrun for tutorial to 2024-03-07 00:00:00+00:00, run_after=2024-03-08 00:00:00+00:00
[2024-03-08T18:34:48.996+0000] {processor.py:183} INFO - Processing /home/airflow/.local/lib/python3.8/site-packages/airflow/example_dags/tutorial.py took 0.063 seconds
